#
# There is insufficient memory for the Java Runtime Environment to continue.
# Native memory allocation (malloc) failed to allocate 1052848 bytes for Chunk::new
# Possible reasons:
#   The system is out of physical RAM or swap space
#   The process is running with CompressedOops enabled, and the Java Heap may be blocking the growth of the native heap
# Possible solutions:
#   Reduce memory load on the system
#   Increase physical memory or swap space
#   Check if swap backing store is full
#   Decrease Java heap size (-Xmx/-Xms)
#   Decrease number of Java threads
#   Decrease Java thread stack sizes (-Xss)
#   Set larger code cache with -XX:ReservedCodeCacheSize=
#   JVM is running with Unscaled Compressed Oops mode in which the Java heap is
#     placed in the first 4GB address space. The Java Heap base address is the
#     maximum limit for the native heap growth. Please use -XX:HeapBaseMinAddress
#     to set the Java Heap base and to place the Java Heap above 4GB virtual address.
# This output file may be truncated or incomplete.
#
#  Out of Memory Error (arena.cpp:189), pid=6852, tid=3400
#
# JRE version: Java(TM) SE Runtime Environment (17.0.12+8) (build 17.0.12+8-LTS-286)
# Java VM: Java HotSpot(TM) 64-Bit Server VM (17.0.12+8-LTS-286, mixed mode, sharing, tiered, compressed oops, compressed class ptrs, g1 gc, windows-amd64)
# No core dump will be written. Minidumps are not enabled by default on client versions of Windows
#

---------------  S U M M A R Y ------------

Command Line: --add-opens=java.base/java.lang=ALL-UNNAMED --add-opens=java.base/java.lang.invoke=ALL-UNNAMED --add-opens=java.base/java.util=ALL-UNNAMED --add-opens=java.prefs/java.util.prefs=ALL-UNNAMED --add-exports=jdk.compiler/com.sun.tools.javac.api=ALL-UNNAMED --add-exports=jdk.compiler/com.sun.tools.javac.util=ALL-UNNAMED --add-opens=java.base/java.util=ALL-UNNAMED --add-opens=java.prefs/java.util.prefs=ALL-UNNAMED --add-opens=java.base/java.nio.charset=ALL-UNNAMED --add-opens=java.base/java.net=ALL-UNNAMED --add-opens=java.base/java.util.concurrent.atomic=ALL-UNNAMED --add-opens=java.xml/javax.xml.namespace=ALL-UNNAMED -XX:MaxMetaspaceSize=384m -XX:+HeapDumpOnOutOfMemoryError -Xms256m -Xmx512m -Dfile.encoding=UTF-8 -Duser.country=KR -Duser.language=ko -Duser.variant -javaagent:C:\Users\happy\.gradle\wrapper\dists\gradle-8.14.3-bin\cv11ve7ro1n3o1j4so8xd9n66\gradle-8.14.3\lib\agents\gradle-instrumentation-agent-8.14.3.jar org.gradle.launcher.daemon.bootstrap.GradleDaemon 8.14.3

Host: Intel(R) Core(TM) i5-10210U CPU @ 1.60GHz, 8 cores, 23G,  Windows 11 , 64 bit Build 26100 (10.0.26100.7019)
Time: Wed Nov 19 15:54:10 2025  Windows 11 , 64 bit Build 26100 (10.0.26100.7019) elapsed time: 33.866317 seconds (0d 0h 0m 33s)

---------------  T H R E A D  ---------------

Current thread (0x000001e4cee33420):  JavaThread "C2 CompilerThread2" daemon [_thread_in_native, id=3400, stack(0x0000009d97300000,0x0000009d97400000)]


Current CompileTask:
C2:  33866 9575       4       io.spring.gradle.dependencymanagement.org.codehaus.plexus.util.xml.pull.MXParser::parseAttribute (1656 bytes)

Stack: [0x0000009d97300000,0x0000009d97400000]
Native frames: (J=compiled Java code, j=interpreted, Vv=VM code, C=native code)
V  [jvm.dll+0x67a04a]
V  [jvm.dll+0x7da4ed]
V  [jvm.dll+0x7dbe33]
V  [jvm.dll+0x7dc4a3]
V  [jvm.dll+0x24508f]
V  [jvm.dll+0xab773]
V  [jvm.dll+0xabd3c]
V  [jvm.dll+0x361bee]
V  [jvm.dll+0x32c431]
V  [jvm.dll+0x32b8ca]
V  [jvm.dll+0x21683f]
V  [jvm.dll+0x215c6f]
V  [jvm.dll+0x1a2960]
V  [jvm.dll+0x22610b]
V  [jvm.dll+0x2242ab]
V  [jvm.dll+0x79075c]
V  [jvm.dll+0x78abea]
V  [jvm.dll+0x678f35]
C  [ucrtbase.dll+0x37b0]
C  [KERNEL32.DLL+0x2e8d7]
C  [ntdll.dll+0x8c53c]


---------------  P R O C E S S  ---------------

Threads class SMR info:
_java_thread_list=0x000001e4b1cc54c0, length=136, elements={
0x000001e496a535c0, 0x000001e4b1387ce0, 0x000001e4b1389320, 0x000001e4b13a18c0,
0x000001e4b13a41a0, 0x000001e4b13a4a70, 0x000001e4b13a5eb0, 0x000001e4b13a7620,
0x000001e4b13baec0, 0x000001e4b13bb7d0, 0x000001e4b14c0fb0, 0x000001e4b15cb540,
0x000001e4b1861db0, 0x000001e4b19029d0, 0x000001e4b18c0640, 0x000001e4b18fb9a0,
0x000001e4b14f2bb0, 0x000001e4b14f4500, 0x000001e4b14f30c0, 0x000001e4b14f4a10,
0x000001e4b14f35d0, 0x000001e4b14f4f20, 0x000001e4b14f5940, 0x000001e4b14f5430,
0x000001e4b14f3ff0, 0x000001e4b14f3ae0, 0x000001e4b14f26a0, 0x000001e4cde62a60,
0x000001e4cde63990, 0x000001e4cde63480, 0x000001e4cde61110, 0x000001e4cde61b30,
0x000001e4cde60c00, 0x000001e4cde652e0, 0x000001e4cde62040, 0x000001e4cde648c0,
0x000001e4cde62f70, 0x000001e4cde62550, 0x000001e4cde66210, 0x000001e4cde66720,
0x000001e4cde68580, 0x000001e4cde66c30, 0x000001e4cde67650, 0x000001e4cde67140,
0x000001e4cde67b60, 0x000001e4cde68070, 0x000001e4cc5ffdc0, 0x000001e4cc602640,
0x000001e4cc6002d0, 0x000001e4cc5ff8b0, 0x000001e4cc601200, 0x000001e4cc601710,
0x000001e4cc602b50, 0x000001e4cc601c20, 0x000001e4cc602130, 0x000001e4cc6007e0,
0x000001e4cc5ff3a0, 0x000001e4cc6044a0, 0x000001e4cc603060, 0x000001e4cc603570,
0x000001e4cc600cf0, 0x000001e4cc6049b0, 0x000001e4cc603a80, 0x000001e4cc6058e0,
0x000001e4cc605df0, 0x000001e4cc6053d0, 0x000001e4cc606300, 0x000001e4cc603f90,
0x000001e4cc604ec0, 0x000001e4cc606810, 0x000001e4cc606d20, 0x000001e4cd2028f0,
0x000001e4cd203310, 0x000001e4cd2023e0, 0x000001e4cd202e00, 0x000001e4cd2014b0,
0x000001e4cd2019c0, 0x000001e4cd200070, 0x000001e4cd203d30, 0x000001e4cd200fa0,
0x000001e4cd204240, 0x000001e4cd200a90, 0x000001e4cd204750, 0x000001e4cd205680,
0x000001e4cd201ed0, 0x000001e4cd205170, 0x000001e4cd2060a0, 0x000001e4cd2065b0,
0x000001e4cd205b90, 0x000001e4cd2079f0, 0x000001e4cd206fd0, 0x000001e4cf3cf580,
0x000001e4cd204c60, 0x000001e4cd206ac0, 0x000001e4cf605a60, 0x000001e4cf607dd0,
0x000001e4cf606480, 0x000001e4cf6082e0, 0x000001e4cf6087f0, 0x000001e4cf6078c0,
0x000001e4cf606ea0, 0x000001e4cf605f70, 0x000001e4cf605040, 0x000001e4cf605550,
0x000001e4cf606990, 0x000001e4cf6073b0, 0x000001e4cfdb5910, 0x000001e4cfdb6840,
0x000001e4cfdb6d50, 0x000001e4cfdb7770, 0x000001e4cfdb44d0, 0x000001e4cfdb5400,
0x000001e4cfdb3fc0, 0x000001e4cfdb7260, 0x000001e4cfdb5e20, 0x000001e4cfdb7c80,
0x000001e4cfdb6330, 0x000001e4cfdb8190, 0x000001e4cfdb49e0, 0x000001e4cfdb86a0,
0x000001e4cfdb4ef0, 0x000001e4cfdbaf20, 0x000001e4cfdb95d0, 0x000001e4cfdbb430,
0x000001e4cfdbb940, 0x000001e4cfdb8bb0, 0x000001e4cfdb90c0, 0x000001e4cfdb9ae0,
0x000001e4cfdb9ff0, 0x000001e4cfdba500, 0x000001e4cfb274c0, 0x000001e4cfb283f0,
0x000001e4cfb28900, 0x000001e4cfb279d0, 0x000001e4cfb26fb0, 0x000001e4cee33420
}

Java Threads: ( => current thread )
  0x000001e496a535c0 JavaThread "main" [_thread_blocked, id=10136, stack(0x0000009d8d900000,0x0000009d8da00000)]
  0x000001e4b1387ce0 JavaThread "Reference Handler" daemon [_thread_blocked, id=9176, stack(0x0000009d8e000000,0x0000009d8e100000)]
  0x000001e4b1389320 JavaThread "Finalizer" daemon [_thread_blocked, id=18400, stack(0x0000009d8e100000,0x0000009d8e200000)]
  0x000001e4b13a18c0 JavaThread "Signal Dispatcher" daemon [_thread_blocked, id=18340, stack(0x0000009d8e200000,0x0000009d8e300000)]
  0x000001e4b13a41a0 JavaThread "Attach Listener" daemon [_thread_blocked, id=14800, stack(0x0000009d8e300000,0x0000009d8e400000)]
  0x000001e4b13a4a70 JavaThread "Service Thread" daemon [_thread_blocked, id=26864, stack(0x0000009d8e400000,0x0000009d8e500000)]
  0x000001e4b13a5eb0 JavaThread "Monitor Deflation Thread" daemon [_thread_blocked, id=2592, stack(0x0000009d8e500000,0x0000009d8e600000)]
  0x000001e4b13a7620 JavaThread "C2 CompilerThread0" daemon [_thread_in_native, id=17044, stack(0x0000009d8e600000,0x0000009d8e700000)]
  0x000001e4b13baec0 JavaThread "C1 CompilerThread0" daemon [_thread_blocked, id=11512, stack(0x0000009d8e700000,0x0000009d8e800000)]
  0x000001e4b13bb7d0 JavaThread "Sweeper thread" daemon [_thread_blocked, id=26884, stack(0x0000009d8e800000,0x0000009d8e900000)]
  0x000001e4b14c0fb0 JavaThread "Common-Cleaner" daemon [_thread_blocked, id=15340, stack(0x0000009d8e900000,0x0000009d8ea00000)]
  0x000001e4b15cb540 JavaThread "Notification Thread" daemon [_thread_blocked, id=24416, stack(0x0000009d8ea00000,0x0000009d8eb00000)]
  0x000001e4b1861db0 JavaThread "Daemon health stats" [_thread_blocked, id=17340, stack(0x0000009d8ec00000,0x0000009d8ed00000)]
  0x000001e4b19029d0 JavaThread "Incoming local TCP Connector on port 49590" [_thread_in_native, id=18416, stack(0x0000009d8ed00000,0x0000009d8ee00000)]
  0x000001e4b18c0640 JavaThread "Daemon periodic checks" [_thread_blocked, id=15876, stack(0x0000009d8f300000,0x0000009d8f400000)]
  0x000001e4b18fb9a0 JavaThread "Daemon" [_thread_blocked, id=24164, stack(0x0000009d8f400000,0x0000009d8f500000)]
  0x000001e4b14f2bb0 JavaThread "Handler for socket connection from /127.0.0.1:49590 to /127.0.0.1:49592" [_thread_in_native, id=15432, stack(0x0000009d8f500000,0x0000009d8f600000)]
  0x000001e4b14f4500 JavaThread "Cancel handler" [_thread_blocked, id=15936, stack(0x0000009d8f600000,0x0000009d8f700000)]
  0x000001e4b14f30c0 JavaThread "Daemon worker" [_thread_in_Java, id=22304, stack(0x0000009d8f700000,0x0000009d8f800000)]
  0x000001e4b14f4a10 JavaThread "Asynchronous log dispatcher for DefaultDaemonConnection: socket connection from /127.0.0.1:49590 to /127.0.0.1:49592" [_thread_blocked, id=16064, stack(0x0000009d8f800000,0x0000009d8f900000)]
  0x000001e4b14f35d0 JavaThread "Stdin handler" [_thread_blocked, id=9868, stack(0x0000009d8f900000,0x0000009d8fa00000)]
  0x000001e4b14f4f20 JavaThread "Daemon client event forwarder" [_thread_blocked, id=13424, stack(0x0000009d8fa00000,0x0000009d8fb00000)]
  0x000001e4b14f5940 JavaThread "Cache worker for journal cache (C:\Users\happy\.gradle\caches\journal-1)" [_thread_blocked, id=14212, stack(0x0000009d8fc00000,0x0000009d8fd00000)]
  0x000001e4b14f5430 JavaThread "File lock request listener" [_thread_in_native, id=2060, stack(0x0000009d8fd00000,0x0000009d8fe00000)]
  0x000001e4b14f3ff0 JavaThread "Cache worker for file hash cache (C:\Users\happy\.gradle\caches\8.14.3\fileHashes)" [_thread_blocked, id=17548, stack(0x0000009d8fe00000,0x0000009d8ff00000)]
  0x000001e4b14f3ae0 JavaThread "Cache worker for file hash cache (D:\daelim_front_back\portfolio-spring-1.0\.gradle\8.14.3\fileHashes)" [_thread_blocked, id=22796, stack(0x0000009d8ff00000,0x0000009d90000000)]
  0x000001e4b14f26a0 JavaThread "Cache worker for Build Output Cleanup Cache (D:\daelim_front_back\portfolio-spring-1.0\.gradle\buildOutputCleanup)" [_thread_blocked, id=21628, stack(0x0000009d90000000,0x0000009d90100000)]
  0x000001e4cde62a60 JavaThread "File watcher server" daemon [_thread_in_native, id=12040, stack(0x0000009d90500000,0x0000009d90600000)]
  0x000001e4cde63990 JavaThread "File watcher consumer" daemon [_thread_blocked, id=24196, stack(0x0000009d90600000,0x0000009d90700000)]
  0x000001e4cde63480 JavaThread "jar transforms" [_thread_blocked, id=12812, stack(0x0000009d90100000,0x0000009d90200000)]
  0x000001e4cde61110 JavaThread "jar transforms Thread 2" [_thread_blocked, id=24252, stack(0x0000009d90800000,0x0000009d90900000)]
  0x000001e4cde61b30 JavaThread "Cache worker for checksums cache (D:\daelim_front_back\portfolio-spring-1.0\.gradle\8.14.3\checksums)" [_thread_blocked, id=13408, stack(0x0000009d90900000,0x0000009d90a00000)]
  0x000001e4cde60c00 JavaThread "Cache worker for file content cache (C:\Users\happy\.gradle\caches\8.14.3\fileContent)" [_thread_blocked, id=13180, stack(0x0000009d90a00000,0x0000009d90b00000)]
  0x000001e4cde652e0 JavaThread "Daemon Thread 2" [_thread_blocked, id=18336, stack(0x0000009d90700000,0x0000009d90800000)]
  0x000001e4cde62040 JavaThread "File lock release action executor" [_thread_blocked, id=22316, stack(0x0000009d90b00000,0x0000009d90c00000)]
  0x000001e4cde648c0 JavaThread "jar transforms Thread 3" [_thread_blocked, id=12432, stack(0x0000009d90c00000,0x0000009d90d00000)]
  0x000001e4cde62f70 JavaThread "Cache worker for cache directory md-supplier (C:\Users\happy\.gradle\caches\8.14.3\md-supplier)" [_thread_blocked, id=14168, stack(0x0000009d90e00000,0x0000009d90f00000)]
  0x000001e4cde62550 JavaThread "Cache worker for cache directory md-rule (C:\Users\happy\.gradle\caches\8.14.3\md-rule)" [_thread_blocked, id=10152, stack(0x0000009d90f00000,0x0000009d91000000)]
  0x000001e4cde66210 JavaThread "Unconstrained build operations" [_thread_blocked, id=1872, stack(0x0000009d8fb00000,0x0000009d8fc00000)]
  0x000001e4cde66720 JavaThread "Unconstrained build operations Thread 2" [_thread_blocked, id=10392, stack(0x0000009d90d00000,0x0000009d90e00000)]
  0x000001e4cde68580 JavaThread "Unconstrained build operations Thread 3" [_thread_blocked, id=20020, stack(0x0000009d91000000,0x0000009d91100000)]
  0x000001e4cde66c30 JavaThread "Unconstrained build operations Thread 4" [_thread_blocked, id=17528, stack(0x0000009d91100000,0x0000009d91200000)]
  0x000001e4cde67650 JavaThread "Unconstrained build operations Thread 5" [_thread_blocked, id=3912, stack(0x0000009d91200000,0x0000009d91300000)]
  0x000001e4cde67140 JavaThread "Unconstrained build operations Thread 6" [_thread_blocked, id=22968, stack(0x0000009d91300000,0x0000009d91400000)]
  0x000001e4cde67b60 JavaThread "Unconstrained build operations Thread 7" [_thread_blocked, id=20620, stack(0x0000009d91400000,0x0000009d91500000)]
  0x000001e4cde68070 JavaThread "Unconstrained build operations Thread 8" [_thread_blocked, id=28288, stack(0x0000009d91500000,0x0000009d91600000)]
  0x000001e4cc5ffdc0 JavaThread "jar transforms Thread 4" [_thread_blocked, id=18812, stack(0x0000009d91600000,0x0000009d91700000)]
  0x000001e4cc602640 JavaThread "jar transforms Thread 5" [_thread_blocked, id=23100, stack(0x0000009d91700000,0x0000009d91800000)]
  0x000001e4cc6002d0 JavaThread "Unconstrained build operations Thread 9" [_thread_blocked, id=6932, stack(0x0000009d91800000,0x0000009d91900000)]
  0x000001e4cc5ff8b0 JavaThread "Unconstrained build operations Thread 10" [_thread_blocked, id=25492, stack(0x0000009d91900000,0x0000009d91a00000)]
  0x000001e4cc601200 JavaThread "Unconstrained build operations Thread 11" [_thread_blocked, id=13684, stack(0x0000009d91a00000,0x0000009d91b00000)]
  0x000001e4cc601710 JavaThread "Unconstrained build operations Thread 12" [_thread_blocked, id=21788, stack(0x0000009d91b00000,0x0000009d91c00000)]
  0x000001e4cc602b50 JavaThread "jar transforms Thread 6" [_thread_blocked, id=20152, stack(0x0000009d91c00000,0x0000009d91d00000)]
  0x000001e4cc601c20 JavaThread "jar transforms Thread 7" [_thread_blocked, id=4572, stack(0x0000009d91d00000,0x0000009d91e00000)]
  0x000001e4cc602130 JavaThread "jar transforms Thread 8" [_thread_blocked, id=25952, stack(0x0000009d91e00000,0x0000009d91f00000)]
  0x000001e4cc6007e0 JavaThread "Unconstrained build operations Thread 13" [_thread_blocked, id=7248, stack(0x0000009d91f00000,0x0000009d92000000)]
  0x000001e4cc5ff3a0 JavaThread "Unconstrained build operations Thread 14" [_thread_blocked, id=2364, stack(0x0000009d92000000,0x0000009d92100000)]
  0x000001e4cc6044a0 JavaThread "Unconstrained build operations Thread 15" [_thread_blocked, id=1756, stack(0x0000009d92100000,0x0000009d92200000)]
  0x000001e4cc603060 JavaThread "Unconstrained build operations Thread 16" [_thread_blocked, id=24260, stack(0x0000009d92200000,0x0000009d92300000)]
  0x000001e4cc603570 JavaThread "Unconstrained build operations Thread 17" [_thread_blocked, id=11096, stack(0x0000009d92300000,0x0000009d92400000)]
  0x000001e4cc600cf0 JavaThread "Unconstrained build operations Thread 18" [_thread_blocked, id=26096, stack(0x0000009d92400000,0x0000009d92500000)]
  0x000001e4cc6049b0 JavaThread "Unconstrained build operations Thread 19" [_thread_blocked, id=12284, stack(0x0000009d92500000,0x0000009d92600000)]
  0x000001e4cc603a80 JavaThread "Unconstrained build operations Thread 20" [_thread_blocked, id=6432, stack(0x0000009d92900000,0x0000009d92a00000)]
  0x000001e4cc6058e0 JavaThread "Unconstrained build operations Thread 21" [_thread_blocked, id=11720, stack(0x0000009d92a00000,0x0000009d92b00000)]
  0x000001e4cc605df0 JavaThread "Unconstrained build operations Thread 22" [_thread_blocked, id=13636, stack(0x0000009d92b00000,0x0000009d92c00000)]
  0x000001e4cc6053d0 JavaThread "Unconstrained build operations Thread 23" [_thread_blocked, id=26788, stack(0x0000009d92c00000,0x0000009d92d00000)]
  0x000001e4cc606300 JavaThread "Unconstrained build operations Thread 24" [_thread_blocked, id=12376, stack(0x0000009d92800000,0x0000009d92900000)]
  0x000001e4cc603f90 JavaThread "Unconstrained build operations Thread 25" [_thread_blocked, id=2392, stack(0x0000009d92d00000,0x0000009d92e00000)]
  0x000001e4cc604ec0 JavaThread "Unconstrained build operations Thread 26" [_thread_blocked, id=14824, stack(0x0000009d92e00000,0x0000009d92f00000)]
  0x000001e4cc606810 JavaThread "Unconstrained build operations Thread 27" [_thread_blocked, id=24408, stack(0x0000009d92f00000,0x0000009d93000000)]
  0x000001e4cc606d20 JavaThread "Unconstrained build operations Thread 28" [_thread_blocked, id=4692, stack(0x0000009d93000000,0x0000009d93100000)]
  0x000001e4cd2028f0 JavaThread "Unconstrained build operations Thread 29" [_thread_blocked, id=22084, stack(0x0000009d93100000,0x0000009d93200000)]
  0x000001e4cd203310 JavaThread "Unconstrained build operations Thread 30" [_thread_blocked, id=25676, stack(0x0000009d93200000,0x0000009d93300000)]
  0x000001e4cd2023e0 JavaThread "Unconstrained build operations Thread 31" [_thread_blocked, id=4804, stack(0x0000009d93300000,0x0000009d93400000)]
  0x000001e4cd202e00 JavaThread "Unconstrained build operations Thread 32" [_thread_blocked, id=21980, stack(0x0000009d93400000,0x0000009d93500000)]
  0x000001e4cd2014b0 JavaThread "Unconstrained build operations Thread 33" [_thread_blocked, id=25400, stack(0x0000009d93500000,0x0000009d93600000)]
  0x000001e4cd2019c0 JavaThread "Memory manager" [_thread_blocked, id=20564, stack(0x0000009d92700000,0x0000009d92800000)]
  0x000001e4cd200070 JavaThread "ForkJoinPool.commonPool-worker-1" daemon [_thread_blocked, id=20712, stack(0x0000009d93900000,0x0000009d93a00000)]
  0x000001e4cd203d30 JavaThread "ForkJoinPool.commonPool-worker-2" daemon [_thread_blocked, id=3392, stack(0x0000009d93a00000,0x0000009d93b00000)]
  0x000001e4cd200fa0 JavaThread "ForkJoinPool.commonPool-worker-3" daemon [_thread_blocked, id=11156, stack(0x0000009d93b00000,0x0000009d93c00000)]
  0x000001e4cd204240 JavaThread "ForkJoinPool.commonPool-worker-4" daemon [_thread_blocked, id=28344, stack(0x0000009d93c00000,0x0000009d93d00000)]
  0x000001e4cd200a90 JavaThread "ForkJoinPool.commonPool-worker-5" daemon [_thread_blocked, id=12724, stack(0x0000009d93d00000,0x0000009d93e00000)]
  0x000001e4cd204750 JavaThread "ForkJoinPool.commonPool-worker-6" daemon [_thread_blocked, id=28224, stack(0x0000009d93e00000,0x0000009d93f00000)]
  0x000001e4cd205680 JavaThread "ForkJoinPool.commonPool-worker-7" daemon [_thread_blocked, id=21532, stack(0x0000009d93f00000,0x0000009d94000000)]
  0x000001e4cd201ed0 JavaThread "Exec process" [_thread_blocked, id=12160, stack(0x0000009d94000000,0x0000009d94100000)]
  0x000001e4cd205170 JavaThread "Exec process Thread 2" [_thread_blocked, id=12496, stack(0x0000009d94100000,0x0000009d94200000)]
  0x000001e4cd2060a0 JavaThread "Exec process Thread 3" [_thread_blocked, id=20160, stack(0x0000009d94200000,0x0000009d94300000)]
  0x000001e4cd2065b0 JavaThread "Unconstrained build operations Thread 34" [_thread_blocked, id=28304, stack(0x0000009d92600000,0x0000009d92700000)]
  0x000001e4cd205b90 JavaThread "Unconstrained build operations Thread 35" [_thread_blocked, id=21464, stack(0x0000009d93800000,0x0000009d93900000)]
  0x000001e4cd2079f0 JavaThread "Unconstrained build operations Thread 36" [_thread_blocked, id=23968, stack(0x0000009d94300000,0x0000009d94400000)]
  0x000001e4cd206fd0 JavaThread "Unconstrained build operations Thread 37" [_thread_blocked, id=19720, stack(0x0000009d94400000,0x0000009d94500000)]
  0x000001e4cf3cf580 JavaThread "C2 CompilerThread1" daemon [_thread_in_native, id=11556, stack(0x0000009d94500000,0x0000009d94600000)]
  0x000001e4cd204c60 JavaThread "Unconstrained build operations Thread 38" [_thread_blocked, id=1128, stack(0x0000009d94600000,0x0000009d94700000)]
  0x000001e4cd206ac0 JavaThread "Unconstrained build operations Thread 39" [_thread_blocked, id=14752, stack(0x0000009d94700000,0x0000009d94800000)]
  0x000001e4cf605a60 JavaThread "Unconstrained build operations Thread 40" [_thread_blocked, id=17612, stack(0x0000009d94800000,0x0000009d94900000)]
  0x000001e4cf607dd0 JavaThread "Unconstrained build operations Thread 41" [_thread_blocked, id=24336, stack(0x0000009d94900000,0x0000009d94a00000)]
  0x000001e4cf606480 JavaThread "Unconstrained build operations Thread 42" [_thread_blocked, id=28272, stack(0x0000009d94a00000,0x0000009d94b00000)]
  0x000001e4cf6082e0 JavaThread "Unconstrained build operations Thread 43" [_thread_blocked, id=5940, stack(0x0000009d94b00000,0x0000009d94c00000)]
  0x000001e4cf6087f0 JavaThread "Unconstrained build operations Thread 44" [_thread_blocked, id=2788, stack(0x0000009d94c00000,0x0000009d94d00000)]
  0x000001e4cf6078c0 JavaThread "Unconstrained build operations Thread 45" [_thread_blocked, id=24488, stack(0x0000009d94d00000,0x0000009d94e00000)]
  0x000001e4cf606ea0 JavaThread "Unconstrained build operations Thread 46" [_thread_blocked, id=11468, stack(0x0000009d94e00000,0x0000009d94f00000)]
  0x000001e4cf605f70 JavaThread "Unconstrained build operations Thread 47" [_thread_blocked, id=28316, stack(0x0000009d94f00000,0x0000009d95000000)]
  0x000001e4cf605040 JavaThread "Unconstrained build operations Thread 48" [_thread_blocked, id=12876, stack(0x0000009d95000000,0x0000009d95100000)]
  0x000001e4cf605550 JavaThread "Unconstrained build operations Thread 49" [_thread_blocked, id=26988, stack(0x0000009d95100000,0x0000009d95200000)]
  0x000001e4cf606990 JavaThread "Unconstrained build operations Thread 50" [_thread_blocked, id=28408, stack(0x0000009d95200000,0x0000009d95300000)]
  0x000001e4cf6073b0 JavaThread "Unconstrained build operations Thread 51" [_thread_blocked, id=24400, stack(0x0000009d95300000,0x0000009d95400000)]
  0x000001e4cfdb5910 JavaThread "Unconstrained build operations Thread 52" [_thread_blocked, id=5336, stack(0x0000009d95400000,0x0000009d95500000)]
  0x000001e4cfdb6840 JavaThread "Unconstrained build operations Thread 53" [_thread_blocked, id=25712, stack(0x0000009d95500000,0x0000009d95600000)]
  0x000001e4cfdb6d50 JavaThread "Unconstrained build operations Thread 54" [_thread_blocked, id=15840, stack(0x0000009d95600000,0x0000009d95700000)]
  0x000001e4cfdb7770 JavaThread "Unconstrained build operations Thread 55" [_thread_blocked, id=20332, stack(0x0000009d95700000,0x0000009d95800000)]
  0x000001e4cfdb44d0 JavaThread "Unconstrained build operations Thread 56" [_thread_blocked, id=18940, stack(0x0000009d95800000,0x0000009d95900000)]
  0x000001e4cfdb5400 JavaThread "Unconstrained build operations Thread 57" [_thread_blocked, id=6984, stack(0x0000009d95900000,0x0000009d95a00000)]
  0x000001e4cfdb3fc0 JavaThread "Unconstrained build operations Thread 58" [_thread_blocked, id=25528, stack(0x0000009d95a00000,0x0000009d95b00000)]
  0x000001e4cfdb7260 JavaThread "Unconstrained build operations Thread 59" [_thread_blocked, id=20840, stack(0x0000009d95b00000,0x0000009d95c00000)]
  0x000001e4cfdb5e20 JavaThread "Unconstrained build operations Thread 60" [_thread_blocked, id=344, stack(0x0000009d95c00000,0x0000009d95d00000)]
  0x000001e4cfdb7c80 JavaThread "Unconstrained build operations Thread 61" [_thread_blocked, id=13404, stack(0x0000009d95d00000,0x0000009d95e00000)]
  0x000001e4cfdb6330 JavaThread "Unconstrained build operations Thread 62" [_thread_blocked, id=12132, stack(0x0000009d95e00000,0x0000009d95f00000)]
  0x000001e4cfdb8190 JavaThread "Unconstrained build operations Thread 63" [_thread_blocked, id=28208, stack(0x0000009d95f00000,0x0000009d96000000)]
  0x000001e4cfdb49e0 JavaThread "Unconstrained build operations Thread 64" [_thread_blocked, id=24320, stack(0x0000009d96000000,0x0000009d96100000)]
  0x000001e4cfdb86a0 JavaThread "Unconstrained build operations Thread 65" [_thread_blocked, id=14548, stack(0x0000009d96100000,0x0000009d96200000)]
  0x000001e4cfdb4ef0 JavaThread "Unconstrained build operations Thread 66" [_thread_blocked, id=9084, stack(0x0000009d96400000,0x0000009d96500000)]
  0x000001e4cfdbaf20 JavaThread "Unconstrained build operations Thread 67" [_thread_blocked, id=27444, stack(0x0000009d96500000,0x0000009d96600000)]
  0x000001e4cfdb95d0 JavaThread "Unconstrained build operations Thread 68" [_thread_blocked, id=11444, stack(0x0000009d96600000,0x0000009d96700000)]
  0x000001e4cfdbb430 JavaThread "Unconstrained build operations Thread 69" [_thread_blocked, id=12784, stack(0x0000009d96700000,0x0000009d96800000)]
  0x000001e4cfdbb940 JavaThread "Unconstrained build operations Thread 70" [_thread_blocked, id=18928, stack(0x0000009d96800000,0x0000009d96900000)]
  0x000001e4cfdb8bb0 JavaThread "Unconstrained build operations Thread 71" [_thread_blocked, id=24716, stack(0x0000009d96900000,0x0000009d96a00000)]
  0x000001e4cfdb90c0 JavaThread "Unconstrained build operations Thread 72" [_thread_blocked, id=13568, stack(0x0000009d96a00000,0x0000009d96b00000)]
  0x000001e4cfdb9ae0 JavaThread "Unconstrained build operations Thread 73" [_thread_blocked, id=8028, stack(0x0000009d96b00000,0x0000009d96c00000)]
  0x000001e4cfdb9ff0 JavaThread "Unconstrained build operations Thread 74" [_thread_blocked, id=13760, stack(0x0000009d96c00000,0x0000009d96d00000)]
  0x000001e4cfdba500 JavaThread "Unconstrained build operations Thread 75" [_thread_blocked, id=13572, stack(0x0000009d96d00000,0x0000009d96e00000)]
  0x000001e4cfb274c0 JavaThread "Unconstrained build operations Thread 76" [_thread_blocked, id=21900, stack(0x0000009d96e00000,0x0000009d96f00000)]
  0x000001e4cfb283f0 JavaThread "Unconstrained build operations Thread 77" [_thread_blocked, id=4636, stack(0x0000009d96f00000,0x0000009d97000000)]
  0x000001e4cfb28900 JavaThread "Unconstrained build operations Thread 78" [_thread_blocked, id=1408, stack(0x0000009d97000000,0x0000009d97100000)]
  0x000001e4cfb279d0 JavaThread "Unconstrained build operations Thread 79" [_thread_blocked, id=26948, stack(0x0000009d97100000,0x0000009d97200000)]
  0x000001e4cfb26fb0 JavaThread "Unconstrained build operations Thread 80" [_thread_blocked, id=24404, stack(0x0000009d97200000,0x0000009d97300000)]
=>0x000001e4cee33420 JavaThread "C2 CompilerThread2" daemon [_thread_in_native, id=3400, stack(0x0000009d97300000,0x0000009d97400000)]

Other Threads:
  0x000001e4b1382c10 VMThread "VM Thread" [stack: 0x0000009d8df00000,0x0000009d8e000000] [id=28280]
  0x000001e496ad9fe0 WatcherThread [stack: 0x0000009d8eb00000,0x0000009d8ec00000] [id=19224]
  0x000001e496a84220 GCTaskThread "GC Thread#0" [stack: 0x0000009d8da00000,0x0000009d8db00000] [id=6076]
  0x000001e4b17bf3e0 GCTaskThread "GC Thread#1" [stack: 0x0000009d8ee00000,0x0000009d8ef00000] [id=24388]
  0x000001e4b1ca6030 GCTaskThread "GC Thread#2" [stack: 0x0000009d8ef00000,0x0000009d8f000000] [id=25728]
  0x000001e4b1a28350 GCTaskThread "GC Thread#3" [stack: 0x0000009d8f000000,0x0000009d8f100000] [id=20156]
  0x000001e4b1a28610 GCTaskThread "GC Thread#4" [stack: 0x0000009d8f100000,0x0000009d8f200000] [id=9256]
  0x000001e4b1c04070 GCTaskThread "GC Thread#5" [stack: 0x0000009d8f200000,0x0000009d8f300000] [id=26868]
  0x000001e4cc9a43b0 GCTaskThread "GC Thread#6" [stack: 0x0000009d90200000,0x0000009d90300000] [id=8524]
  0x000001e4ceca4fe0 GCTaskThread "GC Thread#7" [stack: 0x0000009d90300000,0x0000009d90400000] [id=15604]
  0x000001e496a89080 ConcurrentGCThread "G1 Main Marker" [stack: 0x0000009d8db00000,0x0000009d8dc00000] [id=11440]
  0x000001e496a8a670 ConcurrentGCThread "G1 Conc#0" [stack: 0x0000009d8dc00000,0x0000009d8dd00000] [id=27336]
  0x000001e4ceba1730 ConcurrentGCThread "G1 Conc#1" [stack: 0x0000009d90400000,0x0000009d90500000] [id=26008]
  0x000001e496b1e330 ConcurrentGCThread "G1 Refine#0" [stack: 0x0000009d8dd00000,0x0000009d8de00000] [id=10728]
  0x000001e4cfbe6f90 ConcurrentGCThread "G1 Refine#1" [stack: 0x0000009d93600000,0x0000009d93700000] [id=22448]
  0x000001e4cfbe7280 ConcurrentGCThread "G1 Refine#2" [stack: 0x0000009d93700000,0x0000009d93800000] [id=816]
  0x000001e4cfbe8130 ConcurrentGCThread "G1 Refine#3" [stack: 0x0000009d96200000,0x0000009d96300000] [id=7600]
  0x000001e4cfc5e110 ConcurrentGCThread "G1 Refine#4" [stack: 0x0000009d96300000,0x0000009d96400000] [id=23428]
  0x000001e496b1eb10 ConcurrentGCThread "G1 Service" [stack: 0x0000009d8de00000,0x0000009d8df00000] [id=28512]

Threads with active compile tasks:
C2 CompilerThread0    33954 9716       4       com.google.common.cache.LocalCache::isExpired (57 bytes)
C2 CompilerThread1    33954 9680       4       io.spring.gradle.dependencymanagement.org.codehaus.plexus.util.xml.Xpp3DomBuilder::build (413 bytes)
C2 CompilerThread2    33955 9575       4       io.spring.gradle.dependencymanagement.org.codehaus.plexus.util.xml.pull.MXParser::parseAttribute (1656 bytes)

VM state: not at safepoint (normal execution)

VM Mutex/Monitor currently owned by a thread: None

Heap address: 0x00000000e0000000, size: 512 MB, Compressed Oops mode: 32-bit

CDS archive(s) mapped at: [0x000001e4b2000000-0x000001e4b2bd0000-0x000001e4b2bd0000), size 12386304, SharedBaseAddress: 0x000001e4b2000000, ArchiveRelocationMode: 1.
Compressed class space mapped at: 0x000001e4b3000000-0x000001e4c7000000, reserved size: 335544320
Narrow klass base: 0x000001e4b2000000, Narrow klass shift: 0, Narrow klass range: 0x100000000

GC Precious Log:
 CPUs: 8 total, 8 available
 Memory: 24355M
 Large Page Support: Disabled
 NUMA Support: Disabled
 Compressed Oops: Enabled (32-bit)
 Heap Region Size: 1M
 Heap Min Capacity: 256M
 Heap Initial Capacity: 256M
 Heap Max Capacity: 512M
 Pre-touch: Disabled
 Parallel Workers: 8
 Concurrent Workers: 2
 Concurrent Refinement Workers: 8
 Periodic GC: Disabled

Heap:
 garbage-first heap   total 262144K, used 148844K [0x00000000e0000000, 0x0000000100000000)
  region size 1024K, 116 young (118784K), 19 survivors (19456K)
 Metaspace       used 58238K, committed 58880K, reserved 393216K
  class space    used 8083K, committed 8384K, reserved 327680K

Heap Regions: E=young(eden), S=young(survivor), O=old, HS=humongous(starts), HC=humongous(continues), CS=collection set, F=free, OA=open archive, CA=closed archive, TAMS=top-at-mark-start (previous, next)
|   0|0x00000000e0000000, 0x00000000e0100000, 0x00000000e0100000|100%|HS|  |TAMS 0x00000000e0100000, 0x00000000e0000000| Complete 
|   1|0x00000000e0100000, 0x00000000e0200000, 0x00000000e0200000|100%|HC|  |TAMS 0x00000000e0200000, 0x00000000e0100000| Complete 
|   2|0x00000000e0200000, 0x00000000e0300000, 0x00000000e0300000|100%|HC|  |TAMS 0x00000000e0300000, 0x00000000e0200000| Complete 
|   3|0x00000000e0300000, 0x00000000e0400000, 0x00000000e0400000|100%| O|  |TAMS 0x00000000e0400000, 0x00000000e0300000| Untracked 
|   4|0x00000000e0400000, 0x00000000e0500000, 0x00000000e0500000|100%| O|  |TAMS 0x00000000e0500000, 0x00000000e0400000| Untracked 
|   5|0x00000000e0500000, 0x00000000e0600000, 0x00000000e0600000|100%| O|  |TAMS 0x00000000e0600000, 0x00000000e0500000| Untracked 
|   6|0x00000000e0600000, 0x00000000e0700000, 0x00000000e0700000|100%|HS|  |TAMS 0x00000000e0700000, 0x00000000e0600000| Complete 
|   7|0x00000000e0700000, 0x00000000e0800000, 0x00000000e0800000|100%| O|  |TAMS 0x00000000e0700000, 0x00000000e0700000| Untracked 
|   8|0x00000000e0800000, 0x00000000e0900000, 0x00000000e0900000|100%| O|  |TAMS 0x00000000e0900000, 0x00000000e0800000| Untracked 
|   9|0x00000000e0900000, 0x00000000e0a00000, 0x00000000e0a00000|100%| O|  |TAMS 0x00000000e0a00000, 0x00000000e0900000| Untracked 
|  10|0x00000000e0a00000, 0x00000000e0b00000, 0x00000000e0b00000|100%| O|  |TAMS 0x00000000e0b00000, 0x00000000e0a00000| Untracked 
|  11|0x00000000e0b00000, 0x00000000e0c00000, 0x00000000e0c00000|100%| O|  |TAMS 0x00000000e0c00000, 0x00000000e0b00000| Untracked 
|  12|0x00000000e0c00000, 0x00000000e0d00000, 0x00000000e0d00000|100%| O|  |TAMS 0x00000000e0cc9a00, 0x00000000e0c00000| Untracked 
|  13|0x00000000e0d00000, 0x00000000e0e00000, 0x00000000e0e00000|100%| O|  |TAMS 0x00000000e0d00000, 0x00000000e0d00000| Untracked 
|  14|0x00000000e0e00000, 0x00000000e0f00000, 0x00000000e0f00000|100%| O|  |TAMS 0x00000000e0e00000, 0x00000000e0e00000| Untracked 
|  15|0x00000000e0f00000, 0x00000000e1000000, 0x00000000e1000000|100%| O|  |TAMS 0x00000000e0f00000, 0x00000000e0f00000| Untracked 
|  16|0x00000000e1000000, 0x00000000e1100000, 0x00000000e1100000|100%| O|  |TAMS 0x00000000e1000000, 0x00000000e1000000| Untracked 
|  17|0x00000000e1100000, 0x00000000e1200000, 0x00000000e1200000|100%| O|  |TAMS 0x00000000e1100000, 0x00000000e1100000| Untracked 
|  18|0x00000000e1200000, 0x00000000e1300000, 0x00000000e1300000|100%| O|  |TAMS 0x00000000e1200000, 0x00000000e1200000| Untracked 
|  19|0x00000000e1300000, 0x00000000e1400000, 0x00000000e1400000|100%| O|  |TAMS 0x00000000e1300000, 0x00000000e1300000| Untracked 
|  20|0x00000000e1400000, 0x00000000e1500000, 0x00000000e1500000|100%| O|  |TAMS 0x00000000e1400000, 0x00000000e1400000| Untracked 
|  21|0x00000000e1500000, 0x00000000e1600000, 0x00000000e1600000|100%| O|  |TAMS 0x00000000e1500000, 0x00000000e1500000| Untracked 
|  22|0x00000000e1600000, 0x00000000e1700000, 0x00000000e1700000|100%| O|  |TAMS 0x00000000e1600000, 0x00000000e1600000| Untracked 
|  23|0x00000000e1700000, 0x00000000e1800000, 0x00000000e1800000|100%| O|  |TAMS 0x00000000e1700000, 0x00000000e1700000| Untracked 
|  24|0x00000000e1800000, 0x00000000e1900000, 0x00000000e1900000|100%| O|  |TAMS 0x00000000e1800000, 0x00000000e1800000| Untracked 
|  25|0x00000000e1900000, 0x00000000e1a00000, 0x00000000e1a00000|100%| O|  |TAMS 0x00000000e1900000, 0x00000000e1900000| Untracked 
|  26|0x00000000e1a00000, 0x00000000e1b00000, 0x00000000e1b00000|100%| O|  |TAMS 0x00000000e1a00000, 0x00000000e1a00000| Untracked 
|  27|0x00000000e1b00000, 0x00000000e1c00000, 0x00000000e1c00000|100%| O|  |TAMS 0x00000000e1b00000, 0x00000000e1b00000| Untracked 
|  28|0x00000000e1c00000, 0x00000000e1d00000, 0x00000000e1d00000|100%| O|  |TAMS 0x00000000e1c00000, 0x00000000e1c00000| Untracked 
|  29|0x00000000e1d00000, 0x00000000e1e00000, 0x00000000e1e00000|100%| O|  |TAMS 0x00000000e1d00000, 0x00000000e1d00000| Untracked 
|  30|0x00000000e1e00000, 0x00000000e1eab000, 0x00000000e1f00000| 66%| O|  |TAMS 0x00000000e1e00000, 0x00000000e1e00000| Untracked 
|  31|0x00000000e1f00000, 0x00000000e1f00000, 0x00000000e2000000|  0%| F|  |TAMS 0x00000000e1f00000, 0x00000000e1f00000| Untracked 
|  32|0x00000000e2000000, 0x00000000e2000000, 0x00000000e2100000|  0%| F|  |TAMS 0x00000000e2000000, 0x00000000e2000000| Untracked 
|  33|0x00000000e2100000, 0x00000000e2100000, 0x00000000e2200000|  0%| F|  |TAMS 0x00000000e2100000, 0x00000000e2100000| Untracked 
|  34|0x00000000e2200000, 0x00000000e2200000, 0x00000000e2300000|  0%| F|  |TAMS 0x00000000e2200000, 0x00000000e2200000| Untracked 
|  35|0x00000000e2300000, 0x00000000e2300000, 0x00000000e2400000|  0%| F|  |TAMS 0x00000000e2300000, 0x00000000e2300000| Untracked 
|  36|0x00000000e2400000, 0x00000000e2400000, 0x00000000e2500000|  0%| F|  |TAMS 0x00000000e2400000, 0x00000000e2400000| Untracked 
|  37|0x00000000e2500000, 0x00000000e2500000, 0x00000000e2600000|  0%| F|  |TAMS 0x00000000e2500000, 0x00000000e2500000| Untracked 
|  38|0x00000000e2600000, 0x00000000e2600000, 0x00000000e2700000|  0%| F|  |TAMS 0x00000000e2600000, 0x00000000e2600000| Untracked 
|  39|0x00000000e2700000, 0x00000000e2700000, 0x00000000e2800000|  0%| F|  |TAMS 0x00000000e2700000, 0x00000000e2700000| Untracked 
|  40|0x00000000e2800000, 0x00000000e2800000, 0x00000000e2900000|  0%| F|  |TAMS 0x00000000e2800000, 0x00000000e2800000| Untracked 
|  41|0x00000000e2900000, 0x00000000e2900000, 0x00000000e2a00000|  0%| F|  |TAMS 0x00000000e2900000, 0x00000000e2900000| Untracked 
|  42|0x00000000e2a00000, 0x00000000e2a00000, 0x00000000e2b00000|  0%| F|  |TAMS 0x00000000e2a00000, 0x00000000e2a00000| Untracked 
|  43|0x00000000e2b00000, 0x00000000e2b00000, 0x00000000e2c00000|  0%| F|  |TAMS 0x00000000e2b00000, 0x00000000e2b00000| Untracked 
|  44|0x00000000e2c00000, 0x00000000e2c00000, 0x00000000e2d00000|  0%| F|  |TAMS 0x00000000e2c00000, 0x00000000e2c00000| Untracked 
|  45|0x00000000e2d00000, 0x00000000e2d00000, 0x00000000e2e00000|  0%| F|  |TAMS 0x00000000e2d00000, 0x00000000e2d00000| Untracked 
|  46|0x00000000e2e00000, 0x00000000e2e00000, 0x00000000e2f00000|  0%| F|  |TAMS 0x00000000e2e00000, 0x00000000e2e00000| Untracked 
|  47|0x00000000e2f00000, 0x00000000e2f00000, 0x00000000e3000000|  0%| F|  |TAMS 0x00000000e2f00000, 0x00000000e2f00000| Untracked 
|  48|0x00000000e3000000, 0x00000000e3000000, 0x00000000e3100000|  0%| F|  |TAMS 0x00000000e3000000, 0x00000000e3000000| Untracked 
|  49|0x00000000e3100000, 0x00000000e3100000, 0x00000000e3200000|  0%| F|  |TAMS 0x00000000e3100000, 0x00000000e3100000| Untracked 
|  50|0x00000000e3200000, 0x00000000e3200000, 0x00000000e3300000|  0%| F|  |TAMS 0x00000000e3200000, 0x00000000e3200000| Untracked 
|  51|0x00000000e3300000, 0x00000000e3300000, 0x00000000e3400000|  0%| F|  |TAMS 0x00000000e3300000, 0x00000000e3300000| Untracked 
|  52|0x00000000e3400000, 0x00000000e3400000, 0x00000000e3500000|  0%| F|  |TAMS 0x00000000e3400000, 0x00000000e3400000| Untracked 
|  53|0x00000000e3500000, 0x00000000e3500000, 0x00000000e3600000|  0%| F|  |TAMS 0x00000000e3500000, 0x00000000e3500000| Untracked 
|  54|0x00000000e3600000, 0x00000000e3600000, 0x00000000e3700000|  0%| F|  |TAMS 0x00000000e3600000, 0x00000000e3600000| Untracked 
|  55|0x00000000e3700000, 0x00000000e3700000, 0x00000000e3800000|  0%| F|  |TAMS 0x00000000e3700000, 0x00000000e3700000| Untracked 
|  56|0x00000000e3800000, 0x00000000e3800000, 0x00000000e3900000|  0%| F|  |TAMS 0x00000000e3800000, 0x00000000e3800000| Untracked 
|  57|0x00000000e3900000, 0x00000000e3900000, 0x00000000e3a00000|  0%| F|  |TAMS 0x00000000e3900000, 0x00000000e3900000| Untracked 
|  58|0x00000000e3a00000, 0x00000000e3a00000, 0x00000000e3b00000|  0%| F|  |TAMS 0x00000000e3a00000, 0x00000000e3a00000| Untracked 
|  59|0x00000000e3b00000, 0x00000000e3b00000, 0x00000000e3c00000|  0%| F|  |TAMS 0x00000000e3b00000, 0x00000000e3b00000| Untracked 
|  60|0x00000000e3c00000, 0x00000000e3c00000, 0x00000000e3d00000|  0%| F|  |TAMS 0x00000000e3c00000, 0x00000000e3c00000| Untracked 
|  61|0x00000000e3d00000, 0x00000000e3d00000, 0x00000000e3e00000|  0%| F|  |TAMS 0x00000000e3d00000, 0x00000000e3d00000| Untracked 
|  62|0x00000000e3e00000, 0x00000000e3e00000, 0x00000000e3f00000|  0%| F|  |TAMS 0x00000000e3e00000, 0x00000000e3e00000| Untracked 
|  63|0x00000000e3f00000, 0x00000000e3f00000, 0x00000000e4000000|  0%| F|  |TAMS 0x00000000e3f00000, 0x00000000e3f00000| Untracked 
|  64|0x00000000e4000000, 0x00000000e4000000, 0x00000000e4100000|  0%| F|  |TAMS 0x00000000e4000000, 0x00000000e4000000| Untracked 
|  65|0x00000000e4100000, 0x00000000e4100000, 0x00000000e4200000|  0%| F|  |TAMS 0x00000000e4100000, 0x00000000e4100000| Untracked 
|  66|0x00000000e4200000, 0x00000000e4200000, 0x00000000e4300000|  0%| F|  |TAMS 0x00000000e4200000, 0x00000000e4200000| Untracked 
|  67|0x00000000e4300000, 0x00000000e4300000, 0x00000000e4400000|  0%| F|  |TAMS 0x00000000e4300000, 0x00000000e4300000| Untracked 
|  68|0x00000000e4400000, 0x00000000e4400000, 0x00000000e4500000|  0%| F|  |TAMS 0x00000000e4400000, 0x00000000e4400000| Untracked 
|  69|0x00000000e4500000, 0x00000000e4500000, 0x00000000e4600000|  0%| F|  |TAMS 0x00000000e4500000, 0x00000000e4500000| Untracked 
|  70|0x00000000e4600000, 0x00000000e4600000, 0x00000000e4700000|  0%| F|  |TAMS 0x00000000e4600000, 0x00000000e4600000| Untracked 
|  71|0x00000000e4700000, 0x00000000e4700000, 0x00000000e4800000|  0%| F|  |TAMS 0x00000000e4700000, 0x00000000e4700000| Untracked 
|  72|0x00000000e4800000, 0x00000000e4800000, 0x00000000e4900000|  0%| F|  |TAMS 0x00000000e4800000, 0x00000000e4800000| Untracked 
|  73|0x00000000e4900000, 0x00000000e4900000, 0x00000000e4a00000|  0%| F|  |TAMS 0x00000000e4900000, 0x00000000e4900000| Untracked 
|  74|0x00000000e4a00000, 0x00000000e4a00000, 0x00000000e4b00000|  0%| F|  |TAMS 0x00000000e4a00000, 0x00000000e4a00000| Untracked 
|  75|0x00000000e4b00000, 0x00000000e4b00000, 0x00000000e4c00000|  0%| F|  |TAMS 0x00000000e4b00000, 0x00000000e4b00000| Untracked 
|  76|0x00000000e4c00000, 0x00000000e4c00000, 0x00000000e4d00000|  0%| F|  |TAMS 0x00000000e4c00000, 0x00000000e4c00000| Untracked 
|  77|0x00000000e4d00000, 0x00000000e4d00000, 0x00000000e4e00000|  0%| F|  |TAMS 0x00000000e4d00000, 0x00000000e4d00000| Untracked 
|  78|0x00000000e4e00000, 0x00000000e4e00000, 0x00000000e4f00000|  0%| F|  |TAMS 0x00000000e4e00000, 0x00000000e4e00000| Untracked 
|  79|0x00000000e4f00000, 0x00000000e4f00000, 0x00000000e5000000|  0%| F|  |TAMS 0x00000000e4f00000, 0x00000000e4f00000| Untracked 
|  80|0x00000000e5000000, 0x00000000e5000000, 0x00000000e5100000|  0%| F|  |TAMS 0x00000000e5000000, 0x00000000e5000000| Untracked 
|  81|0x00000000e5100000, 0x00000000e5100000, 0x00000000e5200000|  0%| F|  |TAMS 0x00000000e5100000, 0x00000000e5100000| Untracked 
|  82|0x00000000e5200000, 0x00000000e5200000, 0x00000000e5300000|  0%| F|  |TAMS 0x00000000e5200000, 0x00000000e5200000| Untracked 
|  83|0x00000000e5300000, 0x00000000e5300000, 0x00000000e5400000|  0%| F|  |TAMS 0x00000000e5300000, 0x00000000e5300000| Untracked 
|  84|0x00000000e5400000, 0x00000000e54b0370, 0x00000000e5500000| 68%| S|CS|TAMS 0x00000000e5400000, 0x00000000e5400000| Complete 
|  85|0x00000000e5500000, 0x00000000e5600000, 0x00000000e5600000|100%| S|CS|TAMS 0x00000000e5500000, 0x00000000e5500000| Complete 
|  86|0x00000000e5600000, 0x00000000e5700000, 0x00000000e5700000|100%| S|CS|TAMS 0x00000000e5600000, 0x00000000e5600000| Complete 
|  87|0x00000000e5700000, 0x00000000e5700000, 0x00000000e5800000|  0%| F|  |TAMS 0x00000000e5700000, 0x00000000e5700000| Untracked 
|  88|0x00000000e5800000, 0x00000000e5800000, 0x00000000e5900000|  0%| F|  |TAMS 0x00000000e5800000, 0x00000000e5800000| Untracked 
|  89|0x00000000e5900000, 0x00000000e5900000, 0x00000000e5a00000|  0%| F|  |TAMS 0x00000000e5900000, 0x00000000e5900000| Untracked 
|  90|0x00000000e5a00000, 0x00000000e5a00000, 0x00000000e5b00000|  0%| F|  |TAMS 0x00000000e5a00000, 0x00000000e5a00000| Untracked 
|  91|0x00000000e5b00000, 0x00000000e5b00000, 0x00000000e5c00000|  0%| F|  |TAMS 0x00000000e5b00000, 0x00000000e5b00000| Untracked 
|  92|0x00000000e5c00000, 0x00000000e5c00000, 0x00000000e5d00000|  0%| F|  |TAMS 0x00000000e5c00000, 0x00000000e5c00000| Untracked 
|  93|0x00000000e5d00000, 0x00000000e5d00000, 0x00000000e5e00000|  0%| F|  |TAMS 0x00000000e5d00000, 0x00000000e5d00000| Untracked 
|  94|0x00000000e5e00000, 0x00000000e5e00000, 0x00000000e5f00000|  0%| F|  |TAMS 0x00000000e5e00000, 0x00000000e5e00000| Untracked 
|  95|0x00000000e5f00000, 0x00000000e5f00000, 0x00000000e6000000|  0%| F|  |TAMS 0x00000000e5f00000, 0x00000000e5f00000| Untracked 
|  96|0x00000000e6000000, 0x00000000e6000000, 0x00000000e6100000|  0%| F|  |TAMS 0x00000000e6000000, 0x00000000e6000000| Untracked 
|  97|0x00000000e6100000, 0x00000000e6100000, 0x00000000e6200000|  0%| F|  |TAMS 0x00000000e6100000, 0x00000000e6100000| Untracked 
|  98|0x00000000e6200000, 0x00000000e6200000, 0x00000000e6300000|  0%| F|  |TAMS 0x00000000e6200000, 0x00000000e6200000| Untracked 
|  99|0x00000000e6300000, 0x00000000e6300000, 0x00000000e6400000|  0%| F|  |TAMS 0x00000000e6300000, 0x00000000e6300000| Untracked 
| 100|0x00000000e6400000, 0x00000000e6400000, 0x00000000e6500000|  0%| F|  |TAMS 0x00000000e6400000, 0x00000000e6400000| Untracked 
| 101|0x00000000e6500000, 0x00000000e6500000, 0x00000000e6600000|  0%| F|  |TAMS 0x00000000e6500000, 0x00000000e6500000| Untracked 
| 102|0x00000000e6600000, 0x00000000e6600000, 0x00000000e6700000|  0%| F|  |TAMS 0x00000000e6600000, 0x00000000e6600000| Untracked 
| 103|0x00000000e6700000, 0x00000000e6800000, 0x00000000e6800000|100%| S|CS|TAMS 0x00000000e6700000, 0x00000000e6700000| Complete 
| 104|0x00000000e6800000, 0x00000000e6900000, 0x00000000e6900000|100%| S|CS|TAMS 0x00000000e6800000, 0x00000000e6800000| Complete 
| 105|0x00000000e6900000, 0x00000000e6a00000, 0x00000000e6a00000|100%| S|CS|TAMS 0x00000000e6900000, 0x00000000e6900000| Complete 
| 106|0x00000000e6a00000, 0x00000000e6b00000, 0x00000000e6b00000|100%| S|CS|TAMS 0x00000000e6a00000, 0x00000000e6a00000| Complete 
| 107|0x00000000e6b00000, 0x00000000e6c00000, 0x00000000e6c00000|100%| S|CS|TAMS 0x00000000e6b00000, 0x00000000e6b00000| Complete 
| 108|0x00000000e6c00000, 0x00000000e6d00000, 0x00000000e6d00000|100%| S|CS|TAMS 0x00000000e6c00000, 0x00000000e6c00000| Complete 
| 109|0x00000000e6d00000, 0x00000000e6e00000, 0x00000000e6e00000|100%| S|CS|TAMS 0x00000000e6d00000, 0x00000000e6d00000| Complete 
| 110|0x00000000e6e00000, 0x00000000e6f00000, 0x00000000e6f00000|100%| S|CS|TAMS 0x00000000e6e00000, 0x00000000e6e00000| Complete 
| 111|0x00000000e6f00000, 0x00000000e7000000, 0x00000000e7000000|100%| S|CS|TAMS 0x00000000e6f00000, 0x00000000e6f00000| Complete 
| 112|0x00000000e7000000, 0x00000000e7100000, 0x00000000e7100000|100%| S|CS|TAMS 0x00000000e7000000, 0x00000000e7000000| Complete 
| 113|0x00000000e7100000, 0x00000000e7200000, 0x00000000e7200000|100%| S|CS|TAMS 0x00000000e7100000, 0x00000000e7100000| Complete 
| 114|0x00000000e7200000, 0x00000000e7300000, 0x00000000e7300000|100%| S|CS|TAMS 0x00000000e7200000, 0x00000000e7200000| Complete 
| 115|0x00000000e7300000, 0x00000000e7400000, 0x00000000e7400000|100%| S|CS|TAMS 0x00000000e7300000, 0x00000000e7300000| Complete 
| 116|0x00000000e7400000, 0x00000000e7500000, 0x00000000e7500000|100%| S|CS|TAMS 0x00000000e7400000, 0x00000000e7400000| Complete 
| 117|0x00000000e7500000, 0x00000000e7600000, 0x00000000e7600000|100%| S|CS|TAMS 0x00000000e7500000, 0x00000000e7500000| Complete 
| 118|0x00000000e7600000, 0x00000000e7700000, 0x00000000e7700000|100%| S|CS|TAMS 0x00000000e7600000, 0x00000000e7600000| Complete 
| 119|0x00000000e7700000, 0x00000000e7700000, 0x00000000e7800000|  0%| F|  |TAMS 0x00000000e7700000, 0x00000000e7700000| Untracked 
| 120|0x00000000e7800000, 0x00000000e7800000, 0x00000000e7900000|  0%| F|  |TAMS 0x00000000e7800000, 0x00000000e7800000| Untracked 
| 121|0x00000000e7900000, 0x00000000e7900000, 0x00000000e7a00000|  0%| F|  |TAMS 0x00000000e7900000, 0x00000000e7900000| Untracked 
| 122|0x00000000e7a00000, 0x00000000e7a00000, 0x00000000e7b00000|  0%| F|  |TAMS 0x00000000e7a00000, 0x00000000e7a00000| Untracked 
| 123|0x00000000e7b00000, 0x00000000e7b00000, 0x00000000e7c00000|  0%| F|  |TAMS 0x00000000e7b00000, 0x00000000e7b00000| Untracked 
| 124|0x00000000e7c00000, 0x00000000e7c00000, 0x00000000e7d00000|  0%| F|  |TAMS 0x00000000e7c00000, 0x00000000e7c00000| Untracked 
| 125|0x00000000e7d00000, 0x00000000e7d00000, 0x00000000e7e00000|  0%| F|  |TAMS 0x00000000e7d00000, 0x00000000e7d00000| Untracked 
| 126|0x00000000e7e00000, 0x00000000e7e00000, 0x00000000e7f00000|  0%| F|  |TAMS 0x00000000e7e00000, 0x00000000e7e00000| Untracked 
| 127|0x00000000e7f00000, 0x00000000e7f00000, 0x00000000e8000000|  0%| F|  |TAMS 0x00000000e7f00000, 0x00000000e7f00000| Untracked 
| 128|0x00000000e8000000, 0x00000000e8000000, 0x00000000e8100000|  0%| F|  |TAMS 0x00000000e8000000, 0x00000000e8000000| Untracked 
| 129|0x00000000e8100000, 0x00000000e8100000, 0x00000000e8200000|  0%| F|  |TAMS 0x00000000e8100000, 0x00000000e8100000| Untracked 
| 130|0x00000000e8200000, 0x00000000e8200000, 0x00000000e8300000|  0%| F|  |TAMS 0x00000000e8200000, 0x00000000e8200000| Untracked 
| 131|0x00000000e8300000, 0x00000000e8300000, 0x00000000e8400000|  0%| F|  |TAMS 0x00000000e8300000, 0x00000000e8300000| Untracked 
| 132|0x00000000e8400000, 0x00000000e8400000, 0x00000000e8500000|  0%| F|  |TAMS 0x00000000e8400000, 0x00000000e8400000| Untracked 
| 133|0x00000000e8500000, 0x00000000e8500000, 0x00000000e8600000|  0%| F|  |TAMS 0x00000000e8500000, 0x00000000e8500000| Untracked 
| 134|0x00000000e8600000, 0x00000000e8600000, 0x00000000e8700000|  0%| F|  |TAMS 0x00000000e8600000, 0x00000000e8600000| Untracked 
| 135|0x00000000e8700000, 0x00000000e8700000, 0x00000000e8800000|  0%| F|  |TAMS 0x00000000e8700000, 0x00000000e8700000| Untracked 
| 136|0x00000000e8800000, 0x00000000e8800000, 0x00000000e8900000|  0%| F|  |TAMS 0x00000000e8800000, 0x00000000e8800000| Untracked 
| 137|0x00000000e8900000, 0x00000000e8900000, 0x00000000e8a00000|  0%| F|  |TAMS 0x00000000e8900000, 0x00000000e8900000| Untracked 
| 138|0x00000000e8a00000, 0x00000000e8a00000, 0x00000000e8b00000|  0%| F|  |TAMS 0x00000000e8a00000, 0x00000000e8a00000| Untracked 
| 139|0x00000000e8b00000, 0x00000000e8b00000, 0x00000000e8c00000|  0%| F|  |TAMS 0x00000000e8b00000, 0x00000000e8b00000| Untracked 
| 140|0x00000000e8c00000, 0x00000000e8c00000, 0x00000000e8d00000|  0%| F|  |TAMS 0x00000000e8c00000, 0x00000000e8c00000| Untracked 
| 141|0x00000000e8d00000, 0x00000000e8d00000, 0x00000000e8e00000|  0%| F|  |TAMS 0x00000000e8d00000, 0x00000000e8d00000| Untracked 
| 142|0x00000000e8e00000, 0x00000000e8e00000, 0x00000000e8f00000|  0%| F|  |TAMS 0x00000000e8e00000, 0x00000000e8e00000| Untracked 
| 143|0x00000000e8f00000, 0x00000000e8f00000, 0x00000000e9000000|  0%| F|  |TAMS 0x00000000e8f00000, 0x00000000e8f00000| Untracked 
| 144|0x00000000e9000000, 0x00000000e9000000, 0x00000000e9100000|  0%| F|  |TAMS 0x00000000e9000000, 0x00000000e9000000| Untracked 
| 145|0x00000000e9100000, 0x00000000e9100000, 0x00000000e9200000|  0%| F|  |TAMS 0x00000000e9100000, 0x00000000e9100000| Untracked 
| 146|0x00000000e9200000, 0x00000000e9200000, 0x00000000e9300000|  0%| F|  |TAMS 0x00000000e9200000, 0x00000000e9200000| Untracked 
| 147|0x00000000e9300000, 0x00000000e9300000, 0x00000000e9400000|  0%| F|  |TAMS 0x00000000e9300000, 0x00000000e9300000| Untracked 
| 148|0x00000000e9400000, 0x00000000e9400000, 0x00000000e9500000|  0%| F|  |TAMS 0x00000000e9400000, 0x00000000e9400000| Untracked 
| 149|0x00000000e9500000, 0x00000000e9500000, 0x00000000e9600000|  0%| F|  |TAMS 0x00000000e9500000, 0x00000000e9500000| Untracked 
| 150|0x00000000e9600000, 0x00000000e9600000, 0x00000000e9700000|  0%| F|  |TAMS 0x00000000e9600000, 0x00000000e9600000| Untracked 
| 151|0x00000000e9700000, 0x00000000e9700000, 0x00000000e9800000|  0%| F|  |TAMS 0x00000000e9700000, 0x00000000e9700000| Untracked 
| 152|0x00000000e9800000, 0x00000000e9800000, 0x00000000e9900000|  0%| F|  |TAMS 0x00000000e9800000, 0x00000000e9800000| Untracked 
| 153|0x00000000e9900000, 0x00000000e9900000, 0x00000000e9a00000|  0%| F|  |TAMS 0x00000000e9900000, 0x00000000e9900000| Untracked 
| 154|0x00000000e9a00000, 0x00000000e9a00000, 0x00000000e9b00000|  0%| F|  |TAMS 0x00000000e9a00000, 0x00000000e9a00000| Untracked 
| 155|0x00000000e9b00000, 0x00000000e9b00000, 0x00000000e9c00000|  0%| F|  |TAMS 0x00000000e9b00000, 0x00000000e9b00000| Untracked 
| 156|0x00000000e9c00000, 0x00000000e9c00000, 0x00000000e9d00000|  0%| F|  |TAMS 0x00000000e9c00000, 0x00000000e9c00000| Untracked 
| 157|0x00000000e9d00000, 0x00000000e9d00000, 0x00000000e9e00000|  0%| F|  |TAMS 0x00000000e9d00000, 0x00000000e9d00000| Untracked 
| 158|0x00000000e9e00000, 0x00000000e9f00000, 0x00000000e9f00000|100%| E|  |TAMS 0x00000000e9e00000, 0x00000000e9e00000| Complete 
| 159|0x00000000e9f00000, 0x00000000ea000000, 0x00000000ea000000|100%| E|CS|TAMS 0x00000000e9f00000, 0x00000000e9f00000| Complete 
| 160|0x00000000ea000000, 0x00000000ea100000, 0x00000000ea100000|100%| E|CS|TAMS 0x00000000ea000000, 0x00000000ea000000| Complete 
| 161|0x00000000ea100000, 0x00000000ea200000, 0x00000000ea200000|100%| E|CS|TAMS 0x00000000ea100000, 0x00000000ea100000| Complete 
| 162|0x00000000ea200000, 0x00000000ea300000, 0x00000000ea300000|100%| E|CS|TAMS 0x00000000ea200000, 0x00000000ea200000| Complete 
| 163|0x00000000ea300000, 0x00000000ea400000, 0x00000000ea400000|100%| E|CS|TAMS 0x00000000ea300000, 0x00000000ea300000| Complete 
| 164|0x00000000ea400000, 0x00000000ea500000, 0x00000000ea500000|100%| E|CS|TAMS 0x00000000ea400000, 0x00000000ea400000| Complete 
| 165|0x00000000ea500000, 0x00000000ea600000, 0x00000000ea600000|100%| E|CS|TAMS 0x00000000ea500000, 0x00000000ea500000| Complete 
| 166|0x00000000ea600000, 0x00000000ea700000, 0x00000000ea700000|100%| E|CS|TAMS 0x00000000ea600000, 0x00000000ea600000| Complete 
| 167|0x00000000ea700000, 0x00000000ea800000, 0x00000000ea800000|100%| E|CS|TAMS 0x00000000ea700000, 0x00000000ea700000| Complete 
| 168|0x00000000ea800000, 0x00000000ea900000, 0x00000000ea900000|100%| E|CS|TAMS 0x00000000ea800000, 0x00000000ea800000| Complete 
| 169|0x00000000ea900000, 0x00000000eaa00000, 0x00000000eaa00000|100%| E|CS|TAMS 0x00000000ea900000, 0x00000000ea900000| Complete 
| 170|0x00000000eaa00000, 0x00000000eab00000, 0x00000000eab00000|100%| E|CS|TAMS 0x00000000eaa00000, 0x00000000eaa00000| Complete 
| 171|0x00000000eab00000, 0x00000000eac00000, 0x00000000eac00000|100%| E|CS|TAMS 0x00000000eab00000, 0x00000000eab00000| Complete 
| 172|0x00000000eac00000, 0x00000000ead00000, 0x00000000ead00000|100%| E|CS|TAMS 0x00000000eac00000, 0x00000000eac00000| Complete 
| 173|0x00000000ead00000, 0x00000000eae00000, 0x00000000eae00000|100%| E|CS|TAMS 0x00000000ead00000, 0x00000000ead00000| Complete 
| 174|0x00000000eae00000, 0x00000000eaf00000, 0x00000000eaf00000|100%| E|CS|TAMS 0x00000000eae00000, 0x00000000eae00000| Complete 
| 175|0x00000000eaf00000, 0x00000000eb000000, 0x00000000eb000000|100%| E|CS|TAMS 0x00000000eaf00000, 0x00000000eaf00000| Complete 
| 176|0x00000000eb000000, 0x00000000eb100000, 0x00000000eb100000|100%| E|CS|TAMS 0x00000000eb000000, 0x00000000eb000000| Complete 
| 177|0x00000000eb100000, 0x00000000eb200000, 0x00000000eb200000|100%| E|CS|TAMS 0x00000000eb100000, 0x00000000eb100000| Complete 
| 178|0x00000000eb200000, 0x00000000eb300000, 0x00000000eb300000|100%| E|CS|TAMS 0x00000000eb200000, 0x00000000eb200000| Complete 
| 179|0x00000000eb300000, 0x00000000eb400000, 0x00000000eb400000|100%| E|CS|TAMS 0x00000000eb300000, 0x00000000eb300000| Complete 
| 180|0x00000000eb400000, 0x00000000eb500000, 0x00000000eb500000|100%| E|CS|TAMS 0x00000000eb400000, 0x00000000eb400000| Complete 
| 181|0x00000000eb500000, 0x00000000eb600000, 0x00000000eb600000|100%| E|CS|TAMS 0x00000000eb500000, 0x00000000eb500000| Complete 
| 182|0x00000000eb600000, 0x00000000eb700000, 0x00000000eb700000|100%| E|CS|TAMS 0x00000000eb600000, 0x00000000eb600000| Complete 
| 183|0x00000000eb700000, 0x00000000eb800000, 0x00000000eb800000|100%| E|CS|TAMS 0x00000000eb700000, 0x00000000eb700000| Complete 
| 184|0x00000000eb800000, 0x00000000eb900000, 0x00000000eb900000|100%| E|CS|TAMS 0x00000000eb800000, 0x00000000eb800000| Complete 
| 185|0x00000000eb900000, 0x00000000eba00000, 0x00000000eba00000|100%| E|CS|TAMS 0x00000000eb900000, 0x00000000eb900000| Complete 
| 186|0x00000000eba00000, 0x00000000ebb00000, 0x00000000ebb00000|100%| E|CS|TAMS 0x00000000eba00000, 0x00000000eba00000| Complete 
| 187|0x00000000ebb00000, 0x00000000ebc00000, 0x00000000ebc00000|100%| E|CS|TAMS 0x00000000ebb00000, 0x00000000ebb00000| Complete 
| 188|0x00000000ebc00000, 0x00000000ebd00000, 0x00000000ebd00000|100%| E|CS|TAMS 0x00000000ebc00000, 0x00000000ebc00000| Complete 
| 189|0x00000000ebd00000, 0x00000000ebe00000, 0x00000000ebe00000|100%| E|CS|TAMS 0x00000000ebd00000, 0x00000000ebd00000| Complete 
| 190|0x00000000ebe00000, 0x00000000ebf00000, 0x00000000ebf00000|100%| E|CS|TAMS 0x00000000ebe00000, 0x00000000ebe00000| Complete 
| 191|0x00000000ebf00000, 0x00000000ec000000, 0x00000000ec000000|100%| E|CS|TAMS 0x00000000ebf00000, 0x00000000ebf00000| Complete 
| 192|0x00000000ec000000, 0x00000000ec100000, 0x00000000ec100000|100%| E|CS|TAMS 0x00000000ec000000, 0x00000000ec000000| Complete 
| 193|0x00000000ec100000, 0x00000000ec200000, 0x00000000ec200000|100%| E|CS|TAMS 0x00000000ec100000, 0x00000000ec100000| Complete 
| 194|0x00000000ec200000, 0x00000000ec300000, 0x00000000ec300000|100%| E|CS|TAMS 0x00000000ec200000, 0x00000000ec200000| Complete 
| 195|0x00000000ec300000, 0x00000000ec400000, 0x00000000ec400000|100%| E|CS|TAMS 0x00000000ec300000, 0x00000000ec300000| Complete 
| 196|0x00000000ec400000, 0x00000000ec500000, 0x00000000ec500000|100%| E|CS|TAMS 0x00000000ec400000, 0x00000000ec400000| Complete 
| 197|0x00000000ec500000, 0x00000000ec600000, 0x00000000ec600000|100%| E|CS|TAMS 0x00000000ec500000, 0x00000000ec500000| Complete 
| 198|0x00000000ec600000, 0x00000000ec700000, 0x00000000ec700000|100%| E|CS|TAMS 0x00000000ec600000, 0x00000000ec600000| Complete 
| 199|0x00000000ec700000, 0x00000000ec800000, 0x00000000ec800000|100%| E|CS|TAMS 0x00000000ec700000, 0x00000000ec700000| Complete 
| 200|0x00000000ec800000, 0x00000000ec900000, 0x00000000ec900000|100%| E|CS|TAMS 0x00000000ec800000, 0x00000000ec800000| Complete 
| 201|0x00000000ec900000, 0x00000000eca00000, 0x00000000eca00000|100%| E|CS|TAMS 0x00000000ec900000, 0x00000000ec900000| Complete 
| 202|0x00000000eca00000, 0x00000000ecb00000, 0x00000000ecb00000|100%| E|CS|TAMS 0x00000000eca00000, 0x00000000eca00000| Complete 
| 203|0x00000000ecb00000, 0x00000000ecc00000, 0x00000000ecc00000|100%| E|CS|TAMS 0x00000000ecb00000, 0x00000000ecb00000| Complete 
| 204|0x00000000ecc00000, 0x00000000ecd00000, 0x00000000ecd00000|100%| E|CS|TAMS 0x00000000ecc00000, 0x00000000ecc00000| Complete 
| 205|0x00000000ecd00000, 0x00000000ece00000, 0x00000000ece00000|100%| E|CS|TAMS 0x00000000ecd00000, 0x00000000ecd00000| Complete 
| 206|0x00000000ece00000, 0x00000000ecf00000, 0x00000000ecf00000|100%| E|CS|TAMS 0x00000000ece00000, 0x00000000ece00000| Complete 
| 207|0x00000000ecf00000, 0x00000000ed000000, 0x00000000ed000000|100%| E|CS|TAMS 0x00000000ecf00000, 0x00000000ecf00000| Complete 
| 208|0x00000000ed000000, 0x00000000ed100000, 0x00000000ed100000|100%| E|CS|TAMS 0x00000000ed000000, 0x00000000ed000000| Complete 
| 209|0x00000000ed100000, 0x00000000ed200000, 0x00000000ed200000|100%| E|CS|TAMS 0x00000000ed100000, 0x00000000ed100000| Complete 
| 210|0x00000000ed200000, 0x00000000ed300000, 0x00000000ed300000|100%| E|CS|TAMS 0x00000000ed200000, 0x00000000ed200000| Complete 
| 211|0x00000000ed300000, 0x00000000ed400000, 0x00000000ed400000|100%| E|CS|TAMS 0x00000000ed300000, 0x00000000ed300000| Complete 
| 212|0x00000000ed400000, 0x00000000ed500000, 0x00000000ed500000|100%| E|CS|TAMS 0x00000000ed400000, 0x00000000ed400000| Complete 
| 213|0x00000000ed500000, 0x00000000ed600000, 0x00000000ed600000|100%| E|CS|TAMS 0x00000000ed500000, 0x00000000ed500000| Complete 
| 214|0x00000000ed600000, 0x00000000ed700000, 0x00000000ed700000|100%| E|CS|TAMS 0x00000000ed600000, 0x00000000ed600000| Complete 
| 215|0x00000000ed700000, 0x00000000ed800000, 0x00000000ed800000|100%| E|CS|TAMS 0x00000000ed700000, 0x00000000ed700000| Complete 
| 216|0x00000000ed800000, 0x00000000ed900000, 0x00000000ed900000|100%| E|CS|TAMS 0x00000000ed800000, 0x00000000ed800000| Complete 
| 217|0x00000000ed900000, 0x00000000eda00000, 0x00000000eda00000|100%| E|CS|TAMS 0x00000000ed900000, 0x00000000ed900000| Complete 
| 218|0x00000000eda00000, 0x00000000edb00000, 0x00000000edb00000|100%| E|CS|TAMS 0x00000000eda00000, 0x00000000eda00000| Complete 
| 219|0x00000000edb00000, 0x00000000edc00000, 0x00000000edc00000|100%| E|CS|TAMS 0x00000000edb00000, 0x00000000edb00000| Complete 
| 220|0x00000000edc00000, 0x00000000edd00000, 0x00000000edd00000|100%| E|CS|TAMS 0x00000000edc00000, 0x00000000edc00000| Complete 
| 221|0x00000000edd00000, 0x00000000ede00000, 0x00000000ede00000|100%| E|CS|TAMS 0x00000000edd00000, 0x00000000edd00000| Complete 
| 222|0x00000000ede00000, 0x00000000edf00000, 0x00000000edf00000|100%| E|CS|TAMS 0x00000000ede00000, 0x00000000ede00000| Complete 
| 223|0x00000000edf00000, 0x00000000ee000000, 0x00000000ee000000|100%| E|CS|TAMS 0x00000000edf00000, 0x00000000edf00000| Complete 
| 224|0x00000000ee000000, 0x00000000ee100000, 0x00000000ee100000|100%| E|CS|TAMS 0x00000000ee000000, 0x00000000ee000000| Complete 
| 225|0x00000000ee100000, 0x00000000ee200000, 0x00000000ee200000|100%| E|CS|TAMS 0x00000000ee100000, 0x00000000ee100000| Complete 
| 226|0x00000000ee200000, 0x00000000ee300000, 0x00000000ee300000|100%| E|CS|TAMS 0x00000000ee200000, 0x00000000ee200000| Complete 
| 227|0x00000000ee300000, 0x00000000ee400000, 0x00000000ee400000|100%| E|CS|TAMS 0x00000000ee300000, 0x00000000ee300000| Complete 
| 228|0x00000000ee400000, 0x00000000ee500000, 0x00000000ee500000|100%| E|CS|TAMS 0x00000000ee400000, 0x00000000ee400000| Complete 
| 229|0x00000000ee500000, 0x00000000ee600000, 0x00000000ee600000|100%| E|CS|TAMS 0x00000000ee500000, 0x00000000ee500000| Complete 
| 230|0x00000000ee600000, 0x00000000ee700000, 0x00000000ee700000|100%| E|CS|TAMS 0x00000000ee600000, 0x00000000ee600000| Complete 
| 231|0x00000000ee700000, 0x00000000ee800000, 0x00000000ee800000|100%| E|CS|TAMS 0x00000000ee700000, 0x00000000ee700000| Complete 
| 232|0x00000000ee800000, 0x00000000ee900000, 0x00000000ee900000|100%| E|CS|TAMS 0x00000000ee800000, 0x00000000ee800000| Complete 
| 233|0x00000000ee900000, 0x00000000eea00000, 0x00000000eea00000|100%| E|CS|TAMS 0x00000000ee900000, 0x00000000ee900000| Complete 
| 234|0x00000000eea00000, 0x00000000eeb00000, 0x00000000eeb00000|100%| E|CS|TAMS 0x00000000eea00000, 0x00000000eea00000| Complete 
| 235|0x00000000eeb00000, 0x00000000eec00000, 0x00000000eec00000|100%| E|CS|TAMS 0x00000000eeb00000, 0x00000000eeb00000| Complete 
| 236|0x00000000eec00000, 0x00000000eed00000, 0x00000000eed00000|100%| E|CS|TAMS 0x00000000eec00000, 0x00000000eec00000| Complete 
| 237|0x00000000eed00000, 0x00000000eee00000, 0x00000000eee00000|100%| E|CS|TAMS 0x00000000eed00000, 0x00000000eed00000| Complete 
| 238|0x00000000eee00000, 0x00000000eef00000, 0x00000000eef00000|100%| E|CS|TAMS 0x00000000eee00000, 0x00000000eee00000| Complete 
| 239|0x00000000eef00000, 0x00000000ef000000, 0x00000000ef000000|100%| E|CS|TAMS 0x00000000eef00000, 0x00000000eef00000| Complete 
| 240|0x00000000ef000000, 0x00000000ef100000, 0x00000000ef100000|100%| E|CS|TAMS 0x00000000ef000000, 0x00000000ef000000| Complete 
| 241|0x00000000ef100000, 0x00000000ef200000, 0x00000000ef200000|100%| E|CS|TAMS 0x00000000ef100000, 0x00000000ef100000| Complete 
| 242|0x00000000ef200000, 0x00000000ef300000, 0x00000000ef300000|100%| E|CS|TAMS 0x00000000ef200000, 0x00000000ef200000| Complete 
| 243|0x00000000ef300000, 0x00000000ef400000, 0x00000000ef400000|100%| E|CS|TAMS 0x00000000ef300000, 0x00000000ef300000| Complete 
| 244|0x00000000ef400000, 0x00000000ef500000, 0x00000000ef500000|100%| E|CS|TAMS 0x00000000ef400000, 0x00000000ef400000| Complete 
| 245|0x00000000ef500000, 0x00000000ef600000, 0x00000000ef600000|100%| E|CS|TAMS 0x00000000ef500000, 0x00000000ef500000| Complete 
| 246|0x00000000ef600000, 0x00000000ef700000, 0x00000000ef700000|100%| E|CS|TAMS 0x00000000ef600000, 0x00000000ef600000| Complete 
| 247|0x00000000ef700000, 0x00000000ef800000, 0x00000000ef800000|100%| E|CS|TAMS 0x00000000ef700000, 0x00000000ef700000| Complete 
| 248|0x00000000ef800000, 0x00000000ef900000, 0x00000000ef900000|100%| E|CS|TAMS 0x00000000ef800000, 0x00000000ef800000| Complete 
| 249|0x00000000ef900000, 0x00000000efa00000, 0x00000000efa00000|100%| E|CS|TAMS 0x00000000ef900000, 0x00000000ef900000| Complete 
| 250|0x00000000efa00000, 0x00000000efb00000, 0x00000000efb00000|100%| E|CS|TAMS 0x00000000efa00000, 0x00000000efa00000| Complete 
| 251|0x00000000efb00000, 0x00000000efc00000, 0x00000000efc00000|100%| E|CS|TAMS 0x00000000efb00000, 0x00000000efb00000| Complete 
| 252|0x00000000efc00000, 0x00000000efd00000, 0x00000000efd00000|100%| E|CS|TAMS 0x00000000efc00000, 0x00000000efc00000| Complete 
| 253|0x00000000efd00000, 0x00000000efe00000, 0x00000000efe00000|100%| E|CS|TAMS 0x00000000efd00000, 0x00000000efd00000| Complete 
| 254|0x00000000efe00000, 0x00000000eff00000, 0x00000000eff00000|100%| E|CS|TAMS 0x00000000efe00000, 0x00000000efe00000| Complete 
| 255|0x00000000eff00000, 0x00000000f0000000, 0x00000000f0000000|100%| E|CS|TAMS 0x00000000eff00000, 0x00000000eff00000| Complete 

Card table byte_map: [0x000001e4ad750000,0x000001e4ad850000] _byte_map_base: 0x000001e4ad050000

Marking Bits (Prev, Next): (CMBitMap*) 0x000001e496a84750, (CMBitMap*) 0x000001e496a84790
 Prev Bits: [0x000001e4ad950000, 0x000001e4ae150000)
 Next Bits: [0x000001e4ae150000, 0x000001e4ae950000)

Polling page: 0x000001e494a00000

Metaspace:

Usage:
  Non-class:     48.99 MB used.
      Class:      7.89 MB used.
       Both:     56.88 MB used.

Virtual space:
  Non-class space:       64.00 MB reserved,      49.31 MB ( 77%) committed,  1 nodes.
      Class space:      320.00 MB reserved,       8.19 MB (  3%) committed,  1 nodes.
             Both:      384.00 MB reserved,      57.50 MB ( 15%) committed. 

Chunk freelists:
   Non-Class:  14.00 MB
       Class:  7.72 MB
        Both:  21.72 MB

MaxMetaspaceSize: 384.00 MB
CompressedClassSpaceSize: 320.00 MB
Initial GC threshold: 21.00 MB
Current GC threshold: 58.69 MB
CDS: on
MetaspaceReclaimPolicy: balanced
 - commit_granule_bytes: 65536.
 - commit_granule_words: 8192.
 - virtual_space_node_default_size: 8388608.
 - enlarge_chunks_in_place: 1.
 - new_chunks_are_fully_committed: 0.
 - uncommit_free_chunks: 1.
 - use_allocation_guard: 0.
 - handle_deallocations: 1.


Internal statistics:

num_allocs_failed_limit: 6.
num_arena_births: 712.
num_arena_deaths: 0.
num_vsnodes_births: 2.
num_vsnodes_deaths: 0.
num_space_committed: 920.
num_space_uncommitted: 0.
num_chunks_returned_to_freelist: 6.
num_chunks_taken_from_freelist: 3197.
num_chunk_merges: 6.
num_chunk_splits: 2028.
num_chunks_enlarged: 1313.
num_inconsistent_stats: 0.

CodeHeap 'non-profiled nmethods': size=120000Kb used=5455Kb max_used=5455Kb free=114544Kb
 bounds [0x000001e4a5de0000, 0x000001e4a6340000, 0x000001e4ad310000]
CodeHeap 'profiled nmethods': size=120000Kb used=17311Kb max_used=17311Kb free=102688Kb
 bounds [0x000001e49e310000, 0x000001e49f400000, 0x000001e4a5840000]
CodeHeap 'non-nmethods': size=5760Kb used=2341Kb max_used=2478Kb free=3418Kb
 bounds [0x000001e4a5840000, 0x000001e4a5ac0000, 0x000001e4a5de0000]
 total_blobs=9799 nmethods=8936 adapters=775
 compilation: enabled
              stopped_count=0, restarted_count=0
 full_count=0

Compilation events (20 events):
Event: 32.805 Thread 0x000001e4b13baec0 9663       3       org.gradle.api.internal.artifacts.ivyservice.resolveengine.artifact.ParallelResolveArtifactSet::<init> (5 bytes)
Event: 32.805 Thread 0x000001e4b13baec0 nmethod 9663 0x000001e49f3db190 code [0x000001e49f3db320, 0x000001e49f3db478]
Event: 32.805 Thread 0x000001e4b13baec0 9664   !   3       org.gradle.internal.operations.DefaultBuildOperationQueue::waitForWorkToComplete (62 bytes)
Event: 32.808 Thread 0x000001e4b13baec0 nmethod 9664 0x000001e49f3db510 code [0x000001e49f3db840, 0x000001e49f3dcd48]
Event: 32.808 Thread 0x000001e4b13baec0 9665       3       org.gradle.internal.operations.DefaultBuildOperationQueue::markFinished (34 bytes)
Event: 32.809 Thread 0x000001e4b13baec0 nmethod 9665 0x000001e49f3dd490 code [0x000001e49f3dd660, 0x000001e49f3dda68]
Event: 32.810 Thread 0x000001e4b13baec0 9666       1       com.google.common.collect.ImmutableSet::isHashCodeFast (2 bytes)
Event: 32.810 Thread 0x000001e4b13baec0 nmethod 9666 0x000001e4a631a590 code [0x000001e4a631a720, 0x000001e4a631a7f8]
Event: 32.811 Thread 0x000001e4b13baec0 9667       1       org.gradle.internal.management.DependencyResolutionManagementInternal$RulesModeInternal::useProjectRules (5 bytes)
Event: 32.811 Thread 0x000001e4b13baec0 nmethod 9667 0x000001e4a631a890 code [0x000001e4a631aa20, 0x000001e4a631aaf8]
Event: 32.816 Thread 0x000001e4b13baec0 9668       3       com.esotericsoftware.kryo.io.Input::readUtf8_slow (255 bytes)
Event: 32.817 Thread 0x000001e4b13baec0 nmethod 9668 0x000001e49f3ddb90 code [0x000001e49f3ddd80, 0x000001e49f3de448]
Event: 32.820 Thread 0x000001e4b13baec0 9670       3       org.gradle.api.internal.project.DefaultProjectStateRegistry$CalculatedModelValueImpl::assertCanMutate (43 bytes)
Event: 32.821 Thread 0x000001e4b13baec0 nmethod 9670 0x000001e49f3de710 code [0x000001e49f3de980, 0x000001e49f3df2b8]
Event: 32.839 Thread 0x000001e4b13baec0 9671       3       io.spring.gradle.dependencymanagement.org.apache.maven.model.management.DefaultPluginManagementInjector$ManagementModelMerger::mergePluginContainerPlugins (168 bytes)
Event: 32.842 Thread 0x000001e4b13baec0 nmethod 9671 0x000001e49f3df610 code [0x000001e49f3dfa80, 0x000001e49f3e1d88]
Event: 32.846 Thread 0x000001e4b13baec0 9674       2       java.lang.reflect.Constructor::newInstanceWithCaller (75 bytes)
Event: 32.847 Thread 0x000001e4b13baec0 nmethod 9674 0x000001e49f3e2910 code [0x000001e49f3e2ae0, 0x000001e49f3e2d78]
Event: 32.847 Thread 0x000001e4b13baec0 9672       3       org.gradle.internal.management.DefaultDependencyResolutionManagement_Decorated::getConfiguredRepositoriesMode (39 bytes)
Event: 32.848 Thread 0x000001e4b13baec0 nmethod 9672 0x000001e49f3e2f10 code [0x000001e49f3e31e0, 0x000001e49f3e4338]

GC Heap History (14 events):
Event: 1.697 GC heap before
{Heap before GC invocations=0 (full 0):
 garbage-first heap   total 262144K, used 22528K [0x00000000e0000000, 0x0000000100000000)
  region size 1024K, 23 young (23552K), 0 survivors (0K)
 Metaspace       used 920K, committed 1088K, reserved 393216K
  class space    used 69K, committed 128K, reserved 327680K
}
Event: 1.726 GC heap after
{Heap after GC invocations=1 (full 0):
 garbage-first heap   total 262144K, used 1702K [0x00000000e0000000, 0x0000000100000000)
  region size 1024K, 2 young (2048K), 2 survivors (2048K)
 Metaspace       used 920K, committed 1088K, reserved 393216K
  class space    used 69K, committed 128K, reserved 327680K
}
Event: 3.941 GC heap before
{Heap before GC invocations=1 (full 0):
 garbage-first heap   total 262144K, used 37542K [0x00000000e0000000, 0x0000000100000000)
  region size 1024K, 35 young (35840K), 2 survivors (2048K)
 Metaspace       used 4411K, committed 4608K, reserved 393216K
  class space    used 553K, committed 640K, reserved 327680K
}
Event: 3.947 GC heap after
{Heap after GC invocations=2 (full 0):
 garbage-first heap   total 262144K, used 11067K [0x00000000e0000000, 0x0000000100000000)
  region size 1024K, 5 young (5120K), 5 survivors (5120K)
 Metaspace       used 4411K, committed 4608K, reserved 393216K
  class space    used 553K, committed 640K, reserved 327680K
}
Event: 7.657 GC heap before
{Heap before GC invocations=2 (full 0):
 garbage-first heap   total 262144K, used 66363K [0x00000000e0000000, 0x0000000100000000)
  region size 1024K, 57 young (58368K), 5 survivors (5120K)
 Metaspace       used 5069K, committed 5248K, reserved 393216K
  class space    used 663K, committed 768K, reserved 327680K
}
Event: 7.665 GC heap after
{Heap after GC invocations=3 (full 0):
 garbage-first heap   total 262144K, used 16807K [0x00000000e0000000, 0x0000000100000000)
  region size 1024K, 5 young (5120K), 5 survivors (5120K)
 Metaspace       used 5069K, committed 5248K, reserved 393216K
  class space    used 663K, committed 768K, reserved 327680K
}
Event: 14.427 GC heap before
{Heap before GC invocations=3 (full 0):
 garbage-first heap   total 262144K, used 123303K [0x00000000e0000000, 0x0000000100000000)
  region size 1024K, 110 young (112640K), 5 survivors (5120K)
 Metaspace       used 21157K, committed 21504K, reserved 393216K
  class space    used 3082K, committed 3264K, reserved 327680K
}
Event: 14.442 GC heap after
{Heap after GC invocations=4 (full 0):
 garbage-first heap   total 262144K, used 23789K [0x00000000e0000000, 0x0000000100000000)
  region size 1024K, 12 young (12288K), 12 survivors (12288K)
 Metaspace       used 21157K, committed 21504K, reserved 393216K
  class space    used 3082K, committed 3264K, reserved 327680K
}
Event: 18.916 GC heap before
{Heap before GC invocations=5 (full 0):
 garbage-first heap   total 262144K, used 142573K [0x00000000e0000000, 0x0000000100000000)
  region size 1024K, 125 young (128000K), 12 survivors (12288K)
 Metaspace       used 35504K, committed 35968K, reserved 393216K
  class space    used 4928K, committed 5184K, reserved 327680K
}
Event: 18.935 GC heap after
{Heap after GC invocations=6 (full 0):
 garbage-first heap   total 262144K, used 32304K [0x00000000e0000000, 0x0000000100000000)
  region size 1024K, 16 young (16384K), 16 survivors (16384K)
 Metaspace       used 35504K, committed 35968K, reserved 393216K
  class space    used 4928K, committed 5184K, reserved 327680K
}
Event: 25.316 GC heap before
{Heap before GC invocations=7 (full 0):
 garbage-first heap   total 262144K, used 173616K [0x00000000e0000000, 0x0000000100000000)
  region size 1024K, 153 young (156672K), 16 survivors (16384K)
 Metaspace       used 49374K, committed 49984K, reserved 393216K
  class space    used 6959K, committed 7232K, reserved 327680K
}
Event: 25.339 GC heap after
{Heap after GC invocations=8 (full 0):
 garbage-first heap   total 262144K, used 39525K [0x00000000e0000000, 0x0000000100000000)
  region size 1024K, 16 young (16384K), 16 survivors (16384K)
 Metaspace       used 49374K, committed 49984K, reserved 393216K
  class space    used 6959K, committed 7232K, reserved 327680K
}
Event: 29.706 GC heap before
{Heap before GC invocations=8 (full 0):
 garbage-first heap   total 262144K, used 179813K [0x00000000e0000000, 0x0000000100000000)
  region size 1024K, 153 young (156672K), 16 survivors (16384K)
 Metaspace       used 57082K, committed 57728K, reserved 393216K
  class space    used 8048K, committed 8320K, reserved 327680K
}
Event: 29.730 GC heap after
{Heap after GC invocations=9 (full 0):
 garbage-first heap   total 262144K, used 50540K [0x00000000e0000000, 0x0000000100000000)
  region size 1024K, 19 young (19456K), 19 survivors (19456K)
 Metaspace       used 57082K, committed 57728K, reserved 393216K
  class space    used 8048K, committed 8320K, reserved 327680K
}

Deoptimization events (20 events):
Event: 31.184 Thread 0x000001e4b14f30c0 DEOPT PACKING pc=0x000001e4a61d34d4 sp=0x0000009d8f7f8a50
Event: 31.184 Thread 0x000001e4b14f30c0 DEOPT UNPACKING pc=0x000001e4a58923a3 sp=0x0000009d8f7f89d0 mode 2
Event: 31.510 Thread 0x000001e4b14f30c0 DEOPT PACKING pc=0x000001e49e357a59 sp=0x0000009d8f7f7770
Event: 31.510 Thread 0x000001e4b14f30c0 DEOPT UNPACKING pc=0x000001e4a5892b43 sp=0x0000009d8f7f6c88 mode 0
Event: 31.615 Thread 0x000001e4b14f30c0 Uncommon trap: trap_request=0xffffff45 fr.pc=0x000001e4a5e45ad0 relative=0x0000000000000510
Event: 31.615 Thread 0x000001e4b14f30c0 Uncommon trap: reason=unstable_if action=reinterpret pc=0x000001e4a5e45ad0 method=java.lang.AbstractStringBuilder.putStringAt(ILjava/lang/String;II)V @ 8 c2
Event: 31.615 Thread 0x000001e4b14f30c0 DEOPT PACKING pc=0x000001e4a5e45ad0 sp=0x0000009d8f7f8960
Event: 31.615 Thread 0x000001e4b14f30c0 DEOPT UNPACKING pc=0x000001e4a58923a3 sp=0x0000009d8f7f8840 mode 2
Event: 31.615 Thread 0x000001e4b14f30c0 Uncommon trap: trap_request=0xffffff45 fr.pc=0x000001e4a5e7d8a0 relative=0x0000000000000400
Event: 31.615 Thread 0x000001e4b14f30c0 Uncommon trap: reason=unstable_if action=reinterpret pc=0x000001e4a5e7d8a0 method=java.lang.AbstractStringBuilder.isLatin1()Z @ 10 c2
Event: 31.615 Thread 0x000001e4b14f30c0 DEOPT PACKING pc=0x000001e4a5e7d8a0 sp=0x0000009d8f7f8970
Event: 31.615 Thread 0x000001e4b14f30c0 DEOPT UNPACKING pc=0x000001e4a58923a3 sp=0x0000009d8f7f88e8 mode 2
Event: 32.047 Thread 0x000001e4b14f30c0 Uncommon trap: trap_request=0xffffff45 fr.pc=0x000001e4a62c4938 relative=0x00000000000001b8
Event: 32.047 Thread 0x000001e4b14f30c0 Uncommon trap: reason=unstable_if action=reinterpret pc=0x000001e4a62c4938 method=io.spring.gradle.dependencymanagement.org.apache.maven.model.ConfigurationContainer.getLocation(Ljava/lang/Object;)Lio/spring/gradle/dependencymanagement/org/apache/maven/mo
Event: 32.047 Thread 0x000001e4b14f30c0 DEOPT PACKING pc=0x000001e4a62c4938 sp=0x0000009d8f7f8760
Event: 32.047 Thread 0x000001e4b14f30c0 DEOPT UNPACKING pc=0x000001e4a58923a3 sp=0x0000009d8f7f8700 mode 2
Event: 32.639 Thread 0x000001e4b14f30c0 Uncommon trap: trap_request=0xfffffff4 fr.pc=0x000001e4a62ebc68 relative=0x0000000000000aa8
Event: 32.639 Thread 0x000001e4b14f30c0 Uncommon trap: reason=null_check action=make_not_entrant pc=0x000001e4a62ebc68 method=java.lang.reflect.AccessibleObject.isAccessChecked(Ljava/lang/Class;)Z @ 6 c2
Event: 32.639 Thread 0x000001e4b14f30c0 DEOPT PACKING pc=0x000001e4a62ebc68 sp=0x0000009d8f7f81b0
Event: 32.639 Thread 0x000001e4b14f30c0 DEOPT UNPACKING pc=0x000001e4a58923a3 sp=0x0000009d8f7f8020 mode 2

Classes unloaded (0 events):
No events

Classes redefined (0 events):
No events

Internal exceptions (20 events):
Event: 27.928 Thread 0x000001e4cd201ed0 Exception <a 'java/lang/NoSuchMethodError'{0x00000000e9b0db80}: 'void java.lang.invoke.DirectMethodHandle$Holder.invokeStatic(java.lang.Object, long)'> (0x00000000e9b0db80) 
thrown [s\open\src\hotspot\share\interpreter\linkResolver.cpp, line 759]
Event: 27.931 Thread 0x000001e4cd201ed0 Exception <a 'java/lang/NoSuchMethodError'{0x00000000e9b18918}: 'java.lang.Object java.lang.invoke.DirectMethodHandle$Holder.invokeStatic(java.lang.Object, java.lang.Object, long, java.lang.Object)'> (0x00000000e9b18918) 
thrown [s\open\src\hotspot\share\interpreter\linkResolver.cpp, line 759]
Event: 27.932 Thread 0x000001e4cd201ed0 Exception <a 'java/lang/NoSuchMethodError'{0x00000000e9b1c350}: 'java.lang.Object java.lang.invoke.DirectMethodHandle$Holder.invokeStaticInit(java.lang.Object, java.lang.Object, long, java.lang.Object)'> (0x00000000e9b1c350) 
thrown [s\open\src\hotspot\share\interpreter\linkResolver.cpp, line 759]
Event: 28.310 Thread 0x000001e4cd201ed0 Exception <a 'java/lang/NoSuchMethodError'{0x00000000e9b2fdd8}: 'void java.lang.invoke.DirectMethodHandle$Holder.invokeSpecial(java.lang.Object, java.lang.Object, int)'> (0x00000000e9b2fdd8) 
thrown [s\open\src\hotspot\share\interpreter\linkResolver.cpp, line 759]
Event: 28.894 Thread 0x000001e4b14f30c0 Exception <a 'java/lang/ClassNotFoundException'{0x00000000e89a81b0}: org/gradle/plugin/software/internal/SoftwareFeaturesDynamicObject_DecoratedBeanInfo> (0x00000000e89a81b0) 
thrown [s\open\src\hotspot\share\classfile\systemDictionary.cpp, line 256]
Event: 28.899 Thread 0x000001e4b14f30c0 Exception <a 'java/lang/ClassNotFoundException'{0x00000000e89b73f0}: org/gradle/plugin/software/internal/SoftwareFeaturesDynamicObjectBeanInfo> (0x00000000e89b73f0) 
thrown [s\open\src\hotspot\share\classfile\systemDictionary.cpp, line 256]
Event: 28.902 Thread 0x000001e4b14f30c0 Exception <a 'java/lang/ClassNotFoundException'{0x00000000e89c6198}: org/gradle/internal/metaobject/AbstractDynamicObjectBeanInfo> (0x00000000e89c6198) 
thrown [s\open\src\hotspot\share\classfile\systemDictionary.cpp, line 256]
Event: 28.903 Thread 0x000001e4b14f30c0 Exception <a 'java/lang/ClassNotFoundException'{0x00000000e89d4f28}: org/gradle/internal/metaobject/AbstractDynamicObjectCustomizer> (0x00000000e89d4f28) 
thrown [s\open\src\hotspot\share\classfile\systemDictionary.cpp, line 256]
Event: 28.906 Thread 0x000001e4b14f30c0 Exception <a 'java/lang/ClassNotFoundException'{0x00000000e89f0460}: org/gradle/plugin/software/internal/SoftwareFeaturesDynamicObjectCustomizer> (0x00000000e89f0460) 
thrown [s\open\src\hotspot\share\classfile\systemDictionary.cpp, line 256]
Event: 28.913 Thread 0x000001e4b14f30c0 Exception <a 'java/lang/ClassNotFoundException'{0x00000000e8807520}: org/gradle/plugin/software/internal/SoftwareFeaturesDynamicObject_DecoratedCustomizer> (0x00000000e8807520) 
thrown [s\open\src\hotspot\share\classfile\systemDictionary.cpp, line 256]
Event: 28.926 Thread 0x000001e4b14f30c0 Exception <a 'java/lang/ClassNotFoundException'{0x00000000e884ca40}: org/gradle/api/internal/plugins/NaggingBasePluginConventionBeanInfo> (0x00000000e884ca40) 
thrown [s\open\src\hotspot\share\classfile\systemDictionary.cpp, line 256]
Event: 28.931 Thread 0x000001e4b14f30c0 Exception <a 'java/lang/ClassNotFoundException'{0x00000000e885dc80}: org/gradle/api/plugins/BasePluginConventionBeanInfo> (0x00000000e885dc80) 
thrown [s\open\src\hotspot\share\classfile\systemDictionary.cpp, line 256]
Event: 28.932 Thread 0x000001e4b14f30c0 Exception <a 'java/lang/ClassNotFoundException'{0x00000000e886ee88}: org/gradle/api/plugins/BasePluginConventionCustomizer> (0x00000000e886ee88) 
thrown [s\open\src\hotspot\share\classfile\systemDictionary.cpp, line 256]
Event: 28.934 Thread 0x000001e4b14f30c0 Exception <a 'java/lang/ClassNotFoundException'{0x00000000e888aa30}: org/gradle/api/internal/plugins/NaggingBasePluginConventionCustomizer> (0x00000000e888aa30) 
thrown [s\open\src\hotspot\share\classfile\systemDictionary.cpp, line 256]
Event: 28.939 Thread 0x000001e4b14f30c0 Exception <a 'java/lang/ClassNotFoundException'{0x00000000e88ceb28}: org/gradle/api/plugins/internal/NaggingJavaPluginConventionBeanInfo> (0x00000000e88ceb28) 
thrown [s\open\src\hotspot\share\classfile\systemDictionary.cpp, line 256]
Event: 28.942 Thread 0x000001e4b14f30c0 Exception <a 'java/lang/ClassNotFoundException'{0x00000000e88dfd68}: org/gradle/api/plugins/JavaPluginConventionBeanInfo> (0x00000000e88dfd68) 
thrown [s\open\src\hotspot\share\classfile\systemDictionary.cpp, line 256]
Event: 28.949 Thread 0x000001e4b14f30c0 Exception <a 'java/lang/ClassNotFoundException'{0x00000000e88f0f70}: org/gradle/api/plugins/JavaPluginConventionCustomizer> (0x00000000e88f0f70) 
thrown [s\open\src\hotspot\share\classfile\systemDictionary.cpp, line 256]
Event: 28.952 Thread 0x000001e4b14f30c0 Exception <a 'java/lang/ClassNotFoundException'{0x00000000e8716d30}: org/gradle/api/plugins/internal/NaggingJavaPluginConventionCustomizer> (0x00000000e8716d30) 
thrown [s\open\src\hotspot\share\classfile\systemDictionary.cpp, line 256]
Event: 30.513 Thread 0x000001e4b14f30c0 Exception <a 'java/lang/NoSuchMethodError'{0x00000000ee885b18}: 'void java.lang.invoke.DirectMethodHandle$Holder.invokeVirtual(java.lang.Object, java.lang.Object, java.lang.Object, java.lang.Object)'> (0x00000000ee885b18) 
thrown [s\open\src\hotspot\share\interpreter\linkResolver.cpp, line 759]
Event: 32.639 Thread 0x000001e4b14f30c0 Implicit null exception at 0x000001e4a62eb5e0 to 0x000001e4a62ebc50

VM Operations (20 events):
Event: 28.499 Executing VM operation: ICBufferFull done
Event: 29.038 Executing VM operation: ICBufferFull
Event: 29.039 Executing VM operation: ICBufferFull done
Event: 29.203 Executing VM operation: HandshakeAllThreads
Event: 29.204 Executing VM operation: HandshakeAllThreads done
Event: 29.682 Executing VM operation: ICBufferFull
Event: 29.683 Executing VM operation: ICBufferFull done
Event: 29.706 Executing VM operation: G1CollectForAllocation
Event: 29.730 Executing VM operation: G1CollectForAllocation done
Event: 30.083 Executing VM operation: HandshakeAllThreads
Event: 30.084 Executing VM operation: HandshakeAllThreads done
Event: 30.516 Executing VM operation: ICBufferFull
Event: 30.516 Executing VM operation: ICBufferFull done
Event: 30.867 Executing VM operation: HandshakeAllThreads
Event: 30.868 Executing VM operation: HandshakeAllThreads done
Event: 31.557 Executing VM operation: ICBufferFull
Event: 31.557 Executing VM operation: ICBufferFull done
Event: 32.574 Executing VM operation: Cleanup
Event: 32.599 Executing VM operation: Cleanup done
Event: 33.604 Executing VM operation: Cleanup

Events (20 events):
Event: 29.665 Thread 0x000001e4cfdb6330 Thread added: 0x000001e4cfdb6330
Event: 29.677 Thread 0x000001e4cfdb8190 Thread added: 0x000001e4cfdb8190
Event: 29.691 Thread 0x000001e4cfdb49e0 Thread added: 0x000001e4cfdb49e0
Event: 29.705 Thread 0x000001e4cfdb86a0 Thread added: 0x000001e4cfdb86a0
Event: 29.742 Thread 0x000001e4cfdb4ef0 Thread added: 0x000001e4cfdb4ef0
Event: 29.752 Thread 0x000001e4cfdbaf20 Thread added: 0x000001e4cfdbaf20
Event: 29.765 Thread 0x000001e4cfdb95d0 Thread added: 0x000001e4cfdb95d0
Event: 29.778 Thread 0x000001e4cfdbb430 Thread added: 0x000001e4cfdbb430
Event: 29.793 Thread 0x000001e4cfdbb940 Thread added: 0x000001e4cfdbb940
Event: 29.806 Thread 0x000001e4cfdb8bb0 Thread added: 0x000001e4cfdb8bb0
Event: 29.825 Thread 0x000001e4cfdb90c0 Thread added: 0x000001e4cfdb90c0
Event: 29.844 Thread 0x000001e4cfdb9ae0 Thread added: 0x000001e4cfdb9ae0
Event: 29.859 Thread 0x000001e4cfdb9ff0 Thread added: 0x000001e4cfdb9ff0
Event: 29.873 Thread 0x000001e4cfdba500 Thread added: 0x000001e4cfdba500
Event: 29.886 Thread 0x000001e4cfb274c0 Thread added: 0x000001e4cfb274c0
Event: 29.902 Thread 0x000001e4cfb283f0 Thread added: 0x000001e4cfb283f0
Event: 29.915 Thread 0x000001e4cfb28900 Thread added: 0x000001e4cfb28900
Event: 29.928 Thread 0x000001e4cfb279d0 Thread added: 0x000001e4cfb279d0
Event: 29.941 Thread 0x000001e4cfb26fb0 Thread added: 0x000001e4cfb26fb0
Event: 30.235 Thread 0x000001e4cee33420 Thread added: 0x000001e4cee33420


Dynamic libraries:
0x00007ff6b1450000 - 0x00007ff6b1460000 	C:\Program Files\Java\jdk-17\bin\java.exe
0x00007ffbc2140000 - 0x00007ffbc23a8000 	C:\WINDOWS\SYSTEM32\ntdll.dll
0x00007ffbc1010000 - 0x00007ffbc10d9000 	C:\WINDOWS\System32\KERNEL32.DLL
0x00007ffbbf630000 - 0x00007ffbbfa28000 	C:\WINDOWS\System32\KERNELBASE.dll
0x00007ffbbf370000 - 0x00007ffbbf4bb000 	C:\WINDOWS\System32\ucrtbase.dll
0x00007ffbb2af0000 - 0x00007ffbb2b0b000 	C:\Program Files\Java\jdk-17\bin\VCRUNTIME140.dll
0x00007ffbb2b10000 - 0x00007ffbb2b29000 	C:\Program Files\Java\jdk-17\bin\jli.dll
0x00007ffbc16a0000 - 0x00007ffbc1754000 	C:\WINDOWS\System32\ADVAPI32.dll
0x00007ffbc1f90000 - 0x00007ffbc2039000 	C:\WINDOWS\System32\msvcrt.dll
0x00007ffbc1e00000 - 0x00007ffbc1ea6000 	C:\WINDOWS\System32\sechost.dll
0x00007ffbc10e0000 - 0x00007ffbc11f8000 	C:\WINDOWS\System32\RPCRT4.dll
0x00007ffbc0df0000 - 0x00007ffbc0fb7000 	C:\WINDOWS\System32\USER32.dll
0x00007ffbbf290000 - 0x00007ffbbf2b7000 	C:\WINDOWS\System32\win32u.dll
0x00007ffbc08f0000 - 0x00007ffbc091b000 	C:\WINDOWS\System32\GDI32.dll
0x00007ffbbfba0000 - 0x00007ffbbfccc000 	C:\WINDOWS\System32\gdi32full.dll
0x00007ffbaad90000 - 0x00007ffbab024000 	C:\WINDOWS\WinSxS\amd64_microsoft.windows.common-controls_6595b64144ccf1df_6.0.26100.7019_none_3e06ffa0e335b8a8\COMCTL32.dll
0x00007ffbbf2c0000 - 0x00007ffbbf363000 	C:\WINDOWS\System32\msvcp_win.dll
0x00007ffbb2210000 - 0x00007ffbb221b000 	C:\WINDOWS\SYSTEM32\VERSION.dll
0x00007ffbc0150000 - 0x00007ffbc0181000 	C:\WINDOWS\System32\IMM32.DLL
0x00007ffbbb360000 - 0x00007ffbbb36c000 	C:\Program Files\Java\jdk-17\bin\vcruntime140_1.dll
0x00007ffbb1cd0000 - 0x00007ffbb1d5e000 	C:\Program Files\Java\jdk-17\bin\msvcp140.dll
0x00007ffb80880000 - 0x00007ffb81460000 	C:\Program Files\Java\jdk-17\bin\server\jvm.dll
0x00007ffbc1f00000 - 0x00007ffbc1f08000 	C:\WINDOWS\System32\PSAPI.DLL
0x00007ffbae780000 - 0x00007ffbae7b5000 	C:\WINDOWS\SYSTEM32\WINMM.dll
0x00007ffbbb340000 - 0x00007ffbbb34a000 	C:\WINDOWS\SYSTEM32\WSOCK32.dll
0x00007ffbc0a10000 - 0x00007ffbc0a84000 	C:\WINDOWS\System32\WS2_32.dll
0x00007ffbbe010000 - 0x00007ffbbe02b000 	C:\WINDOWS\SYSTEM32\kernel.appcore.dll
0x00007ffbbb2a0000 - 0x00007ffbbb2aa000 	C:\Program Files\Java\jdk-17\bin\jimage.dll
0x00007ffbbc980000 - 0x00007ffbbcbc2000 	C:\WINDOWS\SYSTEM32\DBGHELP.DLL
0x00007ffbc1860000 - 0x00007ffbc1beb000 	C:\WINDOWS\System32\combase.dll
0x00007ffbbffe0000 - 0x00007ffbc00b7000 	C:\WINDOWS\System32\OLEAUT32.dll
0x00007ffbbb9e0000 - 0x00007ffbbba1c000 	C:\WINDOWS\SYSTEM32\dbgcore.DLL
0x00007ffbbfaf0000 - 0x00007ffbbfb95000 	C:\WINDOWS\System32\bcryptPrimitives.dll
0x00007ffbb2cc0000 - 0x00007ffbb2cce000 	C:\Program Files\Java\jdk-17\bin\instrument.dll
0x00007ffbb1f30000 - 0x00007ffbb1f55000 	C:\Program Files\Java\jdk-17\bin\java.dll
0x00007ffbadfd0000 - 0x00007ffbae0a7000 	C:\Program Files\Java\jdk-17\bin\jsvml.dll
0x00007ffbc0190000 - 0x00007ffbc08df000 	C:\WINDOWS\System32\SHELL32.dll
0x00007ffbbf4c0000 - 0x00007ffbbf62b000 	C:\WINDOWS\System32\wintypes.dll
0x00007ffbbce90000 - 0x00007ffbbd6ed000 	C:\WINDOWS\SYSTEM32\windows.storage.dll
0x00007ffbc1760000 - 0x00007ffbc1852000 	C:\WINDOWS\System32\SHCORE.dll
0x00007ffbc1d90000 - 0x00007ffbc1df7000 	C:\WINDOWS\System32\shlwapi.dll
0x00007ffbbf1b0000 - 0x00007ffbbf1d9000 	C:\WINDOWS\SYSTEM32\profapi.dll
0x00007ffbb2970000 - 0x00007ffbb2988000 	C:\Program Files\Java\jdk-17\bin\zip.dll
0x00007ffbb1f10000 - 0x00007ffbb1f29000 	C:\Program Files\Java\jdk-17\bin\net.dll
0x00007ffbbb480000 - 0x00007ffbbb5a8000 	C:\WINDOWS\SYSTEM32\WINHTTP.dll
0x00007ffbbe560000 - 0x00007ffbbe5cb000 	C:\WINDOWS\system32\mswsock.dll
0x00007ffbb1ef0000 - 0x00007ffbb1f06000 	C:\Program Files\Java\jdk-17\bin\nio.dll
0x00007ffbb1ee0000 - 0x00007ffbb1ef0000 	C:\Program Files\Java\jdk-17\bin\verify.dll
0x00007ffb9acc0000 - 0x00007ffb9ace7000 	C:\Users\happy\.gradle\native\1def1411415f61bf3af743bc5b6707747c0891f09f0c88961ee8f79bc544acac\windows-amd64\native-platform.dll
0x00007ffbadf50000 - 0x00007ffbadfc8000 	C:\Users\happy\.gradle\native\0.2.7\x86_64-windows-gnu\gradle-fileevents.dll
0x00007ffbb1cc0000 - 0x00007ffbb1cca000 	C:\Program Files\Java\jdk-17\bin\management.dll
0x00007ffbae860000 - 0x00007ffbae86b000 	C:\Program Files\Java\jdk-17\bin\management_ext.dll
0x00007ffbbda50000 - 0x00007ffbbda84000 	C:\WINDOWS\SYSTEM32\IPHLPAPI.DLL
0x00007ffbc0de0000 - 0x00007ffbc0dea000 	C:\WINDOWS\System32\NSI.dll
0x00007ffbb24c0000 - 0x00007ffbb24de000 	C:\WINDOWS\SYSTEM32\dhcpcsvc6.DLL
0x00007ffbb2370000 - 0x00007ffbb2393000 	C:\WINDOWS\SYSTEM32\dhcpcsvc.DLL
0x00007ffbbdaf0000 - 0x00007ffbbdc1c000 	C:\WINDOWS\SYSTEM32\DNSAPI.dll
0x00007ffbbe950000 - 0x00007ffbbe96b000 	C:\WINDOWS\SYSTEM32\CRYPTSP.dll
0x00007ffbbdf70000 - 0x00007ffbbdfaa000 	C:\WINDOWS\system32\rsaenh.dll
0x00007ffbbe610000 - 0x00007ffbbe63b000 	C:\WINDOWS\SYSTEM32\USERENV.dll
0x00007ffbbf180000 - 0x00007ffbbf1aa000 	C:\WINDOWS\SYSTEM32\bcrypt.dll
0x00007ffbbe7b0000 - 0x00007ffbbe7bc000 	C:\WINDOWS\SYSTEM32\CRYPTBASE.dll
0x00007ffbadf40000 - 0x00007ffbadf4e000 	C:\Program Files\Java\jdk-17\bin\sunmscapi.dll
0x00007ffbbfcd0000 - 0x00007ffbbfe47000 	C:\WINDOWS\System32\CRYPT32.dll
0x00007ffbbeaa0000 - 0x00007ffbbead0000 	C:\WINDOWS\SYSTEM32\ncrypt.dll
0x00007ffbbea50000 - 0x00007ffbbea8f000 	C:\WINDOWS\SYSTEM32\NTASN1.dll
0x00007ffb82580000 - 0x00007ffb82588000 	C:\WINDOWS\system32\wshunix.dll

dbghelp: loaded successfully - version: 4.0.5 - missing functions: none
symbol engine: initialized successfully - sym options: 0x614 - pdb path: .;C:\Program Files\Java\jdk-17\bin;C:\WINDOWS\SYSTEM32;C:\WINDOWS\WinSxS\amd64_microsoft.windows.common-controls_6595b64144ccf1df_6.0.26100.7019_none_3e06ffa0e335b8a8;C:\Program Files\Java\jdk-17\bin\server;C:\Users\happy\.gradle\native\1def1411415f61bf3af743bc5b6707747c0891f09f0c88961ee8f79bc544acac\windows-amd64;C:\Users\happy\.gradle\native\0.2.7\x86_64-windows-gnu

VM Arguments:
jvm_args: --add-opens=java.base/java.lang=ALL-UNNAMED --add-opens=java.base/java.lang.invoke=ALL-UNNAMED --add-opens=java.base/java.util=ALL-UNNAMED --add-opens=java.prefs/java.util.prefs=ALL-UNNAMED --add-exports=jdk.compiler/com.sun.tools.javac.api=ALL-UNNAMED --add-exports=jdk.compiler/com.sun.tools.javac.util=ALL-UNNAMED --add-opens=java.base/java.util=ALL-UNNAMED --add-opens=java.prefs/java.util.prefs=ALL-UNNAMED --add-opens=java.base/java.nio.charset=ALL-UNNAMED --add-opens=java.base/java.net=ALL-UNNAMED --add-opens=java.base/java.util.concurrent.atomic=ALL-UNNAMED --add-opens=java.xml/javax.xml.namespace=ALL-UNNAMED -XX:MaxMetaspaceSize=384m -XX:+HeapDumpOnOutOfMemoryError -Xms256m -Xmx512m -Dfile.encoding=UTF-8 -Duser.country=KR -Duser.language=ko -Duser.variant -javaagent:C:\Users\happy\.gradle\wrapper\dists\gradle-8.14.3-bin\cv11ve7ro1n3o1j4so8xd9n66\gradle-8.14.3\lib\agents\gradle-instrumentation-agent-8.14.3.jar 
java_command: org.gradle.launcher.daemon.bootstrap.GradleDaemon 8.14.3
java_class_path (initial): C:\Users\happy\.gradle\wrapper\dists\gradle-8.14.3-bin\cv11ve7ro1n3o1j4so8xd9n66\gradle-8.14.3\lib\gradle-daemon-main-8.14.3.jar
Launcher Type: SUN_STANDARD

[Global flags]
     intx CICompilerCount                          = 4                                         {product} {ergonomic}
   size_t CompressedClassSpaceSize                 = 335544320                                 {product} {ergonomic}
     uint ConcGCThreads                            = 2                                         {product} {ergonomic}
     uint G1ConcRefinementThreads                  = 8                                         {product} {ergonomic}
   size_t G1HeapRegionSize                         = 1048576                                   {product} {ergonomic}
    uintx GCDrainStackTargetSize                   = 64                                        {product} {ergonomic}
     bool HeapDumpOnOutOfMemoryError               = true                                   {manageable} {command line}
   size_t InitialHeapSize                          = 268435456                                 {product} {command line}
   size_t MarkStackSize                            = 4194304                                   {product} {ergonomic}
   size_t MaxHeapSize                              = 536870912                                 {product} {command line}
   size_t MaxMetaspaceSize                         = 402653184                                 {product} {command line}
   size_t MaxNewSize                               = 321912832                                 {product} {ergonomic}
   size_t MinHeapDeltaBytes                        = 1048576                                   {product} {ergonomic}
   size_t MinHeapSize                              = 268435456                                 {product} {command line}
    uintx NonNMethodCodeHeapSize                   = 5839372                                {pd product} {ergonomic}
    uintx NonProfiledCodeHeapSize                  = 122909434                              {pd product} {ergonomic}
    uintx ProfiledCodeHeapSize                     = 122909434                              {pd product} {ergonomic}
    uintx ReservedCodeCacheSize                    = 251658240                              {pd product} {ergonomic}
     bool SegmentedCodeCache                       = true                                      {product} {ergonomic}
   size_t SoftMaxHeapSize                          = 536870912                              {manageable} {ergonomic}
     bool UseCompressedClassPointers               = true                           {product lp64_product} {ergonomic}
     bool UseCompressedOops                        = true                           {product lp64_product} {ergonomic}
     bool UseG1GC                                  = true                                      {product} {ergonomic}
     bool UseLargePagesIndividualAllocation        = false                                  {pd product} {ergonomic}

Logging:
Log output configuration:
 #0: stdout all=warning uptime,level,tags
 #1: stderr all=off uptime,level,tags

Environment Variables:
JAVA_HOME=C:\Program Files\Java\jdk-21
PATH=C:\Program Files\Volta\;C:\Program Files\Common Files\Oracle\Java\javapath;C:\Program Files (x86)\VMware\VMware Player\bin\;C:\WINDOWS\system32;C:\WINDOWS;C:\WINDOWS\System32\Wbem;C:\WINDOWS\System32\WindowsPowerShell\v1.0\;C:\WINDOWS\System32\OpenSSH\;C:\Program Files\Java\jdk-21;C:\Program Files\Git\cmd;C:\Program Files\GitHub CLI\;C:\Users\happy\AppData\Local\nvm;C:\nvm4w\nodejs;C:\Program Files\Docker\Docker\resources\bin;C:\Program Files\dotnet\;C:\Program Files\Microsoft SQL Server\150\Tools\Binn\;C:\Program Files (x86)\Windows Kits\10\Windows Performance Toolkit\;C:\Program Files\Bandizip\;c:\Users\happy\AppData\Local\Programs\cursor\resources\app\bin;C:\Program Files\cursor\resources\app\bin;%PATH:C:\Program Files\Volta;=%
USERNAME=happy
OS=Windows_NT
PROCESSOR_IDENTIFIER=Intel64 Family 6 Model 142 Stepping 12, GenuineIntel



---------------  S Y S T E M  ---------------

OS:
 Windows 11 , 64 bit Build 26100 (10.0.26100.7019)
OS uptime: 0 days 6:29 hours
Hyper-V role detected

CPU: total 8 (initial active 8) (4 cores per cpu, 2 threads per core) family 6 model 142 stepping 12 microcode 0xde, cx8, cmov, fxsr, ht, mmx, 3dnowpref, sse, sse2, sse3, ssse3, sse4.1, sse4.2, popcnt, lzcnt, tsc, tscinvbit, avx, avx2, aes, erms, clmul, bmi1, bmi2, adx, fma, vzeroupper, clflush, clflushopt, hv

Memory: 4k page, system-wide physical 24355M (6632M free)
TotalPageFile size 24355M (AvailPageFile size 109M)
current process WorkingSet (physical memory assigned to process): 415M, peak: 420M
current process commit charge ("private bytes"): 513M, peak: 518M

vm_info: Java HotSpot(TM) 64-Bit Server VM (17.0.12+8-LTS-286) for windows-amd64 JRE (17.0.12+8-LTS-286), built on Jun  5 2024 06:46:59 by "mach5one" with MS VC++ 17.6 (VS2022)

END.
