#
# There is insufficient memory for the Java Runtime Environment to continue.
# Native memory allocation (malloc) failed to allocate 1540336 bytes for Chunk::new
# Possible reasons:
#   The system is out of physical RAM or swap space
#   The process is running with CompressedOops enabled, and the Java Heap may be blocking the growth of the native heap
# Possible solutions:
#   Reduce memory load on the system
#   Increase physical memory or swap space
#   Check if swap backing store is full
#   Decrease Java heap size (-Xmx/-Xms)
#   Decrease number of Java threads
#   Decrease Java thread stack sizes (-Xss)
#   Set larger code cache with -XX:ReservedCodeCacheSize=
#   JVM is running with Unscaled Compressed Oops mode in which the Java heap is
#     placed in the first 4GB address space. The Java Heap base address is the
#     maximum limit for the native heap growth. Please use -XX:HeapBaseMinAddress
#     to set the Java Heap base and to place the Java Heap above 4GB virtual address.
# This output file may be truncated or incomplete.
#
#  Out of Memory Error (arena.cpp:189), pid=9468, tid=18752
#
# JRE version: Java(TM) SE Runtime Environment (17.0.12+8) (build 17.0.12+8-LTS-286)
# Java VM: Java HotSpot(TM) 64-Bit Server VM (17.0.12+8-LTS-286, mixed mode, sharing, tiered, compressed oops, compressed class ptrs, g1 gc, windows-amd64)
# No core dump will be written. Minidumps are not enabled by default on client versions of Windows
#

---------------  S U M M A R Y ------------

Command Line: --add-opens=java.base/java.lang=ALL-UNNAMED --add-opens=java.base/java.lang.invoke=ALL-UNNAMED --add-opens=java.base/java.util=ALL-UNNAMED --add-opens=java.prefs/java.util.prefs=ALL-UNNAMED --add-exports=jdk.compiler/com.sun.tools.javac.api=ALL-UNNAMED --add-exports=jdk.compiler/com.sun.tools.javac.util=ALL-UNNAMED --add-opens=java.base/java.util=ALL-UNNAMED --add-opens=java.prefs/java.util.prefs=ALL-UNNAMED --add-opens=java.base/java.nio.charset=ALL-UNNAMED --add-opens=java.base/java.net=ALL-UNNAMED --add-opens=java.base/java.util.concurrent.atomic=ALL-UNNAMED --add-opens=java.xml/javax.xml.namespace=ALL-UNNAMED -XX:MaxMetaspaceSize=384m -XX:+HeapDumpOnOutOfMemoryError -Xms256m -Xmx512m -Dfile.encoding=UTF-8 -Duser.country=KR -Duser.language=ko -Duser.variant -javaagent:C:\Users\happy\.gradle\wrapper\dists\gradle-8.14.3-bin\cv11ve7ro1n3o1j4so8xd9n66\gradle-8.14.3\lib\agents\gradle-instrumentation-agent-8.14.3.jar org.gradle.launcher.daemon.bootstrap.GradleDaemon 8.14.3

Host: Intel(R) Core(TM) i5-10210U CPU @ 1.60GHz, 8 cores, 23G,  Windows 11 , 64 bit Build 26100 (10.0.26100.7019)
Time: Wed Nov 19 15:53:56 2025  Windows 11 , 64 bit Build 26100 (10.0.26100.7019) elapsed time: 191.868566 seconds (0d 0h 3m 11s)

---------------  T H R E A D  ---------------

Current thread (0x000001991200f110):  JavaThread "C2 CompilerThread0" daemon [_thread_in_native, id=18752, stack(0x0000008219400000,0x0000008219500000)]


Current CompileTask:
C2: 191868 17574   !   4       org.gradle.internal.service.ReflectionBasedServiceMethod::invoke (16 bytes)

Stack: [0x0000008219400000,0x0000008219500000]
Native frames: (J=compiled Java code, j=interpreted, Vv=VM code, C=native code)
V  [jvm.dll+0x67a04a]
V  [jvm.dll+0x7da4ed]
V  [jvm.dll+0x7dbe33]
V  [jvm.dll+0x7dc4a3]
V  [jvm.dll+0x24508f]
V  [jvm.dll+0xab773]
V  [jvm.dll+0xabd3c]
V  [jvm.dll+0x361b9f]
V  [jvm.dll+0x32c431]
V  [jvm.dll+0x32b8ca]
V  [jvm.dll+0x21683f]
V  [jvm.dll+0x215c6f]
V  [jvm.dll+0x1a2960]
V  [jvm.dll+0x22610b]
V  [jvm.dll+0x2242ab]
V  [jvm.dll+0x79075c]
V  [jvm.dll+0x78abea]
V  [jvm.dll+0x678f35]
C  [ucrtbase.dll+0x37b0]
C  [KERNEL32.DLL+0x2e8d7]
C  [ntdll.dll+0x8c53c]


---------------  P R O C E S S  ---------------

Threads class SMR info:
_java_thread_list=0x000001992fa26a20, length=80, elements={
0x00000199756549d0, 0x0000019911ff33b0, 0x0000019911ff49f0, 0x000001991200aa90,
0x000001991200d370, 0x000001991200dc40, 0x000001991200e510, 0x000001991200f110,
0x0000019912016f90, 0x0000019912019bc0, 0x00000199121c74c0, 0x00000199122ac320,
0x00000199125d8810, 0x0000019912852040, 0x000001992c8bbb70, 0x000001992c3418c0,
0x000001992c343c30, 0x000001992c3413b0, 0x000001992c343210, 0x000001992c3422e0,
0x000001992db90930, 0x000001992db92790, 0x000001992db91d70, 0x000001992db90420,
0x000001992db90e40, 0x000001992db91350, 0x0000019912533890, 0x0000019912532450,
0x0000019912536620, 0x0000019912534cd0, 0x00000199125351e0, 0x000001992fda0560,
0x000001992fd9dce0, 0x000001992fd9fb40, 0x000001992fd9e700, 0x000001992fd9f630,
0x000001992fd9ec10, 0x000001992fd9f120, 0x000001992fda0a70, 0x00000199310951e0,
0x00000199310905f0, 0x000001992d8e3e50, 0x000001992db8fa00, 0x000001992fd9b970,
0x00000199125300e0, 0x00000199310956f0, 0x000001993108f1b0, 0x000001992fd9c390,
0x000001992fd99600, 0x000001992fd9be80, 0x000001992fd9af50, 0x000001992fd9a530,
0x000001992fd9b460, 0x000001992fd990f0, 0x000001992fda0050, 0x000001992fd9e1f0,
0x000001992fd9c8a0, 0x000001992fd9cdb0, 0x000001992fd9d7d0, 0x000001992fed88f0,
0x000001992fed7ed0, 0x00000199312d5d10, 0x000001992fed5b60, 0x000001992fed6580,
0x000001992fed6a90, 0x000001992fed5140, 0x000001992fed6fa0, 0x000001992fed8e00,
0x000001992fed74b0, 0x000001992fed79c0, 0x000001992fed6070, 0x000001992fed5650,
0x000001992fedcac0, 0x000001992fed9310, 0x000001992fed9820, 0x000001992fedc0a0,
0x000001992fed9d30, 0x000001992feda750, 0x000001992fedac60, 0x000001992fedb170
}

Java Threads: ( => current thread )
  0x00000199756549d0 JavaThread "main" [_thread_blocked, id=19152, stack(0x0000008218700000,0x0000008218800000)]
  0x0000019911ff33b0 JavaThread "Reference Handler" daemon [_thread_blocked, id=100, stack(0x0000008218e00000,0x0000008218f00000)]
  0x0000019911ff49f0 JavaThread "Finalizer" daemon [_thread_blocked, id=26472, stack(0x0000008218f00000,0x0000008219000000)]
  0x000001991200aa90 JavaThread "Signal Dispatcher" daemon [_thread_blocked, id=25908, stack(0x0000008219000000,0x0000008219100000)]
  0x000001991200d370 JavaThread "Attach Listener" daemon [_thread_blocked, id=13476, stack(0x0000008219100000,0x0000008219200000)]
  0x000001991200dc40 JavaThread "Service Thread" daemon [_thread_blocked, id=23680, stack(0x0000008219200000,0x0000008219300000)]
  0x000001991200e510 JavaThread "Monitor Deflation Thread" daemon [_thread_blocked, id=15832, stack(0x0000008219300000,0x0000008219400000)]
=>0x000001991200f110 JavaThread "C2 CompilerThread0" daemon [_thread_in_native, id=18752, stack(0x0000008219400000,0x0000008219500000)]
  0x0000019912016f90 JavaThread "C1 CompilerThread0" daemon [_thread_blocked, id=23728, stack(0x0000008219500000,0x0000008219600000)]
  0x0000019912019bc0 JavaThread "Sweeper thread" daemon [_thread_blocked, id=19544, stack(0x0000008219600000,0x0000008219700000)]
  0x00000199121c74c0 JavaThread "Common-Cleaner" daemon [_thread_blocked, id=11344, stack(0x0000008219700000,0x0000008219800000)]
  0x00000199122ac320 JavaThread "Notification Thread" daemon [_thread_blocked, id=8836, stack(0x0000008219800000,0x0000008219900000)]
  0x00000199125d8810 JavaThread "Daemon health stats" [_thread_blocked, id=26408, stack(0x000000821a200000,0x000000821a300000)]
  0x0000019912852040 JavaThread "Incoming local TCP Connector on port 63807" [_thread_in_native, id=4528, stack(0x000000821a100000,0x000000821a200000)]
  0x000001992c8bbb70 JavaThread "Daemon periodic checks" [_thread_blocked, id=11636, stack(0x000000821a300000,0x000000821a400000)]
  0x000001992c3418c0 JavaThread "Daemon" [_thread_blocked, id=8224, stack(0x000000821a400000,0x000000821a500000)]
  0x000001992c343c30 JavaThread "Daemon worker" [_thread_in_native, id=14472, stack(0x000000821a700000,0x000000821a800000)]
  0x000001992c3413b0 JavaThread "Cache worker for journal cache (C:\Users\happy\.gradle\caches\journal-1)" [_thread_blocked, id=17072, stack(0x000000821ab00000,0x000000821ac00000)]
  0x000001992c343210 JavaThread "File lock request listener" [_thread_in_native, id=22744, stack(0x000000821ac00000,0x000000821ad00000)]
  0x000001992c3422e0 JavaThread "Cache worker for file hash cache (C:\Users\happy\.gradle\caches\8.14.3\fileHashes)" [_thread_blocked, id=28560, stack(0x000000821ad00000,0x000000821ae00000)]
  0x000001992db90930 JavaThread "File watcher server" daemon [_thread_in_native, id=9900, stack(0x000000821b300000,0x000000821b400000)]
  0x000001992db92790 JavaThread "File watcher consumer" daemon [_thread_blocked, id=11424, stack(0x000000821b400000,0x000000821b500000)]
  0x000001992db91d70 JavaThread "jar transforms" [_thread_blocked, id=22372, stack(0x000000821b500000,0x000000821b600000)]
  0x000001992db90420 JavaThread "jar transforms Thread 2" [_thread_blocked, id=28232, stack(0x000000821b600000,0x000000821b700000)]
  0x000001992db90e40 JavaThread "Cache worker for file content cache (C:\Users\happy\.gradle\caches\8.14.3\fileContent)" [_thread_blocked, id=28372, stack(0x000000821b800000,0x000000821b900000)]
  0x000001992db91350 JavaThread "jar transforms Thread 3" [_thread_blocked, id=18700, stack(0x000000821b900000,0x000000821ba00000)]
  0x0000019912533890 JavaThread "jar transforms Thread 4" [_thread_blocked, id=2068, stack(0x000000821c300000,0x000000821c400000)]
  0x0000019912532450 JavaThread "jar transforms Thread 5" [_thread_blocked, id=19640, stack(0x000000821c400000,0x000000821c500000)]
  0x0000019912536620 JavaThread "jar transforms Thread 6" [_thread_blocked, id=26716, stack(0x000000821c900000,0x000000821ca00000)]
  0x0000019912534cd0 JavaThread "jar transforms Thread 7" [_thread_blocked, id=1736, stack(0x000000821ca00000,0x000000821cb00000)]
  0x00000199125351e0 JavaThread "jar transforms Thread 8" [_thread_blocked, id=5956, stack(0x000000821cb00000,0x000000821cc00000)]
  0x000001992fda0560 JavaThread "Memory manager" [_thread_blocked, id=13804, stack(0x000000821e000000,0x000000821e100000)]
  0x000001992fd9dce0 JavaThread "ForkJoinPool.commonPool-worker-1" daemon [_thread_blocked, id=13592, stack(0x000000821e300000,0x000000821e400000)]
  0x000001992fd9fb40 JavaThread "ForkJoinPool.commonPool-worker-2" daemon [_thread_blocked, id=14368, stack(0x000000821e400000,0x000000821e500000)]
  0x000001992fd9e700 JavaThread "ForkJoinPool.commonPool-worker-3" daemon [_thread_blocked, id=8400, stack(0x000000821e500000,0x000000821e600000)]
  0x000001992fd9f630 JavaThread "ForkJoinPool.commonPool-worker-4" daemon [_thread_blocked, id=7836, stack(0x000000821e600000,0x000000821e700000)]
  0x000001992fd9ec10 JavaThread "ForkJoinPool.commonPool-worker-5" daemon [_thread_blocked, id=15232, stack(0x000000821e700000,0x000000821e800000)]
  0x000001992fd9f120 JavaThread "ForkJoinPool.commonPool-worker-6" daemon [_thread_blocked, id=25224, stack(0x000000821e800000,0x000000821e900000)]
  0x000001992fda0a70 JavaThread "ForkJoinPool.commonPool-worker-7" daemon [_thread_blocked, id=22808, stack(0x000000821e900000,0x000000821ea00000)]
  0x00000199310951e0 JavaThread "Cache worker for Java compile cache (C:\Users\happy\.gradle\caches\8.14.3\javaCompile)" [_thread_blocked, id=8412, stack(0x0000008222700000,0x0000008222800000)]
  0x00000199310905f0 JavaThread "VFS cleanup" [_thread_blocked, id=25464, stack(0x000000821a800000,0x000000821a900000)]
  0x000001992d8e3e50 JavaThread "Daemon Thread 2" [_thread_blocked, id=24836, stack(0x000000821ae00000,0x000000821af00000)]
  0x000001992db8fa00 JavaThread "File lock release action executor" [_thread_blocked, id=11732, stack(0x0000008218400000,0x0000008218500000)]
  0x000001992fd9b970 JavaThread "included builds" [_thread_blocked, id=21752, stack(0x000000821fc00000,0x000000821fd00000)]
  0x00000199125300e0 JavaThread "included builds" [_thread_blocked, id=21596, stack(0x0000008221b00000,0x0000008221c00000)]
  0x00000199310956f0 JavaThread "included builds" [_thread_blocked, id=18904, stack(0x0000008221a00000,0x0000008221b00000)]
  0x000001993108f1b0 JavaThread "included builds" [_thread_blocked, id=1788, stack(0x0000008221800000,0x0000008221900000)]
  0x000001992fd9c390 JavaThread "Handler for socket connection from /127.0.0.1:63807 to /127.0.0.1:63062" [_thread_in_native, id=20452, stack(0x0000008218600000,0x0000008218700000)]
  0x000001992fd99600 JavaThread "Cancel handler" [_thread_blocked, id=20764, stack(0x000000821a500000,0x000000821a600000)]
  0x000001992fd9be80 JavaThread "Asynchronous log dispatcher for DefaultDaemonConnection: socket connection from /127.0.0.1:63807 to /127.0.0.1:63062" [_thread_blocked, id=18672, stack(0x000000821a600000,0x000000821a700000)]
  0x000001992fd9af50 JavaThread "Stdin handler" [_thread_blocked, id=19876, stack(0x000000821a900000,0x000000821aa00000)]
  0x000001992fd9a530 JavaThread "Daemon client event forwarder" [_thread_blocked, id=28056, stack(0x000000821aa00000,0x000000821ab00000)]
  0x000001992fd9b460 JavaThread "Cache worker for file hash cache (D:\daelim_front_back\portfolio-spring-1.0\.gradle\8.14.3\fileHashes)" [_thread_blocked, id=4848, stack(0x000000821af00000,0x000000821b000000)]
  0x000001992fd990f0 JavaThread "Cache worker for Build Output Cleanup Cache (D:\daelim_front_back\portfolio-spring-1.0\.gradle\buildOutputCleanup)" [_thread_blocked, id=12984, stack(0x000000821b000000,0x000000821b100000)]
  0x000001992fda0050 JavaThread "Cache worker for checksums cache (D:\daelim_front_back\portfolio-spring-1.0\.gradle\8.14.3\checksums)" [_thread_blocked, id=26152, stack(0x000000821b100000,0x000000821b200000)]
  0x000001992fd9e1f0 JavaThread "Cache worker for cache directory md-supplier (C:\Users\happy\.gradle\caches\8.14.3\md-supplier)" [_thread_blocked, id=9528, stack(0x000000821b700000,0x000000821b800000)]
  0x000001992fd9c8a0 JavaThread "Cache worker for cache directory md-rule (C:\Users\happy\.gradle\caches\8.14.3\md-rule)" [_thread_blocked, id=1396, stack(0x000000821ba00000,0x000000821bb00000)]
  0x000001992fd9cdb0 JavaThread "Unconstrained build operations" [_thread_blocked, id=19636, stack(0x000000821bb00000,0x000000821bc00000)]
  0x000001992fd9d7d0 JavaThread "Unconstrained build operations Thread 2" [_thread_blocked, id=21660, stack(0x000000821bc00000,0x000000821bd00000)]
  0x000001992fed88f0 JavaThread "Unconstrained build operations Thread 3" [_thread_blocked, id=26728, stack(0x000000821bd00000,0x000000821be00000)]
  0x000001992fed7ed0 JavaThread "Unconstrained build operations Thread 4" [_thread_blocked, id=15028, stack(0x000000821be00000,0x000000821bf00000)]
  0x00000199312d5d10 JavaThread "C2 CompilerThread1" daemon [_thread_blocked, id=13612, stack(0x000000821bf00000,0x000000821c000000)]
  0x000001992fed5b60 JavaThread "Unconstrained build operations Thread 5" [_thread_blocked, id=11252, stack(0x000000821c000000,0x000000821c100000)]
  0x000001992fed6580 JavaThread "Unconstrained build operations Thread 6" [_thread_blocked, id=13452, stack(0x000000821c100000,0x000000821c200000)]
  0x000001992fed6a90 JavaThread "Unconstrained build operations Thread 7" [_thread_blocked, id=26428, stack(0x000000821c200000,0x000000821c300000)]
  0x000001992fed5140 JavaThread "Unconstrained build operations Thread 8" [_thread_blocked, id=11408, stack(0x000000821c500000,0x000000821c600000)]
  0x000001992fed6fa0 JavaThread "Unconstrained build operations Thread 9" [_thread_blocked, id=27436, stack(0x000000821c600000,0x000000821c700000)]
  0x000001992fed8e00 JavaThread "Unconstrained build operations Thread 10" [_thread_blocked, id=11892, stack(0x000000821c700000,0x000000821c800000)]
  0x000001992fed74b0 JavaThread "Unconstrained build operations Thread 11" [_thread_blocked, id=19184, stack(0x000000821c800000,0x000000821c900000)]
  0x000001992fed79c0 JavaThread "Unconstrained build operations Thread 12" [_thread_blocked, id=24676, stack(0x000000821cc00000,0x000000821cd00000)]
  0x000001992fed6070 JavaThread "Unconstrained build operations Thread 13" [_thread_blocked, id=22312, stack(0x000000821cd00000,0x000000821ce00000)]
  0x000001992fed5650 JavaThread "Unconstrained build operations Thread 14" [_thread_blocked, id=25532, stack(0x000000821ce00000,0x000000821cf00000)]
  0x000001992fedcac0 JavaThread "Unconstrained build operations Thread 15" [_thread_blocked, id=5892, stack(0x000000821cf00000,0x000000821d000000)]
  0x000001992fed9310 JavaThread "Unconstrained build operations Thread 16" [_thread_blocked, id=21320, stack(0x000000821d000000,0x000000821d100000)]
  0x000001992fed9820 JavaThread "Unconstrained build operations Thread 17" [_thread_blocked, id=8692, stack(0x000000821d100000,0x000000821d200000)]
  0x000001992fedc0a0 JavaThread "Unconstrained build operations Thread 18" [_thread_blocked, id=16096, stack(0x000000821d200000,0x000000821d300000)]
  0x000001992fed9d30 JavaThread "Unconstrained build operations Thread 19" [_thread_blocked, id=19880, stack(0x000000821d300000,0x000000821d400000)]
  0x000001992feda750 JavaThread "Unconstrained build operations Thread 20" [_thread_blocked, id=22456, stack(0x000000821d400000,0x000000821d500000)]
  0x000001992fedac60 JavaThread "Unconstrained build operations Thread 21" [_thread_blocked, id=4232, stack(0x000000821d500000,0x000000821d600000)]
  0x000001992fedb170 JavaThread "Unconstrained build operations Thread 22" [_thread_blocked, id=7588, stack(0x000000821d600000,0x000000821d700000)]

Other Threads:
  0x0000019911fedb40 VMThread "VM Thread" [stack: 0x0000008218d00000,0x0000008218e00000] [id=24664]
  0x00000199122ac800 WatcherThread [stack: 0x0000008219900000,0x0000008219a00000] [id=11164]
  0x0000019975681930 GCTaskThread "GC Thread#0" [stack: 0x0000008218800000,0x0000008218900000] [id=7448]
  0x0000019912491120 GCTaskThread "GC Thread#1" [stack: 0x0000008219c00000,0x0000008219d00000] [id=18476]
  0x00000199126cd320 GCTaskThread "GC Thread#2" [stack: 0x0000008219d00000,0x0000008219e00000] [id=13340]
  0x0000019912a2aaf0 GCTaskThread "GC Thread#3" [stack: 0x0000008219e00000,0x0000008219f00000] [id=28028]
  0x0000019912a2adb0 GCTaskThread "GC Thread#4" [stack: 0x0000008219f00000,0x000000821a000000] [id=15672]
  0x0000019912a2b070 GCTaskThread "GC Thread#5" [stack: 0x000000821a000000,0x000000821a100000] [id=7164]
  0x000001991256d050 GCTaskThread "GC Thread#6" [stack: 0x0000008219a00000,0x0000008219b00000] [id=23944]
  0x000001992cbb0130 GCTaskThread "GC Thread#7" [stack: 0x0000008219b00000,0x0000008219c00000] [id=25500]
  0x0000019975686630 ConcurrentGCThread "G1 Main Marker" [stack: 0x0000008218900000,0x0000008218a00000] [id=24184]
  0x0000019975687960 ConcurrentGCThread "G1 Conc#0" [stack: 0x0000008218a00000,0x0000008218b00000] [id=13808]
  0x000001992dc649f0 ConcurrentGCThread "G1 Conc#1" [stack: 0x000000821b200000,0x000000821b300000] [id=26600]
  0x000001997571e310 ConcurrentGCThread "G1 Refine#0" [stack: 0x0000008218b00000,0x0000008218c00000] [id=12960]
  0x000001992d5d7fe0 ConcurrentGCThread "G1 Refine#1" [stack: 0x0000008221c00000,0x0000008221d00000] [id=18652]
  0x0000019931187eb0 ConcurrentGCThread "G1 Refine#2" [stack: 0x0000008221d00000,0x0000008221e00000] [id=25460]
  0x000001993055cc90 ConcurrentGCThread "G1 Refine#3" [stack: 0x0000008223100000,0x0000008223200000] [id=26188]
  0x000001992f2b1290 ConcurrentGCThread "G1 Refine#4" [stack: 0x0000008223200000,0x0000008223300000] [id=23048]
  0x000001992d5d85c0 ConcurrentGCThread "G1 Refine#5" [stack: 0x0000008223300000,0x0000008223400000] [id=26476]
  0x00000199311875e0 ConcurrentGCThread "G1 Refine#6" [stack: 0x0000008223400000,0x0000008223500000] [id=20796]
  0x000001997571eaf0 ConcurrentGCThread "G1 Service" [stack: 0x0000008218c00000,0x0000008218d00000] [id=5348]

Threads with active compile tasks:
C2 CompilerThread0   191954 17574   !   4       org.gradle.internal.service.ReflectionBasedServiceMethod::invoke (16 bytes)

VM state: not at safepoint (normal execution)

VM Mutex/Monitor currently owned by a thread: None

Heap address: 0x00000000e0000000, size: 512 MB, Compressed Oops mode: 32-bit

CDS archive(s) mapped at: [0x0000019913000000-0x0000019913bd0000-0x0000019913bd0000), size 12386304, SharedBaseAddress: 0x0000019913000000, ArchiveRelocationMode: 1.
Compressed class space mapped at: 0x0000019914000000-0x0000019928000000, reserved size: 335544320
Narrow klass base: 0x0000019913000000, Narrow klass shift: 0, Narrow klass range: 0x100000000

GC Precious Log:
 CPUs: 8 total, 8 available
 Memory: 24355M
 Large Page Support: Disabled
 NUMA Support: Disabled
 Compressed Oops: Enabled (32-bit)
 Heap Region Size: 1M
 Heap Min Capacity: 256M
 Heap Initial Capacity: 256M
 Heap Max Capacity: 512M
 Pre-touch: Disabled
 Parallel Workers: 8
 Concurrent Workers: 2
 Concurrent Refinement Workers: 8
 Periodic GC: Disabled

Heap:
 garbage-first heap   total 262144K, used 196019K [0x00000000e0000000, 0x0000000100000000)
  region size 1024K, 103 young (105472K), 11 survivors (11264K)
 Metaspace       used 77631K, committed 78464K, reserved 458752K
  class space    used 10344K, committed 10752K, reserved 327680K

Heap Regions: E=young(eden), S=young(survivor), O=old, HS=humongous(starts), HC=humongous(continues), CS=collection set, F=free, OA=open archive, CA=closed archive, TAMS=top-at-mark-start (previous, next)
|   0|0x00000000e0000000, 0x00000000e0100000, 0x00000000e0100000|100%|HS|  |TAMS 0x00000000e0100000, 0x00000000e0000000| Complete 
|   1|0x00000000e0100000, 0x00000000e0200000, 0x00000000e0200000|100%|HC|  |TAMS 0x00000000e0200000, 0x00000000e0100000| Complete 
|   2|0x00000000e0200000, 0x00000000e0300000, 0x00000000e0300000|100%|HC|  |TAMS 0x00000000e0300000, 0x00000000e0200000| Complete 
|   3|0x00000000e0300000, 0x00000000e0400000, 0x00000000e0400000|100%| O|  |TAMS 0x00000000e0400000, 0x00000000e0300000| Untracked 
|   4|0x00000000e0400000, 0x00000000e0500000, 0x00000000e0500000|100%| O|  |TAMS 0x00000000e0500000, 0x00000000e0400000| Untracked 
|   5|0x00000000e0500000, 0x00000000e0600000, 0x00000000e0600000|100%| O|  |TAMS 0x00000000e0600000, 0x00000000e0500000| Untracked 
|   6|0x00000000e0600000, 0x00000000e0700000, 0x00000000e0700000|100%| O|  |TAMS 0x00000000e0700000, 0x00000000e0600000| Untracked 
|   7|0x00000000e0700000, 0x00000000e0800000, 0x00000000e0800000|100%|HS|  |TAMS 0x00000000e0800000, 0x00000000e0700000| Complete 
|   8|0x00000000e0800000, 0x00000000e0900000, 0x00000000e0900000|100%| O|  |TAMS 0x00000000e0900000, 0x00000000e0800000| Untracked 
|   9|0x00000000e0900000, 0x00000000e0a00000, 0x00000000e0a00000|100%| O|  |TAMS 0x00000000e0a00000, 0x00000000e0900000| Untracked 
|  10|0x00000000e0a00000, 0x00000000e0b00000, 0x00000000e0b00000|100%| O|  |TAMS 0x00000000e0b00000, 0x00000000e0a00000| Untracked 
|  11|0x00000000e0b00000, 0x00000000e0c00000, 0x00000000e0c00000|100%| O|  |TAMS 0x00000000e0c00000, 0x00000000e0b00000| Untracked 
|  12|0x00000000e0c00000, 0x00000000e0d00000, 0x00000000e0d00000|100%| O|  |TAMS 0x00000000e0d00000, 0x00000000e0c00000| Untracked 
|  13|0x00000000e0d00000, 0x00000000e0e00000, 0x00000000e0e00000|100%| O|  |TAMS 0x00000000e0e00000, 0x00000000e0d00000| Untracked 
|  14|0x00000000e0e00000, 0x00000000e0f00000, 0x00000000e0f00000|100%| O|  |TAMS 0x00000000e0f00000, 0x00000000e0e00000| Untracked 
|  15|0x00000000e0f00000, 0x00000000e1000000, 0x00000000e1000000|100%| O|  |TAMS 0x00000000e1000000, 0x00000000e0f00000| Untracked 
|  16|0x00000000e1000000, 0x00000000e1100000, 0x00000000e1100000|100%| O|  |TAMS 0x00000000e1100000, 0x00000000e1000000| Untracked 
|  17|0x00000000e1100000, 0x00000000e1200000, 0x00000000e1200000|100%| O|  |TAMS 0x00000000e1200000, 0x00000000e1100000| Untracked 
|  18|0x00000000e1200000, 0x00000000e1300000, 0x00000000e1300000|100%| O|  |TAMS 0x00000000e1300000, 0x00000000e1200000| Untracked 
|  19|0x00000000e1300000, 0x00000000e1400000, 0x00000000e1400000|100%| O|  |TAMS 0x00000000e1400000, 0x00000000e1300000| Untracked 
|  20|0x00000000e1400000, 0x00000000e1500000, 0x00000000e1500000|100%| O|  |TAMS 0x00000000e1500000, 0x00000000e1400000| Untracked 
|  21|0x00000000e1500000, 0x00000000e1600000, 0x00000000e1600000|100%| O|  |TAMS 0x00000000e1600000, 0x00000000e1500000| Untracked 
|  22|0x00000000e1600000, 0x00000000e1700000, 0x00000000e1700000|100%| O|  |TAMS 0x00000000e1700000, 0x00000000e1600000| Untracked 
|  23|0x00000000e1700000, 0x00000000e1800000, 0x00000000e1800000|100%| O|  |TAMS 0x00000000e1800000, 0x00000000e1700000| Untracked 
|  24|0x00000000e1800000, 0x00000000e1900000, 0x00000000e1900000|100%| O|  |TAMS 0x00000000e1900000, 0x00000000e1800000| Untracked 
|  25|0x00000000e1900000, 0x00000000e1a00000, 0x00000000e1a00000|100%| O|  |TAMS 0x00000000e1a00000, 0x00000000e1900000| Untracked 
|  26|0x00000000e1a00000, 0x00000000e1b00000, 0x00000000e1b00000|100%| O|  |TAMS 0x00000000e1b00000, 0x00000000e1a00000| Untracked 
|  27|0x00000000e1b00000, 0x00000000e1c00000, 0x00000000e1c00000|100%| O|  |TAMS 0x00000000e1c00000, 0x00000000e1b00000| Untracked 
|  28|0x00000000e1c00000, 0x00000000e1d00000, 0x00000000e1d00000|100%| O|  |TAMS 0x00000000e1d00000, 0x00000000e1c00000| Untracked 
|  29|0x00000000e1d00000, 0x00000000e1e00000, 0x00000000e1e00000|100%| O|  |TAMS 0x00000000e1e00000, 0x00000000e1d00000| Untracked 
|  30|0x00000000e1e00000, 0x00000000e1f00000, 0x00000000e1f00000|100%| O|  |TAMS 0x00000000e1f00000, 0x00000000e1e00000| Untracked 
|  31|0x00000000e1f00000, 0x00000000e2000000, 0x00000000e2000000|100%|HS|  |TAMS 0x00000000e1f00000, 0x00000000e1f00000| Complete 
|  32|0x00000000e2000000, 0x00000000e2100000, 0x00000000e2100000|100%| O|  |TAMS 0x00000000e2100000, 0x00000000e2000000| Untracked 
|  33|0x00000000e2100000, 0x00000000e2200000, 0x00000000e2200000|100%| O|  |TAMS 0x00000000e2200000, 0x00000000e2100000| Untracked 
|  34|0x00000000e2200000, 0x00000000e2300000, 0x00000000e2300000|100%| O|  |TAMS 0x00000000e2300000, 0x00000000e2200000| Untracked 
|  35|0x00000000e2300000, 0x00000000e2400000, 0x00000000e2400000|100%| O|  |TAMS 0x00000000e2400000, 0x00000000e2300000| Untracked 
|  36|0x00000000e2400000, 0x00000000e2500000, 0x00000000e2500000|100%| O|  |TAMS 0x00000000e2500000, 0x00000000e2400000| Untracked 
|  37|0x00000000e2500000, 0x00000000e2600000, 0x00000000e2600000|100%| O|  |TAMS 0x00000000e2600000, 0x00000000e2500000| Untracked 
|  38|0x00000000e2600000, 0x00000000e2700000, 0x00000000e2700000|100%| O|  |TAMS 0x00000000e2700000, 0x00000000e2600000| Untracked 
|  39|0x00000000e2700000, 0x00000000e2800000, 0x00000000e2800000|100%| O|  |TAMS 0x00000000e2800000, 0x00000000e2700000| Untracked 
|  40|0x00000000e2800000, 0x00000000e2900000, 0x00000000e2900000|100%| O|  |TAMS 0x00000000e2900000, 0x00000000e2800000| Untracked 
|  41|0x00000000e2900000, 0x00000000e2900000, 0x00000000e2a00000|  0%| F|  |TAMS 0x00000000e2900000, 0x00000000e2900000| Untracked 
|  42|0x00000000e2a00000, 0x00000000e2b00000, 0x00000000e2b00000|100%| O|  |TAMS 0x00000000e2b00000, 0x00000000e2a00000| Untracked 
|  43|0x00000000e2b00000, 0x00000000e2c00000, 0x00000000e2c00000|100%| O|  |TAMS 0x00000000e2c00000, 0x00000000e2b00000| Untracked 
|  44|0x00000000e2c00000, 0x00000000e2d00000, 0x00000000e2d00000|100%| O|  |TAMS 0x00000000e2d00000, 0x00000000e2c00000| Untracked 
|  45|0x00000000e2d00000, 0x00000000e2e00000, 0x00000000e2e00000|100%| O|  |TAMS 0x00000000e2e00000, 0x00000000e2d00000| Untracked 
|  46|0x00000000e2e00000, 0x00000000e2f00000, 0x00000000e2f00000|100%| O|  |TAMS 0x00000000e2f00000, 0x00000000e2e00000| Untracked 
|  47|0x00000000e2f00000, 0x00000000e2f00000, 0x00000000e3000000|  0%| F|  |TAMS 0x00000000e2f00000, 0x00000000e2f00000| Untracked 
|  48|0x00000000e3000000, 0x00000000e3100000, 0x00000000e3100000|100%| O|  |TAMS 0x00000000e3100000, 0x00000000e3000000| Untracked 
|  49|0x00000000e3100000, 0x00000000e3100000, 0x00000000e3200000|  0%| F|  |TAMS 0x00000000e3100000, 0x00000000e3100000| Untracked 
|  50|0x00000000e3200000, 0x00000000e3200000, 0x00000000e3300000|  0%| F|  |TAMS 0x00000000e3200000, 0x00000000e3200000| Untracked 
|  51|0x00000000e3300000, 0x00000000e3300000, 0x00000000e3400000|  0%| F|  |TAMS 0x00000000e3300000, 0x00000000e3300000| Untracked 
|  52|0x00000000e3400000, 0x00000000e3500000, 0x00000000e3500000|100%| O|  |TAMS 0x00000000e3500000, 0x00000000e3400000| Untracked 
|  53|0x00000000e3500000, 0x00000000e3600000, 0x00000000e3600000|100%| O|  |TAMS 0x00000000e3600000, 0x00000000e3500000| Untracked 
|  54|0x00000000e3600000, 0x00000000e3700000, 0x00000000e3700000|100%| O|  |TAMS 0x00000000e3700000, 0x00000000e3600000| Untracked 
|  55|0x00000000e3700000, 0x00000000e3700000, 0x00000000e3800000|  0%| F|  |TAMS 0x00000000e3700000, 0x00000000e3700000| Untracked 
|  56|0x00000000e3800000, 0x00000000e3900000, 0x00000000e3900000|100%| O|  |TAMS 0x00000000e3900000, 0x00000000e3800000| Untracked 
|  57|0x00000000e3900000, 0x00000000e3900000, 0x00000000e3a00000|  0%| F|  |TAMS 0x00000000e3900000, 0x00000000e3900000| Untracked 
|  58|0x00000000e3a00000, 0x00000000e3b00000, 0x00000000e3b00000|100%| O|  |TAMS 0x00000000e3b00000, 0x00000000e3a00000| Untracked 
|  59|0x00000000e3b00000, 0x00000000e3c00000, 0x00000000e3c00000|100%| O|  |TAMS 0x00000000e3c00000, 0x00000000e3b00000| Untracked 
|  60|0x00000000e3c00000, 0x00000000e3d00000, 0x00000000e3d00000|100%| O|  |TAMS 0x00000000e3d00000, 0x00000000e3c00000| Untracked 
|  61|0x00000000e3d00000, 0x00000000e3e00000, 0x00000000e3e00000|100%| O|  |TAMS 0x00000000e3e00000, 0x00000000e3d00000| Untracked 
|  62|0x00000000e3e00000, 0x00000000e3f00000, 0x00000000e3f00000|100%| O|  |TAMS 0x00000000e3f00000, 0x00000000e3e00000| Untracked 
|  63|0x00000000e3f00000, 0x00000000e4000000, 0x00000000e4000000|100%| O|  |TAMS 0x00000000e4000000, 0x00000000e3f00000| Untracked 
|  64|0x00000000e4000000, 0x00000000e4000000, 0x00000000e4100000|  0%| F|  |TAMS 0x00000000e4000000, 0x00000000e4000000| Untracked 
|  65|0x00000000e4100000, 0x00000000e4200000, 0x00000000e4200000|100%| O|  |TAMS 0x00000000e4200000, 0x00000000e4100000| Untracked 
|  66|0x00000000e4200000, 0x00000000e4200000, 0x00000000e4300000|  0%| F|  |TAMS 0x00000000e4200000, 0x00000000e4200000| Untracked 
|  67|0x00000000e4300000, 0x00000000e4400000, 0x00000000e4400000|100%| O|  |TAMS 0x00000000e4300000, 0x00000000e4300000| Untracked 
|  68|0x00000000e4400000, 0x00000000e4500000, 0x00000000e4500000|100%| O|  |TAMS 0x00000000e4500000, 0x00000000e4400000| Untracked 
|  69|0x00000000e4500000, 0x00000000e4500000, 0x00000000e4600000|  0%| F|  |TAMS 0x00000000e4500000, 0x00000000e4500000| Untracked 
|  70|0x00000000e4600000, 0x00000000e4600000, 0x00000000e4700000|  0%| F|  |TAMS 0x00000000e4600000, 0x00000000e4600000| Untracked 
|  71|0x00000000e4700000, 0x00000000e4700000, 0x00000000e4800000|  0%| F|  |TAMS 0x00000000e4700000, 0x00000000e4700000| Untracked 
|  72|0x00000000e4800000, 0x00000000e4800000, 0x00000000e4900000|  0%| F|  |TAMS 0x00000000e4800000, 0x00000000e4800000| Untracked 
|  73|0x00000000e4900000, 0x00000000e4a00000, 0x00000000e4a00000|100%| O|  |TAMS 0x00000000e4a00000, 0x00000000e4900000| Untracked 
|  74|0x00000000e4a00000, 0x00000000e4b00000, 0x00000000e4b00000|100%| O|  |TAMS 0x00000000e4a00000, 0x00000000e4a00000| Untracked 
|  75|0x00000000e4b00000, 0x00000000e4c00000, 0x00000000e4c00000|100%| O|  |TAMS 0x00000000e4c00000, 0x00000000e4b00000| Untracked 
|  76|0x00000000e4c00000, 0x00000000e4d00000, 0x00000000e4d00000|100%| O|  |TAMS 0x00000000e4d00000, 0x00000000e4c00000| Untracked 
|  77|0x00000000e4d00000, 0x00000000e4e00000, 0x00000000e4e00000|100%| O|  |TAMS 0x00000000e4e00000, 0x00000000e4d00000| Untracked 
|  78|0x00000000e4e00000, 0x00000000e4e00000, 0x00000000e4f00000|  0%| F|  |TAMS 0x00000000e4e00000, 0x00000000e4e00000| Untracked 
|  79|0x00000000e4f00000, 0x00000000e5000000, 0x00000000e5000000|100%| O|  |TAMS 0x00000000e5000000, 0x00000000e4f00000| Untracked 
|  80|0x00000000e5000000, 0x00000000e5100000, 0x00000000e5100000|100%| O|  |TAMS 0x00000000e5100000, 0x00000000e5000000| Untracked 
|  81|0x00000000e5100000, 0x00000000e5100000, 0x00000000e5200000|  0%| F|  |TAMS 0x00000000e5100000, 0x00000000e5100000| Untracked 
|  82|0x00000000e5200000, 0x00000000e5200000, 0x00000000e5300000|  0%| F|  |TAMS 0x00000000e5200000, 0x00000000e5200000| Untracked 
|  83|0x00000000e5300000, 0x00000000e5300000, 0x00000000e5400000|  0%| F|  |TAMS 0x00000000e5300000, 0x00000000e5300000| Untracked 
|  84|0x00000000e5400000, 0x00000000e5500000, 0x00000000e5500000|100%| O|  |TAMS 0x00000000e5500000, 0x00000000e5400000| Untracked 
|  85|0x00000000e5500000, 0x00000000e5600000, 0x00000000e5600000|100%| O|  |TAMS 0x00000000e5600000, 0x00000000e5500000| Untracked 
|  86|0x00000000e5600000, 0x00000000e5600000, 0x00000000e5700000|  0%| F|  |TAMS 0x00000000e5600000, 0x00000000e5600000| Untracked 
|  87|0x00000000e5700000, 0x00000000e5700000, 0x00000000e5800000|  0%| F|  |TAMS 0x00000000e5700000, 0x00000000e5700000| Untracked 
|  88|0x00000000e5800000, 0x00000000e5800000, 0x00000000e5900000|  0%| F|  |TAMS 0x00000000e5800000, 0x00000000e5800000| Untracked 
|  89|0x00000000e5900000, 0x00000000e5900000, 0x00000000e5a00000|  0%| F|  |TAMS 0x00000000e5900000, 0x00000000e5900000| Untracked 
|  90|0x00000000e5a00000, 0x00000000e5a00000, 0x00000000e5b00000|  0%| F|  |TAMS 0x00000000e5a00000, 0x00000000e5a00000| Untracked 
|  91|0x00000000e5b00000, 0x00000000e5c00000, 0x00000000e5c00000|100%| O|  |TAMS 0x00000000e5b00000, 0x00000000e5b00000| Untracked 
|  92|0x00000000e5c00000, 0x00000000e5d00000, 0x00000000e5d00000|100%| O|  |TAMS 0x00000000e5c00000, 0x00000000e5c00000| Untracked 
|  93|0x00000000e5d00000, 0x00000000e5e00000, 0x00000000e5e00000|100%| O|  |TAMS 0x00000000e5d00000, 0x00000000e5d00000| Untracked 
|  94|0x00000000e5e00000, 0x00000000e5f00000, 0x00000000e5f00000|100%| O|  |TAMS 0x00000000e5e00000, 0x00000000e5e00000| Untracked 
|  95|0x00000000e5f00000, 0x00000000e6000000, 0x00000000e6000000|100%| O|  |TAMS 0x00000000e6000000, 0x00000000e5f00000| Untracked 
|  96|0x00000000e6000000, 0x00000000e6100000, 0x00000000e6100000|100%| O|  |TAMS 0x00000000e6000000, 0x00000000e6000000| Untracked 
|  97|0x00000000e6100000, 0x00000000e6200000, 0x00000000e6200000|100%| O|  |TAMS 0x00000000e6158a00, 0x00000000e6100000| Untracked 
|  98|0x00000000e6200000, 0x00000000e6300000, 0x00000000e6300000|100%| O|  |TAMS 0x00000000e6200000, 0x00000000e6200000| Untracked 
|  99|0x00000000e6300000, 0x00000000e6400000, 0x00000000e6400000|100%|HS|  |TAMS 0x00000000e6400000, 0x00000000e6300000| Complete 
| 100|0x00000000e6400000, 0x00000000e6500000, 0x00000000e6500000|100%| O|  |TAMS 0x00000000e6400000, 0x00000000e6400000| Untracked 
| 101|0x00000000e6500000, 0x00000000e6600000, 0x00000000e6600000|100%| O|  |TAMS 0x00000000e6500000, 0x00000000e6500000| Untracked 
| 102|0x00000000e6600000, 0x00000000e6700000, 0x00000000e6700000|100%| O|  |TAMS 0x00000000e6600000, 0x00000000e6600000| Untracked 
| 103|0x00000000e6700000, 0x00000000e6800000, 0x00000000e6800000|100%| O|  |TAMS 0x00000000e6700000, 0x00000000e6700000| Untracked 
| 104|0x00000000e6800000, 0x00000000e6900000, 0x00000000e6900000|100%| O|  |TAMS 0x00000000e6800000, 0x00000000e6800000| Untracked 
| 105|0x00000000e6900000, 0x00000000e6a00000, 0x00000000e6a00000|100%| O|  |TAMS 0x00000000e6900000, 0x00000000e6900000| Untracked 
| 106|0x00000000e6a00000, 0x00000000e6b00000, 0x00000000e6b00000|100%| O|  |TAMS 0x00000000e6a00000, 0x00000000e6a00000| Untracked 
| 107|0x00000000e6b00000, 0x00000000e6c00000, 0x00000000e6c00000|100%| O|  |TAMS 0x00000000e6b00000, 0x00000000e6b00000| Untracked 
| 108|0x00000000e6c00000, 0x00000000e6d00000, 0x00000000e6d00000|100%| O|  |TAMS 0x00000000e6c00000, 0x00000000e6c00000| Untracked 
| 109|0x00000000e6d00000, 0x00000000e6e00000, 0x00000000e6e00000|100%| O|  |TAMS 0x00000000e6d00000, 0x00000000e6d00000| Untracked 
| 110|0x00000000e6e00000, 0x00000000e6f00000, 0x00000000e6f00000|100%| O|  |TAMS 0x00000000e6e00000, 0x00000000e6e00000| Untracked 
| 111|0x00000000e6f00000, 0x00000000e6f6ce00, 0x00000000e7000000| 42%| O|  |TAMS 0x00000000e6f00000, 0x00000000e6f00000| Untracked 
| 112|0x00000000e7000000, 0x00000000e7000000, 0x00000000e7100000|  0%| F|  |TAMS 0x00000000e7000000, 0x00000000e7000000| Untracked 
| 113|0x00000000e7100000, 0x00000000e7100000, 0x00000000e7200000|  0%| F|  |TAMS 0x00000000e7100000, 0x00000000e7100000| Untracked 
| 114|0x00000000e7200000, 0x00000000e7200000, 0x00000000e7300000|  0%| F|  |TAMS 0x00000000e7200000, 0x00000000e7200000| Untracked 
| 115|0x00000000e7300000, 0x00000000e7300000, 0x00000000e7400000|  0%| F|  |TAMS 0x00000000e7300000, 0x00000000e7300000| Untracked 
| 116|0x00000000e7400000, 0x00000000e7400000, 0x00000000e7500000|  0%| F|  |TAMS 0x00000000e7400000, 0x00000000e7400000| Untracked 
| 117|0x00000000e7500000, 0x00000000e7500000, 0x00000000e7600000|  0%| F|  |TAMS 0x00000000e7500000, 0x00000000e7500000| Untracked 
| 118|0x00000000e7600000, 0x00000000e7600000, 0x00000000e7700000|  0%| F|  |TAMS 0x00000000e7600000, 0x00000000e7600000| Untracked 
| 119|0x00000000e7700000, 0x00000000e7700000, 0x00000000e7800000|  0%| F|  |TAMS 0x00000000e7700000, 0x00000000e7700000| Untracked 
| 120|0x00000000e7800000, 0x00000000e7800000, 0x00000000e7900000|  0%| F|  |TAMS 0x00000000e7800000, 0x00000000e7800000| Untracked 
| 121|0x00000000e7900000, 0x00000000e7900000, 0x00000000e7a00000|  0%| F|  |TAMS 0x00000000e7900000, 0x00000000e7900000| Untracked 
| 122|0x00000000e7a00000, 0x00000000e7a00000, 0x00000000e7b00000|  0%| F|  |TAMS 0x00000000e7a00000, 0x00000000e7a00000| Untracked 
| 123|0x00000000e7b00000, 0x00000000e7b00000, 0x00000000e7c00000|  0%| F|  |TAMS 0x00000000e7b00000, 0x00000000e7b00000| Untracked 
| 124|0x00000000e7c00000, 0x00000000e7c00000, 0x00000000e7d00000|  0%| F|  |TAMS 0x00000000e7c00000, 0x00000000e7c00000| Untracked 
| 125|0x00000000e7d00000, 0x00000000e7d00000, 0x00000000e7e00000|  0%| F|  |TAMS 0x00000000e7d00000, 0x00000000e7d00000| Untracked 
| 126|0x00000000e7e00000, 0x00000000e7e00000, 0x00000000e7f00000|  0%| F|  |TAMS 0x00000000e7e00000, 0x00000000e7e00000| Untracked 
| 127|0x00000000e7f00000, 0x00000000e7f00000, 0x00000000e8000000|  0%| F|  |TAMS 0x00000000e7f00000, 0x00000000e7f00000| Untracked 
| 128|0x00000000e8000000, 0x00000000e8000000, 0x00000000e8100000|  0%| F|  |TAMS 0x00000000e8000000, 0x00000000e8000000| Untracked 
| 129|0x00000000e8100000, 0x00000000e8100000, 0x00000000e8200000|  0%| F|  |TAMS 0x00000000e8100000, 0x00000000e8100000| Untracked 
| 130|0x00000000e8200000, 0x00000000e8200000, 0x00000000e8300000|  0%| F|  |TAMS 0x00000000e8200000, 0x00000000e8200000| Untracked 
| 131|0x00000000e8300000, 0x00000000e8300000, 0x00000000e8400000|  0%| F|  |TAMS 0x00000000e8300000, 0x00000000e8300000| Untracked 
| 132|0x00000000e8400000, 0x00000000e8400000, 0x00000000e8500000|  0%| F|  |TAMS 0x00000000e8400000, 0x00000000e8400000| Untracked 
| 133|0x00000000e8500000, 0x00000000e8500000, 0x00000000e8600000|  0%| F|  |TAMS 0x00000000e8500000, 0x00000000e8500000| Untracked 
| 134|0x00000000e8600000, 0x00000000e8600000, 0x00000000e8700000|  0%| F|  |TAMS 0x00000000e8600000, 0x00000000e8600000| Untracked 
| 135|0x00000000e8700000, 0x00000000e8800000, 0x00000000e8800000|100%| O|  |TAMS 0x00000000e8800000, 0x00000000e8700000| Untracked 
| 136|0x00000000e8800000, 0x00000000e8900000, 0x00000000e8900000|100%| S|CS|TAMS 0x00000000e8800000, 0x00000000e8800000| Complete 
| 137|0x00000000e8900000, 0x00000000e8a00000, 0x00000000e8a00000|100%| S|CS|TAMS 0x00000000e8900000, 0x00000000e8900000| Complete 
| 138|0x00000000e8a00000, 0x00000000e8b00000, 0x00000000e8b00000|100%| S|CS|TAMS 0x00000000e8a00000, 0x00000000e8a00000| Complete 
| 139|0x00000000e8b00000, 0x00000000e8c00000, 0x00000000e8c00000|100%| S|CS|TAMS 0x00000000e8b00000, 0x00000000e8b00000| Complete 
| 140|0x00000000e8c00000, 0x00000000e8d00000, 0x00000000e8d00000|100%| S|CS|TAMS 0x00000000e8c00000, 0x00000000e8c00000| Complete 
| 141|0x00000000e8d00000, 0x00000000e8e00000, 0x00000000e8e00000|100%| S|CS|TAMS 0x00000000e8d00000, 0x00000000e8d00000| Complete 
| 142|0x00000000e8e00000, 0x00000000e8f00000, 0x00000000e8f00000|100%| S|CS|TAMS 0x00000000e8e00000, 0x00000000e8e00000| Complete 
| 143|0x00000000e8f00000, 0x00000000e9000000, 0x00000000e9000000|100%| S|CS|TAMS 0x00000000e8f00000, 0x00000000e8f00000| Complete 
| 144|0x00000000e9000000, 0x00000000e9100000, 0x00000000e9100000|100%| S|CS|TAMS 0x00000000e9000000, 0x00000000e9000000| Complete 
| 145|0x00000000e9100000, 0x00000000e9200000, 0x00000000e9200000|100%| S|CS|TAMS 0x00000000e9100000, 0x00000000e9100000| Complete 
| 146|0x00000000e9200000, 0x00000000e9300000, 0x00000000e9300000|100%| S|CS|TAMS 0x00000000e9200000, 0x00000000e9200000| Complete 
| 147|0x00000000e9300000, 0x00000000e9300000, 0x00000000e9400000|  0%| F|  |TAMS 0x00000000e9300000, 0x00000000e9300000| Untracked 
| 148|0x00000000e9400000, 0x00000000e9400000, 0x00000000e9500000|  0%| F|  |TAMS 0x00000000e9400000, 0x00000000e9400000| Untracked 
| 149|0x00000000e9500000, 0x00000000e9500000, 0x00000000e9600000|  0%| F|  |TAMS 0x00000000e9500000, 0x00000000e9500000| Untracked 
| 150|0x00000000e9600000, 0x00000000e9600000, 0x00000000e9700000|  0%| F|  |TAMS 0x00000000e9600000, 0x00000000e9600000| Untracked 
| 151|0x00000000e9700000, 0x00000000e9700000, 0x00000000e9800000|  0%| F|  |TAMS 0x00000000e9700000, 0x00000000e9700000| Untracked 
| 152|0x00000000e9800000, 0x00000000e9800000, 0x00000000e9900000|  0%| F|  |TAMS 0x00000000e9800000, 0x00000000e9800000| Untracked 
| 153|0x00000000e9900000, 0x00000000e9900000, 0x00000000e9a00000|  0%| F|  |TAMS 0x00000000e9900000, 0x00000000e9900000| Untracked 
| 154|0x00000000e9a00000, 0x00000000e9a00000, 0x00000000e9b00000|  0%| F|  |TAMS 0x00000000e9a00000, 0x00000000e9a00000| Untracked 
| 155|0x00000000e9b00000, 0x00000000e9b00000, 0x00000000e9c00000|  0%| F|  |TAMS 0x00000000e9b00000, 0x00000000e9b00000| Untracked 
| 156|0x00000000e9c00000, 0x00000000e9c00000, 0x00000000e9d00000|  0%| F|  |TAMS 0x00000000e9c00000, 0x00000000e9c00000| Untracked 
| 157|0x00000000e9d00000, 0x00000000e9d00000, 0x00000000e9e00000|  0%| F|  |TAMS 0x00000000e9d00000, 0x00000000e9d00000| Untracked 
| 158|0x00000000e9e00000, 0x00000000e9e00000, 0x00000000e9f00000|  0%| F|  |TAMS 0x00000000e9e00000, 0x00000000e9e00000| Untracked 
| 159|0x00000000e9f00000, 0x00000000e9f00000, 0x00000000ea000000|  0%| F|  |TAMS 0x00000000e9f00000, 0x00000000e9f00000| Untracked 
| 160|0x00000000ea000000, 0x00000000ea000000, 0x00000000ea100000|  0%| F|  |TAMS 0x00000000ea000000, 0x00000000ea000000| Untracked 
| 161|0x00000000ea100000, 0x00000000ea100000, 0x00000000ea200000|  0%| F|  |TAMS 0x00000000ea100000, 0x00000000ea100000| Untracked 
| 162|0x00000000ea200000, 0x00000000ea200000, 0x00000000ea300000|  0%| F|  |TAMS 0x00000000ea200000, 0x00000000ea200000| Untracked 
| 163|0x00000000ea300000, 0x00000000ea400000, 0x00000000ea400000|100%| E|  |TAMS 0x00000000ea300000, 0x00000000ea300000| Complete 
| 164|0x00000000ea400000, 0x00000000ea500000, 0x00000000ea500000|100%| E|CS|TAMS 0x00000000ea400000, 0x00000000ea400000| Complete 
| 165|0x00000000ea500000, 0x00000000ea600000, 0x00000000ea600000|100%| E|CS|TAMS 0x00000000ea500000, 0x00000000ea500000| Complete 
| 166|0x00000000ea600000, 0x00000000ea700000, 0x00000000ea700000|100%| E|CS|TAMS 0x00000000ea600000, 0x00000000ea600000| Complete 
| 167|0x00000000ea700000, 0x00000000ea800000, 0x00000000ea800000|100%| E|CS|TAMS 0x00000000ea700000, 0x00000000ea700000| Complete 
| 168|0x00000000ea800000, 0x00000000ea900000, 0x00000000ea900000|100%| E|CS|TAMS 0x00000000ea800000, 0x00000000ea800000| Complete 
| 169|0x00000000ea900000, 0x00000000eaa00000, 0x00000000eaa00000|100%| E|CS|TAMS 0x00000000ea900000, 0x00000000ea900000| Complete 
| 170|0x00000000eaa00000, 0x00000000eab00000, 0x00000000eab00000|100%| E|CS|TAMS 0x00000000eaa00000, 0x00000000eaa00000| Complete 
| 171|0x00000000eab00000, 0x00000000eac00000, 0x00000000eac00000|100%| E|CS|TAMS 0x00000000eab00000, 0x00000000eab00000| Complete 
| 172|0x00000000eac00000, 0x00000000ead00000, 0x00000000ead00000|100%| E|CS|TAMS 0x00000000eac00000, 0x00000000eac00000| Complete 
| 173|0x00000000ead00000, 0x00000000eae00000, 0x00000000eae00000|100%| E|CS|TAMS 0x00000000ead00000, 0x00000000ead00000| Complete 
| 174|0x00000000eae00000, 0x00000000eaf00000, 0x00000000eaf00000|100%| E|CS|TAMS 0x00000000eae00000, 0x00000000eae00000| Complete 
| 175|0x00000000eaf00000, 0x00000000eb000000, 0x00000000eb000000|100%| E|CS|TAMS 0x00000000eaf00000, 0x00000000eaf00000| Complete 
| 176|0x00000000eb000000, 0x00000000eb100000, 0x00000000eb100000|100%| E|CS|TAMS 0x00000000eb000000, 0x00000000eb000000| Complete 
| 177|0x00000000eb100000, 0x00000000eb200000, 0x00000000eb200000|100%| E|CS|TAMS 0x00000000eb100000, 0x00000000eb100000| Complete 
| 178|0x00000000eb200000, 0x00000000eb300000, 0x00000000eb300000|100%| E|CS|TAMS 0x00000000eb200000, 0x00000000eb200000| Complete 
| 179|0x00000000eb300000, 0x00000000eb400000, 0x00000000eb400000|100%| E|  |TAMS 0x00000000eb300000, 0x00000000eb300000| Complete 
| 180|0x00000000eb400000, 0x00000000eb500000, 0x00000000eb500000|100%| E|CS|TAMS 0x00000000eb400000, 0x00000000eb400000| Complete 
| 181|0x00000000eb500000, 0x00000000eb600000, 0x00000000eb600000|100%| E|CS|TAMS 0x00000000eb500000, 0x00000000eb500000| Complete 
| 182|0x00000000eb600000, 0x00000000eb700000, 0x00000000eb700000|100%| E|CS|TAMS 0x00000000eb600000, 0x00000000eb600000| Complete 
| 183|0x00000000eb700000, 0x00000000eb800000, 0x00000000eb800000|100%| E|CS|TAMS 0x00000000eb700000, 0x00000000eb700000| Complete 
| 184|0x00000000eb800000, 0x00000000eb900000, 0x00000000eb900000|100%| E|CS|TAMS 0x00000000eb800000, 0x00000000eb800000| Complete 
| 185|0x00000000eb900000, 0x00000000eba00000, 0x00000000eba00000|100%| E|CS|TAMS 0x00000000eb900000, 0x00000000eb900000| Complete 
| 186|0x00000000eba00000, 0x00000000ebb00000, 0x00000000ebb00000|100%| E|CS|TAMS 0x00000000eba00000, 0x00000000eba00000| Complete 
| 187|0x00000000ebb00000, 0x00000000ebc00000, 0x00000000ebc00000|100%| E|CS|TAMS 0x00000000ebb00000, 0x00000000ebb00000| Complete 
| 188|0x00000000ebc00000, 0x00000000ebd00000, 0x00000000ebd00000|100%| E|CS|TAMS 0x00000000ebc00000, 0x00000000ebc00000| Complete 
| 189|0x00000000ebd00000, 0x00000000ebe00000, 0x00000000ebe00000|100%| E|CS|TAMS 0x00000000ebd00000, 0x00000000ebd00000| Complete 
| 190|0x00000000ebe00000, 0x00000000ebf00000, 0x00000000ebf00000|100%| E|CS|TAMS 0x00000000ebe00000, 0x00000000ebe00000| Complete 
| 191|0x00000000ebf00000, 0x00000000ec000000, 0x00000000ec000000|100%| E|CS|TAMS 0x00000000ebf00000, 0x00000000ebf00000| Complete 
| 192|0x00000000ec000000, 0x00000000ec100000, 0x00000000ec100000|100%| E|CS|TAMS 0x00000000ec000000, 0x00000000ec000000| Complete 
| 193|0x00000000ec100000, 0x00000000ec200000, 0x00000000ec200000|100%| E|CS|TAMS 0x00000000ec100000, 0x00000000ec100000| Complete 
| 194|0x00000000ec200000, 0x00000000ec300000, 0x00000000ec300000|100%| E|CS|TAMS 0x00000000ec200000, 0x00000000ec200000| Complete 
| 195|0x00000000ec300000, 0x00000000ec400000, 0x00000000ec400000|100%| E|CS|TAMS 0x00000000ec300000, 0x00000000ec300000| Complete 
| 196|0x00000000ec400000, 0x00000000ec500000, 0x00000000ec500000|100%| E|CS|TAMS 0x00000000ec400000, 0x00000000ec400000| Complete 
| 197|0x00000000ec500000, 0x00000000ec600000, 0x00000000ec600000|100%| E|CS|TAMS 0x00000000ec500000, 0x00000000ec500000| Complete 
| 198|0x00000000ec600000, 0x00000000ec700000, 0x00000000ec700000|100%| E|CS|TAMS 0x00000000ec600000, 0x00000000ec600000| Complete 
| 199|0x00000000ec700000, 0x00000000ec800000, 0x00000000ec800000|100%| E|CS|TAMS 0x00000000ec700000, 0x00000000ec700000| Complete 
| 200|0x00000000ec800000, 0x00000000ec900000, 0x00000000ec900000|100%| E|CS|TAMS 0x00000000ec800000, 0x00000000ec800000| Complete 
| 201|0x00000000ec900000, 0x00000000eca00000, 0x00000000eca00000|100%| E|CS|TAMS 0x00000000ec900000, 0x00000000ec900000| Complete 
| 202|0x00000000eca00000, 0x00000000ecb00000, 0x00000000ecb00000|100%| E|CS|TAMS 0x00000000eca00000, 0x00000000eca00000| Complete 
| 203|0x00000000ecb00000, 0x00000000ecc00000, 0x00000000ecc00000|100%| E|CS|TAMS 0x00000000ecb00000, 0x00000000ecb00000| Complete 
| 204|0x00000000ecc00000, 0x00000000ecd00000, 0x00000000ecd00000|100%| E|CS|TAMS 0x00000000ecc00000, 0x00000000ecc00000| Complete 
| 205|0x00000000ecd00000, 0x00000000ece00000, 0x00000000ece00000|100%| E|CS|TAMS 0x00000000ecd00000, 0x00000000ecd00000| Complete 
| 206|0x00000000ece00000, 0x00000000ecf00000, 0x00000000ecf00000|100%| E|CS|TAMS 0x00000000ece00000, 0x00000000ece00000| Complete 
| 207|0x00000000ecf00000, 0x00000000ed000000, 0x00000000ed000000|100%| E|CS|TAMS 0x00000000ecf00000, 0x00000000ecf00000| Complete 
| 208|0x00000000ed000000, 0x00000000ed100000, 0x00000000ed100000|100%| E|CS|TAMS 0x00000000ed000000, 0x00000000ed000000| Complete 
| 209|0x00000000ed100000, 0x00000000ed200000, 0x00000000ed200000|100%| E|CS|TAMS 0x00000000ed100000, 0x00000000ed100000| Complete 
| 210|0x00000000ed200000, 0x00000000ed300000, 0x00000000ed300000|100%| E|CS|TAMS 0x00000000ed200000, 0x00000000ed200000| Complete 
| 211|0x00000000ed300000, 0x00000000ed400000, 0x00000000ed400000|100%| E|CS|TAMS 0x00000000ed300000, 0x00000000ed300000| Complete 
| 212|0x00000000ed400000, 0x00000000ed500000, 0x00000000ed500000|100%| E|CS|TAMS 0x00000000ed400000, 0x00000000ed400000| Complete 
| 213|0x00000000ed500000, 0x00000000ed600000, 0x00000000ed600000|100%| E|CS|TAMS 0x00000000ed500000, 0x00000000ed500000| Complete 
| 214|0x00000000ed600000, 0x00000000ed700000, 0x00000000ed700000|100%| E|CS|TAMS 0x00000000ed600000, 0x00000000ed600000| Complete 
| 215|0x00000000ed700000, 0x00000000ed800000, 0x00000000ed800000|100%| E|CS|TAMS 0x00000000ed700000, 0x00000000ed700000| Complete 
| 216|0x00000000ed800000, 0x00000000ed900000, 0x00000000ed900000|100%| E|CS|TAMS 0x00000000ed800000, 0x00000000ed800000| Complete 
| 217|0x00000000ed900000, 0x00000000eda00000, 0x00000000eda00000|100%| E|CS|TAMS 0x00000000ed900000, 0x00000000ed900000| Complete 
| 218|0x00000000eda00000, 0x00000000edb00000, 0x00000000edb00000|100%| E|CS|TAMS 0x00000000eda00000, 0x00000000eda00000| Complete 
| 219|0x00000000edb00000, 0x00000000edc00000, 0x00000000edc00000|100%| E|CS|TAMS 0x00000000edb00000, 0x00000000edb00000| Complete 
| 220|0x00000000edc00000, 0x00000000edd00000, 0x00000000edd00000|100%| E|CS|TAMS 0x00000000edc00000, 0x00000000edc00000| Complete 
| 221|0x00000000edd00000, 0x00000000ede00000, 0x00000000ede00000|100%| E|CS|TAMS 0x00000000edd00000, 0x00000000edd00000| Complete 
| 222|0x00000000ede00000, 0x00000000edf00000, 0x00000000edf00000|100%| E|CS|TAMS 0x00000000ede00000, 0x00000000ede00000| Complete 
| 223|0x00000000edf00000, 0x00000000ee000000, 0x00000000ee000000|100%| E|CS|TAMS 0x00000000edf00000, 0x00000000edf00000| Complete 
| 224|0x00000000ee000000, 0x00000000ee100000, 0x00000000ee100000|100%| E|CS|TAMS 0x00000000ee000000, 0x00000000ee000000| Complete 
| 225|0x00000000ee100000, 0x00000000ee200000, 0x00000000ee200000|100%| E|CS|TAMS 0x00000000ee100000, 0x00000000ee100000| Complete 
| 226|0x00000000ee200000, 0x00000000ee300000, 0x00000000ee300000|100%| E|CS|TAMS 0x00000000ee200000, 0x00000000ee200000| Complete 
| 227|0x00000000ee300000, 0x00000000ee400000, 0x00000000ee400000|100%| E|CS|TAMS 0x00000000ee300000, 0x00000000ee300000| Complete 
| 228|0x00000000ee400000, 0x00000000ee500000, 0x00000000ee500000|100%| E|CS|TAMS 0x00000000ee400000, 0x00000000ee400000| Complete 
| 229|0x00000000ee500000, 0x00000000ee600000, 0x00000000ee600000|100%| E|CS|TAMS 0x00000000ee500000, 0x00000000ee500000| Complete 
| 230|0x00000000ee600000, 0x00000000ee700000, 0x00000000ee700000|100%| E|CS|TAMS 0x00000000ee600000, 0x00000000ee600000| Complete 
| 231|0x00000000ee700000, 0x00000000ee800000, 0x00000000ee800000|100%| E|CS|TAMS 0x00000000ee700000, 0x00000000ee700000| Complete 
| 232|0x00000000ee800000, 0x00000000ee900000, 0x00000000ee900000|100%| E|CS|TAMS 0x00000000ee800000, 0x00000000ee800000| Complete 
| 233|0x00000000ee900000, 0x00000000eea00000, 0x00000000eea00000|100%| E|CS|TAMS 0x00000000ee900000, 0x00000000ee900000| Complete 
| 234|0x00000000eea00000, 0x00000000eeb00000, 0x00000000eeb00000|100%| E|CS|TAMS 0x00000000eea00000, 0x00000000eea00000| Complete 
| 235|0x00000000eeb00000, 0x00000000eec00000, 0x00000000eec00000|100%| E|CS|TAMS 0x00000000eeb00000, 0x00000000eeb00000| Complete 
| 236|0x00000000eec00000, 0x00000000eed00000, 0x00000000eed00000|100%| E|CS|TAMS 0x00000000eec00000, 0x00000000eec00000| Complete 
| 237|0x00000000eed00000, 0x00000000eee00000, 0x00000000eee00000|100%| E|CS|TAMS 0x00000000eed00000, 0x00000000eed00000| Complete 
| 238|0x00000000eee00000, 0x00000000eef00000, 0x00000000eef00000|100%| E|CS|TAMS 0x00000000eee00000, 0x00000000eee00000| Complete 
| 239|0x00000000eef00000, 0x00000000ef000000, 0x00000000ef000000|100%| E|CS|TAMS 0x00000000eef00000, 0x00000000eef00000| Complete 
| 240|0x00000000ef000000, 0x00000000ef100000, 0x00000000ef100000|100%| E|CS|TAMS 0x00000000ef000000, 0x00000000ef000000| Complete 
| 241|0x00000000ef100000, 0x00000000ef200000, 0x00000000ef200000|100%| E|CS|TAMS 0x00000000ef100000, 0x00000000ef100000| Complete 
| 242|0x00000000ef200000, 0x00000000ef300000, 0x00000000ef300000|100%| E|CS|TAMS 0x00000000ef200000, 0x00000000ef200000| Complete 
| 243|0x00000000ef300000, 0x00000000ef400000, 0x00000000ef400000|100%| E|CS|TAMS 0x00000000ef300000, 0x00000000ef300000| Complete 
| 244|0x00000000ef400000, 0x00000000ef500000, 0x00000000ef500000|100%| E|CS|TAMS 0x00000000ef400000, 0x00000000ef400000| Complete 
| 245|0x00000000ef500000, 0x00000000ef600000, 0x00000000ef600000|100%| E|CS|TAMS 0x00000000ef500000, 0x00000000ef500000| Complete 
| 246|0x00000000ef600000, 0x00000000ef700000, 0x00000000ef700000|100%| E|CS|TAMS 0x00000000ef600000, 0x00000000ef600000| Complete 
| 247|0x00000000ef700000, 0x00000000ef800000, 0x00000000ef800000|100%| E|CS|TAMS 0x00000000ef700000, 0x00000000ef700000| Complete 
| 248|0x00000000ef800000, 0x00000000ef900000, 0x00000000ef900000|100%| E|CS|TAMS 0x00000000ef800000, 0x00000000ef800000| Complete 
| 249|0x00000000ef900000, 0x00000000efa00000, 0x00000000efa00000|100%| E|CS|TAMS 0x00000000ef900000, 0x00000000ef900000| Complete 
| 250|0x00000000efa00000, 0x00000000efb00000, 0x00000000efb00000|100%| E|CS|TAMS 0x00000000efa00000, 0x00000000efa00000| Complete 
| 251|0x00000000efb00000, 0x00000000efc00000, 0x00000000efc00000|100%| E|CS|TAMS 0x00000000efb00000, 0x00000000efb00000| Complete 
| 252|0x00000000efc00000, 0x00000000efd00000, 0x00000000efd00000|100%| E|CS|TAMS 0x00000000efc00000, 0x00000000efc00000| Complete 
| 253|0x00000000efd00000, 0x00000000efe00000, 0x00000000efe00000|100%| E|CS|TAMS 0x00000000efd00000, 0x00000000efd00000| Complete 
| 254|0x00000000efe00000, 0x00000000eff00000, 0x00000000eff00000|100%| E|CS|TAMS 0x00000000efe00000, 0x00000000efe00000| Complete 
| 255|0x00000000eff00000, 0x00000000f0000000, 0x00000000f0000000|100%| E|CS|TAMS 0x00000000eff00000, 0x00000000eff00000| Complete 

Card table byte_map: [0x000001997f2b0000,0x000001997f3b0000] _byte_map_base: 0x000001997ebb0000

Marking Bits (Prev, Next): (CMBitMap*) 0x0000019975681d00, (CMBitMap*) 0x0000019975681d40
 Prev Bits: [0x000001997f4b0000, 0x000001997fcb0000)
 Next Bits: [0x000001990f000000, 0x000001990f800000)

Polling page: 0x0000019975720000

Metaspace:

Usage:
  Non-class:     65.71 MB used.
      Class:     10.10 MB used.
       Both:     75.81 MB used.

Virtual space:
  Non-class space:      128.00 MB reserved,      66.12 MB ( 52%) committed,  2 nodes.
      Class space:      320.00 MB reserved,      10.50 MB (  3%) committed,  1 nodes.
             Both:      448.00 MB reserved,      76.62 MB ( 17%) committed. 

Chunk freelists:
   Non-Class:  13.50 MB
       Class:  5.45 MB
        Both:  18.95 MB

MaxMetaspaceSize: 384.00 MB
CompressedClassSpaceSize: 320.00 MB
Initial GC threshold: 21.00 MB
Current GC threshold: 124.50 MB
CDS: on
MetaspaceReclaimPolicy: balanced
 - commit_granule_bytes: 65536.
 - commit_granule_words: 8192.
 - virtual_space_node_default_size: 8388608.
 - enlarge_chunks_in_place: 1.
 - new_chunks_are_fully_committed: 0.
 - uncommit_free_chunks: 1.
 - use_allocation_guard: 0.
 - handle_deallocations: 1.


Internal statistics:

num_allocs_failed_limit: 12.
num_arena_births: 1296.
num_arena_deaths: 20.
num_vsnodes_births: 3.
num_vsnodes_deaths: 0.
num_space_committed: 1261.
num_space_uncommitted: 35.
num_chunks_returned_to_freelist: 216.
num_chunks_taken_from_freelist: 5094.
num_chunk_merges: 61.
num_chunk_splits: 3096.
num_chunks_enlarged: 1832.
num_inconsistent_stats: 0.

CodeHeap 'non-profiled nmethods': size=120000Kb used=12676Kb max_used=12676Kb free=107323Kb
 bounds [0x0000019907ad0000, 0x0000019908740000, 0x000001990f000000]
CodeHeap 'profiled nmethods': size=120000Kb used=28725Kb max_used=28725Kb free=91274Kb
 bounds [0x0000019900000000, 0x0000019901c20000, 0x0000019907530000]
CodeHeap 'non-nmethods': size=5760Kb used=2377Kb max_used=2502Kb free=3382Kb
 bounds [0x0000019907530000, 0x00000199077b0000, 0x0000019907ad0000]
 total_blobs=15480 nmethods=14576 adapters=815
 compilation: enabled
              stopped_count=0, restarted_count=0
 full_count=0

Compilation events (20 events):
Event: 190.832 Thread 0x0000019912016f90 17617       3       org.gradle.api.internal.provider.ManagedFactories$PropertyManagedFactory::propertyOf (15 bytes)
Event: 190.834 Thread 0x0000019912016f90 nmethod 17617 0x0000019901bee710 code [0x0000019901bee9a0, 0x0000019901bef948]
Event: 190.834 Thread 0x0000019912016f90 17618       3       org.gradle.api.internal.provider.ManagedFactories$PropertyManagedFactory::fromState (36 bytes)
Event: 190.836 Thread 0x0000019912016f90 nmethod 17618 0x0000019901befe90 code [0x0000019901bf01a0, 0x0000019901bf16c8]
Event: 190.837 Thread 0x0000019912016f90 17619       3       org.gradle.api.internal.artifacts.transform.TransformingAsyncArtifactListener$TransformedArtifact$$Lambda$902/0x00000199145c9688::apply (12 bytes)
Event: 190.839 Thread 0x0000019912016f90 nmethod 17619 0x0000019901bf1d90 code [0x0000019901bf1f40, 0x0000019901bf2228]
Event: 190.840 Thread 0x0000019912016f90 17620       3       org.gradle.internal.Deferrable::lambda$flatMap$0 (21 bytes)
Event: 190.840 Thread 0x0000019912016f90 nmethod 17620 0x0000019901bf2390 code [0x0000019901bf2560, 0x0000019901bf29c8]
Event: 190.840 Thread 0x0000019912016f90 17621       3       org.gradle.internal.Deferrable$$Lambda$906/0x00000199145cf990::get (14 bytes)
Event: 190.841 Thread 0x00000199312d5d10 nmethod 17609 0x0000019908729e10 code [0x000001990872a000, 0x000001990872b110]
Event: 190.841 Thread 0x0000019912016f90 nmethod 17621 0x0000019901bf2b10 code [0x0000019901bf2d00, 0x0000019901bf32c8]
Event: 190.841 Thread 0x00000199312d5d10 17610       4       org.gradle.internal.component.external.model.AbstractModuleComponentResolveMetadata::optionalArtifact (35 bytes)
Event: 190.850 Thread 0x0000019912016f90 17622   !   3       org.gradle.internal.work.DefaultWorkerLeaseService::withLocks (53 bytes)
Event: 190.851 Thread 0x0000019912016f90 nmethod 17622 0x0000019901bf3490 code [0x0000019901bf3740, 0x0000019901bf4438]
Event: 190.852 Thread 0x0000019912016f90 17624       1       java.io.InputStream::available (2 bytes)
Event: 190.852 Thread 0x0000019912016f90 nmethod 17624 0x000001990872b990 code [0x000001990872bb20, 0x000001990872bbf8]
Event: 190.855 Thread 0x0000019912016f90 17625       2       com.google.common.collect.RegularImmutableMap::get (64 bytes)
Event: 190.855 Thread 0x0000019912016f90 nmethod 17625 0x0000019901bf4990 code [0x0000019901bf4b80, 0x0000019901bf4e38]
Event: 191.003 Thread 0x0000019912016f90 17626       1       org.gradle.process.internal.health.memory.DefaultAvailableOsMemoryStatusAspect::getTotal (5 bytes)
Event: 191.004 Thread 0x0000019912016f90 nmethod 17626 0x000001990872bc90 code [0x000001990872be20, 0x000001990872bef8]

GC Heap History (20 events):
Event: 154.763 GC heap before
{Heap before GC invocations=29 (full 0):
 garbage-first heap   total 262144K, used 132736K [0x00000000e0000000, 0x0000000100000000)
  region size 1024K, 19 young (19456K), 4 survivors (4096K)
 Metaspace       used 74925K, committed 75712K, reserved 458752K
  class space    used 10096K, committed 10496K, reserved 327680K
}
Event: 154.770 GC heap after
{Heap after GC invocations=30 (full 0):
 garbage-first heap   total 262144K, used 123179K [0x00000000e0000000, 0x0000000100000000)
  region size 1024K, 7 young (7168K), 7 survivors (7168K)
 Metaspace       used 74925K, committed 75712K, reserved 458752K
  class space    used 10096K, committed 10496K, reserved 327680K
}
Event: 163.164 GC heap before
{Heap before GC invocations=31 (full 0):
 garbage-first heap   total 262144K, used 205099K [0x00000000e0000000, 0x0000000100000000)
  region size 1024K, 93 young (95232K), 7 survivors (7168K)
 Metaspace       used 75204K, committed 76032K, reserved 458752K
  class space    used 10121K, committed 10496K, reserved 327680K
}
Event: 163.191 GC heap after
{Heap after GC invocations=32 (full 0):
 garbage-first heap   total 262144K, used 120860K [0x00000000e0000000, 0x0000000100000000)
  region size 1024K, 8 young (8192K), 8 survivors (8192K)
 Metaspace       used 75204K, committed 76032K, reserved 458752K
  class space    used 10121K, committed 10496K, reserved 327680K
}
Event: 163.240 GC heap before
{Heap before GC invocations=32 (full 0):
 garbage-first heap   total 262144K, used 124956K [0x00000000e0000000, 0x0000000100000000)
  region size 1024K, 12 young (12288K), 8 survivors (8192K)
 Metaspace       used 75206K, committed 76032K, reserved 458752K
  class space    used 10121K, committed 10496K, reserved 327680K
}
Event: 163.252 GC heap after
{Heap after GC invocations=33 (full 0):
 garbage-first heap   total 262144K, used 95941K [0x00000000e0000000, 0x0000000100000000)
  region size 1024K, 2 young (2048K), 2 survivors (2048K)
 Metaspace       used 75206K, committed 76032K, reserved 458752K
  class space    used 10121K, committed 10496K, reserved 327680K
}
Event: 163.351 GC heap before
{Heap before GC invocations=33 (full 0):
 garbage-first heap   total 262144K, used 106181K [0x00000000e0000000, 0x0000000100000000)
  region size 1024K, 12 young (12288K), 2 survivors (2048K)
 Metaspace       used 75206K, committed 76032K, reserved 458752K
  class space    used 10121K, committed 10496K, reserved 327680K
}
Event: 163.358 GC heap after
{Heap after GC invocations=34 (full 0):
 garbage-first heap   total 262144K, used 92340K [0x00000000e0000000, 0x0000000100000000)
  region size 1024K, 2 young (2048K), 2 survivors (2048K)
 Metaspace       used 75206K, committed 76032K, reserved 458752K
  class space    used 10121K, committed 10496K, reserved 327680K
}
Event: 165.039 GC heap before
{Heap before GC invocations=34 (full 0):
 garbage-first heap   total 262144K, used 201908K [0x00000000e0000000, 0x0000000100000000)
  region size 1024K, 109 young (111616K), 2 survivors (2048K)
 Metaspace       used 75433K, committed 76288K, reserved 458752K
  class space    used 10130K, committed 10560K, reserved 327680K
}
Event: 165.049 GC heap after
{Heap after GC invocations=35 (full 0):
 garbage-first heap   total 262144K, used 100813K [0x00000000e0000000, 0x0000000100000000)
  region size 1024K, 10 young (10240K), 10 survivors (10240K)
 Metaspace       used 75433K, committed 76288K, reserved 458752K
  class space    used 10130K, committed 10560K, reserved 327680K
}
Event: 169.135 GC heap before
{Heap before GC invocations=35 (full 0):
 garbage-first heap   total 262144K, used 205261K [0x00000000e0000000, 0x0000000100000000)
  region size 1024K, 112 young (114688K), 10 survivors (10240K)
 Metaspace       used 75505K, committed 76352K, reserved 458752K
  class space    used 10131K, committed 10560K, reserved 327680K
}
Event: 169.149 GC heap after
{Heap after GC invocations=36 (full 0):
 garbage-first heap   total 262144K, used 111916K [0x00000000e0000000, 0x0000000100000000)
  region size 1024K, 11 young (11264K), 11 survivors (11264K)
 Metaspace       used 75505K, committed 76352K, reserved 458752K
  class space    used 10131K, committed 10560K, reserved 327680K
}
Event: 170.558 GC heap before
{Heap before GC invocations=36 (full 0):
 garbage-first heap   total 262144K, used 209196K [0x00000000e0000000, 0x0000000100000000)
  region size 1024K, 105 young (107520K), 11 survivors (11264K)
 Metaspace       used 75708K, committed 76608K, reserved 458752K
  class space    used 10140K, committed 10560K, reserved 327680K
}
Event: 170.570 GC heap after
{Heap after GC invocations=37 (full 0):
 garbage-first heap   total 262144K, used 122880K [0x00000000e0000000, 0x0000000100000000)
  region size 1024K, 13 young (13312K), 13 survivors (13312K)
 Metaspace       used 75708K, committed 76608K, reserved 458752K
  class space    used 10140K, committed 10560K, reserved 327680K
}
Event: 172.784 GC heap before
{Heap before GC invocations=38 (full 0):
 garbage-first heap   total 262144K, used 199680K [0x00000000e0000000, 0x0000000100000000)
  region size 1024K, 96 young (98304K), 13 survivors (13312K)
 Metaspace       used 77200K, committed 78016K, reserved 458752K
  class space    used 10313K, committed 10688K, reserved 327680K
}
Event: 172.792 GC heap after
{Heap after GC invocations=39 (full 0):
 garbage-first heap   total 262144K, used 114688K [0x00000000e0000000, 0x0000000100000000)
  region size 1024K, 4 young (4096K), 4 survivors (4096K)
 Metaspace       used 77200K, committed 78016K, reserved 458752K
  class space    used 10313K, committed 10688K, reserved 327680K
}
Event: 175.723 GC heap before
{Heap before GC invocations=39 (full 0):
 garbage-first heap   total 262144K, used 121856K [0x00000000e0000000, 0x0000000100000000)
  region size 1024K, 12 young (12288K), 4 survivors (4096K)
 Metaspace       used 77222K, committed 78080K, reserved 458752K
  class space    used 10314K, committed 10752K, reserved 327680K
}
Event: 175.734 GC heap after
{Heap after GC invocations=40 (full 0):
 garbage-first heap   total 262144K, used 92535K [0x00000000e0000000, 0x0000000100000000)
  region size 1024K, 1 young (1024K), 1 survivors (1024K)
 Metaspace       used 77222K, committed 78080K, reserved 458752K
  class space    used 10314K, committed 10752K, reserved 327680K
}
Event: 179.014 GC heap before
{Heap before GC invocations=40 (full 0):
 garbage-first heap   total 262144K, used 203127K [0x00000000e0000000, 0x0000000100000000)
  region size 1024K, 109 young (111616K), 1 survivors (1024K)
 Metaspace       used 77361K, committed 78208K, reserved 458752K
  class space    used 10327K, committed 10752K, reserved 327680K
}
Event: 179.030 GC heap after
{Heap after GC invocations=41 (full 0):
 garbage-first heap   total 262144K, used 102835K [0x00000000e0000000, 0x0000000100000000)
  region size 1024K, 11 young (11264K), 11 survivors (11264K)
 Metaspace       used 77361K, committed 78208K, reserved 458752K
  class space    used 10327K, committed 10752K, reserved 327680K
}

Deoptimization events (20 events):
Event: 181.736 Thread 0x000001992c343c30 Uncommon trap: trap_request=0xffffffde fr.pc=0x000001990827cd04 relative=0x00000000000000e4
Event: 181.736 Thread 0x000001992c343c30 Uncommon trap: reason=class_check action=maybe_recompile pc=0x000001990827cd04 method=org.gradle.internal.operations.logging.LoggingBuildOperationProgressBroadcaster.onOutput(Lorg/gradle/internal/logging/events/OutputEvent;)V @ 8 c2
Event: 181.736 Thread 0x000001992c343c30 DEOPT PACKING pc=0x000001990827cd04 sp=0x000000821a7fcd40
Event: 181.736 Thread 0x000001992c343c30 DEOPT UNPACKING pc=0x00000199075823a3 sp=0x000000821a7fccc0 mode 2
Event: 181.736 Thread 0x000001992c343c30 Uncommon trap: trap_request=0xffffffde fr.pc=0x00000199080fd168 relative=0x0000000000000628
Event: 181.736 Thread 0x000001992c343c30 Uncommon trap: reason=class_check action=maybe_recompile pc=0x00000199080fd168 method=com.google.common.collect.AbstractMapBasedMultimap$AsMap$AsMapIterator.next()Ljava/util/Map$Entry; @ 4 c2
Event: 181.736 Thread 0x000001992c343c30 DEOPT PACKING pc=0x00000199080fd168 sp=0x000000821a7fcf10
Event: 181.736 Thread 0x000001992c343c30 DEOPT UNPACKING pc=0x00000199075823a3 sp=0x000000821a7fce80 mode 2
Event: 181.736 Thread 0x000001992c343c30 Uncommon trap: trap_request=0xffffffde fr.pc=0x0000019907d53b40 relative=0x0000000000000180
Event: 181.736 Thread 0x000001992c343c30 Uncommon trap: reason=class_check action=maybe_recompile pc=0x0000019907d53b40 method=com.google.common.collect.AbstractMapBasedMultimap$AsMap.wrapEntry(Ljava/util/Map$Entry;)Ljava/util/Map$Entry; @ 1 c2
Event: 181.736 Thread 0x000001992c343c30 DEOPT PACKING pc=0x0000019907d53b40 sp=0x000000821a7fce60
Event: 181.736 Thread 0x000001992c343c30 DEOPT UNPACKING pc=0x00000199075823a3 sp=0x000000821a7fce08 mode 2
Event: 190.557 Thread 0x000001992c343c30 Uncommon trap: trap_request=0xffffffd6 fr.pc=0x00000199087049e0 relative=0x00000000000024a0
Event: 190.557 Thread 0x000001992c343c30 Uncommon trap: reason=array_check action=maybe_recompile pc=0x00000199087049e0 method=java.util.ComparableTimSort.binarySort([Ljava/lang/Object;III)V @ 193 c2
Event: 190.557 Thread 0x000001992c343c30 DEOPT PACKING pc=0x00000199087049e0 sp=0x000000821a7f8d20
Event: 190.557 Thread 0x000001992c343c30 DEOPT UNPACKING pc=0x00000199075823a3 sp=0x000000821a7f8c50 mode 2
Event: 190.833 Thread 0x000001992c343c30 Uncommon trap: trap_request=0xffffffd6 fr.pc=0x00000199087049e0 relative=0x00000000000024a0
Event: 190.833 Thread 0x000001992c343c30 Uncommon trap: reason=array_check action=maybe_recompile pc=0x00000199087049e0 method=java.util.ComparableTimSort.binarySort([Ljava/lang/Object;III)V @ 193 c2
Event: 190.833 Thread 0x000001992c343c30 DEOPT PACKING pc=0x00000199087049e0 sp=0x000000821a7f80e0
Event: 190.833 Thread 0x000001992c343c30 DEOPT UNPACKING pc=0x00000199075823a3 sp=0x000000821a7f8010 mode 2

Classes unloaded (20 events):
Event: 170.638 Thread 0x0000019911fedb40 Unloading class 0x0000019914a72000 'lombok/launch/AnnotationProcessorHider$ClaimingProcessor'
Event: 170.638 Thread 0x0000019911fedb40 Unloading class 0x0000019914a70c08 'lombok/launch/ClassFileMetaData'
Event: 170.638 Thread 0x0000019911fedb40 Unloading class 0x0000019914a709f0 'lombok/launch/PackageShader'
Event: 170.638 Thread 0x0000019911fedb40 Unloading class 0x0000019914a706e0 'lombok/launch/ShadowClassLoader'
Event: 170.638 Thread 0x0000019911fedb40 Unloading class 0x0000019914a704e0 'lombok/launch/Main'
Event: 170.638 Thread 0x0000019911fedb40 Unloading class 0x0000019914a70260 'lombok/launch/AnnotationProcessorHider$AnnotationProcessor'
Event: 170.638 Thread 0x0000019911fedb40 Unloading class 0x0000019914a70000 'org/springframework/boot/configurationprocessor/metadata/InvalidConfigurationMetadataException'
Event: 170.638 Thread 0x0000019911fedb40 Unloading class 0x0000019914a6fc00 'org/springframework/boot/configurationprocessor/ConfigurationMetadataAnnotationProcessor'
Event: 170.638 Thread 0x0000019911fedb40 Unloading class 0x0000019914a668c0 'lombok/core/AnnotationProcessor$EcjDescriptor'
Event: 170.638 Thread 0x0000019911fedb40 Unloading class 0x0000019914a66688 'lombok/core/AnnotationProcessor$JavacDescriptor'
Event: 170.638 Thread 0x0000019911fedb40 Unloading class 0x0000019914a66280 'lombok/core/AnnotationProcessor$ProcessorDescriptor'
Event: 170.638 Thread 0x0000019911fedb40 Unloading class 0x0000019914a66000 'lombok/core/AnnotationProcessor'
Event: 170.638 Thread 0x0000019911fedb40 Unloading class 0x0000019914a657a8 'lombok/launch/AnnotationProcessorHider$ClaimingProcessor'
Event: 170.638 Thread 0x0000019911fedb40 Unloading class 0x0000019914a65528 'lombok/launch/ClassFileMetaData'
Event: 170.638 Thread 0x0000019911fedb40 Unloading class 0x0000019914a65310 'lombok/launch/PackageShader'
Event: 170.638 Thread 0x0000019911fedb40 Unloading class 0x0000019914a65000 'lombok/launch/ShadowClassLoader'
Event: 170.638 Thread 0x0000019911fedb40 Unloading class 0x0000019914a64400 'lombok/launch/Main'
Event: 170.638 Thread 0x0000019911fedb40 Unloading class 0x0000019914a64d38 'lombok/launch/AnnotationProcessorHider$AnnotationProcessor'
Event: 170.638 Thread 0x0000019911fedb40 Unloading class 0x0000019914a64ad8 'org/springframework/boot/configurationprocessor/metadata/InvalidConfigurationMetadataException'
Event: 170.638 Thread 0x0000019911fedb40 Unloading class 0x0000019914a64800 'org/springframework/boot/configurationprocessor/ConfigurationMetadataAnnotationProcessor'

Classes redefined (0 events):
No events

Internal exceptions (20 events):
Event: 176.195 Thread 0x000001992c343c30 Exception <a 'sun/nio/fs/WindowsException'{0x00000000efc57ad8}> (0x00000000efc57ad8) 
thrown [s\open\src\hotspot\share\prims\jni.cpp, line 516]
Event: 176.196 Thread 0x000001992c343c30 Exception <a 'sun/nio/fs/WindowsException'{0x00000000efc59050}> (0x00000000efc59050) 
thrown [s\open\src\hotspot\share\prims\jni.cpp, line 516]
Event: 176.203 Thread 0x000001992c343c30 Exception <a 'sun/nio/fs/WindowsException'{0x00000000efc5a5c8}> (0x00000000efc5a5c8) 
thrown [s\open\src\hotspot\share\prims\jni.cpp, line 516]
Event: 176.204 Thread 0x000001992c343c30 Exception <a 'sun/nio/fs/WindowsException'{0x00000000efc5bb20}> (0x00000000efc5bb20) 
thrown [s\open\src\hotspot\share\prims\jni.cpp, line 516]
Event: 176.421 Thread 0x000001992c343c30 Exception <a 'java/lang/NoClassDefFoundError'{0x00000000ef5b7030}: org/jetbrains/kotlin/gradle/plugin/KotlinPluginWrapper> (0x00000000ef5b7030) 
thrown [s\open\src\hotspot\share\oops\constantPool.cpp, line 837]
Event: 176.421 Thread 0x000001992c343c30 Exception <a 'java/lang/NoClassDefFoundError'{0x00000000ef5b9128}: org/graalvm/buildtools/gradle/NativeImagePlugin> (0x00000000ef5b9128) 
thrown [s\open\src\hotspot\share\oops\constantPool.cpp, line 837]
Event: 176.421 Thread 0x000001992c343c30 Exception <a 'java/lang/NoClassDefFoundError'{0x00000000ef5bb210}: org/cyclonedx/gradle/CycloneDxPlugin> (0x00000000ef5bb210) 
thrown [s\open\src\hotspot\share\oops\constantPool.cpp, line 837]
Event: 180.755 Thread 0x0000019931092e70 Exception <a 'sun/nio/fs/WindowsException'{0x00000000ec359ae0}> (0x00000000ec359ae0) 
thrown [s\open\src\hotspot\share\prims\jni.cpp, line 516]
Event: 181.342 Thread 0x0000019931092e70 Exception <a 'sun/nio/fs/WindowsException'{0x00000000eb98bbc8}> (0x00000000eb98bbc8) 
thrown [s\open\src\hotspot\share\prims\jni.cpp, line 516]
Event: 181.342 Thread 0x0000019931092e70 Exception <a 'sun/nio/fs/WindowsException'{0x00000000eb98bef0}> (0x00000000eb98bef0) 
thrown [s\open\src\hotspot\share\prims\jni.cpp, line 516]
Event: 181.414 Thread 0x0000019931092e70 Exception <a 'sun/nio/fs/WindowsException'{0x00000000eb6cd838}> (0x00000000eb6cd838) 
thrown [s\open\src\hotspot\share\prims\jni.cpp, line 516]
Event: 181.429 Thread 0x0000019931092e70 Exception <a 'java/lang/reflect/InvocationTargetException'{0x00000000eb6cdaf8}> (0x00000000eb6cdaf8) 
thrown [s\open\src\hotspot\share\runtime\reflection.cpp, line 1121]
Event: 181.446 Thread 0x000001992c343c30 Exception <a 'sun/nio/fs/WindowsException'{0x00000000ed2d4598}> (0x00000000ed2d4598) 
thrown [s\open\src\hotspot\share\prims\jni.cpp, line 516]
Event: 181.446 Thread 0x000001992c343c30 Exception <a 'sun/nio/fs/WindowsException'{0x00000000ed2d4898}> (0x00000000ed2d4898) 
thrown [s\open\src\hotspot\share\prims\jni.cpp, line 516]
Event: 181.465 Thread 0x000001992fd9a530 Exception <a 'sun/nio/fs/WindowsException'{0x00000000eb511b48}> (0x00000000eb511b48) 
thrown [s\open\src\hotspot\share\prims\jni.cpp, line 516]
Event: 181.735 Thread 0x000001992fd9a530 Exception <a 'sun/nio/fs/WindowsException'{0x00000000eb511dc0}> (0x00000000eb511dc0) 
thrown [s\open\src\hotspot\share\prims\jni.cpp, line 516]
Event: 190.603 Thread 0x000001992c343c30 Exception <a 'sun/nio/fs/WindowsException'{0x00000000eae53b90}> (0x00000000eae53b90) 
thrown [s\open\src\hotspot\share\prims\jni.cpp, line 516]
Event: 190.604 Thread 0x000001992c343c30 Exception <a 'sun/nio/fs/WindowsException'{0x00000000eae55108}> (0x00000000eae55108) 
thrown [s\open\src\hotspot\share\prims\jni.cpp, line 516]
Event: 190.606 Thread 0x000001992c343c30 Exception <a 'sun/nio/fs/WindowsException'{0x00000000eae56680}> (0x00000000eae56680) 
thrown [s\open\src\hotspot\share\prims\jni.cpp, line 516]
Event: 190.607 Thread 0x000001992c343c30 Exception <a 'sun/nio/fs/WindowsException'{0x00000000eae57bd8}> (0x00000000eae57bd8) 
thrown [s\open\src\hotspot\share\prims\jni.cpp, line 516]

VM Operations (20 events):
Event: 175.734 Executing VM operation: G1CollectForAllocation done
Event: 176.743 Executing VM operation: Cleanup
Event: 176.780 Executing VM operation: Cleanup done
Event: 178.788 Executing VM operation: Cleanup
Event: 178.788 Executing VM operation: Cleanup done
Event: 179.014 Executing VM operation: G1CollectForAllocation
Event: 179.030 Executing VM operation: G1CollectForAllocation done
Event: 180.031 Executing VM operation: Cleanup
Event: 180.049 Executing VM operation: Cleanup done
Event: 180.332 Executing VM operation: HandshakeAllThreads
Event: 180.354 Executing VM operation: HandshakeAllThreads done
Event: 181.365 Executing VM operation: Cleanup
Event: 181.371 Executing VM operation: Cleanup done
Event: 182.373 Executing VM operation: Cleanup
Event: 182.373 Executing VM operation: Cleanup done
Event: 187.400 Executing VM operation: Cleanup
Event: 187.400 Executing VM operation: Cleanup done
Event: 190.447 Executing VM operation: Cleanup
Event: 190.481 Executing VM operation: Cleanup done
Event: 191.486 Executing VM operation: Cleanup

Events (20 events):
Event: 190.499 Thread 0x000001992fed7ed0 Thread added: 0x000001992fed7ed0
Event: 190.539 Thread 0x00000199312d5d10 Thread added: 0x00000199312d5d10
Event: 190.574 Thread 0x000001992fed5b60 Thread added: 0x000001992fed5b60
Event: 190.575 Thread 0x000001992fed6580 Thread added: 0x000001992fed6580
Event: 190.576 Thread 0x000001992fed6a90 Thread added: 0x000001992fed6a90
Event: 190.583 Thread 0x000001992fed5140 Thread added: 0x000001992fed5140
Event: 190.802 Thread 0x000001992fed6fa0 Thread added: 0x000001992fed6fa0
Event: 190.803 Thread 0x000001992fed8e00 Thread added: 0x000001992fed8e00
Event: 190.803 Thread 0x000001992fed74b0 Thread added: 0x000001992fed74b0
Event: 190.805 Thread 0x000001992fed79c0 Thread added: 0x000001992fed79c0
Event: 190.805 Thread 0x000001992fed6070 Thread added: 0x000001992fed6070
Event: 190.806 Thread 0x000001992fed5650 Thread added: 0x000001992fed5650
Event: 190.806 Thread 0x000001992fedcac0 Thread added: 0x000001992fedcac0
Event: 190.835 Thread 0x000001992fed9310 Thread added: 0x000001992fed9310
Event: 190.836 Thread 0x000001992fed9820 Thread added: 0x000001992fed9820
Event: 190.836 Thread 0x000001992fedc0a0 Thread added: 0x000001992fedc0a0
Event: 190.840 Thread 0x000001992fed9d30 Thread added: 0x000001992fed9d30
Event: 190.842 Thread 0x000001992feda750 Thread added: 0x000001992feda750
Event: 190.842 Thread 0x000001992fedac60 Thread added: 0x000001992fedac60
Event: 190.843 Thread 0x000001992fedb170 Thread added: 0x000001992fedb170


Dynamic libraries:
0x00007ff6b1450000 - 0x00007ff6b1460000 	C:\Program Files\Java\jdk-17\bin\java.exe
0x00007ffbc2140000 - 0x00007ffbc23a8000 	C:\WINDOWS\SYSTEM32\ntdll.dll
0x00007ffbc1010000 - 0x00007ffbc10d9000 	C:\WINDOWS\System32\KERNEL32.DLL
0x00007ffbbf630000 - 0x00007ffbbfa28000 	C:\WINDOWS\System32\KERNELBASE.dll
0x00007ffbbf370000 - 0x00007ffbbf4bb000 	C:\WINDOWS\System32\ucrtbase.dll
0x00007ffbb2b10000 - 0x00007ffbb2b29000 	C:\Program Files\Java\jdk-17\bin\jli.dll
0x00007ffbc16a0000 - 0x00007ffbc1754000 	C:\WINDOWS\System32\ADVAPI32.dll
0x00007ffbc1f90000 - 0x00007ffbc2039000 	C:\WINDOWS\System32\msvcrt.dll
0x00007ffbc1e00000 - 0x00007ffbc1ea6000 	C:\WINDOWS\System32\sechost.dll
0x00007ffbc10e0000 - 0x00007ffbc11f8000 	C:\WINDOWS\System32\RPCRT4.dll
0x00007ffbc0df0000 - 0x00007ffbc0fb7000 	C:\WINDOWS\System32\USER32.dll
0x00007ffbbf290000 - 0x00007ffbbf2b7000 	C:\WINDOWS\System32\win32u.dll
0x00007ffbc08f0000 - 0x00007ffbc091b000 	C:\WINDOWS\System32\GDI32.dll
0x00007ffbbfba0000 - 0x00007ffbbfccc000 	C:\WINDOWS\System32\gdi32full.dll
0x00007ffbbf2c0000 - 0x00007ffbbf363000 	C:\WINDOWS\System32\msvcp_win.dll
0x00007ffbb2af0000 - 0x00007ffbb2b0b000 	C:\Program Files\Java\jdk-17\bin\VCRUNTIME140.dll
0x00007ffbaad90000 - 0x00007ffbab024000 	C:\WINDOWS\WinSxS\amd64_microsoft.windows.common-controls_6595b64144ccf1df_6.0.26100.7019_none_3e06ffa0e335b8a8\COMCTL32.dll
0x00007ffbb2210000 - 0x00007ffbb221b000 	C:\WINDOWS\SYSTEM32\VERSION.dll
0x00007ffbc0150000 - 0x00007ffbc0181000 	C:\WINDOWS\System32\IMM32.DLL
0x00007ffbbb360000 - 0x00007ffbbb36c000 	C:\Program Files\Java\jdk-17\bin\vcruntime140_1.dll
0x00007ffbb1cd0000 - 0x00007ffbb1d5e000 	C:\Program Files\Java\jdk-17\bin\msvcp140.dll
0x00007ffb80880000 - 0x00007ffb81460000 	C:\Program Files\Java\jdk-17\bin\server\jvm.dll
0x00007ffbc1f00000 - 0x00007ffbc1f08000 	C:\WINDOWS\System32\PSAPI.DLL
0x00007ffbbb340000 - 0x00007ffbbb34a000 	C:\WINDOWS\SYSTEM32\WSOCK32.dll
0x00007ffbc0a10000 - 0x00007ffbc0a84000 	C:\WINDOWS\System32\WS2_32.dll
0x00007ffbae780000 - 0x00007ffbae7b5000 	C:\WINDOWS\SYSTEM32\WINMM.dll
0x00007ffbbe010000 - 0x00007ffbbe02b000 	C:\WINDOWS\SYSTEM32\kernel.appcore.dll
0x00007ffbbb2a0000 - 0x00007ffbbb2aa000 	C:\Program Files\Java\jdk-17\bin\jimage.dll
0x00007ffbbc980000 - 0x00007ffbbcbc2000 	C:\WINDOWS\SYSTEM32\DBGHELP.DLL
0x00007ffbc1860000 - 0x00007ffbc1beb000 	C:\WINDOWS\System32\combase.dll
0x00007ffbbffe0000 - 0x00007ffbc00b7000 	C:\WINDOWS\System32\OLEAUT32.dll
0x00007ffbbb9e0000 - 0x00007ffbbba1c000 	C:\WINDOWS\SYSTEM32\dbgcore.DLL
0x00007ffbbfaf0000 - 0x00007ffbbfb95000 	C:\WINDOWS\System32\bcryptPrimitives.dll
0x00007ffbb2cc0000 - 0x00007ffbb2cce000 	C:\Program Files\Java\jdk-17\bin\instrument.dll
0x00007ffbb1f30000 - 0x00007ffbb1f55000 	C:\Program Files\Java\jdk-17\bin\java.dll
0x00007ffbadfd0000 - 0x00007ffbae0a7000 	C:\Program Files\Java\jdk-17\bin\jsvml.dll
0x00007ffbc0190000 - 0x00007ffbc08df000 	C:\WINDOWS\System32\SHELL32.dll
0x00007ffbbf4c0000 - 0x00007ffbbf62b000 	C:\WINDOWS\System32\wintypes.dll
0x00007ffbbce90000 - 0x00007ffbbd6ed000 	C:\WINDOWS\SYSTEM32\windows.storage.dll
0x00007ffbc1760000 - 0x00007ffbc1852000 	C:\WINDOWS\System32\SHCORE.dll
0x00007ffbc1d90000 - 0x00007ffbc1df7000 	C:\WINDOWS\System32\shlwapi.dll
0x00007ffbbf1b0000 - 0x00007ffbbf1d9000 	C:\WINDOWS\SYSTEM32\profapi.dll
0x00007ffbb2970000 - 0x00007ffbb2988000 	C:\Program Files\Java\jdk-17\bin\zip.dll
0x00007ffbb1f10000 - 0x00007ffbb1f29000 	C:\Program Files\Java\jdk-17\bin\net.dll
0x00007ffbbb480000 - 0x00007ffbbb5a8000 	C:\WINDOWS\SYSTEM32\WINHTTP.dll
0x00007ffbbe560000 - 0x00007ffbbe5cb000 	C:\WINDOWS\system32\mswsock.dll
0x00007ffbb1ef0000 - 0x00007ffbb1f06000 	C:\Program Files\Java\jdk-17\bin\nio.dll
0x00007ffbb1ee0000 - 0x00007ffbb1ef0000 	C:\Program Files\Java\jdk-17\bin\verify.dll
0x00007ffb9acc0000 - 0x00007ffb9ace7000 	C:\Users\happy\.gradle\native\1def1411415f61bf3af743bc5b6707747c0891f09f0c88961ee8f79bc544acac\windows-amd64\native-platform.dll
0x00007ffbadf50000 - 0x00007ffbadfc8000 	C:\Users\happy\.gradle\native\0.2.7\x86_64-windows-gnu\gradle-fileevents.dll
0x00007ffbb1cc0000 - 0x00007ffbb1cca000 	C:\Program Files\Java\jdk-17\bin\management.dll
0x00007ffbae860000 - 0x00007ffbae86b000 	C:\Program Files\Java\jdk-17\bin\management_ext.dll
0x00007ffbbda50000 - 0x00007ffbbda84000 	C:\WINDOWS\SYSTEM32\IPHLPAPI.DLL
0x00007ffbc0de0000 - 0x00007ffbc0dea000 	C:\WINDOWS\System32\NSI.dll
0x00007ffbb24c0000 - 0x00007ffbb24de000 	C:\WINDOWS\SYSTEM32\dhcpcsvc6.DLL
0x00007ffbb2370000 - 0x00007ffbb2393000 	C:\WINDOWS\SYSTEM32\dhcpcsvc.DLL
0x00007ffbbdaf0000 - 0x00007ffbbdc1c000 	C:\WINDOWS\SYSTEM32\DNSAPI.dll
0x00007ffbbe950000 - 0x00007ffbbe96b000 	C:\WINDOWS\SYSTEM32\CRYPTSP.dll
0x00007ffbbdf70000 - 0x00007ffbbdfaa000 	C:\WINDOWS\system32\rsaenh.dll
0x00007ffbbe610000 - 0x00007ffbbe63b000 	C:\WINDOWS\SYSTEM32\USERENV.dll
0x00007ffbbf180000 - 0x00007ffbbf1aa000 	C:\WINDOWS\SYSTEM32\bcrypt.dll
0x00007ffbbe7b0000 - 0x00007ffbbe7bc000 	C:\WINDOWS\SYSTEM32\CRYPTBASE.dll
0x00007ffbadf40000 - 0x00007ffbadf4e000 	C:\Program Files\Java\jdk-17\bin\sunmscapi.dll
0x00007ffbbfcd0000 - 0x00007ffbbfe47000 	C:\WINDOWS\System32\CRYPT32.dll
0x00007ffbbeaa0000 - 0x00007ffbbead0000 	C:\WINDOWS\SYSTEM32\ncrypt.dll
0x00007ffbbea50000 - 0x00007ffbbea8f000 	C:\WINDOWS\SYSTEM32\NTASN1.dll
0x00007ffb82580000 - 0x00007ffb82588000 	C:\WINDOWS\system32\wshunix.dll
0x00007ffbbe130000 - 0x00007ffbbe166000 	C:\WINDOWS\SYSTEM32\ntmarta.dll

dbghelp: loaded successfully - version: 4.0.5 - missing functions: none
symbol engine: initialized successfully - sym options: 0x614 - pdb path: .;C:\Program Files\Java\jdk-17\bin;C:\WINDOWS\SYSTEM32;C:\WINDOWS\WinSxS\amd64_microsoft.windows.common-controls_6595b64144ccf1df_6.0.26100.7019_none_3e06ffa0e335b8a8;C:\Program Files\Java\jdk-17\bin\server;C:\Users\happy\.gradle\native\1def1411415f61bf3af743bc5b6707747c0891f09f0c88961ee8f79bc544acac\windows-amd64;C:\Users\happy\.gradle\native\0.2.7\x86_64-windows-gnu

VM Arguments:
jvm_args: --add-opens=java.base/java.lang=ALL-UNNAMED --add-opens=java.base/java.lang.invoke=ALL-UNNAMED --add-opens=java.base/java.util=ALL-UNNAMED --add-opens=java.prefs/java.util.prefs=ALL-UNNAMED --add-exports=jdk.compiler/com.sun.tools.javac.api=ALL-UNNAMED --add-exports=jdk.compiler/com.sun.tools.javac.util=ALL-UNNAMED --add-opens=java.base/java.util=ALL-UNNAMED --add-opens=java.prefs/java.util.prefs=ALL-UNNAMED --add-opens=java.base/java.nio.charset=ALL-UNNAMED --add-opens=java.base/java.net=ALL-UNNAMED --add-opens=java.base/java.util.concurrent.atomic=ALL-UNNAMED --add-opens=java.xml/javax.xml.namespace=ALL-UNNAMED -XX:MaxMetaspaceSize=384m -XX:+HeapDumpOnOutOfMemoryError -Xms256m -Xmx512m -Dfile.encoding=UTF-8 -Duser.country=KR -Duser.language=ko -Duser.variant -javaagent:C:\Users\happy\.gradle\wrapper\dists\gradle-8.14.3-bin\cv11ve7ro1n3o1j4so8xd9n66\gradle-8.14.3\lib\agents\gradle-instrumentation-agent-8.14.3.jar 
java_command: org.gradle.launcher.daemon.bootstrap.GradleDaemon 8.14.3
java_class_path (initial): C:\Users\happy\.gradle\wrapper\dists\gradle-8.14.3-bin\cv11ve7ro1n3o1j4so8xd9n66\gradle-8.14.3\lib\gradle-daemon-main-8.14.3.jar
Launcher Type: SUN_STANDARD

[Global flags]
     intx CICompilerCount                          = 4                                         {product} {ergonomic}
   size_t CompressedClassSpaceSize                 = 335544320                                 {product} {ergonomic}
     uint ConcGCThreads                            = 2                                         {product} {ergonomic}
     uint G1ConcRefinementThreads                  = 8                                         {product} {ergonomic}
   size_t G1HeapRegionSize                         = 1048576                                   {product} {ergonomic}
    uintx GCDrainStackTargetSize                   = 64                                        {product} {ergonomic}
     bool HeapDumpOnOutOfMemoryError               = true                                   {manageable} {command line}
   size_t InitialHeapSize                          = 268435456                                 {product} {command line}
   size_t MarkStackSize                            = 4194304                                   {product} {ergonomic}
   size_t MaxHeapSize                              = 536870912                                 {product} {command line}
   size_t MaxMetaspaceSize                         = 402653184                                 {product} {command line}
   size_t MaxNewSize                               = 321912832                                 {product} {ergonomic}
   size_t MinHeapDeltaBytes                        = 1048576                                   {product} {ergonomic}
   size_t MinHeapSize                              = 268435456                                 {product} {command line}
    uintx NonNMethodCodeHeapSize                   = 5839372                                {pd product} {ergonomic}
    uintx NonProfiledCodeHeapSize                  = 122909434                              {pd product} {ergonomic}
    uintx ProfiledCodeHeapSize                     = 122909434                              {pd product} {ergonomic}
    uintx ReservedCodeCacheSize                    = 251658240                              {pd product} {ergonomic}
     bool SegmentedCodeCache                       = true                                      {product} {ergonomic}
   size_t SoftMaxHeapSize                          = 536870912                              {manageable} {ergonomic}
     bool UseCompressedClassPointers               = true                           {product lp64_product} {ergonomic}
     bool UseCompressedOops                        = true                           {product lp64_product} {ergonomic}
     bool UseG1GC                                  = true                                      {product} {ergonomic}
     bool UseLargePagesIndividualAllocation        = false                                  {pd product} {ergonomic}

Logging:
Log output configuration:
 #0: stdout all=warning uptime,level,tags
 #1: stderr all=off uptime,level,tags

Environment Variables:
JAVA_HOME=C:\Program Files\Java\jdk-21
PATH=C:\Program Files\Volta\;C:\Program Files\Common Files\Oracle\Java\javapath;C:\Program Files (x86)\VMware\VMware Player\bin\;C:\WINDOWS\system32;C:\WINDOWS;C:\WINDOWS\System32\Wbem;C:\WINDOWS\System32\WindowsPowerShell\v1.0\;C:\WINDOWS\System32\OpenSSH\;C:\Program Files\Java\jdk-21;C:\Program Files\Git\cmd;C:\Program Files\GitHub CLI\;C:\Users\happy\AppData\Local\nvm;C:\nvm4w\nodejs;C:\Program Files\Docker\Docker\resources\bin;C:\Program Files\dotnet\;C:\Program Files\Microsoft SQL Server\150\Tools\Binn\;C:\Program Files (x86)\Windows Kits\10\Windows Performance Toolkit\;C:\Program Files\Bandizip\;c:\Users\happy\AppData\Local\Programs\cursor\resources\app\bin;C:\Program Files\cursor\resources\app\bin;%PATH:C:\Program Files\Volta;=%
USERNAME=happy
OS=Windows_NT
PROCESSOR_IDENTIFIER=Intel64 Family 6 Model 142 Stepping 12, GenuineIntel



---------------  S Y S T E M  ---------------

OS:
 Windows 11 , 64 bit Build 26100 (10.0.26100.7019)
OS uptime: 0 days 6:29 hours
Hyper-V role detected

CPU: total 8 (initial active 8) (4 cores per cpu, 2 threads per core) family 6 model 142 stepping 12 microcode 0xde, cx8, cmov, fxsr, ht, mmx, 3dnowpref, sse, sse2, sse3, ssse3, sse4.1, sse4.2, popcnt, lzcnt, tsc, tscinvbit, avx, avx2, aes, erms, clmul, bmi1, bmi2, adx, fma, vzeroupper, clflush, clflushopt, hv

Memory: 4k page, system-wide physical 24355M (6405M free)
TotalPageFile size 24355M (AvailPageFile size 0M)
current process WorkingSet (physical memory assigned to process): 543M, peak: 549M
current process commit charge ("private bytes"): 575M, peak: 583M

vm_info: Java HotSpot(TM) 64-Bit Server VM (17.0.12+8-LTS-286) for windows-amd64 JRE (17.0.12+8-LTS-286), built on Jun  5 2024 06:46:59 by "mach5one" with MS VC++ 17.6 (VS2022)

END.
