#
# There is insufficient memory for the Java Runtime Environment to continue.
# Native memory allocation (malloc) failed to allocate 1673248 bytes for Chunk::new
# Possible reasons:
#   The system is out of physical RAM or swap space
#   The process is running with CompressedOops enabled, and the Java Heap may be blocking the growth of the native heap
# Possible solutions:
#   Reduce memory load on the system
#   Increase physical memory or swap space
#   Check if swap backing store is full
#   Decrease Java heap size (-Xmx/-Xms)
#   Decrease number of Java threads
#   Decrease Java thread stack sizes (-Xss)
#   Set larger code cache with -XX:ReservedCodeCacheSize=
#   JVM is running with Unscaled Compressed Oops mode in which the Java heap is
#     placed in the first 4GB address space. The Java Heap base address is the
#     maximum limit for the native heap growth. Please use -XX:HeapBaseMinAddress
#     to set the Java Heap base and to place the Java Heap above 4GB virtual address.
# This output file may be truncated or incomplete.
#
#  Out of Memory Error (arena.cpp:189), pid=7552, tid=20216
#
# JRE version: Java(TM) SE Runtime Environment (17.0.12+8) (build 17.0.12+8-LTS-286)
# Java VM: Java HotSpot(TM) 64-Bit Server VM (17.0.12+8-LTS-286, mixed mode, sharing, tiered, compressed oops, compressed class ptrs, g1 gc, windows-amd64)
# No core dump will be written. Minidumps are not enabled by default on client versions of Windows
#

---------------  S U M M A R Y ------------

Command Line: --add-opens=java.base/java.lang=ALL-UNNAMED --add-opens=java.base/java.lang.invoke=ALL-UNNAMED --add-opens=java.base/java.util=ALL-UNNAMED --add-opens=java.prefs/java.util.prefs=ALL-UNNAMED --add-exports=jdk.compiler/com.sun.tools.javac.api=ALL-UNNAMED --add-exports=jdk.compiler/com.sun.tools.javac.util=ALL-UNNAMED --add-opens=java.base/java.util=ALL-UNNAMED --add-opens=java.prefs/java.util.prefs=ALL-UNNAMED --add-opens=java.base/java.nio.charset=ALL-UNNAMED --add-opens=java.base/java.net=ALL-UNNAMED --add-opens=java.base/java.util.concurrent.atomic=ALL-UNNAMED --add-opens=java.xml/javax.xml.namespace=ALL-UNNAMED -XX:MaxMetaspaceSize=384m -XX:+HeapDumpOnOutOfMemoryError -Xms256m -Xmx512m -Dfile.encoding=UTF-8 -Duser.country=KR -Duser.language=ko -Duser.variant -javaagent:C:\Users\happy\.gradle\wrapper\dists\gradle-8.14.3-bin\cv11ve7ro1n3o1j4so8xd9n66\gradle-8.14.3\lib\agents\gradle-instrumentation-agent-8.14.3.jar org.gradle.launcher.daemon.bootstrap.GradleDaemon 8.14.3

Host: Intel(R) Core(TM) i5-10210U CPU @ 1.60GHz, 8 cores, 23G,  Windows 11 , 64 bit Build 26100 (10.0.26100.7019)
Time: Wed Nov 19 15:54:50 2025  Windows 11 , 64 bit Build 26100 (10.0.26100.7019) elapsed time: 10.936882 seconds (0d 0h 0m 10s)

---------------  T H R E A D  ---------------

Current thread (0x0000014ebbe448a0):  JavaThread "C2 CompilerThread1" daemon [_thread_in_native, id=20216, stack(0x0000001685c00000,0x0000001685d00000)]


Current CompileTask:
C2:  10937 3120   !   4       java.lang.ClassLoader::loadClass (121 bytes)

Stack: [0x0000001685c00000,0x0000001685d00000]
Native frames: (J=compiled Java code, j=interpreted, Vv=VM code, C=native code)
V  [jvm.dll+0x67a04a]
V  [jvm.dll+0x7da4ed]
V  [jvm.dll+0x7dbe33]
V  [jvm.dll+0x7dc4a3]
V  [jvm.dll+0x24508f]
V  [jvm.dll+0xab773]
V  [jvm.dll+0xabd3c]
V  [jvm.dll+0x361bee]
V  [jvm.dll+0x1ba45a]
V  [jvm.dll+0x216997]
V  [jvm.dll+0x215c6f]
V  [jvm.dll+0x1a2960]
V  [jvm.dll+0x22610b]
V  [jvm.dll+0x2242ab]
V  [jvm.dll+0x79075c]
V  [jvm.dll+0x78abea]
V  [jvm.dll+0x678f35]
C  [ucrtbase.dll+0x37b0]
C  [KERNEL32.DLL+0x2e8d7]
C  [ntdll.dll+0x8c53c]


---------------  P R O C E S S  ---------------

Threads class SMR info:
_java_thread_list=0x0000014ebdfec380, length=33, elements={
0x0000014e849f2750, 0x0000014ea104aac0, 0x0000014ea104b590, 0x0000014ea105c420,
0x0000014ea105ed00, 0x0000014ea105f5d0, 0x0000014ea105fea0, 0x0000014ea1068b80,
0x0000014ea10794b0, 0x0000014ea1093580, 0x0000014ea11e7aa0, 0x0000014ea12c22d0,
0x0000014ebc63ea30, 0x0000014ebbe786f0, 0x0000014ea129b350, 0x0000014ea12107b0,
0x0000014ebbddfe10, 0x0000014ebbde0320, 0x0000014ebbde1760, 0x0000014ebbde0830,
0x0000014ebbdde4c0, 0x0000014ebbde0d40, 0x0000014ebbde1250, 0x0000014ebbdddfb0,
0x0000014ebbdde9d0, 0x0000014ebbe448a0, 0x0000014ea14df980, 0x0000014ebbddeee0,
0x0000014ebbddf900, 0x0000014ebe563aa0, 0x0000014ebe563fb0, 0x0000014ebe5644c0,
0x0000014ebe565900
}

Java Threads: ( => current thread )
  0x0000014e849f2750 JavaThread "main" [_thread_blocked, id=24100, stack(0x0000001683700000,0x0000001683800000)]
  0x0000014ea104aac0 JavaThread "Reference Handler" daemon [_thread_blocked, id=12000, stack(0x0000001683e00000,0x0000001683f00000)]
  0x0000014ea104b590 JavaThread "Finalizer" daemon [_thread_blocked, id=5416, stack(0x0000001683f00000,0x0000001684000000)]
  0x0000014ea105c420 JavaThread "Signal Dispatcher" daemon [_thread_blocked, id=24612, stack(0x0000001684000000,0x0000001684100000)]
  0x0000014ea105ed00 JavaThread "Attach Listener" daemon [_thread_blocked, id=28216, stack(0x0000001684100000,0x0000001684200000)]
  0x0000014ea105f5d0 JavaThread "Service Thread" daemon [_thread_blocked, id=17468, stack(0x0000001684200000,0x0000001684300000)]
  0x0000014ea105fea0 JavaThread "Monitor Deflation Thread" daemon [_thread_blocked, id=6164, stack(0x0000001684300000,0x0000001684400000)]
  0x0000014ea1068b80 JavaThread "C2 CompilerThread0" daemon [_thread_in_native, id=27152, stack(0x0000001684400000,0x0000001684500000)]
  0x0000014ea10794b0 JavaThread "C1 CompilerThread0" daemon [_thread_blocked, id=15004, stack(0x0000001684500000,0x0000001684600000)]
  0x0000014ea1093580 JavaThread "Sweeper thread" daemon [_thread_blocked, id=20112, stack(0x0000001684600000,0x0000001684700000)]
  0x0000014ea11e7aa0 JavaThread "Common-Cleaner" daemon [_thread_blocked, id=12148, stack(0x0000001684700000,0x0000001684800000)]
  0x0000014ea12c22d0 JavaThread "Notification Thread" daemon [_thread_blocked, id=18556, stack(0x0000001684800000,0x0000001684900000)]
  0x0000014ebc63ea30 JavaThread "Daemon health stats" [_thread_blocked, id=12160, stack(0x0000001684b00000,0x0000001684c00000)]
  0x0000014ebbe786f0 JavaThread "Incoming local TCP Connector on port 53736" [_thread_in_native, id=7600, stack(0x0000001684a00000,0x0000001684b00000)]
  0x0000014ea129b350 JavaThread "Daemon periodic checks" [_thread_blocked, id=8028, stack(0x0000001685100000,0x0000001685200000)]
  0x0000014ea12107b0 JavaThread "Daemon" [_thread_blocked, id=872, stack(0x0000001685300000,0x0000001685400000)]
  0x0000014ebbddfe10 JavaThread "Handler for socket connection from /127.0.0.1:53736 to /127.0.0.1:53737" [_thread_in_native, id=22572, stack(0x0000001685400000,0x0000001685500000)]
  0x0000014ebbde0320 JavaThread "Cancel handler" [_thread_blocked, id=26160, stack(0x0000001685500000,0x0000001685600000)]
  0x0000014ebbde1760 JavaThread "Daemon worker" [_thread_in_vm, id=21304, stack(0x0000001685600000,0x0000001685700000)]
  0x0000014ebbde0830 JavaThread "Asynchronous log dispatcher for DefaultDaemonConnection: socket connection from /127.0.0.1:53736 to /127.0.0.1:53737" [_thread_blocked, id=912, stack(0x0000001685700000,0x0000001685800000)]
  0x0000014ebbdde4c0 JavaThread "Stdin handler" [_thread_blocked, id=6296, stack(0x0000001685800000,0x0000001685900000)]
  0x0000014ebbde0d40 JavaThread "Daemon client event forwarder" [_thread_blocked, id=13792, stack(0x0000001685900000,0x0000001685a00000)]
  0x0000014ebbde1250 JavaThread "Cache worker for journal cache (C:\Users\happy\.gradle\caches\journal-1)" [_thread_blocked, id=13912, stack(0x0000001685200000,0x0000001685300000)]
  0x0000014ebbdddfb0 JavaThread "File lock request listener" [_thread_in_native, id=11632, stack(0x0000001685a00000,0x0000001685b00000)]
  0x0000014ebbdde9d0 JavaThread "Cache worker for file hash cache (C:\Users\happy\.gradle\caches\8.14.3\fileHashes)" [_thread_blocked, id=22852, stack(0x0000001685b00000,0x0000001685c00000)]
=>0x0000014ebbe448a0 JavaThread "C2 CompilerThread1" daemon [_thread_in_native, id=20216, stack(0x0000001685c00000,0x0000001685d00000)]
  0x0000014ea14df980 JavaThread "C2 CompilerThread2" daemon [_thread_in_native, id=1672, stack(0x0000001685d00000,0x0000001685e00000)]
  0x0000014ebbddeee0 JavaThread "Cache worker for file hash cache (D:\daelim_front_back\portfolio-spring-1.0\.gradle\8.14.3\fileHashes)" [_thread_blocked, id=15704, stack(0x0000001685e00000,0x0000001685f00000)]
  0x0000014ebbddf900 JavaThread "Cache worker for Build Output Cleanup Cache (D:\daelim_front_back\portfolio-spring-1.0\.gradle\buildOutputCleanup)" [_thread_blocked, id=12396, stack(0x0000001685f00000,0x0000001686000000)]
  0x0000014ebe563aa0 JavaThread "File watcher server" daemon [_thread_in_native, id=24960, stack(0x0000001686300000,0x0000001686400000)]
  0x0000014ebe563fb0 JavaThread "File watcher consumer" daemon [_thread_blocked, id=26296, stack(0x0000001686400000,0x0000001686500000)]
  0x0000014ebe5644c0 JavaThread "jar transforms" [_thread_blocked, id=17464, stack(0x0000001686500000,0x0000001686600000)]
  0x0000014ebe565900 JavaThread "jar transforms Thread 2" [_thread_blocked, id=20036, stack(0x0000001686600000,0x0000001686700000)]

Other Threads:
  0x0000014ea1046560 VMThread "VM Thread" [stack: 0x0000001683d00000,0x0000001683e00000] [id=12632]
  0x0000014e84a58420 WatcherThread [stack: 0x0000001684900000,0x0000001684a00000] [id=28020]
  0x0000014e84a22e50 GCTaskThread "GC Thread#0" [stack: 0x0000001683800000,0x0000001683900000] [id=13784]
  0x0000014ea1a655f0 GCTaskThread "GC Thread#1" [stack: 0x0000001684c00000,0x0000001684d00000] [id=17492]
  0x0000014ea1aa1ed0 GCTaskThread "GC Thread#2" [stack: 0x0000001684d00000,0x0000001684e00000] [id=17760]
  0x0000014ea1870ad0 GCTaskThread "GC Thread#3" [stack: 0x0000001684e00000,0x0000001684f00000] [id=5540]
  0x0000014ea1870d90 GCTaskThread "GC Thread#4" [stack: 0x0000001684f00000,0x0000001685000000] [id=10760]
  0x0000014ea1c40790 GCTaskThread "GC Thread#5" [stack: 0x0000001685000000,0x0000001685100000] [id=27772]
  0x0000014ebe1484d0 GCTaskThread "GC Thread#6" [stack: 0x0000001686000000,0x0000001686100000] [id=4476]
  0x0000014ebde27ba0 GCTaskThread "GC Thread#7" [stack: 0x0000001686100000,0x0000001686200000] [id=7524]
  0x0000014e84a27b50 ConcurrentGCThread "G1 Main Marker" [stack: 0x0000001683900000,0x0000001683a00000] [id=17128]
  0x0000014e84a28e80 ConcurrentGCThread "G1 Conc#0" [stack: 0x0000001683a00000,0x0000001683b00000] [id=26292]
  0x0000014ebd932290 ConcurrentGCThread "G1 Conc#1" [stack: 0x0000001686200000,0x0000001686300000] [id=7120]
  0x0000014ea0f044f0 ConcurrentGCThread "G1 Refine#0" [stack: 0x0000001683b00000,0x0000001683c00000] [id=6236]
  0x0000014ea0f04cd0 ConcurrentGCThread "G1 Service" [stack: 0x0000001683c00000,0x0000001683d00000] [id=26632]

Threads with active compile tasks:
C2 CompilerThread0    11011 3145   !   4       java.net.URLClassLoader::findClass (47 bytes)
C2 CompilerThread1    11011 3120   !   4       java.lang.ClassLoader::loadClass (121 bytes)
C2 CompilerThread2    11011 3147       4       java.net.URLClassLoader$1::run (5 bytes)

VM state: not at safepoint (normal execution)

VM Mutex/Monitor currently owned by a thread: None

Heap address: 0x00000000e0000000, size: 512 MB, Compressed Oops mode: 32-bit

CDS archive(s) mapped at: [0x0000014ea2000000-0x0000014ea2bd0000-0x0000014ea2bd0000), size 12386304, SharedBaseAddress: 0x0000014ea2000000, ArchiveRelocationMode: 1.
Compressed class space mapped at: 0x0000014ea3000000-0x0000014eb7000000, reserved size: 335544320
Narrow klass base: 0x0000014ea2000000, Narrow klass shift: 0, Narrow klass range: 0x100000000

GC Precious Log:
 CPUs: 8 total, 8 available
 Memory: 24355M
 Large Page Support: Disabled
 NUMA Support: Disabled
 Compressed Oops: Enabled (32-bit)
 Heap Region Size: 1M
 Heap Min Capacity: 256M
 Heap Initial Capacity: 256M
 Heap Max Capacity: 512M
 Pre-touch: Disabled
 Parallel Workers: 8
 Concurrent Workers: 2
 Concurrent Refinement Workers: 8
 Periodic GC: Disabled

Heap:
 garbage-first heap   total 262144K, used 71897K [0x00000000e0000000, 0x0000000100000000)
  region size 1024K, 60 young (61440K), 12 survivors (12288K)
 Metaspace       used 28601K, committed 28992K, reserved 393216K
  class space    used 4154K, committed 4352K, reserved 327680K

Heap Regions: E=young(eden), S=young(survivor), O=old, HS=humongous(starts), HC=humongous(continues), CS=collection set, F=free, OA=open archive, CA=closed archive, TAMS=top-at-mark-start (previous, next)
|   0|0x00000000e0000000, 0x00000000e0100000, 0x00000000e0100000|100%|HS|  |TAMS 0x00000000e0100000, 0x00000000e0000000| Complete 
|   1|0x00000000e0100000, 0x00000000e0200000, 0x00000000e0200000|100%|HC|  |TAMS 0x00000000e0200000, 0x00000000e0100000| Complete 
|   2|0x00000000e0200000, 0x00000000e0300000, 0x00000000e0300000|100%|HC|  |TAMS 0x00000000e0300000, 0x00000000e0200000| Complete 
|   3|0x00000000e0300000, 0x00000000e0400000, 0x00000000e0400000|100%| O|  |TAMS 0x00000000e0400000, 0x00000000e0300000| Untracked 
|   4|0x00000000e0400000, 0x00000000e0500000, 0x00000000e0500000|100%| O|  |TAMS 0x00000000e0500000, 0x00000000e0400000| Untracked 
|   5|0x00000000e0500000, 0x00000000e0600000, 0x00000000e0600000|100%| O|  |TAMS 0x00000000e0600000, 0x00000000e0500000| Untracked 
|   6|0x00000000e0600000, 0x00000000e0700000, 0x00000000e0700000|100%|HS|  |TAMS 0x00000000e0700000, 0x00000000e0600000| Complete 
|   7|0x00000000e0700000, 0x00000000e0700000, 0x00000000e0800000|  0%| F|  |TAMS 0x00000000e0700000, 0x00000000e0700000| Untracked 
|   8|0x00000000e0800000, 0x00000000e0900000, 0x00000000e0900000|100%| O|  |TAMS 0x00000000e0900000, 0x00000000e0800000| Untracked 
|   9|0x00000000e0900000, 0x00000000e0a00000, 0x00000000e0a00000|100%| O|  |TAMS 0x00000000e0a00000, 0x00000000e0900000| Untracked 
|  10|0x00000000e0a00000, 0x00000000e0b00000, 0x00000000e0b00000|100%| O|  |TAMS 0x00000000e0b00000, 0x00000000e0a00000| Untracked 
|  11|0x00000000e0b00000, 0x00000000e0c00000, 0x00000000e0c00000|100%| O|  |TAMS 0x00000000e0c00000, 0x00000000e0b00000| Untracked 
|  12|0x00000000e0c00000, 0x00000000e0ca3400, 0x00000000e0d00000| 63%| O|  |TAMS 0x00000000e0ca3400, 0x00000000e0c00000| Untracked 
|  13|0x00000000e0d00000, 0x00000000e0d00000, 0x00000000e0e00000|  0%| F|  |TAMS 0x00000000e0d00000, 0x00000000e0d00000| Untracked 
|  14|0x00000000e0e00000, 0x00000000e0e00000, 0x00000000e0f00000|  0%| F|  |TAMS 0x00000000e0e00000, 0x00000000e0e00000| Untracked 
|  15|0x00000000e0f00000, 0x00000000e0f00000, 0x00000000e1000000|  0%| F|  |TAMS 0x00000000e0f00000, 0x00000000e0f00000| Untracked 
|  16|0x00000000e1000000, 0x00000000e1000000, 0x00000000e1100000|  0%| F|  |TAMS 0x00000000e1000000, 0x00000000e1000000| Untracked 
|  17|0x00000000e1100000, 0x00000000e1100000, 0x00000000e1200000|  0%| F|  |TAMS 0x00000000e1100000, 0x00000000e1100000| Untracked 
|  18|0x00000000e1200000, 0x00000000e1200000, 0x00000000e1300000|  0%| F|  |TAMS 0x00000000e1200000, 0x00000000e1200000| Untracked 
|  19|0x00000000e1300000, 0x00000000e1300000, 0x00000000e1400000|  0%| F|  |TAMS 0x00000000e1300000, 0x00000000e1300000| Untracked 
|  20|0x00000000e1400000, 0x00000000e1400000, 0x00000000e1500000|  0%| F|  |TAMS 0x00000000e1400000, 0x00000000e1400000| Untracked 
|  21|0x00000000e1500000, 0x00000000e1500000, 0x00000000e1600000|  0%| F|  |TAMS 0x00000000e1500000, 0x00000000e1500000| Untracked 
|  22|0x00000000e1600000, 0x00000000e1600000, 0x00000000e1700000|  0%| F|  |TAMS 0x00000000e1600000, 0x00000000e1600000| Untracked 
|  23|0x00000000e1700000, 0x00000000e1700000, 0x00000000e1800000|  0%| F|  |TAMS 0x00000000e1700000, 0x00000000e1700000| Untracked 
|  24|0x00000000e1800000, 0x00000000e1800000, 0x00000000e1900000|  0%| F|  |TAMS 0x00000000e1800000, 0x00000000e1800000| Untracked 
|  25|0x00000000e1900000, 0x00000000e1900000, 0x00000000e1a00000|  0%| F|  |TAMS 0x00000000e1900000, 0x00000000e1900000| Untracked 
|  26|0x00000000e1a00000, 0x00000000e1a00000, 0x00000000e1b00000|  0%| F|  |TAMS 0x00000000e1a00000, 0x00000000e1a00000| Untracked 
|  27|0x00000000e1b00000, 0x00000000e1b00000, 0x00000000e1c00000|  0%| F|  |TAMS 0x00000000e1b00000, 0x00000000e1b00000| Untracked 
|  28|0x00000000e1c00000, 0x00000000e1c00000, 0x00000000e1d00000|  0%| F|  |TAMS 0x00000000e1c00000, 0x00000000e1c00000| Untracked 
|  29|0x00000000e1d00000, 0x00000000e1d00000, 0x00000000e1e00000|  0%| F|  |TAMS 0x00000000e1d00000, 0x00000000e1d00000| Untracked 
|  30|0x00000000e1e00000, 0x00000000e1e00000, 0x00000000e1f00000|  0%| F|  |TAMS 0x00000000e1e00000, 0x00000000e1e00000| Untracked 
|  31|0x00000000e1f00000, 0x00000000e1f00000, 0x00000000e2000000|  0%| F|  |TAMS 0x00000000e1f00000, 0x00000000e1f00000| Untracked 
|  32|0x00000000e2000000, 0x00000000e2000000, 0x00000000e2100000|  0%| F|  |TAMS 0x00000000e2000000, 0x00000000e2000000| Untracked 
|  33|0x00000000e2100000, 0x00000000e2100000, 0x00000000e2200000|  0%| F|  |TAMS 0x00000000e2100000, 0x00000000e2100000| Untracked 
|  34|0x00000000e2200000, 0x00000000e2200000, 0x00000000e2300000|  0%| F|  |TAMS 0x00000000e2200000, 0x00000000e2200000| Untracked 
|  35|0x00000000e2300000, 0x00000000e2300000, 0x00000000e2400000|  0%| F|  |TAMS 0x00000000e2300000, 0x00000000e2300000| Untracked 
|  36|0x00000000e2400000, 0x00000000e2400000, 0x00000000e2500000|  0%| F|  |TAMS 0x00000000e2400000, 0x00000000e2400000| Untracked 
|  37|0x00000000e2500000, 0x00000000e2500000, 0x00000000e2600000|  0%| F|  |TAMS 0x00000000e2500000, 0x00000000e2500000| Untracked 
|  38|0x00000000e2600000, 0x00000000e2600000, 0x00000000e2700000|  0%| F|  |TAMS 0x00000000e2600000, 0x00000000e2600000| Untracked 
|  39|0x00000000e2700000, 0x00000000e2700000, 0x00000000e2800000|  0%| F|  |TAMS 0x00000000e2700000, 0x00000000e2700000| Untracked 
|  40|0x00000000e2800000, 0x00000000e2800000, 0x00000000e2900000|  0%| F|  |TAMS 0x00000000e2800000, 0x00000000e2800000| Untracked 
|  41|0x00000000e2900000, 0x00000000e2900000, 0x00000000e2a00000|  0%| F|  |TAMS 0x00000000e2900000, 0x00000000e2900000| Untracked 
|  42|0x00000000e2a00000, 0x00000000e2a00000, 0x00000000e2b00000|  0%| F|  |TAMS 0x00000000e2a00000, 0x00000000e2a00000| Untracked 
|  43|0x00000000e2b00000, 0x00000000e2b00000, 0x00000000e2c00000|  0%| F|  |TAMS 0x00000000e2b00000, 0x00000000e2b00000| Untracked 
|  44|0x00000000e2c00000, 0x00000000e2c00000, 0x00000000e2d00000|  0%| F|  |TAMS 0x00000000e2c00000, 0x00000000e2c00000| Untracked 
|  45|0x00000000e2d00000, 0x00000000e2d00000, 0x00000000e2e00000|  0%| F|  |TAMS 0x00000000e2d00000, 0x00000000e2d00000| Untracked 
|  46|0x00000000e2e00000, 0x00000000e2e00000, 0x00000000e2f00000|  0%| F|  |TAMS 0x00000000e2e00000, 0x00000000e2e00000| Untracked 
|  47|0x00000000e2f00000, 0x00000000e2f00000, 0x00000000e3000000|  0%| F|  |TAMS 0x00000000e2f00000, 0x00000000e2f00000| Untracked 
|  48|0x00000000e3000000, 0x00000000e3000000, 0x00000000e3100000|  0%| F|  |TAMS 0x00000000e3000000, 0x00000000e3000000| Untracked 
|  49|0x00000000e3100000, 0x00000000e3100000, 0x00000000e3200000|  0%| F|  |TAMS 0x00000000e3100000, 0x00000000e3100000| Untracked 
|  50|0x00000000e3200000, 0x00000000e3200000, 0x00000000e3300000|  0%| F|  |TAMS 0x00000000e3200000, 0x00000000e3200000| Untracked 
|  51|0x00000000e3300000, 0x00000000e3300000, 0x00000000e3400000|  0%| F|  |TAMS 0x00000000e3300000, 0x00000000e3300000| Untracked 
|  52|0x00000000e3400000, 0x00000000e3400000, 0x00000000e3500000|  0%| F|  |TAMS 0x00000000e3400000, 0x00000000e3400000| Untracked 
|  53|0x00000000e3500000, 0x00000000e3500000, 0x00000000e3600000|  0%| F|  |TAMS 0x00000000e3500000, 0x00000000e3500000| Untracked 
|  54|0x00000000e3600000, 0x00000000e3600000, 0x00000000e3700000|  0%| F|  |TAMS 0x00000000e3600000, 0x00000000e3600000| Untracked 
|  55|0x00000000e3700000, 0x00000000e3700000, 0x00000000e3800000|  0%| F|  |TAMS 0x00000000e3700000, 0x00000000e3700000| Untracked 
|  56|0x00000000e3800000, 0x00000000e3800000, 0x00000000e3900000|  0%| F|  |TAMS 0x00000000e3800000, 0x00000000e3800000| Untracked 
|  57|0x00000000e3900000, 0x00000000e3900000, 0x00000000e3a00000|  0%| F|  |TAMS 0x00000000e3900000, 0x00000000e3900000| Untracked 
|  58|0x00000000e3a00000, 0x00000000e3a00000, 0x00000000e3b00000|  0%| F|  |TAMS 0x00000000e3a00000, 0x00000000e3a00000| Untracked 
|  59|0x00000000e3b00000, 0x00000000e3b00000, 0x00000000e3c00000|  0%| F|  |TAMS 0x00000000e3b00000, 0x00000000e3b00000| Untracked 
|  60|0x00000000e3c00000, 0x00000000e3c00000, 0x00000000e3d00000|  0%| F|  |TAMS 0x00000000e3c00000, 0x00000000e3c00000| Untracked 
|  61|0x00000000e3d00000, 0x00000000e3d00000, 0x00000000e3e00000|  0%| F|  |TAMS 0x00000000e3d00000, 0x00000000e3d00000| Untracked 
|  62|0x00000000e3e00000, 0x00000000e3e00000, 0x00000000e3f00000|  0%| F|  |TAMS 0x00000000e3e00000, 0x00000000e3e00000| Untracked 
|  63|0x00000000e3f00000, 0x00000000e3f00000, 0x00000000e4000000|  0%| F|  |TAMS 0x00000000e3f00000, 0x00000000e3f00000| Untracked 
|  64|0x00000000e4000000, 0x00000000e4000000, 0x00000000e4100000|  0%| F|  |TAMS 0x00000000e4000000, 0x00000000e4000000| Untracked 
|  65|0x00000000e4100000, 0x00000000e4100000, 0x00000000e4200000|  0%| F|  |TAMS 0x00000000e4100000, 0x00000000e4100000| Untracked 
|  66|0x00000000e4200000, 0x00000000e4200000, 0x00000000e4300000|  0%| F|  |TAMS 0x00000000e4200000, 0x00000000e4200000| Untracked 
|  67|0x00000000e4300000, 0x00000000e4300000, 0x00000000e4400000|  0%| F|  |TAMS 0x00000000e4300000, 0x00000000e4300000| Untracked 
|  68|0x00000000e4400000, 0x00000000e4400000, 0x00000000e4500000|  0%| F|  |TAMS 0x00000000e4400000, 0x00000000e4400000| Untracked 
|  69|0x00000000e4500000, 0x00000000e4500000, 0x00000000e4600000|  0%| F|  |TAMS 0x00000000e4500000, 0x00000000e4500000| Untracked 
|  70|0x00000000e4600000, 0x00000000e4600000, 0x00000000e4700000|  0%| F|  |TAMS 0x00000000e4600000, 0x00000000e4600000| Untracked 
|  71|0x00000000e4700000, 0x00000000e4700000, 0x00000000e4800000|  0%| F|  |TAMS 0x00000000e4700000, 0x00000000e4700000| Untracked 
|  72|0x00000000e4800000, 0x00000000e4800000, 0x00000000e4900000|  0%| F|  |TAMS 0x00000000e4800000, 0x00000000e4800000| Untracked 
|  73|0x00000000e4900000, 0x00000000e4900000, 0x00000000e4a00000|  0%| F|  |TAMS 0x00000000e4900000, 0x00000000e4900000| Untracked 
|  74|0x00000000e4a00000, 0x00000000e4a00000, 0x00000000e4b00000|  0%| F|  |TAMS 0x00000000e4a00000, 0x00000000e4a00000| Untracked 
|  75|0x00000000e4b00000, 0x00000000e4b00000, 0x00000000e4c00000|  0%| F|  |TAMS 0x00000000e4b00000, 0x00000000e4b00000| Untracked 
|  76|0x00000000e4c00000, 0x00000000e4c00000, 0x00000000e4d00000|  0%| F|  |TAMS 0x00000000e4c00000, 0x00000000e4c00000| Untracked 
|  77|0x00000000e4d00000, 0x00000000e4d00000, 0x00000000e4e00000|  0%| F|  |TAMS 0x00000000e4d00000, 0x00000000e4d00000| Untracked 
|  78|0x00000000e4e00000, 0x00000000e4e00000, 0x00000000e4f00000|  0%| F|  |TAMS 0x00000000e4e00000, 0x00000000e4e00000| Untracked 
|  79|0x00000000e4f00000, 0x00000000e4f00000, 0x00000000e5000000|  0%| F|  |TAMS 0x00000000e4f00000, 0x00000000e4f00000| Untracked 
|  80|0x00000000e5000000, 0x00000000e5000000, 0x00000000e5100000|  0%| F|  |TAMS 0x00000000e5000000, 0x00000000e5000000| Untracked 
|  81|0x00000000e5100000, 0x00000000e5100000, 0x00000000e5200000|  0%| F|  |TAMS 0x00000000e5100000, 0x00000000e5100000| Untracked 
|  82|0x00000000e5200000, 0x00000000e5200000, 0x00000000e5300000|  0%| F|  |TAMS 0x00000000e5200000, 0x00000000e5200000| Untracked 
|  83|0x00000000e5300000, 0x00000000e5300000, 0x00000000e5400000|  0%| F|  |TAMS 0x00000000e5300000, 0x00000000e5300000| Untracked 
|  84|0x00000000e5400000, 0x00000000e5400000, 0x00000000e5500000|  0%| F|  |TAMS 0x00000000e5400000, 0x00000000e5400000| Untracked 
|  85|0x00000000e5500000, 0x00000000e5500000, 0x00000000e5600000|  0%| F|  |TAMS 0x00000000e5500000, 0x00000000e5500000| Untracked 
|  86|0x00000000e5600000, 0x00000000e5600000, 0x00000000e5700000|  0%| F|  |TAMS 0x00000000e5600000, 0x00000000e5600000| Untracked 
|  87|0x00000000e5700000, 0x00000000e5700000, 0x00000000e5800000|  0%| F|  |TAMS 0x00000000e5700000, 0x00000000e5700000| Untracked 
|  88|0x00000000e5800000, 0x00000000e5800000, 0x00000000e5900000|  0%| F|  |TAMS 0x00000000e5800000, 0x00000000e5800000| Untracked 
|  89|0x00000000e5900000, 0x00000000e5900000, 0x00000000e5a00000|  0%| F|  |TAMS 0x00000000e5900000, 0x00000000e5900000| Untracked 
|  90|0x00000000e5a00000, 0x00000000e5a00000, 0x00000000e5b00000|  0%| F|  |TAMS 0x00000000e5a00000, 0x00000000e5a00000| Untracked 
|  91|0x00000000e5b00000, 0x00000000e5b00000, 0x00000000e5c00000|  0%| F|  |TAMS 0x00000000e5b00000, 0x00000000e5b00000| Untracked 
|  92|0x00000000e5c00000, 0x00000000e5c00000, 0x00000000e5d00000|  0%| F|  |TAMS 0x00000000e5c00000, 0x00000000e5c00000| Untracked 
|  93|0x00000000e5d00000, 0x00000000e5d00000, 0x00000000e5e00000|  0%| F|  |TAMS 0x00000000e5d00000, 0x00000000e5d00000| Untracked 
|  94|0x00000000e5e00000, 0x00000000e5e00000, 0x00000000e5f00000|  0%| F|  |TAMS 0x00000000e5e00000, 0x00000000e5e00000| Untracked 
|  95|0x00000000e5f00000, 0x00000000e5f00000, 0x00000000e6000000|  0%| F|  |TAMS 0x00000000e5f00000, 0x00000000e5f00000| Untracked 
|  96|0x00000000e6000000, 0x00000000e6000000, 0x00000000e6100000|  0%| F|  |TAMS 0x00000000e6000000, 0x00000000e6000000| Untracked 
|  97|0x00000000e6100000, 0x00000000e6100000, 0x00000000e6200000|  0%| F|  |TAMS 0x00000000e6100000, 0x00000000e6100000| Untracked 
|  98|0x00000000e6200000, 0x00000000e6200000, 0x00000000e6300000|  0%| F|  |TAMS 0x00000000e6200000, 0x00000000e6200000| Untracked 
|  99|0x00000000e6300000, 0x00000000e6300000, 0x00000000e6400000|  0%| F|  |TAMS 0x00000000e6300000, 0x00000000e6300000| Untracked 
| 100|0x00000000e6400000, 0x00000000e6400000, 0x00000000e6500000|  0%| F|  |TAMS 0x00000000e6400000, 0x00000000e6400000| Untracked 
| 101|0x00000000e6500000, 0x00000000e6500000, 0x00000000e6600000|  0%| F|  |TAMS 0x00000000e6500000, 0x00000000e6500000| Untracked 
| 102|0x00000000e6600000, 0x00000000e6600000, 0x00000000e6700000|  0%| F|  |TAMS 0x00000000e6600000, 0x00000000e6600000| Untracked 
| 103|0x00000000e6700000, 0x00000000e6700000, 0x00000000e6800000|  0%| F|  |TAMS 0x00000000e6700000, 0x00000000e6700000| Untracked 
| 104|0x00000000e6800000, 0x00000000e6800000, 0x00000000e6900000|  0%| F|  |TAMS 0x00000000e6800000, 0x00000000e6800000| Untracked 
| 105|0x00000000e6900000, 0x00000000e6900000, 0x00000000e6a00000|  0%| F|  |TAMS 0x00000000e6900000, 0x00000000e6900000| Untracked 
| 106|0x00000000e6a00000, 0x00000000e6a00000, 0x00000000e6b00000|  0%| F|  |TAMS 0x00000000e6a00000, 0x00000000e6a00000| Untracked 
| 107|0x00000000e6b00000, 0x00000000e6b00000, 0x00000000e6c00000|  0%| F|  |TAMS 0x00000000e6b00000, 0x00000000e6b00000| Untracked 
| 108|0x00000000e6c00000, 0x00000000e6c00000, 0x00000000e6d00000|  0%| F|  |TAMS 0x00000000e6c00000, 0x00000000e6c00000| Untracked 
| 109|0x00000000e6d00000, 0x00000000e6d00000, 0x00000000e6e00000|  0%| F|  |TAMS 0x00000000e6d00000, 0x00000000e6d00000| Untracked 
| 110|0x00000000e6e00000, 0x00000000e6e00000, 0x00000000e6f00000|  0%| F|  |TAMS 0x00000000e6e00000, 0x00000000e6e00000| Untracked 
| 111|0x00000000e6f00000, 0x00000000e6f00000, 0x00000000e7000000|  0%| F|  |TAMS 0x00000000e6f00000, 0x00000000e6f00000| Untracked 
| 112|0x00000000e7000000, 0x00000000e7000000, 0x00000000e7100000|  0%| F|  |TAMS 0x00000000e7000000, 0x00000000e7000000| Untracked 
| 113|0x00000000e7100000, 0x00000000e7100000, 0x00000000e7200000|  0%| F|  |TAMS 0x00000000e7100000, 0x00000000e7100000| Untracked 
| 114|0x00000000e7200000, 0x00000000e7200000, 0x00000000e7300000|  0%| F|  |TAMS 0x00000000e7200000, 0x00000000e7200000| Untracked 
| 115|0x00000000e7300000, 0x00000000e7300000, 0x00000000e7400000|  0%| F|  |TAMS 0x00000000e7300000, 0x00000000e7300000| Untracked 
| 116|0x00000000e7400000, 0x00000000e7400000, 0x00000000e7500000|  0%| F|  |TAMS 0x00000000e7400000, 0x00000000e7400000| Untracked 
| 117|0x00000000e7500000, 0x00000000e7500000, 0x00000000e7600000|  0%| F|  |TAMS 0x00000000e7500000, 0x00000000e7500000| Untracked 
| 118|0x00000000e7600000, 0x00000000e7600000, 0x00000000e7700000|  0%| F|  |TAMS 0x00000000e7600000, 0x00000000e7600000| Untracked 
| 119|0x00000000e7700000, 0x00000000e7700000, 0x00000000e7800000|  0%| F|  |TAMS 0x00000000e7700000, 0x00000000e7700000| Untracked 
| 120|0x00000000e7800000, 0x00000000e7800000, 0x00000000e7900000|  0%| F|  |TAMS 0x00000000e7800000, 0x00000000e7800000| Untracked 
| 121|0x00000000e7900000, 0x00000000e7900000, 0x00000000e7a00000|  0%| F|  |TAMS 0x00000000e7900000, 0x00000000e7900000| Untracked 
| 122|0x00000000e7a00000, 0x00000000e7a00000, 0x00000000e7b00000|  0%| F|  |TAMS 0x00000000e7a00000, 0x00000000e7a00000| Untracked 
| 123|0x00000000e7b00000, 0x00000000e7b00000, 0x00000000e7c00000|  0%| F|  |TAMS 0x00000000e7b00000, 0x00000000e7b00000| Untracked 
| 124|0x00000000e7c00000, 0x00000000e7c00000, 0x00000000e7d00000|  0%| F|  |TAMS 0x00000000e7c00000, 0x00000000e7c00000| Untracked 
| 125|0x00000000e7d00000, 0x00000000e7d00000, 0x00000000e7e00000|  0%| F|  |TAMS 0x00000000e7d00000, 0x00000000e7d00000| Untracked 
| 126|0x00000000e7e00000, 0x00000000e7e00000, 0x00000000e7f00000|  0%| F|  |TAMS 0x00000000e7e00000, 0x00000000e7e00000| Untracked 
| 127|0x00000000e7f00000, 0x00000000e7f00000, 0x00000000e8000000|  0%| F|  |TAMS 0x00000000e7f00000, 0x00000000e7f00000| Untracked 
| 128|0x00000000e8000000, 0x00000000e8000000, 0x00000000e8100000|  0%| F|  |TAMS 0x00000000e8000000, 0x00000000e8000000| Untracked 
| 129|0x00000000e8100000, 0x00000000e8100000, 0x00000000e8200000|  0%| F|  |TAMS 0x00000000e8100000, 0x00000000e8100000| Untracked 
| 130|0x00000000e8200000, 0x00000000e8200000, 0x00000000e8300000|  0%| F|  |TAMS 0x00000000e8200000, 0x00000000e8200000| Untracked 
| 131|0x00000000e8300000, 0x00000000e8300000, 0x00000000e8400000|  0%| F|  |TAMS 0x00000000e8300000, 0x00000000e8300000| Untracked 
| 132|0x00000000e8400000, 0x00000000e8400000, 0x00000000e8500000|  0%| F|  |TAMS 0x00000000e8400000, 0x00000000e8400000| Untracked 
| 133|0x00000000e8500000, 0x00000000e8500000, 0x00000000e8600000|  0%| F|  |TAMS 0x00000000e8500000, 0x00000000e8500000| Untracked 
| 134|0x00000000e8600000, 0x00000000e8600000, 0x00000000e8700000|  0%| F|  |TAMS 0x00000000e8600000, 0x00000000e8600000| Untracked 
| 135|0x00000000e8700000, 0x00000000e87930a8, 0x00000000e8800000| 57%| S|CS|TAMS 0x00000000e8700000, 0x00000000e8700000| Complete 
| 136|0x00000000e8800000, 0x00000000e8900000, 0x00000000e8900000|100%| S|CS|TAMS 0x00000000e8800000, 0x00000000e8800000| Complete 
| 137|0x00000000e8900000, 0x00000000e8a00000, 0x00000000e8a00000|100%| S|CS|TAMS 0x00000000e8900000, 0x00000000e8900000| Complete 
| 138|0x00000000e8a00000, 0x00000000e8b00000, 0x00000000e8b00000|100%| S|CS|TAMS 0x00000000e8a00000, 0x00000000e8a00000| Complete 
| 139|0x00000000e8b00000, 0x00000000e8c00000, 0x00000000e8c00000|100%| S|CS|TAMS 0x00000000e8b00000, 0x00000000e8b00000| Complete 
| 140|0x00000000e8c00000, 0x00000000e8d00000, 0x00000000e8d00000|100%| S|CS|TAMS 0x00000000e8c00000, 0x00000000e8c00000| Complete 
| 141|0x00000000e8d00000, 0x00000000e8e00000, 0x00000000e8e00000|100%| S|CS|TAMS 0x00000000e8d00000, 0x00000000e8d00000| Complete 
| 142|0x00000000e8e00000, 0x00000000e8f00000, 0x00000000e8f00000|100%| S|CS|TAMS 0x00000000e8e00000, 0x00000000e8e00000| Complete 
| 143|0x00000000e8f00000, 0x00000000e9000000, 0x00000000e9000000|100%| S|CS|TAMS 0x00000000e8f00000, 0x00000000e8f00000| Complete 
| 144|0x00000000e9000000, 0x00000000e9100000, 0x00000000e9100000|100%| S|CS|TAMS 0x00000000e9000000, 0x00000000e9000000| Complete 
| 145|0x00000000e9100000, 0x00000000e9200000, 0x00000000e9200000|100%| S|CS|TAMS 0x00000000e9100000, 0x00000000e9100000| Complete 
| 146|0x00000000e9200000, 0x00000000e9300000, 0x00000000e9300000|100%| S|CS|TAMS 0x00000000e9200000, 0x00000000e9200000| Complete 
| 147|0x00000000e9300000, 0x00000000e9300000, 0x00000000e9400000|  0%| F|  |TAMS 0x00000000e9300000, 0x00000000e9300000| Untracked 
| 148|0x00000000e9400000, 0x00000000e9400000, 0x00000000e9500000|  0%| F|  |TAMS 0x00000000e9400000, 0x00000000e9400000| Untracked 
| 149|0x00000000e9500000, 0x00000000e9500000, 0x00000000e9600000|  0%| F|  |TAMS 0x00000000e9500000, 0x00000000e9500000| Untracked 
| 150|0x00000000e9600000, 0x00000000e9600000, 0x00000000e9700000|  0%| F|  |TAMS 0x00000000e9600000, 0x00000000e9600000| Untracked 
| 151|0x00000000e9700000, 0x00000000e9700000, 0x00000000e9800000|  0%| F|  |TAMS 0x00000000e9700000, 0x00000000e9700000| Untracked 
| 152|0x00000000e9800000, 0x00000000e9800000, 0x00000000e9900000|  0%| F|  |TAMS 0x00000000e9800000, 0x00000000e9800000| Untracked 
| 153|0x00000000e9900000, 0x00000000e9900000, 0x00000000e9a00000|  0%| F|  |TAMS 0x00000000e9900000, 0x00000000e9900000| Untracked 
| 154|0x00000000e9a00000, 0x00000000e9a00000, 0x00000000e9b00000|  0%| F|  |TAMS 0x00000000e9a00000, 0x00000000e9a00000| Untracked 
| 155|0x00000000e9b00000, 0x00000000e9b00000, 0x00000000e9c00000|  0%| F|  |TAMS 0x00000000e9b00000, 0x00000000e9b00000| Untracked 
| 156|0x00000000e9c00000, 0x00000000e9c00000, 0x00000000e9d00000|  0%| F|  |TAMS 0x00000000e9c00000, 0x00000000e9c00000| Untracked 
| 157|0x00000000e9d00000, 0x00000000e9d00000, 0x00000000e9e00000|  0%| F|  |TAMS 0x00000000e9d00000, 0x00000000e9d00000| Untracked 
| 158|0x00000000e9e00000, 0x00000000e9e00000, 0x00000000e9f00000|  0%| F|  |TAMS 0x00000000e9e00000, 0x00000000e9e00000| Untracked 
| 159|0x00000000e9f00000, 0x00000000e9f00000, 0x00000000ea000000|  0%| F|  |TAMS 0x00000000e9f00000, 0x00000000e9f00000| Untracked 
| 160|0x00000000ea000000, 0x00000000ea000000, 0x00000000ea100000|  0%| F|  |TAMS 0x00000000ea000000, 0x00000000ea000000| Untracked 
| 161|0x00000000ea100000, 0x00000000ea100000, 0x00000000ea200000|  0%| F|  |TAMS 0x00000000ea100000, 0x00000000ea100000| Untracked 
| 162|0x00000000ea200000, 0x00000000ea200000, 0x00000000ea300000|  0%| F|  |TAMS 0x00000000ea200000, 0x00000000ea200000| Untracked 
| 163|0x00000000ea300000, 0x00000000ea300000, 0x00000000ea400000|  0%| F|  |TAMS 0x00000000ea300000, 0x00000000ea300000| Untracked 
| 164|0x00000000ea400000, 0x00000000ea400000, 0x00000000ea500000|  0%| F|  |TAMS 0x00000000ea400000, 0x00000000ea400000| Untracked 
| 165|0x00000000ea500000, 0x00000000ea500000, 0x00000000ea600000|  0%| F|  |TAMS 0x00000000ea500000, 0x00000000ea500000| Untracked 
| 166|0x00000000ea600000, 0x00000000ea600000, 0x00000000ea700000|  0%| F|  |TAMS 0x00000000ea600000, 0x00000000ea600000| Untracked 
| 167|0x00000000ea700000, 0x00000000ea700000, 0x00000000ea800000|  0%| F|  |TAMS 0x00000000ea700000, 0x00000000ea700000| Untracked 
| 168|0x00000000ea800000, 0x00000000ea800000, 0x00000000ea900000|  0%| F|  |TAMS 0x00000000ea800000, 0x00000000ea800000| Untracked 
| 169|0x00000000ea900000, 0x00000000ea900000, 0x00000000eaa00000|  0%| F|  |TAMS 0x00000000ea900000, 0x00000000ea900000| Untracked 
| 170|0x00000000eaa00000, 0x00000000eaa00000, 0x00000000eab00000|  0%| F|  |TAMS 0x00000000eaa00000, 0x00000000eaa00000| Untracked 
| 171|0x00000000eab00000, 0x00000000eab00000, 0x00000000eac00000|  0%| F|  |TAMS 0x00000000eab00000, 0x00000000eab00000| Untracked 
| 172|0x00000000eac00000, 0x00000000eac00000, 0x00000000ead00000|  0%| F|  |TAMS 0x00000000eac00000, 0x00000000eac00000| Untracked 
| 173|0x00000000ead00000, 0x00000000ead00000, 0x00000000eae00000|  0%| F|  |TAMS 0x00000000ead00000, 0x00000000ead00000| Untracked 
| 174|0x00000000eae00000, 0x00000000eae00000, 0x00000000eaf00000|  0%| F|  |TAMS 0x00000000eae00000, 0x00000000eae00000| Untracked 
| 175|0x00000000eaf00000, 0x00000000eaf00000, 0x00000000eb000000|  0%| F|  |TAMS 0x00000000eaf00000, 0x00000000eaf00000| Untracked 
| 176|0x00000000eb000000, 0x00000000eb000000, 0x00000000eb100000|  0%| F|  |TAMS 0x00000000eb000000, 0x00000000eb000000| Untracked 
| 177|0x00000000eb100000, 0x00000000eb100000, 0x00000000eb200000|  0%| F|  |TAMS 0x00000000eb100000, 0x00000000eb100000| Untracked 
| 178|0x00000000eb200000, 0x00000000eb200000, 0x00000000eb300000|  0%| F|  |TAMS 0x00000000eb200000, 0x00000000eb200000| Untracked 
| 179|0x00000000eb300000, 0x00000000eb300000, 0x00000000eb400000|  0%| F|  |TAMS 0x00000000eb300000, 0x00000000eb300000| Untracked 
| 180|0x00000000eb400000, 0x00000000eb400000, 0x00000000eb500000|  0%| F|  |TAMS 0x00000000eb400000, 0x00000000eb400000| Untracked 
| 181|0x00000000eb500000, 0x00000000eb500000, 0x00000000eb600000|  0%| F|  |TAMS 0x00000000eb500000, 0x00000000eb500000| Untracked 
| 182|0x00000000eb600000, 0x00000000eb600000, 0x00000000eb700000|  0%| F|  |TAMS 0x00000000eb600000, 0x00000000eb600000| Untracked 
| 183|0x00000000eb700000, 0x00000000eb700000, 0x00000000eb800000|  0%| F|  |TAMS 0x00000000eb700000, 0x00000000eb700000| Untracked 
| 184|0x00000000eb800000, 0x00000000eb800000, 0x00000000eb900000|  0%| F|  |TAMS 0x00000000eb800000, 0x00000000eb800000| Untracked 
| 185|0x00000000eb900000, 0x00000000eb900000, 0x00000000eba00000|  0%| F|  |TAMS 0x00000000eb900000, 0x00000000eb900000| Untracked 
| 186|0x00000000eba00000, 0x00000000eba00000, 0x00000000ebb00000|  0%| F|  |TAMS 0x00000000eba00000, 0x00000000eba00000| Untracked 
| 187|0x00000000ebb00000, 0x00000000ebb00000, 0x00000000ebc00000|  0%| F|  |TAMS 0x00000000ebb00000, 0x00000000ebb00000| Untracked 
| 188|0x00000000ebc00000, 0x00000000ebc00000, 0x00000000ebd00000|  0%| F|  |TAMS 0x00000000ebc00000, 0x00000000ebc00000| Untracked 
| 189|0x00000000ebd00000, 0x00000000ebd00000, 0x00000000ebe00000|  0%| F|  |TAMS 0x00000000ebd00000, 0x00000000ebd00000| Untracked 
| 190|0x00000000ebe00000, 0x00000000ebe00000, 0x00000000ebf00000|  0%| F|  |TAMS 0x00000000ebe00000, 0x00000000ebe00000| Untracked 
| 191|0x00000000ebf00000, 0x00000000ebf00000, 0x00000000ec000000|  0%| F|  |TAMS 0x00000000ebf00000, 0x00000000ebf00000| Untracked 
| 192|0x00000000ec000000, 0x00000000ec000000, 0x00000000ec100000|  0%| F|  |TAMS 0x00000000ec000000, 0x00000000ec000000| Untracked 
| 193|0x00000000ec100000, 0x00000000ec100000, 0x00000000ec200000|  0%| F|  |TAMS 0x00000000ec100000, 0x00000000ec100000| Untracked 
| 194|0x00000000ec200000, 0x00000000ec200000, 0x00000000ec300000|  0%| F|  |TAMS 0x00000000ec200000, 0x00000000ec200000| Untracked 
| 195|0x00000000ec300000, 0x00000000ec300000, 0x00000000ec400000|  0%| F|  |TAMS 0x00000000ec300000, 0x00000000ec300000| Untracked 
| 196|0x00000000ec400000, 0x00000000ec400000, 0x00000000ec500000|  0%| F|  |TAMS 0x00000000ec400000, 0x00000000ec400000| Untracked 
| 197|0x00000000ec500000, 0x00000000ec500000, 0x00000000ec600000|  0%| F|  |TAMS 0x00000000ec500000, 0x00000000ec500000| Untracked 
| 198|0x00000000ec600000, 0x00000000ec600000, 0x00000000ec700000|  0%| F|  |TAMS 0x00000000ec600000, 0x00000000ec600000| Untracked 
| 199|0x00000000ec700000, 0x00000000ec700000, 0x00000000ec800000|  0%| F|  |TAMS 0x00000000ec700000, 0x00000000ec700000| Untracked 
| 200|0x00000000ec800000, 0x00000000ec800000, 0x00000000ec900000|  0%| F|  |TAMS 0x00000000ec800000, 0x00000000ec800000| Untracked 
| 201|0x00000000ec900000, 0x00000000ec900000, 0x00000000eca00000|  0%| F|  |TAMS 0x00000000ec900000, 0x00000000ec900000| Untracked 
| 202|0x00000000eca00000, 0x00000000eca00000, 0x00000000ecb00000|  0%| F|  |TAMS 0x00000000eca00000, 0x00000000eca00000| Untracked 
| 203|0x00000000ecb00000, 0x00000000ecb00000, 0x00000000ecc00000|  0%| F|  |TAMS 0x00000000ecb00000, 0x00000000ecb00000| Untracked 
| 204|0x00000000ecc00000, 0x00000000ecc00000, 0x00000000ecd00000|  0%| F|  |TAMS 0x00000000ecc00000, 0x00000000ecc00000| Untracked 
| 205|0x00000000ecd00000, 0x00000000ecd00000, 0x00000000ece00000|  0%| F|  |TAMS 0x00000000ecd00000, 0x00000000ecd00000| Untracked 
| 206|0x00000000ece00000, 0x00000000ece00000, 0x00000000ecf00000|  0%| F|  |TAMS 0x00000000ece00000, 0x00000000ece00000| Untracked 
| 207|0x00000000ecf00000, 0x00000000ecf00000, 0x00000000ed000000|  0%| F|  |TAMS 0x00000000ecf00000, 0x00000000ecf00000| Untracked 
| 208|0x00000000ed000000, 0x00000000ed100000, 0x00000000ed100000|100%| E|  |TAMS 0x00000000ed000000, 0x00000000ed000000| Complete 
| 209|0x00000000ed100000, 0x00000000ed200000, 0x00000000ed200000|100%| E|CS|TAMS 0x00000000ed100000, 0x00000000ed100000| Complete 
| 210|0x00000000ed200000, 0x00000000ed300000, 0x00000000ed300000|100%| E|CS|TAMS 0x00000000ed200000, 0x00000000ed200000| Complete 
| 211|0x00000000ed300000, 0x00000000ed400000, 0x00000000ed400000|100%| E|CS|TAMS 0x00000000ed300000, 0x00000000ed300000| Complete 
| 212|0x00000000ed400000, 0x00000000ed500000, 0x00000000ed500000|100%| E|CS|TAMS 0x00000000ed400000, 0x00000000ed400000| Complete 
| 213|0x00000000ed500000, 0x00000000ed600000, 0x00000000ed600000|100%| E|CS|TAMS 0x00000000ed500000, 0x00000000ed500000| Complete 
| 214|0x00000000ed600000, 0x00000000ed700000, 0x00000000ed700000|100%| E|CS|TAMS 0x00000000ed600000, 0x00000000ed600000| Complete 
| 215|0x00000000ed700000, 0x00000000ed800000, 0x00000000ed800000|100%| E|CS|TAMS 0x00000000ed700000, 0x00000000ed700000| Complete 
| 216|0x00000000ed800000, 0x00000000ed900000, 0x00000000ed900000|100%| E|CS|TAMS 0x00000000ed800000, 0x00000000ed800000| Complete 
| 217|0x00000000ed900000, 0x00000000eda00000, 0x00000000eda00000|100%| E|CS|TAMS 0x00000000ed900000, 0x00000000ed900000| Complete 
| 218|0x00000000eda00000, 0x00000000edb00000, 0x00000000edb00000|100%| E|CS|TAMS 0x00000000eda00000, 0x00000000eda00000| Complete 
| 219|0x00000000edb00000, 0x00000000edc00000, 0x00000000edc00000|100%| E|CS|TAMS 0x00000000edb00000, 0x00000000edb00000| Complete 
| 220|0x00000000edc00000, 0x00000000edd00000, 0x00000000edd00000|100%| E|CS|TAMS 0x00000000edc00000, 0x00000000edc00000| Complete 
| 221|0x00000000edd00000, 0x00000000ede00000, 0x00000000ede00000|100%| E|CS|TAMS 0x00000000edd00000, 0x00000000edd00000| Complete 
| 222|0x00000000ede00000, 0x00000000edf00000, 0x00000000edf00000|100%| E|CS|TAMS 0x00000000ede00000, 0x00000000ede00000| Complete 
| 223|0x00000000edf00000, 0x00000000ee000000, 0x00000000ee000000|100%| E|CS|TAMS 0x00000000edf00000, 0x00000000edf00000| Complete 
| 224|0x00000000ee000000, 0x00000000ee100000, 0x00000000ee100000|100%| E|CS|TAMS 0x00000000ee000000, 0x00000000ee000000| Complete 
| 225|0x00000000ee100000, 0x00000000ee200000, 0x00000000ee200000|100%| E|CS|TAMS 0x00000000ee100000, 0x00000000ee100000| Complete 
| 226|0x00000000ee200000, 0x00000000ee300000, 0x00000000ee300000|100%| E|CS|TAMS 0x00000000ee200000, 0x00000000ee200000| Complete 
| 227|0x00000000ee300000, 0x00000000ee400000, 0x00000000ee400000|100%| E|CS|TAMS 0x00000000ee300000, 0x00000000ee300000| Complete 
| 228|0x00000000ee400000, 0x00000000ee500000, 0x00000000ee500000|100%| E|CS|TAMS 0x00000000ee400000, 0x00000000ee400000| Complete 
| 229|0x00000000ee500000, 0x00000000ee600000, 0x00000000ee600000|100%| E|CS|TAMS 0x00000000ee500000, 0x00000000ee500000| Complete 
| 230|0x00000000ee600000, 0x00000000ee700000, 0x00000000ee700000|100%| E|CS|TAMS 0x00000000ee600000, 0x00000000ee600000| Complete 
| 231|0x00000000ee700000, 0x00000000ee800000, 0x00000000ee800000|100%| E|CS|TAMS 0x00000000ee700000, 0x00000000ee700000| Complete 
| 232|0x00000000ee800000, 0x00000000ee900000, 0x00000000ee900000|100%| E|CS|TAMS 0x00000000ee800000, 0x00000000ee800000| Complete 
| 233|0x00000000ee900000, 0x00000000eea00000, 0x00000000eea00000|100%| E|CS|TAMS 0x00000000ee900000, 0x00000000ee900000| Complete 
| 234|0x00000000eea00000, 0x00000000eeb00000, 0x00000000eeb00000|100%| E|CS|TAMS 0x00000000eea00000, 0x00000000eea00000| Complete 
| 235|0x00000000eeb00000, 0x00000000eec00000, 0x00000000eec00000|100%| E|CS|TAMS 0x00000000eeb00000, 0x00000000eeb00000| Complete 
| 236|0x00000000eec00000, 0x00000000eed00000, 0x00000000eed00000|100%| E|CS|TAMS 0x00000000eec00000, 0x00000000eec00000| Complete 
| 237|0x00000000eed00000, 0x00000000eee00000, 0x00000000eee00000|100%| E|CS|TAMS 0x00000000eed00000, 0x00000000eed00000| Complete 
| 238|0x00000000eee00000, 0x00000000eef00000, 0x00000000eef00000|100%| E|CS|TAMS 0x00000000eee00000, 0x00000000eee00000| Complete 
| 239|0x00000000eef00000, 0x00000000ef000000, 0x00000000ef000000|100%| E|CS|TAMS 0x00000000eef00000, 0x00000000eef00000| Complete 
| 240|0x00000000ef000000, 0x00000000ef100000, 0x00000000ef100000|100%| E|CS|TAMS 0x00000000ef000000, 0x00000000ef000000| Complete 
| 241|0x00000000ef100000, 0x00000000ef200000, 0x00000000ef200000|100%| E|CS|TAMS 0x00000000ef100000, 0x00000000ef100000| Complete 
| 242|0x00000000ef200000, 0x00000000ef300000, 0x00000000ef300000|100%| E|CS|TAMS 0x00000000ef200000, 0x00000000ef200000| Complete 
| 243|0x00000000ef300000, 0x00000000ef400000, 0x00000000ef400000|100%| E|CS|TAMS 0x00000000ef300000, 0x00000000ef300000| Complete 
| 244|0x00000000ef400000, 0x00000000ef500000, 0x00000000ef500000|100%| E|CS|TAMS 0x00000000ef400000, 0x00000000ef400000| Complete 
| 245|0x00000000ef500000, 0x00000000ef600000, 0x00000000ef600000|100%| E|CS|TAMS 0x00000000ef500000, 0x00000000ef500000| Complete 
| 246|0x00000000ef600000, 0x00000000ef700000, 0x00000000ef700000|100%| E|CS|TAMS 0x00000000ef600000, 0x00000000ef600000| Complete 
| 247|0x00000000ef700000, 0x00000000ef800000, 0x00000000ef800000|100%| E|CS|TAMS 0x00000000ef700000, 0x00000000ef700000| Complete 
| 248|0x00000000ef800000, 0x00000000ef900000, 0x00000000ef900000|100%| E|CS|TAMS 0x00000000ef800000, 0x00000000ef800000| Complete 
| 249|0x00000000ef900000, 0x00000000efa00000, 0x00000000efa00000|100%| E|CS|TAMS 0x00000000ef900000, 0x00000000ef900000| Complete 
| 250|0x00000000efa00000, 0x00000000efb00000, 0x00000000efb00000|100%| E|CS|TAMS 0x00000000efa00000, 0x00000000efa00000| Complete 
| 251|0x00000000efb00000, 0x00000000efc00000, 0x00000000efc00000|100%| E|CS|TAMS 0x00000000efb00000, 0x00000000efb00000| Complete 
| 252|0x00000000efc00000, 0x00000000efd00000, 0x00000000efd00000|100%| E|CS|TAMS 0x00000000efc00000, 0x00000000efc00000| Complete 
| 253|0x00000000efd00000, 0x00000000efe00000, 0x00000000efe00000|100%| E|CS|TAMS 0x00000000efd00000, 0x00000000efd00000| Complete 
| 254|0x00000000efe00000, 0x00000000eff00000, 0x00000000eff00000|100%| E|CS|TAMS 0x00000000efe00000, 0x00000000efe00000| Complete 
| 255|0x00000000eff00000, 0x00000000f0000000, 0x00000000f0000000|100%| E|CS|TAMS 0x00000000eff00000, 0x00000000eff00000| Complete 

Card table byte_map: [0x0000014e9d430000,0x0000014e9d530000] _byte_map_base: 0x0000014e9cd30000

Marking Bits (Prev, Next): (CMBitMap*) 0x0000014e84a23260, (CMBitMap*) 0x0000014e84a23220
 Prev Bits: [0x0000014e9de30000, 0x0000014e9e630000)
 Next Bits: [0x0000014e9d630000, 0x0000014e9de30000)

Polling page: 0x0000014e84720000

Metaspace:

Usage:
  Non-class:     24.08 MB used.
      Class:      4.07 MB used.
       Both:     28.15 MB used.

Virtual space:
  Non-class space:       64.00 MB reserved,      24.31 MB ( 38%) committed,  1 nodes.
      Class space:      320.00 MB reserved,       4.25 MB (  1%) committed,  1 nodes.
             Both:      384.00 MB reserved,      28.56 MB (  7%) committed. 

Chunk freelists:
   Non-Class:  6.91 MB
       Class:  11.69 MB
        Both:  18.59 MB

MaxMetaspaceSize: 384.00 MB
CompressedClassSpaceSize: 320.00 MB
Initial GC threshold: 21.00 MB
Current GC threshold: 35.12 MB
CDS: on
MetaspaceReclaimPolicy: balanced
 - commit_granule_bytes: 65536.
 - commit_granule_words: 8192.
 - virtual_space_node_default_size: 8388608.
 - enlarge_chunks_in_place: 1.
 - new_chunks_are_fully_committed: 0.
 - uncommit_free_chunks: 1.
 - use_allocation_guard: 0.
 - handle_deallocations: 1.


Internal statistics:

num_allocs_failed_limit: 3.
num_arena_births: 380.
num_arena_deaths: 0.
num_vsnodes_births: 2.
num_vsnodes_deaths: 0.
num_space_committed: 458.
num_space_uncommitted: 0.
num_chunks_returned_to_freelist: 3.
num_chunks_taken_from_freelist: 1488.
num_chunk_merges: 3.
num_chunk_splits: 946.
num_chunks_enlarged: 653.
num_inconsistent_stats: 0.

CodeHeap 'non-profiled nmethods': size=120000Kb used=1909Kb max_used=1909Kb free=118091Kb
 bounds [0x0000014e953a0000, 0x0000014e95610000, 0x0000014e9c8d0000]
CodeHeap 'profiled nmethods': size=120000Kb used=6945Kb max_used=6945Kb free=113054Kb
 bounds [0x0000014e8d8d0000, 0x0000014e8dfa0000, 0x0000014e94e00000]
CodeHeap 'non-nmethods': size=5760Kb used=1261Kb max_used=1343Kb free=4499Kb
 bounds [0x0000014e94e00000, 0x0000014e95070000, 0x0000014e953a0000]
 total_blobs=3893 nmethods=3323 adapters=482
 compilation: enabled
              stopped_count=0, restarted_count=0
 full_count=0

Compilation events (20 events):
Event: 10.812 Thread 0x0000014ea10794b0 3304       2       java.lang.reflect.AccessibleObject::isAccessChecked (25 bytes)
Event: 10.812 Thread 0x0000014ea10794b0 nmethod 3304 0x0000014e8df89910 code [0x0000014e8df89ac0, 0x0000014e8df89ca8]
Event: 10.814 Thread 0x0000014ea10794b0 3306       2       org.codehaus.groovy.reflection.CachedMethod::compareToCachedMethod (160 bytes)
Event: 10.816 Thread 0x0000014ea10794b0 nmethod 3306 0x0000014e8df89d90 code [0x0000014e8df8a020, 0x0000014e8df8a688]
Event: 10.816 Thread 0x0000014ea10794b0 3305       2       org.codehaus.groovy.reflection.CachedMethod::compareTo (25 bytes)
Event: 10.816 Thread 0x0000014ea10794b0 nmethod 3305 0x0000014e8df8ad10 code [0x0000014e8df8aec0, 0x0000014e8df8b0d8]
Event: 10.816 Thread 0x0000014ea10794b0 3308       2       java.util.concurrent.atomic.AtomicInteger::<init> (5 bytes)
Event: 10.817 Thread 0x0000014ea10794b0 nmethod 3308 0x0000014e8df8b210 code [0x0000014e8df8b3a0, 0x0000014e8df8b498]
Event: 10.817 Thread 0x0000014ea10794b0 3307       2       jdk.internal.misc.Unsafe::weakCompareAndSetReference (11 bytes)
Event: 10.817 Thread 0x0000014ea10794b0 nmethod 3307 0x0000014e8df8b510 code [0x0000014e8df8b6a0, 0x0000014e8df8b818]
Event: 10.817 Thread 0x0000014ea10794b0 3309       2       org.codehaus.groovy.reflection.CachedClass::getCachedSuperClass (11 bytes)
Event: 10.818 Thread 0x0000014ea10794b0 nmethod 3309 0x0000014e8df8b890 code [0x0000014e8df8ba40, 0x0000014e8df8bba8]
Event: 10.818 Thread 0x0000014ea10794b0 3310   !   2       org.codehaus.groovy.util.LazyReference::getLocked (85 bytes)
Event: 10.819 Thread 0x0000014ea10794b0 nmethod 3310 0x0000014e8df8bc90 code [0x0000014e8df8bec0, 0x0000014e8df8c448]
Event: 10.820 Thread 0x0000014ea10794b0 3311       2       java.util.LinkedList$ListItr::checkForComodification (23 bytes)
Event: 10.820 Thread 0x0000014ea10794b0 nmethod 3311 0x0000014e8df8c810 code [0x0000014e8df8c9c0, 0x0000014e8df8cba8]
Event: 10.820 Thread 0x0000014ea10794b0 3312       2       java.lang.PublicMethods$MethodList::getMostSpecific (63 bytes)
Event: 10.820 Thread 0x0000014ea10794b0 nmethod 3312 0x0000014e8df8cc90 code [0x0000014e8df8ce40, 0x0000014e8df8d048]
Event: 10.822 Thread 0x0000014ea10794b0 3313       1       java.util.LinkedList::size (5 bytes)
Event: 10.822 Thread 0x0000014ea10794b0 nmethod 3313 0x0000014e9557b210 code [0x0000014e9557b3a0, 0x0000014e9557b478]

GC Heap History (8 events):
Event: 1.075 GC heap before
{Heap before GC invocations=0 (full 0):
 garbage-first heap   total 262144K, used 22528K [0x00000000e0000000, 0x0000000100000000)
  region size 1024K, 23 young (23552K), 0 survivors (0K)
 Metaspace       used 911K, committed 1088K, reserved 393216K
  class space    used 69K, committed 128K, reserved 327680K
}
Event: 1.079 GC heap after
{Heap after GC invocations=1 (full 0):
 garbage-first heap   total 262144K, used 1714K [0x00000000e0000000, 0x0000000100000000)
  region size 1024K, 2 young (2048K), 2 survivors (2048K)
 Metaspace       used 911K, committed 1088K, reserved 393216K
  class space    used 69K, committed 128K, reserved 327680K
}
Event: 2.943 GC heap before
{Heap before GC invocations=1 (full 0):
 garbage-first heap   total 262144K, used 37554K [0x00000000e0000000, 0x0000000100000000)
  region size 1024K, 35 young (35840K), 2 survivors (2048K)
 Metaspace       used 4414K, committed 4608K, reserved 393216K
  class space    used 551K, committed 640K, reserved 327680K
}
Event: 2.950 GC heap after
{Heap after GC invocations=2 (full 0):
 garbage-first heap   total 262144K, used 10969K [0x00000000e0000000, 0x0000000100000000)
  region size 1024K, 5 young (5120K), 5 survivors (5120K)
 Metaspace       used 4414K, committed 4608K, reserved 393216K
  class space    used 551K, committed 640K, reserved 327680K
}
Event: 4.696 GC heap before
{Heap before GC invocations=2 (full 0):
 garbage-first heap   total 262144K, used 67289K [0x00000000e0000000, 0x0000000100000000)
  region size 1024K, 58 young (59392K), 5 survivors (5120K)
 Metaspace       used 5171K, committed 5376K, reserved 393216K
  class space    used 682K, committed 768K, reserved 327680K
}
Event: 4.703 GC heap after
{Heap after GC invocations=3 (full 0):
 garbage-first heap   total 262144K, used 16621K [0x00000000e0000000, 0x0000000100000000)
  region size 1024K, 5 young (5120K), 5 survivors (5120K)
 Metaspace       used 5171K, committed 5376K, reserved 393216K
  class space    used 682K, committed 768K, reserved 327680K
}
Event: 9.522 GC heap before
{Heap before GC invocations=3 (full 0):
 garbage-first heap   total 262144K, used 122093K [0x00000000e0000000, 0x0000000100000000)
  region size 1024K, 109 young (111616K), 5 survivors (5120K)
 Metaspace       used 21151K, committed 21504K, reserved 393216K
  class space    used 3085K, committed 3264K, reserved 327680K
}
Event: 9.537 GC heap after
{Heap after GC invocations=4 (full 0):
 garbage-first heap   total 262144K, used 23769K [0x00000000e0000000, 0x0000000100000000)
  region size 1024K, 12 young (12288K), 12 survivors (12288K)
 Metaspace       used 21151K, committed 21504K, reserved 393216K
  class space    used 3085K, committed 3264K, reserved 327680K
}

Deoptimization events (20 events):
Event: 10.512 Thread 0x0000014ebbde1760 Uncommon trap: trap_request=0xffffffc6 fr.pc=0x0000014e9556a954 relative=0x0000000000000854
Event: 10.512 Thread 0x0000014ebbde1760 Uncommon trap: reason=bimorphic_or_optimized_type_check action=maybe_recompile pc=0x0000014e9556a954 method=java.io.BufferedInputStream.read([BII)I @ 101 c2
Event: 10.512 Thread 0x0000014ebbde1760 DEOPT PACKING pc=0x0000014e9556a954 sp=0x00000016856f7ef0
Event: 10.512 Thread 0x0000014ebbde1760 DEOPT UNPACKING pc=0x0000014e94e523a3 sp=0x00000016856f7ea8 mode 2
Event: 10.512 Thread 0x0000014ebbde1760 Uncommon trap: trap_request=0xffffffc6 fr.pc=0x0000014e9556a954 relative=0x0000000000000854
Event: 10.512 Thread 0x0000014ebbde1760 Uncommon trap: reason=bimorphic_or_optimized_type_check action=maybe_recompile pc=0x0000014e9556a954 method=java.io.BufferedInputStream.read([BII)I @ 101 c2
Event: 10.512 Thread 0x0000014ebbde1760 DEOPT PACKING pc=0x0000014e9556a954 sp=0x00000016856f7ef0
Event: 10.512 Thread 0x0000014ebbde1760 DEOPT UNPACKING pc=0x0000014e94e523a3 sp=0x00000016856f7ea8 mode 2
Event: 10.512 Thread 0x0000014ebbde1760 Uncommon trap: trap_request=0xffffffc6 fr.pc=0x0000014e9556a954 relative=0x0000000000000854
Event: 10.512 Thread 0x0000014ebbde1760 Uncommon trap: reason=bimorphic_or_optimized_type_check action=maybe_recompile pc=0x0000014e9556a954 method=java.io.BufferedInputStream.read([BII)I @ 101 c2
Event: 10.512 Thread 0x0000014ebbde1760 DEOPT PACKING pc=0x0000014e9556a954 sp=0x00000016856f7ef0
Event: 10.512 Thread 0x0000014ebbde1760 DEOPT UNPACKING pc=0x0000014e94e523a3 sp=0x00000016856f7ea8 mode 2
Event: 10.514 Thread 0x0000014ebbde1760 Uncommon trap: trap_request=0xffffffc6 fr.pc=0x0000014e9556a954 relative=0x0000000000000854
Event: 10.514 Thread 0x0000014ebbde1760 Uncommon trap: reason=bimorphic_or_optimized_type_check action=maybe_recompile pc=0x0000014e9556a954 method=java.io.BufferedInputStream.read([BII)I @ 101 c2
Event: 10.514 Thread 0x0000014ebbde1760 DEOPT PACKING pc=0x0000014e9556a954 sp=0x00000016856f7ef0
Event: 10.514 Thread 0x0000014ebbde1760 DEOPT UNPACKING pc=0x0000014e94e523a3 sp=0x00000016856f7ea8 mode 2
Event: 10.587 Thread 0x0000014ebbde1760 Uncommon trap: trap_request=0xffffff45 fr.pc=0x0000014e95535630 relative=0x00000000000005d0
Event: 10.587 Thread 0x0000014ebbde1760 Uncommon trap: reason=unstable_if action=reinterpret pc=0x0000014e95535630 method=jdk.internal.org.objectweb.asm.MethodWriter.visitVarInsn(II)V @ 108 c2
Event: 10.587 Thread 0x0000014ebbde1760 DEOPT PACKING pc=0x0000014e95535630 sp=0x00000016856f10a0
Event: 10.587 Thread 0x0000014ebbde1760 DEOPT UNPACKING pc=0x0000014e94e523a3 sp=0x00000016856f1068 mode 2

Classes unloaded (0 events):
No events

Classes redefined (0 events):
No events

Internal exceptions (20 events):
Event: 9.570 Thread 0x0000014ebbde1760 Exception <a 'java/lang/NoSuchMethodError'{0x00000000efe46698}: 'java.lang.Object java.lang.invoke.DirectMethodHandle$Holder.newInvokeSpecial(java.lang.Object, java.lang.Object, java.lang.Object, java.lang.Object, java.lang.Object, java.lang.Object, java.lang.Object, java.lang.Object)'> (0x00000000efe46698) 
thrown [s\open\src\hotspot\share\interpreter\linkResolver.cpp, line 759]
Event: 9.571 Thread 0x0000014ebbde1760 Exception <a 'java/lang/NoSuchMethodError'{0x00000000efe4c0a0}: 'java.lang.Object java.lang.invoke.DirectMethodHandle$Holder.invokeSpecial(java.lang.Object, java.lang.Object, java.lang.Object, java.lang.Object, java.lang.Object, java.lang.Object, java.lang.Object, java.lang.Object, java.lang.Object)'> (0x00000000efe4c0a0) 
thrown [s\open\src\hotspot\share\interpreter\linkResolver.cpp, line 759]
Event: 9.571 Thread 0x0000014ebbde1760 Exception <a 'java/lang/NoSuchMethodError'{0x00000000efe51450}: 'java.lang.Object java.lang.invoke.Invokers$Holder.linkToTargetMethod(java.lang.Object, java.lang.Object, java.lang.Object, java.lang.Object, java.lang.Object, java.lang.Object, java.lang.Object, java.lang.Object)'> (0x00000000efe51450) 
thrown [s\open\src\hotspot\share\interpreter\linkResolver.cpp, line 759]
Event: 9.641 Thread 0x0000014ebbde1760 Exception <a 'java/lang/NoSuchMethodError'{0x00000000efc68db8}: 'void java.lang.invoke.DirectMethodHandle$Holder.invokeStaticInit(java.lang.Object, java.lang.Object)'> (0x00000000efc68db8) 
thrown [s\open\src\hotspot\share\interpreter\linkResolver.cpp, line 759]
Event: 9.825 Thread 0x0000014ebbde1760 Exception <a 'java/lang/NoSuchMethodError'{0x00000000ef63dd68}: 'int java.lang.invoke.DirectMethodHandle$Holder.invokeVirtual(java.lang.Object, java.lang.Object)'> (0x00000000ef63dd68) 
thrown [s\open\src\hotspot\share\interpreter\linkResolver.cpp, line 759]
Event: 10.103 Thread 0x0000014ebbde1760 Exception <a 'java/lang/IncompatibleClassChangeError'{0x00000000eead8510}: Found class java.lang.Object, but interface was expected> (0x00000000eead8510) 
thrown [s\open\src\hotspot\share\interpreter\linkResolver.cpp, line 826]
Event: 10.129 Thread 0x0000014ebbde1760 Exception <a 'java/lang/NoSuchMethodError'{0x00000000ee86d7e0}: 'java.lang.Object java.lang.invoke.DirectMethodHandle$Holder.newInvokeSpecial(java.lang.Object, java.lang.Object, long)'> (0x00000000ee86d7e0) 
thrown [s\open\src\hotspot\share\interpreter\linkResolver.cpp, line 759]
Event: 10.129 Thread 0x0000014ebbde1760 Exception <a 'java/lang/NoSuchMethodError'{0x00000000ee871df0}: 'java.lang.Object java.lang.invoke.Invokers$Holder.linkToTargetMethod(java.lang.Object, long, java.lang.Object)'> (0x00000000ee871df0) 
thrown [s\open\src\hotspot\share\interpreter\linkResolver.cpp, line 759]
Event: 10.179 Thread 0x0000014ebbde1760 Exception <a 'java/lang/NoSuchMethodError'{0x00000000ee6a03d8}: 'int java.lang.invoke.DirectMethodHandle$Holder.invokeInterface(java.lang.Object, java.lang.Object)'> (0x00000000ee6a03d8) 
thrown [s\open\src\hotspot\share\interpreter\linkResolver.cpp, line 759]
Event: 10.192 Thread 0x0000014ebbde1760 Exception <a 'java/lang/NoSuchMethodError'{0x00000000ee532138}: 'java.lang.Object java.lang.invoke.DirectMethodHandle$Holder.invokeVirtual(java.lang.Object, java.lang.Object, int)'> (0x00000000ee532138) 
thrown [s\open\src\hotspot\share\interpreter\linkResolver.cpp, line 759]
Event: 10.214 Thread 0x0000014ebbde1760 Exception <a 'java/lang/NoSuchMethodError'{0x00000000ee5f8310}: 'java.lang.Object java.lang.invoke.DirectMethodHandle$Holder.invokeStatic(java.lang.Object, java.lang.Object, int, java.lang.Object)'> (0x00000000ee5f8310) 
thrown [s\open\src\hotspot\share\interpreter\linkResolver.cpp, line 759]
Event: 10.215 Thread 0x0000014ebbde1760 Exception <a 'java/lang/NoSuchMethodError'{0x00000000ee400ce0}: 'java.lang.Object java.lang.invoke.DirectMethodHandle$Holder.newInvokeSpecial(java.lang.Object, java.lang.Object, int, java.lang.Object)'> (0x00000000ee400ce0) 
thrown [s\open\src\hotspot\share\interpreter\linkResolver.cpp, line 759]
Event: 10.215 Thread 0x0000014ebbde1760 Exception <a 'java/lang/NoSuchMethodError'{0x00000000ee4056c0}: 'java.lang.Object java.lang.invoke.DirectMethodHandle$Holder.invokeSpecial(java.lang.Object, java.lang.Object, java.lang.Object, int, java.lang.Object)'> (0x00000000ee4056c0) 
thrown [s\open\src\hotspot\share\interpreter\linkResolver.cpp, line 759]
Event: 10.364 Thread 0x0000014ebbde1760 Exception <a 'java/lang/NoSuchMethodError'{0x00000000ee0da7d8}: 'java.lang.Object java.lang.invoke.DirectMethodHandle$Holder.invokeStaticInit(java.lang.Object, java.lang.Object, java.lang.Object, java.lang.Object, java.lang.Object, java.lang.Object, java.lang.Object)'> (0x00000000ee0da7d8) 
thrown [s\open\src\hotspot\share\interpreter\linkResolver.cpp, line 759]
Event: 10.368 Thread 0x0000014ebbde1760 Exception <a 'java/lang/NoSuchMethodError'{0x00000000edf04280}: 'java.lang.Object java.lang.invoke.DirectMethodHandle$Holder.invokeSpecial(java.lang.Object, java.lang.Object, java.lang.Object, int, java.lang.Object, java.lang.Object)'> (0x00000000edf04280) 
thrown [s\open\src\hotspot\share\interpreter\linkResolver.cpp, line 759]
Event: 10.587 Thread 0x0000014ebbde1760 Implicit null exception at 0x0000014e95535180 to 0x0000014e95535624
Event: 10.612 Thread 0x0000014ebbde1760 Exception <a 'java/lang/NoSuchMethodError'{0x00000000ed9c1da0}: 'java.lang.Object java.lang.invoke.DirectMethodHandle$Holder.invokeStaticInit(java.lang.Object, java.lang.Object, java.lang.Object)'> (0x00000000ed9c1da0) 
thrown [s\open\src\hotspot\share\interpreter\linkResolver.cpp, line 759]
Event: 10.658 Thread 0x0000014ebbde1760 Exception <a 'java/lang/NoSuchMethodError'{0x00000000ed8deb78}: 'void java.lang.invoke.DirectMethodHandle$Holder.invokeStaticInit(java.lang.Object, java.lang.Object, java.lang.Object)'> (0x00000000ed8deb78) 
thrown [s\open\src\hotspot\share\interpreter\linkResolver.cpp, line 759]
Event: 10.664 Thread 0x0000014ebbde1760 Exception <a 'java/lang/NoSuchMethodError'{0x00000000ed7041d0}: 'void java.lang.invoke.DirectMethodHandle$Holder.invokeStaticInit(java.lang.Object, java.lang.Object, java.lang.Object, java.lang.Object, java.lang.Object)'> (0x00000000ed7041d0) 
thrown [s\open\src\hotspot\share\interpreter\linkResolver.cpp, line 759]
Event: 10.681 Thread 0x0000014ebbde1760 Exception <a 'java/lang/NoSuchMethodError'{0x00000000ed75ff48}: 'int java.lang.invoke.DirectMethodHandle$Holder.invokeStaticInit(java.lang.Object, java.lang.Object, java.lang.Object, java.lang.Object)'> (0x00000000ed75ff48) 
thrown [s\open\src\hotspot\share\interpreter\linkResolver.cpp, line 759]

VM Operations (20 events):
Event: 9.557 Executing VM operation: G1Concurrent
Event: 9.557 Executing VM operation: G1Concurrent done
Event: 9.878 Executing VM operation: HandshakeAllThreads
Event: 9.878 Executing VM operation: HandshakeAllThreads done
Event: 10.101 Executing VM operation: HandshakeAllThreads
Event: 10.101 Executing VM operation: HandshakeAllThreads done
Event: 10.107 Executing VM operation: HandshakeAllThreads
Event: 10.107 Executing VM operation: HandshakeAllThreads done
Event: 10.133 Executing VM operation: HandshakeAllThreads
Event: 10.133 Executing VM operation: HandshakeAllThreads done
Event: 10.134 Executing VM operation: HandshakeAllThreads
Event: 10.134 Executing VM operation: HandshakeAllThreads done
Event: 10.289 Executing VM operation: HandshakeAllThreads
Event: 10.289 Executing VM operation: HandshakeAllThreads done
Event: 10.290 Executing VM operation: HandshakeAllThreads
Event: 10.290 Executing VM operation: HandshakeAllThreads done
Event: 10.570 Executing VM operation: HandshakeAllThreads
Event: 10.570 Executing VM operation: HandshakeAllThreads done
Event: 10.570 Executing VM operation: Cleanup
Event: 10.570 Executing VM operation: Cleanup done

Events (20 events):
Event: 10.651 loading class sun/nio/fs/ExtendedFileSystemProvider
Event: 10.652 loading class sun/nio/fs/ExtendedFileSystemProvider done
Event: 10.723 loading class java/lang/ProcessHandle$Info
Event: 10.723 loading class java/lang/ProcessHandle$Info done
Event: 10.723 loading class java/lang/ProcessHandle
Event: 10.723 loading class java/lang/ProcessHandle done
Event: 10.811 loading class java/util/OptionalDouble
Event: 10.811 loading class java/util/OptionalDouble done
Event: 10.811 loading class java/util/OptionalLong
Event: 10.811 loading class java/util/OptionalLong done
Event: 10.811 loading class java/util/stream/LongStream
Event: 10.812 loading class java/util/stream/LongStream done
Event: 10.813 loading class java/util/stream/DoubleStream
Event: 10.813 loading class java/util/stream/DoubleStream done
Event: 10.813 loading class java/util/function/LongPredicate
Event: 10.813 loading class java/util/function/LongPredicate done
Event: 10.814 loading class java/util/function/DoublePredicate
Event: 10.814 loading class java/util/function/DoublePredicate done
Event: 10.814 loading class java/util/function/DoubleFunction
Event: 10.814 loading class java/util/function/DoubleFunction done


Dynamic libraries:
0x00007ff6b1450000 - 0x00007ff6b1460000 	C:\Program Files\Java\jdk-17\bin\java.exe
0x00007ffbc2140000 - 0x00007ffbc23a8000 	C:\WINDOWS\SYSTEM32\ntdll.dll
0x00007ffbc1010000 - 0x00007ffbc10d9000 	C:\WINDOWS\System32\KERNEL32.DLL
0x00007ffbbf630000 - 0x00007ffbbfa28000 	C:\WINDOWS\System32\KERNELBASE.dll
0x00007ffbbf370000 - 0x00007ffbbf4bb000 	C:\WINDOWS\System32\ucrtbase.dll
0x00007ffbb2b10000 - 0x00007ffbb2b29000 	C:\Program Files\Java\jdk-17\bin\jli.dll
0x00007ffbc16a0000 - 0x00007ffbc1754000 	C:\WINDOWS\System32\ADVAPI32.dll
0x00007ffbc1f90000 - 0x00007ffbc2039000 	C:\WINDOWS\System32\msvcrt.dll
0x00007ffbb2af0000 - 0x00007ffbb2b0b000 	C:\Program Files\Java\jdk-17\bin\VCRUNTIME140.dll
0x00007ffbc1e00000 - 0x00007ffbc1ea6000 	C:\WINDOWS\System32\sechost.dll
0x00007ffbc10e0000 - 0x00007ffbc11f8000 	C:\WINDOWS\System32\RPCRT4.dll
0x00007ffbc0df0000 - 0x00007ffbc0fb7000 	C:\WINDOWS\System32\USER32.dll
0x00007ffbbf290000 - 0x00007ffbbf2b7000 	C:\WINDOWS\System32\win32u.dll
0x00007ffbc08f0000 - 0x00007ffbc091b000 	C:\WINDOWS\System32\GDI32.dll
0x00007ffbbfba0000 - 0x00007ffbbfccc000 	C:\WINDOWS\System32\gdi32full.dll
0x00007ffbaad90000 - 0x00007ffbab024000 	C:\WINDOWS\WinSxS\amd64_microsoft.windows.common-controls_6595b64144ccf1df_6.0.26100.7019_none_3e06ffa0e335b8a8\COMCTL32.dll
0x00007ffbbf2c0000 - 0x00007ffbbf363000 	C:\WINDOWS\System32\msvcp_win.dll
0x00007ffbb2210000 - 0x00007ffbb221b000 	C:\WINDOWS\SYSTEM32\VERSION.dll
0x00007ffbc0150000 - 0x00007ffbc0181000 	C:\WINDOWS\System32\IMM32.DLL
0x00007ffbbb360000 - 0x00007ffbbb36c000 	C:\Program Files\Java\jdk-17\bin\vcruntime140_1.dll
0x00007ffbb1cd0000 - 0x00007ffbb1d5e000 	C:\Program Files\Java\jdk-17\bin\msvcp140.dll
0x00007ffb80880000 - 0x00007ffb81460000 	C:\Program Files\Java\jdk-17\bin\server\jvm.dll
0x00007ffbc1f00000 - 0x00007ffbc1f08000 	C:\WINDOWS\System32\PSAPI.DLL
0x00007ffbae780000 - 0x00007ffbae7b5000 	C:\WINDOWS\SYSTEM32\WINMM.dll
0x00007ffbbb340000 - 0x00007ffbbb34a000 	C:\WINDOWS\SYSTEM32\WSOCK32.dll
0x00007ffbc0a10000 - 0x00007ffbc0a84000 	C:\WINDOWS\System32\WS2_32.dll
0x00007ffbbe010000 - 0x00007ffbbe02b000 	C:\WINDOWS\SYSTEM32\kernel.appcore.dll
0x00007ffbbb2a0000 - 0x00007ffbbb2aa000 	C:\Program Files\Java\jdk-17\bin\jimage.dll
0x00007ffbbc980000 - 0x00007ffbbcbc2000 	C:\WINDOWS\SYSTEM32\DBGHELP.DLL
0x00007ffbc1860000 - 0x00007ffbc1beb000 	C:\WINDOWS\System32\combase.dll
0x00007ffbbffe0000 - 0x00007ffbc00b7000 	C:\WINDOWS\System32\OLEAUT32.dll
0x00007ffbbb9e0000 - 0x00007ffbbba1c000 	C:\WINDOWS\SYSTEM32\dbgcore.DLL
0x00007ffbbfaf0000 - 0x00007ffbbfb95000 	C:\WINDOWS\System32\bcryptPrimitives.dll
0x00007ffbb2cc0000 - 0x00007ffbb2cce000 	C:\Program Files\Java\jdk-17\bin\instrument.dll
0x00007ffbb1f30000 - 0x00007ffbb1f55000 	C:\Program Files\Java\jdk-17\bin\java.dll
0x00007ffbadfd0000 - 0x00007ffbae0a7000 	C:\Program Files\Java\jdk-17\bin\jsvml.dll
0x00007ffbc0190000 - 0x00007ffbc08df000 	C:\WINDOWS\System32\SHELL32.dll
0x00007ffbbf4c0000 - 0x00007ffbbf62b000 	C:\WINDOWS\System32\wintypes.dll
0x00007ffbbce90000 - 0x00007ffbbd6ed000 	C:\WINDOWS\SYSTEM32\windows.storage.dll
0x00007ffbc1760000 - 0x00007ffbc1852000 	C:\WINDOWS\System32\SHCORE.dll
0x00007ffbc1d90000 - 0x00007ffbc1df7000 	C:\WINDOWS\System32\shlwapi.dll
0x00007ffbbf1b0000 - 0x00007ffbbf1d9000 	C:\WINDOWS\SYSTEM32\profapi.dll
0x00007ffbb2970000 - 0x00007ffbb2988000 	C:\Program Files\Java\jdk-17\bin\zip.dll
0x00007ffbb1f10000 - 0x00007ffbb1f29000 	C:\Program Files\Java\jdk-17\bin\net.dll
0x00007ffbbb480000 - 0x00007ffbbb5a8000 	C:\WINDOWS\SYSTEM32\WINHTTP.dll
0x00007ffbbe560000 - 0x00007ffbbe5cb000 	C:\WINDOWS\system32\mswsock.dll
0x00007ffbb1ef0000 - 0x00007ffbb1f06000 	C:\Program Files\Java\jdk-17\bin\nio.dll
0x00007ffbb1ee0000 - 0x00007ffbb1ef0000 	C:\Program Files\Java\jdk-17\bin\verify.dll
0x00007ffb9acc0000 - 0x00007ffb9ace7000 	C:\Users\happy\.gradle\native\1def1411415f61bf3af743bc5b6707747c0891f09f0c88961ee8f79bc544acac\windows-amd64\native-platform.dll
0x00007ffbadf50000 - 0x00007ffbadfc8000 	C:\Users\happy\.gradle\native\0.2.7\x86_64-windows-gnu\gradle-fileevents.dll
0x00007ffbb1cc0000 - 0x00007ffbb1cca000 	C:\Program Files\Java\jdk-17\bin\management.dll
0x00007ffbae860000 - 0x00007ffbae86b000 	C:\Program Files\Java\jdk-17\bin\management_ext.dll
0x00007ffbbda50000 - 0x00007ffbbda84000 	C:\WINDOWS\SYSTEM32\IPHLPAPI.DLL
0x00007ffbc0de0000 - 0x00007ffbc0dea000 	C:\WINDOWS\System32\NSI.dll
0x00007ffbb24c0000 - 0x00007ffbb24de000 	C:\WINDOWS\SYSTEM32\dhcpcsvc6.DLL
0x00007ffbb2370000 - 0x00007ffbb2393000 	C:\WINDOWS\SYSTEM32\dhcpcsvc.DLL
0x00007ffbbdaf0000 - 0x00007ffbbdc1c000 	C:\WINDOWS\SYSTEM32\DNSAPI.dll
0x00007ffbbe950000 - 0x00007ffbbe96b000 	C:\WINDOWS\SYSTEM32\CRYPTSP.dll
0x00007ffbbdf70000 - 0x00007ffbbdfaa000 	C:\WINDOWS\system32\rsaenh.dll
0x00007ffbbe610000 - 0x00007ffbbe63b000 	C:\WINDOWS\SYSTEM32\USERENV.dll
0x00007ffbbf180000 - 0x00007ffbbf1aa000 	C:\WINDOWS\SYSTEM32\bcrypt.dll
0x00007ffbbe7b0000 - 0x00007ffbbe7bc000 	C:\WINDOWS\SYSTEM32\CRYPTBASE.dll
0x00007ffbadf40000 - 0x00007ffbadf4e000 	C:\Program Files\Java\jdk-17\bin\sunmscapi.dll
0x00007ffbbfcd0000 - 0x00007ffbbfe47000 	C:\WINDOWS\System32\CRYPT32.dll
0x00007ffbbeaa0000 - 0x00007ffbbead0000 	C:\WINDOWS\SYSTEM32\ncrypt.dll
0x00007ffbbea50000 - 0x00007ffbbea8f000 	C:\WINDOWS\SYSTEM32\NTASN1.dll
0x00007ffb82580000 - 0x00007ffb82588000 	C:\WINDOWS\system32\wshunix.dll

dbghelp: loaded successfully - version: 4.0.5 - missing functions: none
symbol engine: initialized successfully - sym options: 0x614 - pdb path: .;C:\Program Files\Java\jdk-17\bin;C:\WINDOWS\SYSTEM32;C:\WINDOWS\WinSxS\amd64_microsoft.windows.common-controls_6595b64144ccf1df_6.0.26100.7019_none_3e06ffa0e335b8a8;C:\Program Files\Java\jdk-17\bin\server;C:\Users\happy\.gradle\native\1def1411415f61bf3af743bc5b6707747c0891f09f0c88961ee8f79bc544acac\windows-amd64;C:\Users\happy\.gradle\native\0.2.7\x86_64-windows-gnu

VM Arguments:
jvm_args: --add-opens=java.base/java.lang=ALL-UNNAMED --add-opens=java.base/java.lang.invoke=ALL-UNNAMED --add-opens=java.base/java.util=ALL-UNNAMED --add-opens=java.prefs/java.util.prefs=ALL-UNNAMED --add-exports=jdk.compiler/com.sun.tools.javac.api=ALL-UNNAMED --add-exports=jdk.compiler/com.sun.tools.javac.util=ALL-UNNAMED --add-opens=java.base/java.util=ALL-UNNAMED --add-opens=java.prefs/java.util.prefs=ALL-UNNAMED --add-opens=java.base/java.nio.charset=ALL-UNNAMED --add-opens=java.base/java.net=ALL-UNNAMED --add-opens=java.base/java.util.concurrent.atomic=ALL-UNNAMED --add-opens=java.xml/javax.xml.namespace=ALL-UNNAMED -XX:MaxMetaspaceSize=384m -XX:+HeapDumpOnOutOfMemoryError -Xms256m -Xmx512m -Dfile.encoding=UTF-8 -Duser.country=KR -Duser.language=ko -Duser.variant -javaagent:C:\Users\happy\.gradle\wrapper\dists\gradle-8.14.3-bin\cv11ve7ro1n3o1j4so8xd9n66\gradle-8.14.3\lib\agents\gradle-instrumentation-agent-8.14.3.jar 
java_command: org.gradle.launcher.daemon.bootstrap.GradleDaemon 8.14.3
java_class_path (initial): C:\Users\happy\.gradle\wrapper\dists\gradle-8.14.3-bin\cv11ve7ro1n3o1j4so8xd9n66\gradle-8.14.3\lib\gradle-daemon-main-8.14.3.jar
Launcher Type: SUN_STANDARD

[Global flags]
     intx CICompilerCount                          = 4                                         {product} {ergonomic}
   size_t CompressedClassSpaceSize                 = 335544320                                 {product} {ergonomic}
     uint ConcGCThreads                            = 2                                         {product} {ergonomic}
     uint G1ConcRefinementThreads                  = 8                                         {product} {ergonomic}
   size_t G1HeapRegionSize                         = 1048576                                   {product} {ergonomic}
    uintx GCDrainStackTargetSize                   = 64                                        {product} {ergonomic}
     bool HeapDumpOnOutOfMemoryError               = true                                   {manageable} {command line}
   size_t InitialHeapSize                          = 268435456                                 {product} {command line}
   size_t MarkStackSize                            = 4194304                                   {product} {ergonomic}
   size_t MaxHeapSize                              = 536870912                                 {product} {command line}
   size_t MaxMetaspaceSize                         = 402653184                                 {product} {command line}
   size_t MaxNewSize                               = 321912832                                 {product} {ergonomic}
   size_t MinHeapDeltaBytes                        = 1048576                                   {product} {ergonomic}
   size_t MinHeapSize                              = 268435456                                 {product} {command line}
    uintx NonNMethodCodeHeapSize                   = 5839372                                {pd product} {ergonomic}
    uintx NonProfiledCodeHeapSize                  = 122909434                              {pd product} {ergonomic}
    uintx ProfiledCodeHeapSize                     = 122909434                              {pd product} {ergonomic}
    uintx ReservedCodeCacheSize                    = 251658240                              {pd product} {ergonomic}
     bool SegmentedCodeCache                       = true                                      {product} {ergonomic}
   size_t SoftMaxHeapSize                          = 536870912                              {manageable} {ergonomic}
     bool UseCompressedClassPointers               = true                           {product lp64_product} {ergonomic}
     bool UseCompressedOops                        = true                           {product lp64_product} {ergonomic}
     bool UseG1GC                                  = true                                      {product} {ergonomic}
     bool UseLargePagesIndividualAllocation        = false                                  {pd product} {ergonomic}

Logging:
Log output configuration:
 #0: stdout all=warning uptime,level,tags
 #1: stderr all=off uptime,level,tags

Environment Variables:
JAVA_HOME=C:\Program Files\Java\jdk-21
PATH=C:\Program Files\Volta\;C:\Program Files\Common Files\Oracle\Java\javapath;C:\Program Files (x86)\VMware\VMware Player\bin\;C:\WINDOWS\system32;C:\WINDOWS;C:\WINDOWS\System32\Wbem;C:\WINDOWS\System32\WindowsPowerShell\v1.0\;C:\WINDOWS\System32\OpenSSH\;C:\Program Files\Java\jdk-21;C:\Program Files\Git\cmd;C:\Program Files\GitHub CLI\;C:\Users\happy\AppData\Local\nvm;C:\nvm4w\nodejs;C:\Program Files\Docker\Docker\resources\bin;C:\Program Files\dotnet\;C:\Program Files\Microsoft SQL Server\150\Tools\Binn\;C:\Program Files (x86)\Windows Kits\10\Windows Performance Toolkit\;C:\Program Files\Bandizip\;c:\Users\happy\AppData\Local\Programs\cursor\resources\app\bin;C:\Program Files\cursor\resources\app\bin;%PATH:C:\Program Files\Volta;=%
USERNAME=happy
OS=Windows_NT
PROCESSOR_IDENTIFIER=Intel64 Family 6 Model 142 Stepping 12, GenuineIntel



---------------  S Y S T E M  ---------------

OS:
 Windows 11 , 64 bit Build 26100 (10.0.26100.7019)
OS uptime: 0 days 6:30 hours
Hyper-V role detected

CPU: total 8 (initial active 8) (4 cores per cpu, 2 threads per core) family 6 model 142 stepping 12 microcode 0xde, cx8, cmov, fxsr, ht, mmx, 3dnowpref, sse, sse2, sse3, ssse3, sse4.1, sse4.2, popcnt, lzcnt, tsc, tscinvbit, avx, avx2, aes, erms, clmul, bmi1, bmi2, adx, fma, vzeroupper, clflush, clflushopt, hv

Memory: 4k page, system-wide physical 24355M (6544M free)
TotalPageFile size 24355M (AvailPageFile size 29M)
current process WorkingSet (physical memory assigned to process): 298M, peak: 301M
current process commit charge ("private bytes"): 469M, peak: 471M

vm_info: Java HotSpot(TM) 64-Bit Server VM (17.0.12+8-LTS-286) for windows-amd64 JRE (17.0.12+8-LTS-286), built on Jun  5 2024 06:46:59 by "mach5one" with MS VC++ 17.6 (VS2022)

END.
