#
# There is insufficient memory for the Java Runtime Environment to continue.
# Native memory allocation (malloc) failed to allocate 1188544 bytes for Chunk::new
# Possible reasons:
#   The system is out of physical RAM or swap space
#   The process is running with CompressedOops enabled, and the Java Heap may be blocking the growth of the native heap
# Possible solutions:
#   Reduce memory load on the system
#   Increase physical memory or swap space
#   Check if swap backing store is full
#   Decrease Java heap size (-Xmx/-Xms)
#   Decrease number of Java threads
#   Decrease Java thread stack sizes (-Xss)
#   Set larger code cache with -XX:ReservedCodeCacheSize=
#   JVM is running with Unscaled Compressed Oops mode in which the Java heap is
#     placed in the first 4GB address space. The Java Heap base address is the
#     maximum limit for the native heap growth. Please use -XX:HeapBaseMinAddress
#     to set the Java Heap base and to place the Java Heap above 4GB virtual address.
# This output file may be truncated or incomplete.
#
#  Out of Memory Error (arena.cpp:189), pid=13224, tid=28020
#
# JRE version: Java(TM) SE Runtime Environment (17.0.12+8) (build 17.0.12+8-LTS-286)
# Java VM: Java HotSpot(TM) 64-Bit Server VM (17.0.12+8-LTS-286, mixed mode, sharing, tiered, compressed oops, compressed class ptrs, g1 gc, windows-amd64)
# No core dump will be written. Minidumps are not enabled by default on client versions of Windows
#

---------------  S U M M A R Y ------------

Command Line: --add-opens=java.base/java.lang=ALL-UNNAMED --add-opens=java.base/java.lang.invoke=ALL-UNNAMED --add-opens=java.base/java.util=ALL-UNNAMED --add-opens=java.prefs/java.util.prefs=ALL-UNNAMED --add-exports=jdk.compiler/com.sun.tools.javac.api=ALL-UNNAMED --add-exports=jdk.compiler/com.sun.tools.javac.util=ALL-UNNAMED --add-opens=java.base/java.util=ALL-UNNAMED --add-opens=java.prefs/java.util.prefs=ALL-UNNAMED --add-opens=java.base/java.nio.charset=ALL-UNNAMED --add-opens=java.base/java.net=ALL-UNNAMED --add-opens=java.base/java.util.concurrent.atomic=ALL-UNNAMED --add-opens=java.xml/javax.xml.namespace=ALL-UNNAMED -XX:MaxMetaspaceSize=384m -XX:+HeapDumpOnOutOfMemoryError -Xms256m -Xmx512m -Dfile.encoding=UTF-8 -Duser.country=KR -Duser.language=ko -Duser.variant -javaagent:C:\Users\happy\.gradle\wrapper\dists\gradle-8.14.3-bin\cv11ve7ro1n3o1j4so8xd9n66\gradle-8.14.3\lib\agents\gradle-instrumentation-agent-8.14.3.jar org.gradle.launcher.daemon.bootstrap.GradleDaemon 8.14.3

Host: Intel(R) Core(TM) i5-10210U CPU @ 1.60GHz, 8 cores, 23G,  Windows 11 , 64 bit Build 26100 (10.0.26100.7019)
Time: Wed Nov 19 15:53:07 2025  Windows 11 , 64 bit Build 26100 (10.0.26100.7019) elapsed time: 19.431119 seconds (0d 0h 0m 19s)

---------------  T H R E A D  ---------------

Current thread (0x0000020639d95e90):  JavaThread "C2 CompilerThread1" daemon [_thread_in_native, id=28020, stack(0x0000009f45a00000,0x0000009f45b00000)]


Current CompileTask:
C2:  19431 7152       4       groovy.lang.MetaClassImpl$1MOPIter::methodNameAction (325 bytes)

Stack: [0x0000009f45a00000,0x0000009f45b00000]
Native frames: (J=compiled Java code, j=interpreted, Vv=VM code, C=native code)
V  [jvm.dll+0x67a04a]
V  [jvm.dll+0x7da4ed]
V  [jvm.dll+0x7dbe33]
V  [jvm.dll+0x7dc4a3]
V  [jvm.dll+0x24508f]
V  [jvm.dll+0xab773]
V  [jvm.dll+0xabd3c]
V  [jvm.dll+0x361bee]
V  [jvm.dll+0x1ba45a]
V  [jvm.dll+0x216997]
V  [jvm.dll+0x215c6f]
V  [jvm.dll+0x1a2960]
V  [jvm.dll+0x22610b]
V  [jvm.dll+0x2242ab]
V  [jvm.dll+0x79075c]
V  [jvm.dll+0x78abea]
V  [jvm.dll+0x678f35]
C  [ucrtbase.dll+0x37b0]
C  [KERNEL32.DLL+0x2e8d7]
C  [ntdll.dll+0x8c53c]


---------------  P R O C E S S  ---------------

Threads class SMR info:
_java_thread_list=0x000002063826ed70, length=100, elements={
0x0000020602528af0, 0x000002061ce68880, 0x000002061ce69fb0, 0x000002061ce80d00,
0x000002061ce817d0, 0x000002061ce86d20, 0x000002061ce88860, 0x000002061ce9a630,
0x000002061ce9efb0, 0x000002061cea08d0, 0x000002061ce54470, 0x00000206361a90b0,
0x00000206368970d0, 0x00000206381ab8a0, 0x0000020637e0be90, 0x0000020637e0a930,
0x00000206381d4460, 0x00000206381c45a0, 0x00000206381c54d0, 0x00000206381c4ab0,
0x00000206381c4090, 0x00000206381c6e20, 0x00000206381c59e0, 0x00000206381c4fc0,
0x00000206381c5ef0, 0x00000206381c6400, 0x00000206381c6910, 0x00000206381c7840,
0x000002063b99ffa0, 0x000002063b9a04b0, 0x000002063b9a3240, 0x000002063b9a2d30,
0x000002063b9a0ed0, 0x000002063b9a3750, 0x000002063b9a13e0, 0x000002063b9a1e00,
0x000002063b9a18f0, 0x000002063b9a09c0, 0x000002063b9a4170, 0x000002063b9a4680,
0x000002063b9a4b90, 0x000002063b9a55b0, 0x000002063b9a50a0, 0x000002063b9a5ac0,
0x000002063b9a2310, 0x000002063b9a5fd0, 0x000002063b9a69f0, 0x000002063b9a6f00,
0x000002063b9a64e0, 0x000002063b9a7410, 0x000002063b9a7920, 0x0000020637101680,
0x0000020637101b90, 0x0000020637101170, 0x00000206371020a0, 0x00000206370ffd30,
0x0000020637102ac0, 0x00000206371025b0, 0x00000206370ff310, 0x00000206370ff820,
0x0000020637102fd0, 0x00000206371034e0, 0x00000206371039f0, 0x0000020637100240,
0x0000020637103f00, 0x0000020637100750, 0x0000020637104410, 0x0000020637100c60,
0x0000020637104e30, 0x0000020637105340, 0x0000020637106c90, 0x0000020637105850,
0x0000020637104920, 0x0000020637105d60, 0x0000020637106780, 0x000002063c7c7840,
0x000002063c7c8770, 0x000002063c7c8c80, 0x000002063c7c8260, 0x000002063c7c9190,
0x000002063c7c96a0, 0x000002063c7c6e20, 0x000002063c7c9bb0, 0x000002063c7c6400,
0x000002063c7ca0c0, 0x0000020639d95e90, 0x0000020639d94400, 0x000002063c7c6910,
0x000002063c7c7330, 0x000002063c7caae0, 0x000002063c7cb500, 0x000002063c7cce50,
0x000002063c7cd360, 0x000002063c7cc940, 0x000002063c7cba10, 0x000002063c7cd870,
0x000002063c7cbf20, 0x000002063c7ca5d0, 0x000002063c7cc430, 0x000002063c7cdd80
}

Java Threads: ( => current thread )
  0x0000020602528af0 JavaThread "main" [_thread_blocked, id=7120, stack(0x0000009f43400000,0x0000009f43500000)]
  0x000002061ce68880 JavaThread "Reference Handler" daemon [_thread_blocked, id=17248, stack(0x0000009f43b00000,0x0000009f43c00000)]
  0x000002061ce69fb0 JavaThread "Finalizer" daemon [_thread_blocked, id=13140, stack(0x0000009f43c00000,0x0000009f43d00000)]
  0x000002061ce80d00 JavaThread "Signal Dispatcher" daemon [_thread_blocked, id=24048, stack(0x0000009f43d00000,0x0000009f43e00000)]
  0x000002061ce817d0 JavaThread "Attach Listener" daemon [_thread_blocked, id=1036, stack(0x0000009f43e00000,0x0000009f43f00000)]
  0x000002061ce86d20 JavaThread "Service Thread" daemon [_thread_blocked, id=22216, stack(0x0000009f43f00000,0x0000009f44000000)]
  0x000002061ce88860 JavaThread "Monitor Deflation Thread" daemon [_thread_blocked, id=15304, stack(0x0000009f44000000,0x0000009f44100000)]
  0x000002061ce9a630 JavaThread "C2 CompilerThread0" daemon [_thread_in_native, id=1604, stack(0x0000009f44100000,0x0000009f44200000)]
  0x000002061ce9efb0 JavaThread "C1 CompilerThread0" daemon [_thread_in_native, id=5744, stack(0x0000009f44200000,0x0000009f44300000)]
  0x000002061cea08d0 JavaThread "Sweeper thread" daemon [_thread_blocked, id=27608, stack(0x0000009f44300000,0x0000009f44400000)]
  0x000002061ce54470 JavaThread "Common-Cleaner" daemon [_thread_blocked, id=17548, stack(0x0000009f44400000,0x0000009f44500000)]
  0x00000206361a90b0 JavaThread "Notification Thread" daemon [_thread_blocked, id=22152, stack(0x0000009f44600000,0x0000009f44700000)]
  0x00000206368970d0 JavaThread "Daemon health stats" [_thread_blocked, id=13632, stack(0x0000009f44e00000,0x0000009f44f00000)]
  0x00000206381ab8a0 JavaThread "Incoming local TCP Connector on port 58724" [_thread_in_native, id=11060, stack(0x0000009f44500000,0x0000009f44600000)]
  0x0000020637e0be90 JavaThread "Daemon periodic checks" [_thread_blocked, id=6600, stack(0x0000009f44f00000,0x0000009f45000000)]
  0x0000020637e0a930 JavaThread "Daemon" [_thread_blocked, id=14440, stack(0x0000009f45000000,0x0000009f45100000)]
  0x00000206381d4460 JavaThread "Handler for socket connection from /127.0.0.1:58724 to /127.0.0.1:58725" [_thread_in_native, id=2052, stack(0x0000009f45100000,0x0000009f45200000)]
  0x00000206381c45a0 JavaThread "Cancel handler" [_thread_blocked, id=23336, stack(0x0000009f45200000,0x0000009f45300000)]
  0x00000206381c54d0 JavaThread "Daemon worker" [_thread_in_Java, id=8468, stack(0x0000009f45300000,0x0000009f45400000)]
  0x00000206381c4ab0 JavaThread "Asynchronous log dispatcher for DefaultDaemonConnection: socket connection from /127.0.0.1:58724 to /127.0.0.1:58725" [_thread_in_Java, id=27948, stack(0x0000009f45400000,0x0000009f45500000)]
  0x00000206381c4090 JavaThread "Stdin handler" [_thread_blocked, id=18512, stack(0x0000009f45500000,0x0000009f45600000)]
  0x00000206381c6e20 JavaThread "Daemon client event forwarder" [_thread_blocked, id=18932, stack(0x0000009f45600000,0x0000009f45700000)]
  0x00000206381c59e0 JavaThread "Cache worker for journal cache (C:\Users\happy\.gradle\caches\journal-1)" [_thread_blocked, id=11308, stack(0x0000009f45700000,0x0000009f45800000)]
  0x00000206381c4fc0 JavaThread "File lock request listener" [_thread_in_native, id=1752, stack(0x0000009f45800000,0x0000009f45900000)]
  0x00000206381c5ef0 JavaThread "Cache worker for file hash cache (C:\Users\happy\.gradle\caches\8.14.3\fileHashes)" [_thread_blocked, id=28120, stack(0x0000009f45900000,0x0000009f45a00000)]
  0x00000206381c6400 JavaThread "Cache worker for file hash cache (D:\daelim_front_back\portfolio-spring-1.0\.gradle\8.14.3\fileHashes)" [_thread_blocked, id=22308, stack(0x0000009f45c00000,0x0000009f45d00000)]
  0x00000206381c6910 JavaThread "Cache worker for Build Output Cleanup Cache (D:\daelim_front_back\portfolio-spring-1.0\.gradle\buildOutputCleanup)" [_thread_blocked, id=22708, stack(0x0000009f45d00000,0x0000009f45e00000)]
  0x00000206381c7840 JavaThread "File watcher server" daemon [_thread_in_native, id=10064, stack(0x0000009f46100000,0x0000009f46200000)]
  0x000002063b99ffa0 JavaThread "File watcher consumer" daemon [_thread_blocked, id=11464, stack(0x0000009f46200000,0x0000009f46300000)]
  0x000002063b9a04b0 JavaThread "jar transforms" [_thread_blocked, id=8876, stack(0x0000009f46300000,0x0000009f46400000)]
  0x000002063b9a3240 JavaThread "jar transforms Thread 2" [_thread_blocked, id=24916, stack(0x0000009f46400000,0x0000009f46500000)]
  0x000002063b9a2d30 JavaThread "Cache worker for checksums cache (D:\daelim_front_back\portfolio-spring-1.0\.gradle\8.14.3\checksums)" [_thread_blocked, id=26384, stack(0x0000009f46500000,0x0000009f46600000)]
  0x000002063b9a0ed0 JavaThread "Cache worker for file content cache (C:\Users\happy\.gradle\caches\8.14.3\fileContent)" [_thread_blocked, id=3356, stack(0x0000009f46600000,0x0000009f46700000)]
  0x000002063b9a3750 JavaThread "jar transforms Thread 3" [_thread_blocked, id=2792, stack(0x0000009f46700000,0x0000009f46800000)]
  0x000002063b9a13e0 JavaThread "Cache worker for cache directory md-supplier (C:\Users\happy\.gradle\caches\8.14.3\md-supplier)" [_thread_blocked, id=4136, stack(0x0000009f46800000,0x0000009f46900000)]
  0x000002063b9a1e00 JavaThread "Cache worker for cache directory md-rule (C:\Users\happy\.gradle\caches\8.14.3\md-rule)" [_thread_blocked, id=21232, stack(0x0000009f46900000,0x0000009f46a00000)]
  0x000002063b9a18f0 JavaThread "Unconstrained build operations" [_thread_blocked, id=6000, stack(0x0000009f46a00000,0x0000009f46b00000)]
  0x000002063b9a09c0 JavaThread "Unconstrained build operations Thread 2" [_thread_blocked, id=19576, stack(0x0000009f46b00000,0x0000009f46c00000)]
  0x000002063b9a4170 JavaThread "Unconstrained build operations Thread 3" [_thread_blocked, id=15780, stack(0x0000009f46c00000,0x0000009f46d00000)]
  0x000002063b9a4680 JavaThread "Unconstrained build operations Thread 4" [_thread_blocked, id=12768, stack(0x0000009f46d00000,0x0000009f46e00000)]
  0x000002063b9a4b90 JavaThread "Unconstrained build operations Thread 5" [_thread_blocked, id=6572, stack(0x0000009f46e00000,0x0000009f46f00000)]
  0x000002063b9a55b0 JavaThread "Unconstrained build operations Thread 6" [_thread_blocked, id=20808, stack(0x0000009f46f00000,0x0000009f47000000)]
  0x000002063b9a50a0 JavaThread "Unconstrained build operations Thread 7" [_thread_blocked, id=4140, stack(0x0000009f47000000,0x0000009f47100000)]
  0x000002063b9a5ac0 JavaThread "Unconstrained build operations Thread 8" [_thread_blocked, id=24704, stack(0x0000009f47100000,0x0000009f47200000)]
  0x000002063b9a2310 JavaThread "jar transforms Thread 4" [_thread_blocked, id=14280, stack(0x0000009f47200000,0x0000009f47300000)]
  0x000002063b9a5fd0 JavaThread "jar transforms Thread 5" [_thread_blocked, id=2060, stack(0x0000009f47300000,0x0000009f47400000)]
  0x000002063b9a69f0 JavaThread "Unconstrained build operations Thread 9" [_thread_blocked, id=21284, stack(0x0000009f47400000,0x0000009f47500000)]
  0x000002063b9a6f00 JavaThread "Unconstrained build operations Thread 10" [_thread_blocked, id=20364, stack(0x0000009f47500000,0x0000009f47600000)]
  0x000002063b9a64e0 JavaThread "Unconstrained build operations Thread 11" [_thread_blocked, id=26296, stack(0x0000009f47600000,0x0000009f47700000)]
  0x000002063b9a7410 JavaThread "Unconstrained build operations Thread 12" [_thread_blocked, id=26228, stack(0x0000009f47700000,0x0000009f47800000)]
  0x000002063b9a7920 JavaThread "jar transforms Thread 6" [_thread_blocked, id=26784, stack(0x0000009f47800000,0x0000009f47900000)]
  0x0000020637101680 JavaThread "jar transforms Thread 7" [_thread_blocked, id=4436, stack(0x0000009f47900000,0x0000009f47a00000)]
  0x0000020637101b90 JavaThread "jar transforms Thread 8" [_thread_blocked, id=26872, stack(0x0000009f47a00000,0x0000009f47b00000)]
  0x0000020637101170 JavaThread "Unconstrained build operations Thread 13" [_thread_blocked, id=8664, stack(0x0000009f45b00000,0x0000009f45c00000)]
  0x00000206371020a0 JavaThread "Unconstrained build operations Thread 14" [_thread_blocked, id=15708, stack(0x0000009f47b00000,0x0000009f47c00000)]
  0x00000206370ffd30 JavaThread "Unconstrained build operations Thread 15" [_thread_blocked, id=8036, stack(0x0000009f47c00000,0x0000009f47d00000)]
  0x0000020637102ac0 JavaThread "Unconstrained build operations Thread 16" [_thread_blocked, id=25752, stack(0x0000009f47d00000,0x0000009f47e00000)]
  0x00000206371025b0 JavaThread "Unconstrained build operations Thread 17" [_thread_blocked, id=20216, stack(0x0000009f47e00000,0x0000009f47f00000)]
  0x00000206370ff310 JavaThread "Unconstrained build operations Thread 18" [_thread_blocked, id=27520, stack(0x0000009f47f00000,0x0000009f48000000)]
  0x00000206370ff820 JavaThread "Unconstrained build operations Thread 19" [_thread_blocked, id=20772, stack(0x0000009f48000000,0x0000009f48100000)]
  0x0000020637102fd0 JavaThread "Unconstrained build operations Thread 20" [_thread_blocked, id=26292, stack(0x0000009f48200000,0x0000009f48300000)]
  0x00000206371034e0 JavaThread "Unconstrained build operations Thread 21" [_thread_blocked, id=24620, stack(0x0000009f48300000,0x0000009f48400000)]
  0x00000206371039f0 JavaThread "Unconstrained build operations Thread 22" [_thread_blocked, id=4304, stack(0x0000009f48400000,0x0000009f48500000)]
  0x0000020637100240 JavaThread "Unconstrained build operations Thread 23" [_thread_blocked, id=17436, stack(0x0000009f48500000,0x0000009f48600000)]
  0x0000020637103f00 JavaThread "Unconstrained build operations Thread 24" [_thread_blocked, id=19552, stack(0x0000009f48600000,0x0000009f48700000)]
  0x0000020637100750 JavaThread "Unconstrained build operations Thread 25" [_thread_blocked, id=6236, stack(0x0000009f48700000,0x0000009f48800000)]
  0x0000020637104410 JavaThread "Unconstrained build operations Thread 26" [_thread_blocked, id=7548, stack(0x0000009f48800000,0x0000009f48900000)]
  0x0000020637100c60 JavaThread "Unconstrained build operations Thread 27" [_thread_blocked, id=11192, stack(0x0000009f48900000,0x0000009f48a00000)]
  0x0000020637104e30 JavaThread "Unconstrained build operations Thread 28" [_thread_blocked, id=27020, stack(0x0000009f48a00000,0x0000009f48b00000)]
  0x0000020637105340 JavaThread "Unconstrained build operations Thread 29" [_thread_blocked, id=13004, stack(0x0000009f48b00000,0x0000009f48c00000)]
  0x0000020637106c90 JavaThread "Unconstrained build operations Thread 30" [_thread_blocked, id=21120, stack(0x0000009f48c00000,0x0000009f48d00000)]
  0x0000020637105850 JavaThread "Unconstrained build operations Thread 31" [_thread_blocked, id=18540, stack(0x0000009f48d00000,0x0000009f48e00000)]
  0x0000020637104920 JavaThread "Unconstrained build operations Thread 32" [_thread_blocked, id=28640, stack(0x0000009f48e00000,0x0000009f48f00000)]
  0x0000020637105d60 JavaThread "Unconstrained build operations Thread 33" [_thread_blocked, id=26632, stack(0x0000009f48f00000,0x0000009f49000000)]
  0x0000020637106780 JavaThread "Memory manager" [_thread_blocked, id=2628, stack(0x0000009f49000000,0x0000009f49100000)]
  0x000002063c7c7840 JavaThread "ForkJoinPool.commonPool-worker-1" daemon [_thread_blocked, id=27680, stack(0x0000009f49100000,0x0000009f49200000)]
  0x000002063c7c8770 JavaThread "ForkJoinPool.commonPool-worker-2" daemon [_thread_blocked, id=24060, stack(0x0000009f49200000,0x0000009f49300000)]
  0x000002063c7c8c80 JavaThread "ForkJoinPool.commonPool-worker-3" daemon [_thread_blocked, id=26496, stack(0x0000009f49300000,0x0000009f49400000)]
  0x000002063c7c8260 JavaThread "ForkJoinPool.commonPool-worker-4" daemon [_thread_blocked, id=25516, stack(0x0000009f49400000,0x0000009f49500000)]
  0x000002063c7c9190 JavaThread "ForkJoinPool.commonPool-worker-6" daemon [_thread_blocked, id=27988, stack(0x0000009f49500000,0x0000009f49600000)]
  0x000002063c7c96a0 JavaThread "ForkJoinPool.commonPool-worker-5" daemon [_thread_blocked, id=26964, stack(0x0000009f49600000,0x0000009f49700000)]
  0x000002063c7c6e20 JavaThread "ForkJoinPool.commonPool-worker-7" daemon [_thread_blocked, id=10760, stack(0x0000009f49700000,0x0000009f49800000)]
  0x000002063c7c9bb0 JavaThread "Exec process" [_thread_blocked, id=11588, stack(0x0000009f49800000,0x0000009f49900000)]
  0x000002063c7c6400 JavaThread "Exec process Thread 2" [_thread_blocked, id=22360, stack(0x0000009f49900000,0x0000009f49a00000)]
  0x000002063c7ca0c0 JavaThread "Exec process Thread 3" [_thread_blocked, id=19232, stack(0x0000009f49a00000,0x0000009f49b00000)]
=>0x0000020639d95e90 JavaThread "C2 CompilerThread1" daemon [_thread_in_native, id=28020, stack(0x0000009f45a00000,0x0000009f45b00000)]
  0x0000020639d94400 JavaThread "C2 CompilerThread2" daemon [_thread_in_native, id=7536, stack(0x0000009f48100000,0x0000009f48200000)]
  0x000002063c7c6910 JavaThread "Unconstrained build operations Thread 34" [_thread_blocked, id=25736, stack(0x0000009f49b00000,0x0000009f49c00000)]
  0x000002063c7c7330 JavaThread "Unconstrained build operations Thread 35" [_thread_blocked, id=26936, stack(0x0000009f49c00000,0x0000009f49d00000)]
  0x000002063c7caae0 JavaThread "Unconstrained build operations Thread 36" [_thread_blocked, id=28492, stack(0x0000009f49d00000,0x0000009f49e00000)]
  0x000002063c7cb500 JavaThread "Unconstrained build operations Thread 37" [_thread_blocked, id=1672, stack(0x0000009f49e00000,0x0000009f49f00000)]
  0x000002063c7cce50 JavaThread "Unconstrained build operations Thread 38" [_thread_blocked, id=26452, stack(0x0000009f49f00000,0x0000009f4a000000)]
  0x000002063c7cd360 JavaThread "Unconstrained build operations Thread 39" [_thread_blocked, id=2256, stack(0x0000009f4a000000,0x0000009f4a100000)]
  0x000002063c7cc940 JavaThread "Unconstrained build operations Thread 40" [_thread_blocked, id=3416, stack(0x0000009f4a100000,0x0000009f4a200000)]
  0x000002063c7cba10 JavaThread "Unconstrained build operations Thread 41" [_thread_blocked, id=22628, stack(0x0000009f4a200000,0x0000009f4a300000)]
  0x000002063c7cd870 JavaThread "Unconstrained build operations Thread 42" [_thread_blocked, id=4476, stack(0x0000009f4a300000,0x0000009f4a400000)]
  0x000002063c7cbf20 JavaThread "Unconstrained build operations Thread 43" [_thread_blocked, id=22980, stack(0x0000009f4a400000,0x0000009f4a500000)]
  0x000002063c7ca5d0 JavaThread "Unconstrained build operations Thread 44" [_thread_blocked, id=24288, stack(0x0000009f4a500000,0x0000009f4a600000)]
  0x000002063c7cc430 JavaThread "Unconstrained build operations Thread 45" [_thread_blocked, id=14212, stack(0x0000009f4a600000,0x0000009f4a700000)]
  0x000002063c7cdd80 JavaThread "Unconstrained build operations Thread 46" [_thread_blocked, id=148, stack(0x0000009f4a700000,0x0000009f4a800000)]

Other Threads:
  0x000002061ce635c0 VMThread "VM Thread" [stack: 0x0000009f43a00000,0x0000009f43b00000] [id=760]
  0x00000206025669e0 WatcherThread [stack: 0x0000009f44700000,0x0000009f44800000] [id=1708]
  0x0000020602555340 GCTaskThread "GC Thread#0" [stack: 0x0000009f43500000,0x0000009f43600000] [id=26260]
  0x00000206362a8dc0 GCTaskThread "GC Thread#1" [stack: 0x0000009f44900000,0x0000009f44a00000] [id=18496]
  0x0000020636703b00 GCTaskThread "GC Thread#2" [stack: 0x0000009f44a00000,0x0000009f44b00000] [id=15928]
  0x0000020636703dc0 GCTaskThread "GC Thread#3" [stack: 0x0000009f44b00000,0x0000009f44c00000] [id=8432]
  0x000002063657fc00 GCTaskThread "GC Thread#4" [stack: 0x0000009f44c00000,0x0000009f44d00000] [id=8980]
  0x000002063657fec0 GCTaskThread "GC Thread#5" [stack: 0x0000009f44d00000,0x0000009f44e00000] [id=21308]
  0x00000206368c4990 GCTaskThread "GC Thread#6" [stack: 0x0000009f45e00000,0x0000009f45f00000] [id=2780]
  0x00000206368c4c50 GCTaskThread "GC Thread#7" [stack: 0x0000009f45f00000,0x0000009f46000000] [id=25620]
  0x0000020602557270 ConcurrentGCThread "G1 Main Marker" [stack: 0x0000009f43600000,0x0000009f43700000] [id=28400]
  0x000002060035db60 ConcurrentGCThread "G1 Conc#0" [stack: 0x0000009f43700000,0x0000009f43800000] [id=6164]
  0x00000206368c5a10 ConcurrentGCThread "G1 Conc#1" [stack: 0x0000009f46000000,0x0000009f46100000] [id=9196]
  0x000002061cd22560 ConcurrentGCThread "G1 Refine#0" [stack: 0x0000009f43800000,0x0000009f43900000] [id=26160]
  0x00000206368dc170 ConcurrentGCThread "G1 Refine#1" [stack: 0x0000009f44800000,0x0000009f44900000] [id=15148]
  0x000002061cd22da0 ConcurrentGCThread "G1 Service" [stack: 0x0000009f43900000,0x0000009f43a00000] [id=12552]

Threads with active compile tasks:
C2 CompilerThread0    19512 7476       4       io.spring.gradle.dependencymanagement.org.codehaus.plexus.util.xml.pull.MXParser::nextImpl (1207 bytes)
C2 CompilerThread1    19512 7152       4       groovy.lang.MetaClassImpl$1MOPIter::methodNameAction (325 bytes)
C2 CompilerThread2    19512 7373       4       io.spring.gradle.dependencymanagement.org.apache.maven.model.interpolation.StringSearchModelInterpolator$InterpolateObjectAction$StringField::doInterpolate (49 bytes)

VM state: not at safepoint (normal execution)

VM Mutex/Monitor currently owned by a thread: None

Heap address: 0x00000000e0000000, size: 512 MB, Compressed Oops mode: 32-bit

CDS archive(s) mapped at: [0x000002061d000000-0x000002061dbd0000-0x000002061dbd0000), size 12386304, SharedBaseAddress: 0x000002061d000000, ArchiveRelocationMode: 1.
Compressed class space mapped at: 0x000002061e000000-0x0000020632000000, reserved size: 335544320
Narrow klass base: 0x000002061d000000, Narrow klass shift: 0, Narrow klass range: 0x100000000

GC Precious Log:
 CPUs: 8 total, 8 available
 Memory: 24355M
 Large Page Support: Disabled
 NUMA Support: Disabled
 Compressed Oops: Enabled (32-bit)
 Heap Region Size: 1M
 Heap Min Capacity: 256M
 Heap Initial Capacity: 256M
 Heap Max Capacity: 512M
 Pre-touch: Disabled
 Parallel Workers: 8
 Concurrent Workers: 2
 Concurrent Refinement Workers: 8
 Periodic GC: Disabled

Heap:
 garbage-first heap   total 262144K, used 164979K [0x00000000e0000000, 0x0000000100000000)
  region size 1024K, 141 young (144384K), 16 survivors (16384K)
 Metaspace       used 56667K, committed 57344K, reserved 393216K
  class space    used 7997K, committed 8320K, reserved 327680K

Heap Regions: E=young(eden), S=young(survivor), O=old, HS=humongous(starts), HC=humongous(continues), CS=collection set, F=free, OA=open archive, CA=closed archive, TAMS=top-at-mark-start (previous, next)
|   0|0x00000000e0000000, 0x00000000e0100000, 0x00000000e0100000|100%|HS|  |TAMS 0x00000000e0100000, 0x00000000e0000000| Complete 
|   1|0x00000000e0100000, 0x00000000e0200000, 0x00000000e0200000|100%|HC|  |TAMS 0x00000000e0200000, 0x00000000e0100000| Complete 
|   2|0x00000000e0200000, 0x00000000e0300000, 0x00000000e0300000|100%|HC|  |TAMS 0x00000000e0300000, 0x00000000e0200000| Complete 
|   3|0x00000000e0300000, 0x00000000e0400000, 0x00000000e0400000|100%| O|  |TAMS 0x00000000e0400000, 0x00000000e0300000| Untracked 
|   4|0x00000000e0400000, 0x00000000e0500000, 0x00000000e0500000|100%| O|  |TAMS 0x00000000e0500000, 0x00000000e0400000| Untracked 
|   5|0x00000000e0500000, 0x00000000e0600000, 0x00000000e0600000|100%| O|  |TAMS 0x00000000e0600000, 0x00000000e0500000| Untracked 
|   6|0x00000000e0600000, 0x00000000e0700000, 0x00000000e0700000|100%|HS|  |TAMS 0x00000000e0700000, 0x00000000e0600000| Complete 
|   7|0x00000000e0700000, 0x00000000e0700000, 0x00000000e0800000|  0%| F|  |TAMS 0x00000000e0700000, 0x00000000e0700000| Untracked 
|   8|0x00000000e0800000, 0x00000000e0900000, 0x00000000e0900000|100%| O|  |TAMS 0x00000000e0900000, 0x00000000e0800000| Untracked 
|   9|0x00000000e0900000, 0x00000000e0a00000, 0x00000000e0a00000|100%| O|  |TAMS 0x00000000e0a00000, 0x00000000e0900000| Untracked 
|  10|0x00000000e0a00000, 0x00000000e0b00000, 0x00000000e0b00000|100%| O|  |TAMS 0x00000000e0b00000, 0x00000000e0a00000| Untracked 
|  11|0x00000000e0b00000, 0x00000000e0c00000, 0x00000000e0c00000|100%| O|  |TAMS 0x00000000e0c00000, 0x00000000e0b00000| Untracked 
|  12|0x00000000e0c00000, 0x00000000e0d00000, 0x00000000e0d00000|100%| O|  |TAMS 0x00000000e0ca5200, 0x00000000e0c00000| Untracked 
|  13|0x00000000e0d00000, 0x00000000e0d00000, 0x00000000e0e00000|  0%| F|  |TAMS 0x00000000e0d00000, 0x00000000e0d00000| Untracked 
|  14|0x00000000e0e00000, 0x00000000e0f00000, 0x00000000e0f00000|100%| O|  |TAMS 0x00000000e0e00000, 0x00000000e0e00000| Untracked 
|  15|0x00000000e0f00000, 0x00000000e1000000, 0x00000000e1000000|100%| O|  |TAMS 0x00000000e0f00000, 0x00000000e0f00000| Untracked 
|  16|0x00000000e1000000, 0x00000000e1100000, 0x00000000e1100000|100%| O|  |TAMS 0x00000000e1000000, 0x00000000e1000000| Untracked 
|  17|0x00000000e1100000, 0x00000000e1200000, 0x00000000e1200000|100%| O|  |TAMS 0x00000000e1100000, 0x00000000e1100000| Untracked 
|  18|0x00000000e1200000, 0x00000000e1300000, 0x00000000e1300000|100%| O|  |TAMS 0x00000000e1200000, 0x00000000e1200000| Untracked 
|  19|0x00000000e1300000, 0x00000000e1400000, 0x00000000e1400000|100%| O|  |TAMS 0x00000000e1300000, 0x00000000e1300000| Untracked 
|  20|0x00000000e1400000, 0x00000000e1500000, 0x00000000e1500000|100%| O|  |TAMS 0x00000000e1400000, 0x00000000e1400000| Untracked 
|  21|0x00000000e1500000, 0x00000000e1600000, 0x00000000e1600000|100%| O|  |TAMS 0x00000000e1500000, 0x00000000e1500000| Untracked 
|  22|0x00000000e1600000, 0x00000000e1700000, 0x00000000e1700000|100%| O|  |TAMS 0x00000000e1600000, 0x00000000e1600000| Untracked 
|  23|0x00000000e1700000, 0x00000000e1800000, 0x00000000e1800000|100%| O|  |TAMS 0x00000000e1700000, 0x00000000e1700000| Untracked 
|  24|0x00000000e1800000, 0x00000000e18cb600, 0x00000000e1900000| 79%| O|  |TAMS 0x00000000e1800000, 0x00000000e1800000| Untracked 
|  25|0x00000000e1900000, 0x00000000e1900000, 0x00000000e1a00000|  0%| F|  |TAMS 0x00000000e1900000, 0x00000000e1900000| Untracked 
|  26|0x00000000e1a00000, 0x00000000e1a00000, 0x00000000e1b00000|  0%| F|  |TAMS 0x00000000e1a00000, 0x00000000e1a00000| Untracked 
|  27|0x00000000e1b00000, 0x00000000e1b00000, 0x00000000e1c00000|  0%| F|  |TAMS 0x00000000e1b00000, 0x00000000e1b00000| Untracked 
|  28|0x00000000e1c00000, 0x00000000e1c00000, 0x00000000e1d00000|  0%| F|  |TAMS 0x00000000e1c00000, 0x00000000e1c00000| Untracked 
|  29|0x00000000e1d00000, 0x00000000e1d00000, 0x00000000e1e00000|  0%| F|  |TAMS 0x00000000e1d00000, 0x00000000e1d00000| Untracked 
|  30|0x00000000e1e00000, 0x00000000e1e00000, 0x00000000e1f00000|  0%| F|  |TAMS 0x00000000e1e00000, 0x00000000e1e00000| Untracked 
|  31|0x00000000e1f00000, 0x00000000e1f00000, 0x00000000e2000000|  0%| F|  |TAMS 0x00000000e1f00000, 0x00000000e1f00000| Untracked 
|  32|0x00000000e2000000, 0x00000000e2000000, 0x00000000e2100000|  0%| F|  |TAMS 0x00000000e2000000, 0x00000000e2000000| Untracked 
|  33|0x00000000e2100000, 0x00000000e2100000, 0x00000000e2200000|  0%| F|  |TAMS 0x00000000e2100000, 0x00000000e2100000| Untracked 
|  34|0x00000000e2200000, 0x00000000e2200000, 0x00000000e2300000|  0%| F|  |TAMS 0x00000000e2200000, 0x00000000e2200000| Untracked 
|  35|0x00000000e2300000, 0x00000000e2300000, 0x00000000e2400000|  0%| F|  |TAMS 0x00000000e2300000, 0x00000000e2300000| Untracked 
|  36|0x00000000e2400000, 0x00000000e2400000, 0x00000000e2500000|  0%| F|  |TAMS 0x00000000e2400000, 0x00000000e2400000| Untracked 
|  37|0x00000000e2500000, 0x00000000e2500000, 0x00000000e2600000|  0%| F|  |TAMS 0x00000000e2500000, 0x00000000e2500000| Untracked 
|  38|0x00000000e2600000, 0x00000000e2600000, 0x00000000e2700000|  0%| F|  |TAMS 0x00000000e2600000, 0x00000000e2600000| Untracked 
|  39|0x00000000e2700000, 0x00000000e2700000, 0x00000000e2800000|  0%| F|  |TAMS 0x00000000e2700000, 0x00000000e2700000| Untracked 
|  40|0x00000000e2800000, 0x00000000e2800000, 0x00000000e2900000|  0%| F|  |TAMS 0x00000000e2800000, 0x00000000e2800000| Untracked 
|  41|0x00000000e2900000, 0x00000000e2900000, 0x00000000e2a00000|  0%| F|  |TAMS 0x00000000e2900000, 0x00000000e2900000| Untracked 
|  42|0x00000000e2a00000, 0x00000000e2a00000, 0x00000000e2b00000|  0%| F|  |TAMS 0x00000000e2a00000, 0x00000000e2a00000| Untracked 
|  43|0x00000000e2b00000, 0x00000000e2b00000, 0x00000000e2c00000|  0%| F|  |TAMS 0x00000000e2b00000, 0x00000000e2b00000| Untracked 
|  44|0x00000000e2c00000, 0x00000000e2c00000, 0x00000000e2d00000|  0%| F|  |TAMS 0x00000000e2c00000, 0x00000000e2c00000| Untracked 
|  45|0x00000000e2d00000, 0x00000000e2d00000, 0x00000000e2e00000|  0%| F|  |TAMS 0x00000000e2d00000, 0x00000000e2d00000| Untracked 
|  46|0x00000000e2e00000, 0x00000000e2e00000, 0x00000000e2f00000|  0%| F|  |TAMS 0x00000000e2e00000, 0x00000000e2e00000| Untracked 
|  47|0x00000000e2f00000, 0x00000000e2f00000, 0x00000000e3000000|  0%| F|  |TAMS 0x00000000e2f00000, 0x00000000e2f00000| Untracked 
|  48|0x00000000e3000000, 0x00000000e3000000, 0x00000000e3100000|  0%| F|  |TAMS 0x00000000e3000000, 0x00000000e3000000| Untracked 
|  49|0x00000000e3100000, 0x00000000e3100000, 0x00000000e3200000|  0%| F|  |TAMS 0x00000000e3100000, 0x00000000e3100000| Untracked 
|  50|0x00000000e3200000, 0x00000000e3200000, 0x00000000e3300000|  0%| F|  |TAMS 0x00000000e3200000, 0x00000000e3200000| Untracked 
|  51|0x00000000e3300000, 0x00000000e3300000, 0x00000000e3400000|  0%| F|  |TAMS 0x00000000e3300000, 0x00000000e3300000| Untracked 
|  52|0x00000000e3400000, 0x00000000e3400000, 0x00000000e3500000|  0%| F|  |TAMS 0x00000000e3400000, 0x00000000e3400000| Untracked 
|  53|0x00000000e3500000, 0x00000000e3500000, 0x00000000e3600000|  0%| F|  |TAMS 0x00000000e3500000, 0x00000000e3500000| Untracked 
|  54|0x00000000e3600000, 0x00000000e3600000, 0x00000000e3700000|  0%| F|  |TAMS 0x00000000e3600000, 0x00000000e3600000| Untracked 
|  55|0x00000000e3700000, 0x00000000e3700000, 0x00000000e3800000|  0%| F|  |TAMS 0x00000000e3700000, 0x00000000e3700000| Untracked 
|  56|0x00000000e3800000, 0x00000000e3800000, 0x00000000e3900000|  0%| F|  |TAMS 0x00000000e3800000, 0x00000000e3800000| Untracked 
|  57|0x00000000e3900000, 0x00000000e3900000, 0x00000000e3a00000|  0%| F|  |TAMS 0x00000000e3900000, 0x00000000e3900000| Untracked 
|  58|0x00000000e3a00000, 0x00000000e3a00000, 0x00000000e3b00000|  0%| F|  |TAMS 0x00000000e3a00000, 0x00000000e3a00000| Untracked 
|  59|0x00000000e3b00000, 0x00000000e3b00000, 0x00000000e3c00000|  0%| F|  |TAMS 0x00000000e3b00000, 0x00000000e3b00000| Untracked 
|  60|0x00000000e3c00000, 0x00000000e3c00000, 0x00000000e3d00000|  0%| F|  |TAMS 0x00000000e3c00000, 0x00000000e3c00000| Untracked 
|  61|0x00000000e3d00000, 0x00000000e3d00000, 0x00000000e3e00000|  0%| F|  |TAMS 0x00000000e3d00000, 0x00000000e3d00000| Untracked 
|  62|0x00000000e3e00000, 0x00000000e3e00000, 0x00000000e3f00000|  0%| F|  |TAMS 0x00000000e3e00000, 0x00000000e3e00000| Untracked 
|  63|0x00000000e3f00000, 0x00000000e3f00000, 0x00000000e4000000|  0%| F|  |TAMS 0x00000000e3f00000, 0x00000000e3f00000| Untracked 
|  64|0x00000000e4000000, 0x00000000e4000000, 0x00000000e4100000|  0%| F|  |TAMS 0x00000000e4000000, 0x00000000e4000000| Untracked 
|  65|0x00000000e4100000, 0x00000000e4100000, 0x00000000e4200000|  0%| F|  |TAMS 0x00000000e4100000, 0x00000000e4100000| Untracked 
|  66|0x00000000e4200000, 0x00000000e4200000, 0x00000000e4300000|  0%| F|  |TAMS 0x00000000e4200000, 0x00000000e4200000| Untracked 
|  67|0x00000000e4300000, 0x00000000e4300000, 0x00000000e4400000|  0%| F|  |TAMS 0x00000000e4300000, 0x00000000e4300000| Untracked 
|  68|0x00000000e4400000, 0x00000000e4400000, 0x00000000e4500000|  0%| F|  |TAMS 0x00000000e4400000, 0x00000000e4400000| Untracked 
|  69|0x00000000e4500000, 0x00000000e4500000, 0x00000000e4600000|  0%| F|  |TAMS 0x00000000e4500000, 0x00000000e4500000| Untracked 
|  70|0x00000000e4600000, 0x00000000e4600000, 0x00000000e4700000|  0%| F|  |TAMS 0x00000000e4600000, 0x00000000e4600000| Untracked 
|  71|0x00000000e4700000, 0x00000000e4700000, 0x00000000e4800000|  0%| F|  |TAMS 0x00000000e4700000, 0x00000000e4700000| Untracked 
|  72|0x00000000e4800000, 0x00000000e4800000, 0x00000000e4900000|  0%| F|  |TAMS 0x00000000e4800000, 0x00000000e4800000| Untracked 
|  73|0x00000000e4900000, 0x00000000e4900000, 0x00000000e4a00000|  0%| F|  |TAMS 0x00000000e4900000, 0x00000000e4900000| Untracked 
|  74|0x00000000e4a00000, 0x00000000e4a00000, 0x00000000e4b00000|  0%| F|  |TAMS 0x00000000e4a00000, 0x00000000e4a00000| Untracked 
|  75|0x00000000e4b00000, 0x00000000e4b00000, 0x00000000e4c00000|  0%| F|  |TAMS 0x00000000e4b00000, 0x00000000e4b00000| Untracked 
|  76|0x00000000e4c00000, 0x00000000e4c00000, 0x00000000e4d00000|  0%| F|  |TAMS 0x00000000e4c00000, 0x00000000e4c00000| Untracked 
|  77|0x00000000e4d00000, 0x00000000e4d00000, 0x00000000e4e00000|  0%| F|  |TAMS 0x00000000e4d00000, 0x00000000e4d00000| Untracked 
|  78|0x00000000e4e00000, 0x00000000e4e00000, 0x00000000e4f00000|  0%| F|  |TAMS 0x00000000e4e00000, 0x00000000e4e00000| Untracked 
|  79|0x00000000e4f00000, 0x00000000e4f00000, 0x00000000e5000000|  0%| F|  |TAMS 0x00000000e4f00000, 0x00000000e4f00000| Untracked 
|  80|0x00000000e5000000, 0x00000000e5000000, 0x00000000e5100000|  0%| F|  |TAMS 0x00000000e5000000, 0x00000000e5000000| Untracked 
|  81|0x00000000e5100000, 0x00000000e5100000, 0x00000000e5200000|  0%| F|  |TAMS 0x00000000e5100000, 0x00000000e5100000| Untracked 
|  82|0x00000000e5200000, 0x00000000e5200000, 0x00000000e5300000|  0%| F|  |TAMS 0x00000000e5200000, 0x00000000e5200000| Untracked 
|  83|0x00000000e5300000, 0x00000000e5300000, 0x00000000e5400000|  0%| F|  |TAMS 0x00000000e5300000, 0x00000000e5300000| Untracked 
|  84|0x00000000e5400000, 0x00000000e5400000, 0x00000000e5500000|  0%| F|  |TAMS 0x00000000e5400000, 0x00000000e5400000| Untracked 
|  85|0x00000000e5500000, 0x00000000e5500000, 0x00000000e5600000|  0%| F|  |TAMS 0x00000000e5500000, 0x00000000e5500000| Untracked 
|  86|0x00000000e5600000, 0x00000000e5600000, 0x00000000e5700000|  0%| F|  |TAMS 0x00000000e5600000, 0x00000000e5600000| Untracked 
|  87|0x00000000e5700000, 0x00000000e57517c8, 0x00000000e5800000| 31%| S|CS|TAMS 0x00000000e5700000, 0x00000000e5700000| Complete 
|  88|0x00000000e5800000, 0x00000000e5900000, 0x00000000e5900000|100%| S|CS|TAMS 0x00000000e5800000, 0x00000000e5800000| Complete 
|  89|0x00000000e5900000, 0x00000000e5a00000, 0x00000000e5a00000|100%| S|CS|TAMS 0x00000000e5900000, 0x00000000e5900000| Complete 
|  90|0x00000000e5a00000, 0x00000000e5b00000, 0x00000000e5b00000|100%| S|CS|TAMS 0x00000000e5a00000, 0x00000000e5a00000| Complete 
|  91|0x00000000e5b00000, 0x00000000e5c00000, 0x00000000e5c00000|100%| S|CS|TAMS 0x00000000e5b00000, 0x00000000e5b00000| Complete 
|  92|0x00000000e5c00000, 0x00000000e5d00000, 0x00000000e5d00000|100%| S|CS|TAMS 0x00000000e5c00000, 0x00000000e5c00000| Complete 
|  93|0x00000000e5d00000, 0x00000000e5e00000, 0x00000000e5e00000|100%| S|CS|TAMS 0x00000000e5d00000, 0x00000000e5d00000| Complete 
|  94|0x00000000e5e00000, 0x00000000e5f00000, 0x00000000e5f00000|100%| S|CS|TAMS 0x00000000e5e00000, 0x00000000e5e00000| Complete 
|  95|0x00000000e5f00000, 0x00000000e6000000, 0x00000000e6000000|100%| S|CS|TAMS 0x00000000e5f00000, 0x00000000e5f00000| Complete 
|  96|0x00000000e6000000, 0x00000000e6100000, 0x00000000e6100000|100%| S|CS|TAMS 0x00000000e6000000, 0x00000000e6000000| Complete 
|  97|0x00000000e6100000, 0x00000000e6200000, 0x00000000e6200000|100%| S|CS|TAMS 0x00000000e6100000, 0x00000000e6100000| Complete 
|  98|0x00000000e6200000, 0x00000000e6300000, 0x00000000e6300000|100%| S|CS|TAMS 0x00000000e6200000, 0x00000000e6200000| Complete 
|  99|0x00000000e6300000, 0x00000000e6400000, 0x00000000e6400000|100%| S|CS|TAMS 0x00000000e6300000, 0x00000000e6300000| Complete 
| 100|0x00000000e6400000, 0x00000000e6500000, 0x00000000e6500000|100%| S|CS|TAMS 0x00000000e6400000, 0x00000000e6400000| Complete 
| 101|0x00000000e6500000, 0x00000000e6600000, 0x00000000e6600000|100%| S|CS|TAMS 0x00000000e6500000, 0x00000000e6500000| Complete 
| 102|0x00000000e6600000, 0x00000000e6700000, 0x00000000e6700000|100%| S|CS|TAMS 0x00000000e6600000, 0x00000000e6600000| Complete 
| 103|0x00000000e6700000, 0x00000000e6700000, 0x00000000e6800000|  0%| F|  |TAMS 0x00000000e6700000, 0x00000000e6700000| Untracked 
| 104|0x00000000e6800000, 0x00000000e6800000, 0x00000000e6900000|  0%| F|  |TAMS 0x00000000e6800000, 0x00000000e6800000| Untracked 
| 105|0x00000000e6900000, 0x00000000e6900000, 0x00000000e6a00000|  0%| F|  |TAMS 0x00000000e6900000, 0x00000000e6900000| Untracked 
| 106|0x00000000e6a00000, 0x00000000e6a00000, 0x00000000e6b00000|  0%| F|  |TAMS 0x00000000e6a00000, 0x00000000e6a00000| Untracked 
| 107|0x00000000e6b00000, 0x00000000e6b00000, 0x00000000e6c00000|  0%| F|  |TAMS 0x00000000e6b00000, 0x00000000e6b00000| Untracked 
| 108|0x00000000e6c00000, 0x00000000e6c00000, 0x00000000e6d00000|  0%| F|  |TAMS 0x00000000e6c00000, 0x00000000e6c00000| Untracked 
| 109|0x00000000e6d00000, 0x00000000e6d00000, 0x00000000e6e00000|  0%| F|  |TAMS 0x00000000e6d00000, 0x00000000e6d00000| Untracked 
| 110|0x00000000e6e00000, 0x00000000e6e00000, 0x00000000e6f00000|  0%| F|  |TAMS 0x00000000e6e00000, 0x00000000e6e00000| Untracked 
| 111|0x00000000e6f00000, 0x00000000e6f00000, 0x00000000e7000000|  0%| F|  |TAMS 0x00000000e6f00000, 0x00000000e6f00000| Untracked 
| 112|0x00000000e7000000, 0x00000000e7000000, 0x00000000e7100000|  0%| F|  |TAMS 0x00000000e7000000, 0x00000000e7000000| Untracked 
| 113|0x00000000e7100000, 0x00000000e7100000, 0x00000000e7200000|  0%| F|  |TAMS 0x00000000e7100000, 0x00000000e7100000| Untracked 
| 114|0x00000000e7200000, 0x00000000e7200000, 0x00000000e7300000|  0%| F|  |TAMS 0x00000000e7200000, 0x00000000e7200000| Untracked 
| 115|0x00000000e7300000, 0x00000000e7300000, 0x00000000e7400000|  0%| F|  |TAMS 0x00000000e7300000, 0x00000000e7300000| Untracked 
| 116|0x00000000e7400000, 0x00000000e7400000, 0x00000000e7500000|  0%| F|  |TAMS 0x00000000e7400000, 0x00000000e7400000| Untracked 
| 117|0x00000000e7500000, 0x00000000e7500000, 0x00000000e7600000|  0%| F|  |TAMS 0x00000000e7500000, 0x00000000e7500000| Untracked 
| 118|0x00000000e7600000, 0x00000000e7600000, 0x00000000e7700000|  0%| F|  |TAMS 0x00000000e7600000, 0x00000000e7600000| Untracked 
| 119|0x00000000e7700000, 0x00000000e7700000, 0x00000000e7800000|  0%| F|  |TAMS 0x00000000e7700000, 0x00000000e7700000| Untracked 
| 120|0x00000000e7800000, 0x00000000e7800000, 0x00000000e7900000|  0%| F|  |TAMS 0x00000000e7800000, 0x00000000e7800000| Untracked 
| 121|0x00000000e7900000, 0x00000000e7900000, 0x00000000e7a00000|  0%| F|  |TAMS 0x00000000e7900000, 0x00000000e7900000| Untracked 
| 122|0x00000000e7a00000, 0x00000000e7a00000, 0x00000000e7b00000|  0%| F|  |TAMS 0x00000000e7a00000, 0x00000000e7a00000| Untracked 
| 123|0x00000000e7b00000, 0x00000000e7b00000, 0x00000000e7c00000|  0%| F|  |TAMS 0x00000000e7b00000, 0x00000000e7b00000| Untracked 
| 124|0x00000000e7c00000, 0x00000000e7c00000, 0x00000000e7d00000|  0%| F|  |TAMS 0x00000000e7c00000, 0x00000000e7c00000| Untracked 
| 125|0x00000000e7d00000, 0x00000000e7d00000, 0x00000000e7e00000|  0%| F|  |TAMS 0x00000000e7d00000, 0x00000000e7d00000| Untracked 
| 126|0x00000000e7e00000, 0x00000000e7e00000, 0x00000000e7f00000|  0%| F|  |TAMS 0x00000000e7e00000, 0x00000000e7e00000| Untracked 
| 127|0x00000000e7f00000, 0x00000000e7f00000, 0x00000000e8000000|  0%| F|  |TAMS 0x00000000e7f00000, 0x00000000e7f00000| Untracked 
| 128|0x00000000e8000000, 0x00000000e8000000, 0x00000000e8100000|  0%| F|  |TAMS 0x00000000e8000000, 0x00000000e8000000| Untracked 
| 129|0x00000000e8100000, 0x00000000e8100000, 0x00000000e8200000|  0%| F|  |TAMS 0x00000000e8100000, 0x00000000e8100000| Untracked 
| 130|0x00000000e8200000, 0x00000000e8200000, 0x00000000e8300000|  0%| F|  |TAMS 0x00000000e8200000, 0x00000000e8200000| Untracked 
| 131|0x00000000e8300000, 0x00000000e839dbb8, 0x00000000e8400000| 61%| E|  |TAMS 0x00000000e8300000, 0x00000000e8300000| Complete 
| 132|0x00000000e8400000, 0x00000000e8500000, 0x00000000e8500000|100%| E|CS|TAMS 0x00000000e8400000, 0x00000000e8400000| Complete 
| 133|0x00000000e8500000, 0x00000000e8600000, 0x00000000e8600000|100%| E|CS|TAMS 0x00000000e8500000, 0x00000000e8500000| Complete 
| 134|0x00000000e8600000, 0x00000000e8700000, 0x00000000e8700000|100%| E|CS|TAMS 0x00000000e8600000, 0x00000000e8600000| Complete 
| 135|0x00000000e8700000, 0x00000000e8800000, 0x00000000e8800000|100%| E|CS|TAMS 0x00000000e8700000, 0x00000000e8700000| Complete 
| 136|0x00000000e8800000, 0x00000000e8900000, 0x00000000e8900000|100%| E|CS|TAMS 0x00000000e8800000, 0x00000000e8800000| Complete 
| 137|0x00000000e8900000, 0x00000000e8a00000, 0x00000000e8a00000|100%| E|CS|TAMS 0x00000000e8900000, 0x00000000e8900000| Complete 
| 138|0x00000000e8a00000, 0x00000000e8b00000, 0x00000000e8b00000|100%| E|CS|TAMS 0x00000000e8a00000, 0x00000000e8a00000| Complete 
| 139|0x00000000e8b00000, 0x00000000e8c00000, 0x00000000e8c00000|100%| E|CS|TAMS 0x00000000e8b00000, 0x00000000e8b00000| Complete 
| 140|0x00000000e8c00000, 0x00000000e8d00000, 0x00000000e8d00000|100%| E|CS|TAMS 0x00000000e8c00000, 0x00000000e8c00000| Complete 
| 141|0x00000000e8d00000, 0x00000000e8e00000, 0x00000000e8e00000|100%| E|CS|TAMS 0x00000000e8d00000, 0x00000000e8d00000| Complete 
| 142|0x00000000e8e00000, 0x00000000e8f00000, 0x00000000e8f00000|100%| E|CS|TAMS 0x00000000e8e00000, 0x00000000e8e00000| Complete 
| 143|0x00000000e8f00000, 0x00000000e9000000, 0x00000000e9000000|100%| E|CS|TAMS 0x00000000e8f00000, 0x00000000e8f00000| Complete 
| 144|0x00000000e9000000, 0x00000000e9100000, 0x00000000e9100000|100%| E|CS|TAMS 0x00000000e9000000, 0x00000000e9000000| Complete 
| 145|0x00000000e9100000, 0x00000000e9200000, 0x00000000e9200000|100%| E|CS|TAMS 0x00000000e9100000, 0x00000000e9100000| Complete 
| 146|0x00000000e9200000, 0x00000000e9300000, 0x00000000e9300000|100%| E|CS|TAMS 0x00000000e9200000, 0x00000000e9200000| Complete 
| 147|0x00000000e9300000, 0x00000000e9400000, 0x00000000e9400000|100%| E|CS|TAMS 0x00000000e9300000, 0x00000000e9300000| Complete 
| 148|0x00000000e9400000, 0x00000000e9500000, 0x00000000e9500000|100%| E|CS|TAMS 0x00000000e9400000, 0x00000000e9400000| Complete 
| 149|0x00000000e9500000, 0x00000000e9600000, 0x00000000e9600000|100%| E|CS|TAMS 0x00000000e9500000, 0x00000000e9500000| Complete 
| 150|0x00000000e9600000, 0x00000000e9700000, 0x00000000e9700000|100%| E|CS|TAMS 0x00000000e9600000, 0x00000000e9600000| Complete 
| 151|0x00000000e9700000, 0x00000000e9800000, 0x00000000e9800000|100%| E|CS|TAMS 0x00000000e9700000, 0x00000000e9700000| Complete 
| 152|0x00000000e9800000, 0x00000000e9900000, 0x00000000e9900000|100%| E|CS|TAMS 0x00000000e9800000, 0x00000000e9800000| Complete 
| 153|0x00000000e9900000, 0x00000000e9a00000, 0x00000000e9a00000|100%| E|CS|TAMS 0x00000000e9900000, 0x00000000e9900000| Complete 
| 154|0x00000000e9a00000, 0x00000000e9b00000, 0x00000000e9b00000|100%| E|CS|TAMS 0x00000000e9a00000, 0x00000000e9a00000| Complete 
| 155|0x00000000e9b00000, 0x00000000e9c00000, 0x00000000e9c00000|100%| E|CS|TAMS 0x00000000e9b00000, 0x00000000e9b00000| Complete 
| 156|0x00000000e9c00000, 0x00000000e9d00000, 0x00000000e9d00000|100%| E|CS|TAMS 0x00000000e9c00000, 0x00000000e9c00000| Complete 
| 157|0x00000000e9d00000, 0x00000000e9e00000, 0x00000000e9e00000|100%| E|CS|TAMS 0x00000000e9d00000, 0x00000000e9d00000| Complete 
| 158|0x00000000e9e00000, 0x00000000e9f00000, 0x00000000e9f00000|100%| E|CS|TAMS 0x00000000e9e00000, 0x00000000e9e00000| Complete 
| 159|0x00000000e9f00000, 0x00000000ea000000, 0x00000000ea000000|100%| E|CS|TAMS 0x00000000e9f00000, 0x00000000e9f00000| Complete 
| 160|0x00000000ea000000, 0x00000000ea100000, 0x00000000ea100000|100%| E|CS|TAMS 0x00000000ea000000, 0x00000000ea000000| Complete 
| 161|0x00000000ea100000, 0x00000000ea200000, 0x00000000ea200000|100%| E|CS|TAMS 0x00000000ea100000, 0x00000000ea100000| Complete 
| 162|0x00000000ea200000, 0x00000000ea300000, 0x00000000ea300000|100%| E|CS|TAMS 0x00000000ea200000, 0x00000000ea200000| Complete 
| 163|0x00000000ea300000, 0x00000000ea400000, 0x00000000ea400000|100%| E|CS|TAMS 0x00000000ea300000, 0x00000000ea300000| Complete 
| 164|0x00000000ea400000, 0x00000000ea500000, 0x00000000ea500000|100%| E|CS|TAMS 0x00000000ea400000, 0x00000000ea400000| Complete 
| 165|0x00000000ea500000, 0x00000000ea600000, 0x00000000ea600000|100%| E|CS|TAMS 0x00000000ea500000, 0x00000000ea500000| Complete 
| 166|0x00000000ea600000, 0x00000000ea700000, 0x00000000ea700000|100%| E|CS|TAMS 0x00000000ea600000, 0x00000000ea600000| Complete 
| 167|0x00000000ea700000, 0x00000000ea800000, 0x00000000ea800000|100%| E|CS|TAMS 0x00000000ea700000, 0x00000000ea700000| Complete 
| 168|0x00000000ea800000, 0x00000000ea900000, 0x00000000ea900000|100%| E|CS|TAMS 0x00000000ea800000, 0x00000000ea800000| Complete 
| 169|0x00000000ea900000, 0x00000000eaa00000, 0x00000000eaa00000|100%| E|CS|TAMS 0x00000000ea900000, 0x00000000ea900000| Complete 
| 170|0x00000000eaa00000, 0x00000000eab00000, 0x00000000eab00000|100%| E|CS|TAMS 0x00000000eaa00000, 0x00000000eaa00000| Complete 
| 171|0x00000000eab00000, 0x00000000eac00000, 0x00000000eac00000|100%| E|CS|TAMS 0x00000000eab00000, 0x00000000eab00000| Complete 
| 172|0x00000000eac00000, 0x00000000ead00000, 0x00000000ead00000|100%| E|CS|TAMS 0x00000000eac00000, 0x00000000eac00000| Complete 
| 173|0x00000000ead00000, 0x00000000eae00000, 0x00000000eae00000|100%| E|CS|TAMS 0x00000000ead00000, 0x00000000ead00000| Complete 
| 174|0x00000000eae00000, 0x00000000eaf00000, 0x00000000eaf00000|100%| E|CS|TAMS 0x00000000eae00000, 0x00000000eae00000| Complete 
| 175|0x00000000eaf00000, 0x00000000eb000000, 0x00000000eb000000|100%| E|CS|TAMS 0x00000000eaf00000, 0x00000000eaf00000| Complete 
| 176|0x00000000eb000000, 0x00000000eb100000, 0x00000000eb100000|100%| E|CS|TAMS 0x00000000eb000000, 0x00000000eb000000| Complete 
| 177|0x00000000eb100000, 0x00000000eb200000, 0x00000000eb200000|100%| E|CS|TAMS 0x00000000eb100000, 0x00000000eb100000| Complete 
| 178|0x00000000eb200000, 0x00000000eb300000, 0x00000000eb300000|100%| E|CS|TAMS 0x00000000eb200000, 0x00000000eb200000| Complete 
| 179|0x00000000eb300000, 0x00000000eb400000, 0x00000000eb400000|100%| E|CS|TAMS 0x00000000eb300000, 0x00000000eb300000| Complete 
| 180|0x00000000eb400000, 0x00000000eb500000, 0x00000000eb500000|100%| E|CS|TAMS 0x00000000eb400000, 0x00000000eb400000| Complete 
| 181|0x00000000eb500000, 0x00000000eb600000, 0x00000000eb600000|100%| E|CS|TAMS 0x00000000eb500000, 0x00000000eb500000| Complete 
| 182|0x00000000eb600000, 0x00000000eb700000, 0x00000000eb700000|100%| E|CS|TAMS 0x00000000eb600000, 0x00000000eb600000| Complete 
| 183|0x00000000eb700000, 0x00000000eb800000, 0x00000000eb800000|100%| E|CS|TAMS 0x00000000eb700000, 0x00000000eb700000| Complete 
| 184|0x00000000eb800000, 0x00000000eb900000, 0x00000000eb900000|100%| E|CS|TAMS 0x00000000eb800000, 0x00000000eb800000| Complete 
| 185|0x00000000eb900000, 0x00000000eba00000, 0x00000000eba00000|100%| E|CS|TAMS 0x00000000eb900000, 0x00000000eb900000| Complete 
| 186|0x00000000eba00000, 0x00000000ebb00000, 0x00000000ebb00000|100%| E|CS|TAMS 0x00000000eba00000, 0x00000000eba00000| Complete 
| 187|0x00000000ebb00000, 0x00000000ebc00000, 0x00000000ebc00000|100%| E|CS|TAMS 0x00000000ebb00000, 0x00000000ebb00000| Complete 
| 188|0x00000000ebc00000, 0x00000000ebd00000, 0x00000000ebd00000|100%| E|CS|TAMS 0x00000000ebc00000, 0x00000000ebc00000| Complete 
| 189|0x00000000ebd00000, 0x00000000ebe00000, 0x00000000ebe00000|100%| E|CS|TAMS 0x00000000ebd00000, 0x00000000ebd00000| Complete 
| 190|0x00000000ebe00000, 0x00000000ebf00000, 0x00000000ebf00000|100%| E|CS|TAMS 0x00000000ebe00000, 0x00000000ebe00000| Complete 
| 191|0x00000000ebf00000, 0x00000000ec000000, 0x00000000ec000000|100%| E|CS|TAMS 0x00000000ebf00000, 0x00000000ebf00000| Complete 
| 192|0x00000000ec000000, 0x00000000ec100000, 0x00000000ec100000|100%| E|CS|TAMS 0x00000000ec000000, 0x00000000ec000000| Complete 
| 193|0x00000000ec100000, 0x00000000ec200000, 0x00000000ec200000|100%| E|CS|TAMS 0x00000000ec100000, 0x00000000ec100000| Complete 
| 194|0x00000000ec200000, 0x00000000ec300000, 0x00000000ec300000|100%| E|CS|TAMS 0x00000000ec200000, 0x00000000ec200000| Complete 
| 195|0x00000000ec300000, 0x00000000ec400000, 0x00000000ec400000|100%| E|CS|TAMS 0x00000000ec300000, 0x00000000ec300000| Complete 
| 196|0x00000000ec400000, 0x00000000ec500000, 0x00000000ec500000|100%| E|CS|TAMS 0x00000000ec400000, 0x00000000ec400000| Complete 
| 197|0x00000000ec500000, 0x00000000ec600000, 0x00000000ec600000|100%| E|CS|TAMS 0x00000000ec500000, 0x00000000ec500000| Complete 
| 198|0x00000000ec600000, 0x00000000ec700000, 0x00000000ec700000|100%| E|CS|TAMS 0x00000000ec600000, 0x00000000ec600000| Complete 
| 199|0x00000000ec700000, 0x00000000ec800000, 0x00000000ec800000|100%| E|CS|TAMS 0x00000000ec700000, 0x00000000ec700000| Complete 
| 200|0x00000000ec800000, 0x00000000ec900000, 0x00000000ec900000|100%| E|CS|TAMS 0x00000000ec800000, 0x00000000ec800000| Complete 
| 201|0x00000000ec900000, 0x00000000eca00000, 0x00000000eca00000|100%| E|CS|TAMS 0x00000000ec900000, 0x00000000ec900000| Complete 
| 202|0x00000000eca00000, 0x00000000ecb00000, 0x00000000ecb00000|100%| E|CS|TAMS 0x00000000eca00000, 0x00000000eca00000| Complete 
| 203|0x00000000ecb00000, 0x00000000ecc00000, 0x00000000ecc00000|100%| E|CS|TAMS 0x00000000ecb00000, 0x00000000ecb00000| Complete 
| 204|0x00000000ecc00000, 0x00000000ecd00000, 0x00000000ecd00000|100%| E|CS|TAMS 0x00000000ecc00000, 0x00000000ecc00000| Complete 
| 205|0x00000000ecd00000, 0x00000000ece00000, 0x00000000ece00000|100%| E|CS|TAMS 0x00000000ecd00000, 0x00000000ecd00000| Complete 
| 206|0x00000000ece00000, 0x00000000ecf00000, 0x00000000ecf00000|100%| E|CS|TAMS 0x00000000ece00000, 0x00000000ece00000| Complete 
| 207|0x00000000ecf00000, 0x00000000ed000000, 0x00000000ed000000|100%| E|CS|TAMS 0x00000000ecf00000, 0x00000000ecf00000| Complete 
| 208|0x00000000ed000000, 0x00000000ed100000, 0x00000000ed100000|100%| E|CS|TAMS 0x00000000ed000000, 0x00000000ed000000| Complete 
| 209|0x00000000ed100000, 0x00000000ed200000, 0x00000000ed200000|100%| E|CS|TAMS 0x00000000ed100000, 0x00000000ed100000| Complete 
| 210|0x00000000ed200000, 0x00000000ed300000, 0x00000000ed300000|100%| E|CS|TAMS 0x00000000ed200000, 0x00000000ed200000| Complete 
| 211|0x00000000ed300000, 0x00000000ed400000, 0x00000000ed400000|100%| E|CS|TAMS 0x00000000ed300000, 0x00000000ed300000| Complete 
| 212|0x00000000ed400000, 0x00000000ed500000, 0x00000000ed500000|100%| E|CS|TAMS 0x00000000ed400000, 0x00000000ed400000| Complete 
| 213|0x00000000ed500000, 0x00000000ed600000, 0x00000000ed600000|100%| E|CS|TAMS 0x00000000ed500000, 0x00000000ed500000| Complete 
| 214|0x00000000ed600000, 0x00000000ed700000, 0x00000000ed700000|100%| E|CS|TAMS 0x00000000ed600000, 0x00000000ed600000| Complete 
| 215|0x00000000ed700000, 0x00000000ed800000, 0x00000000ed800000|100%| E|CS|TAMS 0x00000000ed700000, 0x00000000ed700000| Complete 
| 216|0x00000000ed800000, 0x00000000ed900000, 0x00000000ed900000|100%| E|CS|TAMS 0x00000000ed800000, 0x00000000ed800000| Complete 
| 217|0x00000000ed900000, 0x00000000eda00000, 0x00000000eda00000|100%| E|CS|TAMS 0x00000000ed900000, 0x00000000ed900000| Complete 
| 218|0x00000000eda00000, 0x00000000edb00000, 0x00000000edb00000|100%| E|CS|TAMS 0x00000000eda00000, 0x00000000eda00000| Complete 
| 219|0x00000000edb00000, 0x00000000edc00000, 0x00000000edc00000|100%| E|CS|TAMS 0x00000000edb00000, 0x00000000edb00000| Complete 
| 220|0x00000000edc00000, 0x00000000edd00000, 0x00000000edd00000|100%| E|CS|TAMS 0x00000000edc00000, 0x00000000edc00000| Complete 
| 221|0x00000000edd00000, 0x00000000ede00000, 0x00000000ede00000|100%| E|CS|TAMS 0x00000000edd00000, 0x00000000edd00000| Complete 
| 222|0x00000000ede00000, 0x00000000edf00000, 0x00000000edf00000|100%| E|CS|TAMS 0x00000000ede00000, 0x00000000ede00000| Complete 
| 223|0x00000000edf00000, 0x00000000ee000000, 0x00000000ee000000|100%| E|CS|TAMS 0x00000000edf00000, 0x00000000edf00000| Complete 
| 224|0x00000000ee000000, 0x00000000ee100000, 0x00000000ee100000|100%| E|CS|TAMS 0x00000000ee000000, 0x00000000ee000000| Complete 
| 225|0x00000000ee100000, 0x00000000ee200000, 0x00000000ee200000|100%| E|CS|TAMS 0x00000000ee100000, 0x00000000ee100000| Complete 
| 226|0x00000000ee200000, 0x00000000ee300000, 0x00000000ee300000|100%| E|CS|TAMS 0x00000000ee200000, 0x00000000ee200000| Complete 
| 227|0x00000000ee300000, 0x00000000ee400000, 0x00000000ee400000|100%| E|CS|TAMS 0x00000000ee300000, 0x00000000ee300000| Complete 
| 228|0x00000000ee400000, 0x00000000ee500000, 0x00000000ee500000|100%| E|CS|TAMS 0x00000000ee400000, 0x00000000ee400000| Complete 
| 229|0x00000000ee500000, 0x00000000ee600000, 0x00000000ee600000|100%| E|CS|TAMS 0x00000000ee500000, 0x00000000ee500000| Complete 
| 230|0x00000000ee600000, 0x00000000ee700000, 0x00000000ee700000|100%| E|CS|TAMS 0x00000000ee600000, 0x00000000ee600000| Complete 
| 231|0x00000000ee700000, 0x00000000ee800000, 0x00000000ee800000|100%| E|CS|TAMS 0x00000000ee700000, 0x00000000ee700000| Complete 
| 232|0x00000000ee800000, 0x00000000ee900000, 0x00000000ee900000|100%| E|CS|TAMS 0x00000000ee800000, 0x00000000ee800000| Complete 
| 233|0x00000000ee900000, 0x00000000eea00000, 0x00000000eea00000|100%| E|CS|TAMS 0x00000000ee900000, 0x00000000ee900000| Complete 
| 234|0x00000000eea00000, 0x00000000eeb00000, 0x00000000eeb00000|100%| E|CS|TAMS 0x00000000eea00000, 0x00000000eea00000| Complete 
| 235|0x00000000eeb00000, 0x00000000eec00000, 0x00000000eec00000|100%| E|CS|TAMS 0x00000000eeb00000, 0x00000000eeb00000| Complete 
| 236|0x00000000eec00000, 0x00000000eed00000, 0x00000000eed00000|100%| E|CS|TAMS 0x00000000eec00000, 0x00000000eec00000| Complete 
| 237|0x00000000eed00000, 0x00000000eee00000, 0x00000000eee00000|100%| E|CS|TAMS 0x00000000eed00000, 0x00000000eed00000| Complete 
| 238|0x00000000eee00000, 0x00000000eef00000, 0x00000000eef00000|100%| E|CS|TAMS 0x00000000eee00000, 0x00000000eee00000| Complete 
| 239|0x00000000eef00000, 0x00000000ef000000, 0x00000000ef000000|100%| E|CS|TAMS 0x00000000eef00000, 0x00000000eef00000| Complete 
| 240|0x00000000ef000000, 0x00000000ef100000, 0x00000000ef100000|100%| E|CS|TAMS 0x00000000ef000000, 0x00000000ef000000| Complete 
| 241|0x00000000ef100000, 0x00000000ef200000, 0x00000000ef200000|100%| E|CS|TAMS 0x00000000ef100000, 0x00000000ef100000| Complete 
| 242|0x00000000ef200000, 0x00000000ef300000, 0x00000000ef300000|100%| E|CS|TAMS 0x00000000ef200000, 0x00000000ef200000| Complete 
| 243|0x00000000ef300000, 0x00000000ef400000, 0x00000000ef400000|100%| E|CS|TAMS 0x00000000ef300000, 0x00000000ef300000| Complete 
| 244|0x00000000ef400000, 0x00000000ef500000, 0x00000000ef500000|100%| E|CS|TAMS 0x00000000ef400000, 0x00000000ef400000| Complete 
| 245|0x00000000ef500000, 0x00000000ef600000, 0x00000000ef600000|100%| E|CS|TAMS 0x00000000ef500000, 0x00000000ef500000| Complete 
| 246|0x00000000ef600000, 0x00000000ef700000, 0x00000000ef700000|100%| E|CS|TAMS 0x00000000ef600000, 0x00000000ef600000| Complete 
| 247|0x00000000ef700000, 0x00000000ef800000, 0x00000000ef800000|100%| E|  |TAMS 0x00000000ef700000, 0x00000000ef700000| Complete 
| 248|0x00000000ef800000, 0x00000000ef900000, 0x00000000ef900000|100%| E|CS|TAMS 0x00000000ef800000, 0x00000000ef800000| Complete 
| 249|0x00000000ef900000, 0x00000000efa00000, 0x00000000efa00000|100%| E|CS|TAMS 0x00000000ef900000, 0x00000000ef900000| Complete 
| 250|0x00000000efa00000, 0x00000000efb00000, 0x00000000efb00000|100%| E|CS|TAMS 0x00000000efa00000, 0x00000000efa00000| Complete 
| 251|0x00000000efb00000, 0x00000000efc00000, 0x00000000efc00000|100%| E|CS|TAMS 0x00000000efb00000, 0x00000000efb00000| Complete 
| 252|0x00000000efc00000, 0x00000000efd00000, 0x00000000efd00000|100%| E|CS|TAMS 0x00000000efc00000, 0x00000000efc00000| Complete 
| 253|0x00000000efd00000, 0x00000000efe00000, 0x00000000efe00000|100%| E|CS|TAMS 0x00000000efd00000, 0x00000000efd00000| Complete 
| 254|0x00000000efe00000, 0x00000000eff00000, 0x00000000eff00000|100%| E|CS|TAMS 0x00000000efe00000, 0x00000000efe00000| Complete 
| 255|0x00000000eff00000, 0x00000000f0000000, 0x00000000f0000000|100%| E|CS|TAMS 0x00000000eff00000, 0x00000000eff00000| Complete 

Card table byte_map: [0x0000020619210000,0x0000020619310000] _byte_map_base: 0x0000020618b10000

Marking Bits (Prev, Next): (CMBitMap*) 0x0000020602555960, (CMBitMap*) 0x00000206025559a0
 Prev Bits: [0x0000020619410000, 0x0000020619c10000)
 Next Bits: [0x0000020619c10000, 0x000002061a410000)

Polling page: 0x00000206003b0000

Metaspace:

Usage:
  Non-class:     47.55 MB used.
      Class:      7.81 MB used.
       Both:     55.36 MB used.

Virtual space:
  Non-class space:       64.00 MB reserved,      47.88 MB ( 75%) committed,  1 nodes.
      Class space:      320.00 MB reserved,       8.12 MB (  3%) committed,  1 nodes.
             Both:      384.00 MB reserved,      56.00 MB ( 15%) committed. 

Chunk freelists:
   Non-Class:  141.00 KB
       Class:  7.92 MB
        Both:  8.05 MB

MaxMetaspaceSize: 384.00 MB
CompressedClassSpaceSize: 320.00 MB
Initial GC threshold: 21.00 MB
Current GC threshold: 58.88 MB
CDS: on
MetaspaceReclaimPolicy: balanced
 - commit_granule_bytes: 65536.
 - commit_granule_words: 8192.
 - virtual_space_node_default_size: 8388608.
 - enlarge_chunks_in_place: 1.
 - new_chunks_are_fully_committed: 0.
 - uncommit_free_chunks: 1.
 - use_allocation_guard: 0.
 - handle_deallocations: 1.


Internal statistics:

num_allocs_failed_limit: 6.
num_arena_births: 684.
num_arena_deaths: 0.
num_vsnodes_births: 2.
num_vsnodes_deaths: 0.
num_space_committed: 896.
num_space_uncommitted: 0.
num_chunks_returned_to_freelist: 6.
num_chunks_taken_from_freelist: 3081.
num_chunk_merges: 6.
num_chunk_splits: 1975.
num_chunks_enlarged: 1282.
num_inconsistent_stats: 0.

CodeHeap 'non-profiled nmethods': size=120000Kb used=4262Kb max_used=4262Kb free=115737Kb
 bounds [0x00000206118b0000, 0x0000020611ce0000, 0x0000020618de0000]
CodeHeap 'profiled nmethods': size=120000Kb used=13513Kb max_used=13513Kb free=106487Kb
 bounds [0x0000020609de0000, 0x000002060ab20000, 0x0000020611310000]
CodeHeap 'non-nmethods': size=5760Kb used=2365Kb max_used=2422Kb free=3394Kb
 bounds [0x0000020611310000, 0x0000020611580000, 0x00000206118b0000]
 total_blobs=7629 nmethods=6766 adapters=773
 compilation: enabled
              stopped_count=0, restarted_count=0
 full_count=0

Compilation events (20 events):
Event: 16.380 Thread 0x000002061ce9efb0 nmethod 7439 0x000002060aad0d10 code [0x000002060aad0ee0, 0x000002060aad1258]
Event: 16.380 Thread 0x000002061ce9efb0 7440       3       org.gradle.api.internal.tasks.DefaultTaskContainer::findByName (6 bytes)
Event: 16.380 Thread 0x000002061ce9efb0 nmethod 7440 0x000002060aad1410 code [0x000002060aad1600, 0x000002060aad1c48]
Event: 16.380 Thread 0x000002061ce9efb0 7441       3       org.gradle.api.internal.DefaultNamedDomainObjectCollection$ContainerElementsDynamicObject::hasProperty (17 bytes)
Event: 16.381 Thread 0x000002061ce9efb0 nmethod 7441 0x000002060aad1e10 code [0x000002060aad1fc0, 0x000002060aad21e8]
Event: 16.381 Thread 0x000002061ce9efb0 7442       3       io.spring.gradle.dependencymanagement.internal.maven.PropertySourceValueSource::getValue (11 bytes)
Event: 16.381 Thread 0x000002061ce9efb0 nmethod 7442 0x000002060aad2290 code [0x000002060aad2440, 0x000002060aad2608]
Event: 16.381 Thread 0x000002061ce9efb0 7443       3       io.spring.gradle.dependencymanagement.internal.properties.CompositePropertySource::getProperty (40 bytes)
Event: 16.382 Thread 0x000002061ce9efb0 nmethod 7443 0x000002060aad2710 code [0x000002060aad29a0, 0x000002060aad37c8]
Event: 16.382 Thread 0x000002061ce9efb0 7444       3       io.spring.gradle.dependencymanagement.internal.properties.CompositePropertySource$$Lambda$1436/0x000002061e80f508::<init> (10 bytes)
Event: 16.382 Thread 0x000002061ce9efb0 nmethod 7444 0x000002060aad3c10 code [0x000002060aad3da0, 0x000002060aad3f58]
Event: 16.382 Thread 0x000002061ce9efb0 7445       3       java.util.Vector::elementData (7 bytes)
Event: 16.382 Thread 0x000002061ce9efb0 nmethod 7445 0x000002060aad4010 code [0x000002060aad41a0, 0x000002060aad42d8]
Event: 16.382 Thread 0x000002061ce9efb0 7446       3       org.gradle.api.internal.DefaultNamedDomainObjectCollection::findByName (61 bytes)
Event: 16.383 Thread 0x000002061ce9efb0 nmethod 7446 0x000002060aad4390 code [0x000002060aad45e0, 0x000002060aad5028]
Event: 16.383 Thread 0x000002061ce9efb0 7447       3       org.gradle.api.internal.tasks.DefaultTaskContainer::maybeCreateTasks (38 bytes)
Event: 16.384 Thread 0x000002061ce9efb0 nmethod 7447 0x000002060aad5310 code [0x000002060aad5560, 0x000002060aad5f88]
Event: 16.384 Thread 0x000002061ce9efb0 7449       3       io.spring.gradle.dependencymanagement.org.apache.maven.model.validation.DefaultModelValidator::isValidId (34 bytes)
Event: 16.385 Thread 0x000002061ce9efb0 nmethod 7449 0x000002060aad6410 code [0x000002060aad6640, 0x000002060aad6e88]
Event: 16.385 Thread 0x000002061ce9efb0 7448   !   3       io.spring.gradle.dependencymanagement.org.apache.maven.model.interpolation.StringSearchModelInterpolator$InterpolateObjectAction$MapField::doInterpolate (166 bytes)

GC Heap History (12 events):
Event: 1.152 GC heap before
{Heap before GC invocations=0 (full 0):
 garbage-first heap   total 262144K, used 22528K [0x00000000e0000000, 0x0000000100000000)
  region size 1024K, 23 young (23552K), 0 survivors (0K)
 Metaspace       used 911K, committed 1088K, reserved 393216K
  class space    used 69K, committed 128K, reserved 327680K
}
Event: 1.155 GC heap after
{Heap after GC invocations=1 (full 0):
 garbage-first heap   total 262144K, used 1749K [0x00000000e0000000, 0x0000000100000000)
  region size 1024K, 2 young (2048K), 2 survivors (2048K)
 Metaspace       used 911K, committed 1088K, reserved 393216K
  class space    used 69K, committed 128K, reserved 327680K
}
Event: 2.583 GC heap before
{Heap before GC invocations=1 (full 0):
 garbage-first heap   total 262144K, used 37589K [0x00000000e0000000, 0x0000000100000000)
  region size 1024K, 35 young (35840K), 2 survivors (2048K)
 Metaspace       used 4406K, committed 4608K, reserved 393216K
  class space    used 550K, committed 640K, reserved 327680K
}
Event: 2.587 GC heap after
{Heap after GC invocations=2 (full 0):
 garbage-first heap   total 262144K, used 11106K [0x00000000e0000000, 0x0000000100000000)
  region size 1024K, 5 young (5120K), 5 survivors (5120K)
 Metaspace       used 4406K, committed 4608K, reserved 393216K
  class space    used 550K, committed 640K, reserved 327680K
}
Event: 3.508 GC heap before
{Heap before GC invocations=2 (full 0):
 garbage-first heap   total 262144K, used 65378K [0x00000000e0000000, 0x0000000100000000)
  region size 1024K, 56 young (57344K), 5 survivors (5120K)
 Metaspace       used 4921K, committed 5120K, reserved 393216K
  class space    used 631K, committed 704K, reserved 327680K
}
Event: 3.514 GC heap after
{Heap after GC invocations=3 (full 0):
 garbage-first heap   total 262144K, used 16437K [0x00000000e0000000, 0x0000000100000000)
  region size 1024K, 5 young (5120K), 5 survivors (5120K)
 Metaspace       used 4921K, committed 5120K, reserved 393216K
  class space    used 631K, committed 704K, reserved 327680K
}
Event: 6.514 GC heap before
{Heap before GC invocations=3 (full 0):
 garbage-first heap   total 262144K, used 124981K [0x00000000e0000000, 0x0000000100000000)
  region size 1024K, 112 young (114688K), 5 survivors (5120K)
 Metaspace       used 21140K, committed 21504K, reserved 393216K
  class space    used 3080K, committed 3264K, reserved 327680K
}
Event: 6.528 GC heap after
{Heap after GC invocations=4 (full 0):
 garbage-first heap   total 262144K, used 24023K [0x00000000e0000000, 0x0000000100000000)
  region size 1024K, 12 young (12288K), 12 survivors (12288K)
 Metaspace       used 21140K, committed 21504K, reserved 393216K
  class space    used 3080K, committed 3264K, reserved 327680K
}
Event: 9.284 GC heap before
{Heap before GC invocations=5 (full 0):
 garbage-first heap   total 262144K, used 146903K [0x00000000e0000000, 0x0000000100000000)
  region size 1024K, 129 young (132096K), 12 survivors (12288K)
 Metaspace       used 35612K, committed 35968K, reserved 393216K
  class space    used 4942K, committed 5120K, reserved 327680K
}
Event: 9.299 GC heap after
{Heap after GC invocations=6 (full 0):
 garbage-first heap   total 262144K, used 32258K [0x00000000e0000000, 0x0000000100000000)
  region size 1024K, 16 young (16384K), 16 survivors (16384K)
 Metaspace       used 35612K, committed 35968K, reserved 393216K
  class space    used 4942K, committed 5120K, reserved 327680K
}
Event: 12.061 GC heap before
{Heap before GC invocations=7 (full 0):
 garbage-first heap   total 262144K, used 173570K [0x00000000e0000000, 0x0000000100000000)
  region size 1024K, 153 young (156672K), 16 survivors (16384K)
 Metaspace       used 49052K, committed 49600K, reserved 393216K
  class space    used 6901K, committed 7168K, reserved 327680K
}
Event: 12.084 GC heap after
{Heap after GC invocations=8 (full 0):
 garbage-first heap   total 262144K, used 39027K [0x00000000e0000000, 0x0000000100000000)
  region size 1024K, 16 young (16384K), 16 survivors (16384K)
 Metaspace       used 49052K, committed 49600K, reserved 393216K
  class space    used 6901K, committed 7168K, reserved 327680K
}

Deoptimization events (20 events):
Event: 16.276 Thread 0x00000206381c54d0 Uncommon trap: trap_request=0xffffffde fr.pc=0x0000020611cc4090 relative=0x0000000000000170
Event: 16.276 Thread 0x00000206381c54d0 Uncommon trap: reason=class_check action=maybe_recompile pc=0x0000020611cc4090 method=java.lang.reflect.Field.get(Ljava/lang/Object;)Ljava/lang/Object; @ 23 c2
Event: 16.276 Thread 0x00000206381c54d0 DEOPT PACKING pc=0x0000020611cc4090 sp=0x0000009f453f7050
Event: 16.276 Thread 0x00000206381c54d0 DEOPT UNPACKING pc=0x00000206113623a3 sp=0x0000009f453f7000 mode 2
Event: 16.276 Thread 0x00000206381c54d0 Uncommon trap: trap_request=0xffffff66 fr.pc=0x0000020611cc4600 relative=0x00000000000000e0
Event: 16.276 Thread 0x00000206381c54d0 Uncommon trap: reason=speculate_class_check action=maybe_recompile pc=0x0000020611cc4600 method=jdk.internal.reflect.UnsafeObjectFieldAccessorImpl.get(Ljava/lang/Object;)Ljava/lang/Object; @ 13 c2
Event: 16.276 Thread 0x00000206381c54d0 DEOPT PACKING pc=0x0000020611cc4600 sp=0x0000009f453f7040
Event: 16.276 Thread 0x00000206381c54d0 DEOPT UNPACKING pc=0x00000206113623a3 sp=0x0000009f453f6fd8 mode 2
Event: 16.276 Thread 0x00000206381c54d0 Uncommon trap: trap_request=0xffffff66 fr.pc=0x0000020611cc4600 relative=0x00000000000000e0
Event: 16.276 Thread 0x00000206381c54d0 Uncommon trap: reason=speculate_class_check action=maybe_recompile pc=0x0000020611cc4600 method=jdk.internal.reflect.UnsafeObjectFieldAccessorImpl.get(Ljava/lang/Object;)Ljava/lang/Object; @ 13 c2
Event: 16.276 Thread 0x00000206381c54d0 DEOPT PACKING pc=0x0000020611cc4600 sp=0x0000009f453f7040
Event: 16.276 Thread 0x00000206381c54d0 DEOPT UNPACKING pc=0x00000206113623a3 sp=0x0000009f453f6fd8 mode 2
Event: 16.363 Thread 0x00000206381c54d0 Uncommon trap: trap_request=0xffffff45 fr.pc=0x0000020611cc0b54 relative=0x0000000000000874
Event: 16.363 Thread 0x00000206381c54d0 Uncommon trap: reason=unstable_if action=reinterpret pc=0x0000020611cc0b54 method=io.spring.gradle.dependencymanagement.org.codehaus.plexus.util.xml.pull.MXParser.nextImpl()I @ 67 c2
Event: 16.363 Thread 0x00000206381c54d0 DEOPT PACKING pc=0x0000020611cc0b54 sp=0x0000009f453f6f50
Event: 16.363 Thread 0x00000206381c54d0 DEOPT UNPACKING pc=0x00000206113623a3 sp=0x0000009f453f6ec8 mode 2
Event: 16.383 Thread 0x00000206381c54d0 Uncommon trap: trap_request=0xffffff45 fr.pc=0x0000020611cb5d4c relative=0x0000000000000a0c
Event: 16.383 Thread 0x00000206381c54d0 Uncommon trap: reason=unstable_if action=reinterpret pc=0x0000020611cb5d4c method=java.util.Hashtable.put(Ljava/lang/Object;Ljava/lang/Object;)Ljava/lang/Object; @ 51 c2
Event: 16.383 Thread 0x00000206381c54d0 DEOPT PACKING pc=0x0000020611cb5d4c sp=0x0000009f453f6b20
Event: 16.383 Thread 0x00000206381c54d0 DEOPT UNPACKING pc=0x00000206113623a3 sp=0x0000009f453f6ac8 mode 2

Classes unloaded (0 events):
No events

Classes redefined (0 events):
No events

Internal exceptions (20 events):
Event: 13.568 Thread 0x00000206381c54d0 Exception <a 'java/lang/NoSuchMethodError'{0x00000000ea3a2138}: 'java.lang.Object java.lang.invoke.Invokers$Holder.linkToTargetMethod(java.lang.Object, java.lang.Object, java.lang.Object, java.lang.Object, java.lang.Object, int, java.lang.Object)'> (0x00000000ea3a2138) 
thrown [s\open\src\hotspot\share\interpreter\linkResolver.cpp, line 759]
Event: 13.584 Thread 0x000002063c7c8770 Implicit null exception at 0x00000206118eb7e0 to 0x00000206118eb880
Event: 13.639 Thread 0x000002063c7c9bb0 Exception <a 'java/lang/NoSuchMethodError'{0x00000000ea00dba8}: 'void java.lang.invoke.DirectMethodHandle$Holder.invokeStatic(java.lang.Object, long)'> (0x00000000ea00dba8) 
thrown [s\open\src\hotspot\share\interpreter\linkResolver.cpp, line 759]
Event: 13.640 Thread 0x000002063c7c9bb0 Exception <a 'java/lang/NoSuchMethodError'{0x00000000ea018988}: 'java.lang.Object java.lang.invoke.DirectMethodHandle$Holder.invokeStatic(java.lang.Object, java.lang.Object, long, java.lang.Object)'> (0x00000000ea018988) 
thrown [s\open\src\hotspot\share\interpreter\linkResolver.cpp, line 759]
Event: 13.641 Thread 0x000002063c7c9bb0 Exception <a 'java/lang/NoSuchMethodError'{0x00000000ea01c160}: 'java.lang.Object java.lang.invoke.DirectMethodHandle$Holder.invokeStaticInit(java.lang.Object, java.lang.Object, long, java.lang.Object)'> (0x00000000ea01c160) 
thrown [s\open\src\hotspot\share\interpreter\linkResolver.cpp, line 759]
Event: 14.946 Thread 0x000002063c7c9bb0 Exception <a 'java/lang/NoSuchMethodError'{0x00000000ea02fe38}: 'void java.lang.invoke.DirectMethodHandle$Holder.invokeSpecial(java.lang.Object, java.lang.Object, int)'> (0x00000000ea02fe38) 
thrown [s\open\src\hotspot\share\interpreter\linkResolver.cpp, line 759]
Event: 16.069 Thread 0x00000206381c54d0 Exception <a 'java/lang/ClassNotFoundException'{0x00000000e8d43858}: org/gradle/plugin/software/internal/SoftwareFeaturesDynamicObject_DecoratedBeanInfo> (0x00000000e8d43858) 
thrown [s\open\src\hotspot\share\classfile\systemDictionary.cpp, line 256]
Event: 16.070 Thread 0x00000206381c54d0 Exception <a 'java/lang/ClassNotFoundException'{0x00000000e8d52a38}: org/gradle/plugin/software/internal/SoftwareFeaturesDynamicObjectBeanInfo> (0x00000000e8d52a38) 
thrown [s\open\src\hotspot\share\classfile\systemDictionary.cpp, line 256]
Event: 16.070 Thread 0x00000206381c54d0 Exception <a 'java/lang/ClassNotFoundException'{0x00000000e8d61780}: org/gradle/internal/metaobject/AbstractDynamicObjectBeanInfo> (0x00000000e8d61780) 
thrown [s\open\src\hotspot\share\classfile\systemDictionary.cpp, line 256]
Event: 16.072 Thread 0x00000206381c54d0 Exception <a 'java/lang/ClassNotFoundException'{0x00000000e8d704b0}: org/gradle/internal/metaobject/AbstractDynamicObjectCustomizer> (0x00000000e8d704b0) 
thrown [s\open\src\hotspot\share\classfile\systemDictionary.cpp, line 256]
Event: 16.075 Thread 0x00000206381c54d0 Exception <a 'java/lang/ClassNotFoundException'{0x00000000e8d8bc20}: org/gradle/plugin/software/internal/SoftwareFeaturesDynamicObjectCustomizer> (0x00000000e8d8bc20) 
thrown [s\open\src\hotspot\share\classfile\systemDictionary.cpp, line 256]
Event: 16.076 Thread 0x00000206381c54d0 Exception <a 'java/lang/ClassNotFoundException'{0x00000000e8da2718}: org/gradle/plugin/software/internal/SoftwareFeaturesDynamicObject_DecoratedCustomizer> (0x00000000e8da2718) 
thrown [s\open\src\hotspot\share\classfile\systemDictionary.cpp, line 256]
Event: 16.088 Thread 0x00000206381c54d0 Exception <a 'java/lang/ClassNotFoundException'{0x00000000e8debb58}: org/gradle/api/internal/plugins/NaggingBasePluginConventionBeanInfo> (0x00000000e8debb58) 
thrown [s\open\src\hotspot\share\classfile\systemDictionary.cpp, line 256]
Event: 16.090 Thread 0x00000206381c54d0 Exception <a 'java/lang/ClassNotFoundException'{0x00000000e8dfcd20}: org/gradle/api/plugins/BasePluginConventionBeanInfo> (0x00000000e8dfcd20) 
thrown [s\open\src\hotspot\share\classfile\systemDictionary.cpp, line 256]
Event: 16.091 Thread 0x00000206381c54d0 Exception <a 'java/lang/ClassNotFoundException'{0x00000000e8c0e3a8}: org/gradle/api/plugins/BasePluginConventionCustomizer> (0x00000000e8c0e3a8) 
thrown [s\open\src\hotspot\share\classfile\systemDictionary.cpp, line 256]
Event: 16.093 Thread 0x00000206381c54d0 Exception <a 'java/lang/ClassNotFoundException'{0x00000000e8c29c90}: org/gradle/api/internal/plugins/NaggingBasePluginConventionCustomizer> (0x00000000e8c29c90) 
thrown [s\open\src\hotspot\share\classfile\systemDictionary.cpp, line 256]
Event: 16.107 Thread 0x00000206381c54d0 Exception <a 'java/lang/ClassNotFoundException'{0x00000000e8c731c8}: org/gradle/api/plugins/internal/NaggingJavaPluginConventionBeanInfo> (0x00000000e8c731c8) 
thrown [s\open\src\hotspot\share\classfile\systemDictionary.cpp, line 256]
Event: 16.109 Thread 0x00000206381c54d0 Exception <a 'java/lang/ClassNotFoundException'{0x00000000e8c84640}: org/gradle/api/plugins/JavaPluginConventionBeanInfo> (0x00000000e8c84640) 
thrown [s\open\src\hotspot\share\classfile\systemDictionary.cpp, line 256]
Event: 16.110 Thread 0x00000206381c54d0 Exception <a 'java/lang/ClassNotFoundException'{0x00000000e8c957d0}: org/gradle/api/plugins/JavaPluginConventionCustomizer> (0x00000000e8c957d0) 
thrown [s\open\src\hotspot\share\classfile\systemDictionary.cpp, line 256]
Event: 16.111 Thread 0x00000206381c54d0 Exception <a 'java/lang/ClassNotFoundException'{0x00000000e8cbad58}: org/gradle/api/plugins/internal/NaggingJavaPluginConventionCustomizer> (0x00000000e8cbad58) 
thrown [s\open\src\hotspot\share\classfile\systemDictionary.cpp, line 256]

VM Operations (20 events):
Event: 12.241 Executing VM operation: ICBufferFull done
Event: 12.585 Executing VM operation: ICBufferFull
Event: 12.585 Executing VM operation: ICBufferFull done
Event: 12.994 Executing VM operation: ICBufferFull
Event: 12.994 Executing VM operation: ICBufferFull done
Event: 13.545 Executing VM operation: ICBufferFull
Event: 13.545 Executing VM operation: ICBufferFull done
Event: 13.642 Executing VM operation: HandshakeAllThreads
Event: 13.643 Executing VM operation: HandshakeAllThreads done
Event: 14.653 Executing VM operation: Cleanup
Event: 14.653 Executing VM operation: Cleanup done
Event: 14.779 Executing VM operation: HandshakeAllThreads
Event: 14.779 Executing VM operation: HandshakeAllThreads done
Event: 14.948 Executing VM operation: HandshakeAllThreads
Event: 14.948 Executing VM operation: HandshakeAllThreads done
Event: 15.952 Executing VM operation: ICBufferFull
Event: 15.952 Executing VM operation: ICBufferFull done
Event: 16.280 Executing VM operation: HandshakeAllThreads
Event: 16.280 Executing VM operation: HandshakeAllThreads done
Event: 17.282 Executing VM operation: Cleanup

Events (20 events):
Event: 15.693 loading class java/io/Bits
Event: 15.693 loading class java/io/Bits done
Event: 15.711 Thread 0x0000020639d95e90 Thread added: 0x0000020639d95e90
Event: 15.776 Thread 0x0000020639d94400 Thread added: 0x0000020639d94400
Event: 15.949 loading class java/io/FileReader
Event: 15.949 loading class java/io/FileReader done
Event: 15.951 loading class java/text/MessageFormat
Event: 15.951 loading class java/text/MessageFormat done
Event: 16.043 loading class java/util/Stack
Event: 16.044 loading class java/util/Stack done
Event: 16.162 Thread 0x000002063c7c6910 Thread added: 0x000002063c7c6910
Event: 16.187 Thread 0x000002063c7c7330 Thread added: 0x000002063c7c7330
Event: 16.207 Thread 0x000002063c7caae0 Thread added: 0x000002063c7caae0
Event: 16.237 Thread 0x000002063c7cb500 Thread added: 0x000002063c7cb500
Event: 16.291 Thread 0x000002063c7cce50 Thread added: 0x000002063c7cce50
Event: 16.314 Thread 0x000002063c7cd360 Thread added: 0x000002063c7cd360
Event: 16.328 Thread 0x000002063c7cc940 Thread added: 0x000002063c7cc940
Event: 16.343 Thread 0x000002063c7cba10 Thread added: 0x000002063c7cba10
Event: 16.357 Thread 0x000002063c7cd870 Thread added: 0x000002063c7cd870
Event: 16.373 Thread 0x000002063c7cbf20 Thread added: 0x000002063c7cbf20


Dynamic libraries:
0x00007ff6b1450000 - 0x00007ff6b1460000 	C:\Program Files\Java\jdk-17\bin\java.exe
0x00007ffbc2140000 - 0x00007ffbc23a8000 	C:\WINDOWS\SYSTEM32\ntdll.dll
0x00007ffbc1010000 - 0x00007ffbc10d9000 	C:\WINDOWS\System32\KERNEL32.DLL
0x00007ffbbf630000 - 0x00007ffbbfa28000 	C:\WINDOWS\System32\KERNELBASE.dll
0x00007ffbbf370000 - 0x00007ffbbf4bb000 	C:\WINDOWS\System32\ucrtbase.dll
0x00007ffbb2af0000 - 0x00007ffbb2b0b000 	C:\Program Files\Java\jdk-17\bin\VCRUNTIME140.dll
0x00007ffbb2b10000 - 0x00007ffbb2b29000 	C:\Program Files\Java\jdk-17\bin\jli.dll
0x00007ffbc16a0000 - 0x00007ffbc1754000 	C:\WINDOWS\System32\ADVAPI32.dll
0x00007ffbc1f90000 - 0x00007ffbc2039000 	C:\WINDOWS\System32\msvcrt.dll
0x00007ffbc1e00000 - 0x00007ffbc1ea6000 	C:\WINDOWS\System32\sechost.dll
0x00007ffbc10e0000 - 0x00007ffbc11f8000 	C:\WINDOWS\System32\RPCRT4.dll
0x00007ffbc0df0000 - 0x00007ffbc0fb7000 	C:\WINDOWS\System32\USER32.dll
0x00007ffbbf290000 - 0x00007ffbbf2b7000 	C:\WINDOWS\System32\win32u.dll
0x00007ffbc08f0000 - 0x00007ffbc091b000 	C:\WINDOWS\System32\GDI32.dll
0x00007ffbbfba0000 - 0x00007ffbbfccc000 	C:\WINDOWS\System32\gdi32full.dll
0x00007ffbbf2c0000 - 0x00007ffbbf363000 	C:\WINDOWS\System32\msvcp_win.dll
0x00007ffbaad90000 - 0x00007ffbab024000 	C:\WINDOWS\WinSxS\amd64_microsoft.windows.common-controls_6595b64144ccf1df_6.0.26100.7019_none_3e06ffa0e335b8a8\COMCTL32.dll
0x00007ffbb2210000 - 0x00007ffbb221b000 	C:\WINDOWS\SYSTEM32\VERSION.dll
0x00007ffbc0150000 - 0x00007ffbc0181000 	C:\WINDOWS\System32\IMM32.DLL
0x00007ffbbb360000 - 0x00007ffbbb36c000 	C:\Program Files\Java\jdk-17\bin\vcruntime140_1.dll
0x00007ffbb1cd0000 - 0x00007ffbb1d5e000 	C:\Program Files\Java\jdk-17\bin\msvcp140.dll
0x00007ffb80880000 - 0x00007ffb81460000 	C:\Program Files\Java\jdk-17\bin\server\jvm.dll
0x00007ffbc1f00000 - 0x00007ffbc1f08000 	C:\WINDOWS\System32\PSAPI.DLL
0x00007ffbbb340000 - 0x00007ffbbb34a000 	C:\WINDOWS\SYSTEM32\WSOCK32.dll
0x00007ffbc0a10000 - 0x00007ffbc0a84000 	C:\WINDOWS\System32\WS2_32.dll
0x00007ffbae780000 - 0x00007ffbae7b5000 	C:\WINDOWS\SYSTEM32\WINMM.dll
0x00007ffbbe010000 - 0x00007ffbbe02b000 	C:\WINDOWS\SYSTEM32\kernel.appcore.dll
0x00007ffbbb2a0000 - 0x00007ffbbb2aa000 	C:\Program Files\Java\jdk-17\bin\jimage.dll
0x00007ffbbc980000 - 0x00007ffbbcbc2000 	C:\WINDOWS\SYSTEM32\DBGHELP.DLL
0x00007ffbc1860000 - 0x00007ffbc1beb000 	C:\WINDOWS\System32\combase.dll
0x00007ffbbffe0000 - 0x00007ffbc00b7000 	C:\WINDOWS\System32\OLEAUT32.dll
0x00007ffbbb9e0000 - 0x00007ffbbba1c000 	C:\WINDOWS\SYSTEM32\dbgcore.DLL
0x00007ffbbfaf0000 - 0x00007ffbbfb95000 	C:\WINDOWS\System32\bcryptPrimitives.dll
0x00007ffbb2cc0000 - 0x00007ffbb2cce000 	C:\Program Files\Java\jdk-17\bin\instrument.dll
0x00007ffbb1f30000 - 0x00007ffbb1f55000 	C:\Program Files\Java\jdk-17\bin\java.dll
0x00007ffbadfd0000 - 0x00007ffbae0a7000 	C:\Program Files\Java\jdk-17\bin\jsvml.dll
0x00007ffbc0190000 - 0x00007ffbc08df000 	C:\WINDOWS\System32\SHELL32.dll
0x00007ffbbf4c0000 - 0x00007ffbbf62b000 	C:\WINDOWS\System32\wintypes.dll
0x00007ffbbce90000 - 0x00007ffbbd6ed000 	C:\WINDOWS\SYSTEM32\windows.storage.dll
0x00007ffbc1760000 - 0x00007ffbc1852000 	C:\WINDOWS\System32\SHCORE.dll
0x00007ffbc1d90000 - 0x00007ffbc1df7000 	C:\WINDOWS\System32\shlwapi.dll
0x00007ffbbf1b0000 - 0x00007ffbbf1d9000 	C:\WINDOWS\SYSTEM32\profapi.dll
0x00007ffbb2970000 - 0x00007ffbb2988000 	C:\Program Files\Java\jdk-17\bin\zip.dll
0x00007ffbb1f10000 - 0x00007ffbb1f29000 	C:\Program Files\Java\jdk-17\bin\net.dll
0x00007ffbbb480000 - 0x00007ffbbb5a8000 	C:\WINDOWS\SYSTEM32\WINHTTP.dll
0x00007ffbbe560000 - 0x00007ffbbe5cb000 	C:\WINDOWS\system32\mswsock.dll
0x00007ffbb1ef0000 - 0x00007ffbb1f06000 	C:\Program Files\Java\jdk-17\bin\nio.dll
0x00007ffbb1ee0000 - 0x00007ffbb1ef0000 	C:\Program Files\Java\jdk-17\bin\verify.dll
0x00007ffb9acc0000 - 0x00007ffb9ace7000 	C:\Users\happy\.gradle\native\1def1411415f61bf3af743bc5b6707747c0891f09f0c88961ee8f79bc544acac\windows-amd64\native-platform.dll
0x00007ffbadf50000 - 0x00007ffbadfc8000 	C:\Users\happy\.gradle\native\0.2.7\x86_64-windows-gnu\gradle-fileevents.dll
0x00007ffbb1cc0000 - 0x00007ffbb1cca000 	C:\Program Files\Java\jdk-17\bin\management.dll
0x00007ffbae860000 - 0x00007ffbae86b000 	C:\Program Files\Java\jdk-17\bin\management_ext.dll
0x00007ffbbda50000 - 0x00007ffbbda84000 	C:\WINDOWS\SYSTEM32\IPHLPAPI.DLL
0x00007ffbc0de0000 - 0x00007ffbc0dea000 	C:\WINDOWS\System32\NSI.dll
0x00007ffbb24c0000 - 0x00007ffbb24de000 	C:\WINDOWS\SYSTEM32\dhcpcsvc6.DLL
0x00007ffbb2370000 - 0x00007ffbb2393000 	C:\WINDOWS\SYSTEM32\dhcpcsvc.DLL
0x00007ffbbdaf0000 - 0x00007ffbbdc1c000 	C:\WINDOWS\SYSTEM32\DNSAPI.dll
0x00007ffbbe950000 - 0x00007ffbbe96b000 	C:\WINDOWS\SYSTEM32\CRYPTSP.dll
0x00007ffbbdf70000 - 0x00007ffbbdfaa000 	C:\WINDOWS\system32\rsaenh.dll
0x00007ffbbe610000 - 0x00007ffbbe63b000 	C:\WINDOWS\SYSTEM32\USERENV.dll
0x00007ffbbf180000 - 0x00007ffbbf1aa000 	C:\WINDOWS\SYSTEM32\bcrypt.dll
0x00007ffbbe7b0000 - 0x00007ffbbe7bc000 	C:\WINDOWS\SYSTEM32\CRYPTBASE.dll
0x00007ffbadf40000 - 0x00007ffbadf4e000 	C:\Program Files\Java\jdk-17\bin\sunmscapi.dll
0x00007ffbbfcd0000 - 0x00007ffbbfe47000 	C:\WINDOWS\System32\CRYPT32.dll
0x00007ffbbeaa0000 - 0x00007ffbbead0000 	C:\WINDOWS\SYSTEM32\ncrypt.dll
0x00007ffbbea50000 - 0x00007ffbbea8f000 	C:\WINDOWS\SYSTEM32\NTASN1.dll
0x00007ffb82580000 - 0x00007ffb82588000 	C:\WINDOWS\system32\wshunix.dll

dbghelp: loaded successfully - version: 4.0.5 - missing functions: none
symbol engine: initialized successfully - sym options: 0x614 - pdb path: .;C:\Program Files\Java\jdk-17\bin;C:\WINDOWS\SYSTEM32;C:\WINDOWS\WinSxS\amd64_microsoft.windows.common-controls_6595b64144ccf1df_6.0.26100.7019_none_3e06ffa0e335b8a8;C:\Program Files\Java\jdk-17\bin\server;C:\Users\happy\.gradle\native\1def1411415f61bf3af743bc5b6707747c0891f09f0c88961ee8f79bc544acac\windows-amd64;C:\Users\happy\.gradle\native\0.2.7\x86_64-windows-gnu

VM Arguments:
jvm_args: --add-opens=java.base/java.lang=ALL-UNNAMED --add-opens=java.base/java.lang.invoke=ALL-UNNAMED --add-opens=java.base/java.util=ALL-UNNAMED --add-opens=java.prefs/java.util.prefs=ALL-UNNAMED --add-exports=jdk.compiler/com.sun.tools.javac.api=ALL-UNNAMED --add-exports=jdk.compiler/com.sun.tools.javac.util=ALL-UNNAMED --add-opens=java.base/java.util=ALL-UNNAMED --add-opens=java.prefs/java.util.prefs=ALL-UNNAMED --add-opens=java.base/java.nio.charset=ALL-UNNAMED --add-opens=java.base/java.net=ALL-UNNAMED --add-opens=java.base/java.util.concurrent.atomic=ALL-UNNAMED --add-opens=java.xml/javax.xml.namespace=ALL-UNNAMED -XX:MaxMetaspaceSize=384m -XX:+HeapDumpOnOutOfMemoryError -Xms256m -Xmx512m -Dfile.encoding=UTF-8 -Duser.country=KR -Duser.language=ko -Duser.variant -javaagent:C:\Users\happy\.gradle\wrapper\dists\gradle-8.14.3-bin\cv11ve7ro1n3o1j4so8xd9n66\gradle-8.14.3\lib\agents\gradle-instrumentation-agent-8.14.3.jar 
java_command: org.gradle.launcher.daemon.bootstrap.GradleDaemon 8.14.3
java_class_path (initial): C:\Users\happy\.gradle\wrapper\dists\gradle-8.14.3-bin\cv11ve7ro1n3o1j4so8xd9n66\gradle-8.14.3\lib\gradle-daemon-main-8.14.3.jar
Launcher Type: SUN_STANDARD

[Global flags]
     intx CICompilerCount                          = 4                                         {product} {ergonomic}
   size_t CompressedClassSpaceSize                 = 335544320                                 {product} {ergonomic}
     uint ConcGCThreads                            = 2                                         {product} {ergonomic}
     uint G1ConcRefinementThreads                  = 8                                         {product} {ergonomic}
   size_t G1HeapRegionSize                         = 1048576                                   {product} {ergonomic}
    uintx GCDrainStackTargetSize                   = 64                                        {product} {ergonomic}
     bool HeapDumpOnOutOfMemoryError               = true                                   {manageable} {command line}
   size_t InitialHeapSize                          = 268435456                                 {product} {command line}
   size_t MarkStackSize                            = 4194304                                   {product} {ergonomic}
   size_t MaxHeapSize                              = 536870912                                 {product} {command line}
   size_t MaxMetaspaceSize                         = 402653184                                 {product} {command line}
   size_t MaxNewSize                               = 321912832                                 {product} {ergonomic}
   size_t MinHeapDeltaBytes                        = 1048576                                   {product} {ergonomic}
   size_t MinHeapSize                              = 268435456                                 {product} {command line}
    uintx NonNMethodCodeHeapSize                   = 5839372                                {pd product} {ergonomic}
    uintx NonProfiledCodeHeapSize                  = 122909434                              {pd product} {ergonomic}
    uintx ProfiledCodeHeapSize                     = 122909434                              {pd product} {ergonomic}
    uintx ReservedCodeCacheSize                    = 251658240                              {pd product} {ergonomic}
     bool SegmentedCodeCache                       = true                                      {product} {ergonomic}
   size_t SoftMaxHeapSize                          = 536870912                              {manageable} {ergonomic}
     bool UseCompressedClassPointers               = true                           {product lp64_product} {ergonomic}
     bool UseCompressedOops                        = true                           {product lp64_product} {ergonomic}
     bool UseG1GC                                  = true                                      {product} {ergonomic}
     bool UseLargePagesIndividualAllocation        = false                                  {pd product} {ergonomic}

Logging:
Log output configuration:
 #0: stdout all=warning uptime,level,tags
 #1: stderr all=off uptime,level,tags

Environment Variables:
JAVA_HOME=C:\Program Files\Java\jdk-21
PATH=C:\Program Files\Volta\;C:\Program Files\Common Files\Oracle\Java\javapath;C:\Program Files (x86)\VMware\VMware Player\bin\;C:\WINDOWS\system32;C:\WINDOWS;C:\WINDOWS\System32\Wbem;C:\WINDOWS\System32\WindowsPowerShell\v1.0\;C:\WINDOWS\System32\OpenSSH\;C:\Program Files\Java\jdk-21;C:\Program Files\Git\cmd;C:\Program Files\GitHub CLI\;C:\Users\happy\AppData\Local\nvm;C:\nvm4w\nodejs;C:\Program Files\Docker\Docker\resources\bin;C:\Program Files\dotnet\;C:\Program Files\Microsoft SQL Server\150\Tools\Binn\;C:\Program Files (x86)\Windows Kits\10\Windows Performance Toolkit\;C:\Program Files\Bandizip\;c:\Users\happy\AppData\Local\Programs\cursor\resources\app\bin;C:\Program Files\cursor\resources\app\bin;%PATH:C:\Program Files\Volta;=%
USERNAME=happy
OS=Windows_NT
PROCESSOR_IDENTIFIER=Intel64 Family 6 Model 142 Stepping 12, GenuineIntel



---------------  S Y S T E M  ---------------

OS:
 Windows 11 , 64 bit Build 26100 (10.0.26100.7019)
OS uptime: 0 days 6:28 hours
Hyper-V role detected

CPU: total 8 (initial active 8) (4 cores per cpu, 2 threads per core) family 6 model 142 stepping 12 microcode 0xde, cx8, cmov, fxsr, ht, mmx, 3dnowpref, sse, sse2, sse3, ssse3, sse4.1, sse4.2, popcnt, lzcnt, tsc, tscinvbit, avx, avx2, aes, erms, clmul, bmi1, bmi2, adx, fma, vzeroupper, clflush, clflushopt, hv

Memory: 4k page, system-wide physical 24355M (5984M free)
TotalPageFile size 24355M (AvailPageFile size 3M)
current process WorkingSet (physical memory assigned to process): 390M, peak: 413M
current process commit charge ("private bytes"): 496M, peak: 518M

vm_info: Java HotSpot(TM) 64-Bit Server VM (17.0.12+8-LTS-286) for windows-amd64 JRE (17.0.12+8-LTS-286), built on Jun  5 2024 06:46:59 by "mach5one" with MS VC++ 17.6 (VS2022)

END.
