#
# There is insufficient memory for the Java Runtime Environment to continue.
# Native memory allocation (malloc) failed to allocate 1741360 bytes for Chunk::new
# Possible reasons:
#   The system is out of physical RAM or swap space
#   The process is running with CompressedOops enabled, and the Java Heap may be blocking the growth of the native heap
# Possible solutions:
#   Reduce memory load on the system
#   Increase physical memory or swap space
#   Check if swap backing store is full
#   Decrease Java heap size (-Xmx/-Xms)
#   Decrease number of Java threads
#   Decrease Java thread stack sizes (-Xss)
#   Set larger code cache with -XX:ReservedCodeCacheSize=
#   JVM is running with Unscaled Compressed Oops mode in which the Java heap is
#     placed in the first 4GB address space. The Java Heap base address is the
#     maximum limit for the native heap growth. Please use -XX:HeapBaseMinAddress
#     to set the Java Heap base and to place the Java Heap above 4GB virtual address.
# This output file may be truncated or incomplete.
#
#  Out of Memory Error (arena.cpp:189), pid=10288, tid=27436
#
# JRE version: Java(TM) SE Runtime Environment (17.0.12+8) (build 17.0.12+8-LTS-286)
# Java VM: Java HotSpot(TM) 64-Bit Server VM (17.0.12+8-LTS-286, mixed mode, sharing, tiered, compressed oops, compressed class ptrs, g1 gc, windows-amd64)
# No core dump will be written. Minidumps are not enabled by default on client versions of Windows
#

---------------  S U M M A R Y ------------

Command Line: --add-opens=java.base/java.lang=ALL-UNNAMED --add-opens=java.base/java.lang.invoke=ALL-UNNAMED --add-opens=java.base/java.util=ALL-UNNAMED --add-opens=java.prefs/java.util.prefs=ALL-UNNAMED --add-exports=jdk.compiler/com.sun.tools.javac.api=ALL-UNNAMED --add-exports=jdk.compiler/com.sun.tools.javac.util=ALL-UNNAMED --add-opens=java.base/java.util=ALL-UNNAMED --add-opens=java.prefs/java.util.prefs=ALL-UNNAMED --add-opens=java.base/java.nio.charset=ALL-UNNAMED --add-opens=java.base/java.net=ALL-UNNAMED --add-opens=java.base/java.util.concurrent.atomic=ALL-UNNAMED --add-opens=java.xml/javax.xml.namespace=ALL-UNNAMED -XX:MaxMetaspaceSize=384m -XX:+HeapDumpOnOutOfMemoryError -Xms256m -Xmx512m -Dfile.encoding=UTF-8 -Duser.country=KR -Duser.language=ko -Duser.variant -javaagent:C:\Users\happy\.gradle\wrapper\dists\gradle-8.14.3-bin\cv11ve7ro1n3o1j4so8xd9n66\gradle-8.14.3\lib\agents\gradle-instrumentation-agent-8.14.3.jar org.gradle.launcher.daemon.bootstrap.GradleDaemon 8.14.3

Host: Intel(R) Core(TM) i5-10210U CPU @ 1.60GHz, 8 cores, 23G,  Windows 11 , 64 bit Build 26100 (10.0.26100.7019)
Time: Wed Nov 19 15:54:28 2025  Windows 11 , 64 bit Build 26100 (10.0.26100.7019) elapsed time: 25.312720 seconds (0d 0h 0m 25s)

---------------  T H R E A D  ---------------

Current thread (0x00000208f5e3d6f0):  JavaThread "C2 CompilerThread2" daemon [_thread_in_native, id=27436, stack(0x000000a030300000,0x000000a030400000)]


Current CompileTask:
C2:  25312 6720       4       groovy.lang.MetaClassImpl$1MOPIter::methodNameAction (325 bytes)

Stack: [0x000000a030300000,0x000000a030400000]
Native frames: (J=compiled Java code, j=interpreted, Vv=VM code, C=native code)
V  [jvm.dll+0x67a04a]
V  [jvm.dll+0x7da4ed]
V  [jvm.dll+0x7dbe33]
V  [jvm.dll+0x7dc4a3]
V  [jvm.dll+0x24508f]
V  [jvm.dll+0xab773]
V  [jvm.dll+0xabd3c]
V  [jvm.dll+0x361bee]
V  [jvm.dll+0x32c431]
V  [jvm.dll+0x32b8ca]
V  [jvm.dll+0x21683f]
V  [jvm.dll+0x215c6f]
V  [jvm.dll+0x1a2960]
V  [jvm.dll+0x22610b]
V  [jvm.dll+0x2242ab]
V  [jvm.dll+0x79075c]
V  [jvm.dll+0x78abea]
V  [jvm.dll+0x678f35]
C  [ucrtbase.dll+0x37b0]
C  [KERNEL32.DLL+0x2e8d7]
C  [ntdll.dll+0x8c53c]


---------------  P R O C E S S  ---------------

Threads class SMR info:
_java_thread_list=0x00000208f2713c10, length=78, elements={
0x00000208bafc7d70, 0x00000208d58d69a0, 0x00000208d58d7470, 0x00000208d58e8de0,
0x00000208d58eb6c0, 0x00000208d58ebf90, 0x00000208d58ed000, 0x00000208d58f29c0,
0x00000208d58f42e0, 0x00000208d590ef70, 0x00000208d5aafab0, 0x00000208d5ba4d00,
0x00000208f051bf60, 0x00000208f0517a60, 0x00000208f03518c0, 0x00000208f07e6cb0,
0x00000208f0df5300, 0x00000208f0df8090, 0x00000208f0df5d20, 0x00000208f0df85a0,
0x00000208f0df4df0, 0x00000208f0df7670, 0x00000208f0df5810, 0x00000208f0df7b80,
0x00000208f0df6230, 0x00000208f0df6c50, 0x00000208f0df7160, 0x00000208f2da8de0,
0x00000208f2da7eb0, 0x00000208f2da5630, 0x00000208f2da88d0, 0x00000208f2da6f80,
0x00000208f2da5b40, 0x00000208f2da9d10, 0x00000208f2daa220, 0x00000208f2daa730,
0x00000208f2da79a0, 0x00000208f2dab150, 0x00000208f2dac080, 0x00000208f2dacaa0,
0x00000208f2dab660, 0x00000208f2dabb70, 0x00000208f2dac590, 0x00000208f2dacfb0,
0x00000208f4c65ca0, 0x00000208f4c65280, 0x00000208f4c68010, 0x00000208f4c65790,
0x00000208f4c661b0, 0x00000208f4c666c0, 0x00000208f4c670e0, 0x00000208f4c66bd0,
0x00000208f4c68520, 0x00000208f4c675f0, 0x00000208efd644f0, 0x00000208f398e5b0,
0x00000208f398cc60, 0x00000208f398c240, 0x00000208f398db90, 0x00000208f398c750,
0x00000208f398b820, 0x00000208f398d170, 0x00000208f398e0a0, 0x00000208f398d680,
0x00000208f398eac0, 0x00000208f398efd0, 0x00000208f398f4e0, 0x00000208f398bd30,
0x00000208f3990410, 0x00000208f398ff00, 0x00000208f398f9f0, 0x00000208f3990920,
0x00000208f3992780, 0x00000208f3991d60, 0x00000208f3992270, 0x00000208f39931a0,
0x00000208f3991850, 0x00000208f5e3d6f0
}

Java Threads: ( => current thread )
  0x00000208bafc7d70 JavaThread "main" [_thread_blocked, id=5584, stack(0x000000a02a700000,0x000000a02a800000)]
  0x00000208d58d69a0 JavaThread "Reference Handler" daemon [_thread_blocked, id=19564, stack(0x000000a02ae00000,0x000000a02af00000)]
  0x00000208d58d7470 JavaThread "Finalizer" daemon [_thread_blocked, id=23028, stack(0x000000a02af00000,0x000000a02b000000)]
  0x00000208d58e8de0 JavaThread "Signal Dispatcher" daemon [_thread_blocked, id=25704, stack(0x000000a02b000000,0x000000a02b100000)]
  0x00000208d58eb6c0 JavaThread "Attach Listener" daemon [_thread_blocked, id=12436, stack(0x000000a02b100000,0x000000a02b200000)]
  0x00000208d58ebf90 JavaThread "Service Thread" daemon [_thread_blocked, id=12696, stack(0x000000a02b200000,0x000000a02b300000)]
  0x00000208d58ed000 JavaThread "Monitor Deflation Thread" daemon [_thread_blocked, id=25128, stack(0x000000a02b300000,0x000000a02b400000)]
  0x00000208d58f29c0 JavaThread "C2 CompilerThread0" daemon [_thread_in_native, id=27468, stack(0x000000a02b400000,0x000000a02b500000)]
  0x00000208d58f42e0 JavaThread "C1 CompilerThread0" daemon [_thread_blocked, id=13080, stack(0x000000a02b500000,0x000000a02b600000)]
  0x00000208d590ef70 JavaThread "Sweeper thread" daemon [_thread_blocked, id=26252, stack(0x000000a02b600000,0x000000a02b700000)]
  0x00000208d5aafab0 JavaThread "Common-Cleaner" daemon [_thread_blocked, id=19000, stack(0x000000a02b700000,0x000000a02b800000)]
  0x00000208d5ba4d00 JavaThread "Notification Thread" daemon [_thread_blocked, id=8124, stack(0x000000a02b800000,0x000000a02b900000)]
  0x00000208f051bf60 JavaThread "Daemon health stats" [_thread_blocked, id=10340, stack(0x000000a02c100000,0x000000a02c200000)]
  0x00000208f0517a60 JavaThread "Incoming local TCP Connector on port 60083" [_thread_in_native, id=3648, stack(0x000000a02bb00000,0x000000a02bc00000)]
  0x00000208f03518c0 JavaThread "Daemon periodic checks" [_thread_blocked, id=18424, stack(0x000000a02c200000,0x000000a02c300000)]
  0x00000208f07e6cb0 JavaThread "Daemon" [_thread_blocked, id=2512, stack(0x000000a02c300000,0x000000a02c400000)]
  0x00000208f0df5300 JavaThread "Handler for socket connection from /127.0.0.1:60083 to /127.0.0.1:60084" [_thread_in_native, id=1732, stack(0x000000a02c400000,0x000000a02c500000)]
  0x00000208f0df8090 JavaThread "Cancel handler" [_thread_blocked, id=13576, stack(0x000000a02c500000,0x000000a02c600000)]
  0x00000208f0df5d20 JavaThread "Daemon worker" [_thread_in_vm, id=17360, stack(0x000000a02c600000,0x000000a02c700000)]
  0x00000208f0df85a0 JavaThread "Asynchronous log dispatcher for DefaultDaemonConnection: socket connection from /127.0.0.1:60083 to /127.0.0.1:60084" [_thread_blocked, id=14004, stack(0x000000a02c700000,0x000000a02c800000)]
  0x00000208f0df4df0 JavaThread "Stdin handler" [_thread_blocked, id=13772, stack(0x000000a02c800000,0x000000a02c900000)]
  0x00000208f0df7670 JavaThread "Daemon client event forwarder" [_thread_blocked, id=16924, stack(0x000000a02c900000,0x000000a02ca00000)]
  0x00000208f0df5810 JavaThread "Cache worker for journal cache (C:\Users\happy\.gradle\caches\journal-1)" [_thread_blocked, id=2952, stack(0x000000a02ca00000,0x000000a02cb00000)]
  0x00000208f0df7b80 JavaThread "File lock request listener" [_thread_in_native, id=15720, stack(0x000000a02cb00000,0x000000a02cc00000)]
  0x00000208f0df6230 JavaThread "Cache worker for file hash cache (C:\Users\happy\.gradle\caches\8.14.3\fileHashes)" [_thread_blocked, id=10356, stack(0x000000a02cc00000,0x000000a02cd00000)]
  0x00000208f0df6c50 JavaThread "Cache worker for file hash cache (D:\daelim_front_back\portfolio-spring-1.0\.gradle\8.14.3\fileHashes)" [_thread_blocked, id=26936, stack(0x000000a02cf00000,0x000000a02d000000)]
  0x00000208f0df7160 JavaThread "Cache worker for Build Output Cleanup Cache (D:\daelim_front_back\portfolio-spring-1.0\.gradle\buildOutputCleanup)" [_thread_blocked, id=1708, stack(0x000000a02d000000,0x000000a02d100000)]
  0x00000208f2da8de0 JavaThread "File watcher server" daemon [_thread_in_native, id=28032, stack(0x000000a02d300000,0x000000a02d400000)]
  0x00000208f2da7eb0 JavaThread "File watcher consumer" daemon [_thread_blocked, id=12988, stack(0x000000a02d400000,0x000000a02d500000)]
  0x00000208f2da5630 JavaThread "jar transforms" [_thread_blocked, id=28120, stack(0x000000a02d500000,0x000000a02d600000)]
  0x00000208f2da88d0 JavaThread "jar transforms Thread 2" [_thread_blocked, id=18932, stack(0x000000a02d600000,0x000000a02d700000)]
  0x00000208f2da6f80 JavaThread "Cache worker for checksums cache (D:\daelim_front_back\portfolio-spring-1.0\.gradle\8.14.3\checksums)" [_thread_blocked, id=3356, stack(0x000000a02d700000,0x000000a02d800000)]
  0x00000208f2da5b40 JavaThread "Cache worker for file content cache (C:\Users\happy\.gradle\caches\8.14.3\fileContent)" [_thread_blocked, id=15196, stack(0x000000a02d800000,0x000000a02d900000)]
  0x00000208f2da9d10 JavaThread "jar transforms Thread 3" [_thread_blocked, id=2216, stack(0x000000a02d900000,0x000000a02da00000)]
  0x00000208f2daa220 JavaThread "File lock release action executor" [_thread_blocked, id=23700, stack(0x000000a02da00000,0x000000a02db00000)]
  0x00000208f2daa730 JavaThread "Cache worker for cache directory md-supplier (C:\Users\happy\.gradle\caches\8.14.3\md-supplier)" [_thread_blocked, id=7548, stack(0x000000a02db00000,0x000000a02dc00000)]
  0x00000208f2da79a0 JavaThread "Cache worker for cache directory md-rule (C:\Users\happy\.gradle\caches\8.14.3\md-rule)" [_thread_blocked, id=6572, stack(0x000000a02dc00000,0x000000a02dd00000)]
  0x00000208f2dab150 JavaThread "Unconstrained build operations" [_thread_blocked, id=4304, stack(0x000000a02cd00000,0x000000a02ce00000)]
  0x00000208f2dac080 JavaThread "Unconstrained build operations Thread 2" [_thread_blocked, id=23720, stack(0x000000a02ce00000,0x000000a02cf00000)]
  0x00000208f2dacaa0 JavaThread "Unconstrained build operations Thread 3" [_thread_blocked, id=14592, stack(0x000000a02dd00000,0x000000a02de00000)]
  0x00000208f2dab660 JavaThread "Unconstrained build operations Thread 4" [_thread_blocked, id=20268, stack(0x000000a02de00000,0x000000a02df00000)]
  0x00000208f2dabb70 JavaThread "Unconstrained build operations Thread 5" [_thread_blocked, id=17036, stack(0x000000a02e000000,0x000000a02e100000)]
  0x00000208f2dac590 JavaThread "Unconstrained build operations Thread 6" [_thread_blocked, id=24520, stack(0x000000a02e100000,0x000000a02e200000)]
  0x00000208f2dacfb0 JavaThread "Unconstrained build operations Thread 7" [_thread_blocked, id=21700, stack(0x000000a02e200000,0x000000a02e300000)]
  0x00000208f4c65ca0 JavaThread "Unconstrained build operations Thread 8" [_thread_blocked, id=22884, stack(0x000000a02e300000,0x000000a02e400000)]
  0x00000208f4c65280 JavaThread "jar transforms Thread 4" [_thread_blocked, id=21096, stack(0x000000a02e400000,0x000000a02e500000)]
  0x00000208f4c68010 JavaThread "jar transforms Thread 5" [_thread_blocked, id=26324, stack(0x000000a02e500000,0x000000a02e600000)]
  0x00000208f4c65790 JavaThread "Unconstrained build operations Thread 9" [_thread_blocked, id=2732, stack(0x000000a02e600000,0x000000a02e700000)]
  0x00000208f4c661b0 JavaThread "Unconstrained build operations Thread 10" [_thread_blocked, id=21432, stack(0x000000a02e700000,0x000000a02e800000)]
  0x00000208f4c666c0 JavaThread "Unconstrained build operations Thread 11" [_thread_blocked, id=23308, stack(0x000000a02e800000,0x000000a02e900000)]
  0x00000208f4c670e0 JavaThread "Unconstrained build operations Thread 12" [_thread_blocked, id=22164, stack(0x000000a02e900000,0x000000a02ea00000)]
  0x00000208f4c66bd0 JavaThread "jar transforms Thread 6" [_thread_blocked, id=15068, stack(0x000000a02ea00000,0x000000a02eb00000)]
  0x00000208f4c68520 JavaThread "jar transforms Thread 7" [_thread_blocked, id=9432, stack(0x000000a02ec00000,0x000000a02ed00000)]
  0x00000208f4c675f0 JavaThread "jar transforms Thread 8" [_thread_blocked, id=15404, stack(0x000000a02ed00000,0x000000a02ee00000)]
  0x00000208efd644f0 JavaThread "C2 CompilerThread1" daemon [_thread_in_native, id=22368, stack(0x000000a02df00000,0x000000a02e000000)]
  0x00000208f398e5b0 JavaThread "Unconstrained build operations Thread 13" [_thread_blocked, id=13476, stack(0x000000a02eb00000,0x000000a02ec00000)]
  0x00000208f398cc60 JavaThread "Unconstrained build operations Thread 14" [_thread_blocked, id=23680, stack(0x000000a02ee00000,0x000000a02ef00000)]
  0x00000208f398c240 JavaThread "Unconstrained build operations Thread 15" [_thread_blocked, id=15832, stack(0x000000a02ef00000,0x000000a02f000000)]
  0x00000208f398db90 JavaThread "Unconstrained build operations Thread 16" [_thread_blocked, id=23728, stack(0x000000a02f000000,0x000000a02f100000)]
  0x00000208f398c750 JavaThread "Unconstrained build operations Thread 17" [_thread_blocked, id=19544, stack(0x000000a02f100000,0x000000a02f200000)]
  0x00000208f398b820 JavaThread "Unconstrained build operations Thread 18" [_thread_blocked, id=11344, stack(0x000000a02f200000,0x000000a02f300000)]
  0x00000208f398d170 JavaThread "Unconstrained build operations Thread 19" [_thread_blocked, id=8836, stack(0x000000a02f300000,0x000000a02f400000)]
  0x00000208f398e0a0 JavaThread "Unconstrained build operations Thread 20" [_thread_blocked, id=13340, stack(0x000000a02f400000,0x000000a02f500000)]
  0x00000208f398d680 JavaThread "Unconstrained build operations Thread 21" [_thread_blocked, id=28028, stack(0x000000a02f500000,0x000000a02f600000)]
  0x00000208f398eac0 JavaThread "Unconstrained build operations Thread 22" [_thread_blocked, id=15672, stack(0x000000a02f600000,0x000000a02f700000)]
  0x00000208f398efd0 JavaThread "Unconstrained build operations Thread 23" [_thread_blocked, id=7164, stack(0x000000a02f700000,0x000000a02f800000)]
  0x00000208f398f4e0 JavaThread "Unconstrained build operations Thread 24" [_thread_blocked, id=23944, stack(0x000000a02f800000,0x000000a02f900000)]
  0x00000208f398bd30 JavaThread "Unconstrained build operations Thread 25" [_thread_blocked, id=25500, stack(0x000000a02f900000,0x000000a02fa00000)]
  0x00000208f3990410 JavaThread "Unconstrained build operations Thread 26" [_thread_blocked, id=26408, stack(0x000000a02fa00000,0x000000a02fb00000)]
  0x00000208f398ff00 JavaThread "Unconstrained build operations Thread 27" [_thread_blocked, id=11636, stack(0x000000a02fb00000,0x000000a02fc00000)]
  0x00000208f398f9f0 JavaThread "Unconstrained build operations Thread 28" [_thread_blocked, id=19152, stack(0x000000a02fc00000,0x000000a02fd00000)]
  0x00000208f3990920 JavaThread "Unconstrained build operations Thread 29" [_thread_blocked, id=8788, stack(0x000000a02fd00000,0x000000a02fe00000)]
  0x00000208f3992780 JavaThread "Unconstrained build operations Thread 30" [_thread_blocked, id=21124, stack(0x000000a02fe00000,0x000000a02ff00000)]
  0x00000208f3991d60 JavaThread "Unconstrained build operations Thread 31" [_thread_blocked, id=14472, stack(0x000000a02ff00000,0x000000a030000000)]
  0x00000208f3992270 JavaThread "Unconstrained build operations Thread 32" [_thread_blocked, id=17072, stack(0x000000a030000000,0x000000a030100000)]
  0x00000208f39931a0 JavaThread "Unconstrained build operations Thread 33" [_thread_blocked, id=22744, stack(0x000000a030100000,0x000000a030200000)]
  0x00000208f3991850 JavaThread "Memory manager" [_thread_blocked, id=24676, stack(0x000000a030400000,0x000000a030500000)]
=>0x00000208f5e3d6f0 JavaThread "C2 CompilerThread2" daemon [_thread_in_native, id=27436, stack(0x000000a030300000,0x000000a030400000)]

Other Threads:
  0x00000208d58cfb90 VMThread "VM Thread" [stack: 0x000000a02ad00000,0x000000a02ae00000] [id=21676]
  0x00000208bb002b20 WatcherThread [stack: 0x000000a02b900000,0x000000a02ba00000] [id=25552]
  0x00000208baff48f0 GCTaskThread "GC Thread#0" [stack: 0x000000a02a800000,0x000000a02a900000] [id=22400]
  0x00000208ef2f8170 GCTaskThread "GC Thread#1" [stack: 0x000000a02bc00000,0x000000a02bd00000] [id=380]
  0x00000208d5c175f0 GCTaskThread "GC Thread#2" [stack: 0x000000a02bd00000,0x000000a02be00000] [id=22820]
  0x00000208ef1e1b30 GCTaskThread "GC Thread#3" [stack: 0x000000a02be00000,0x000000a02bf00000] [id=19104]
  0x00000208ef1e1df0 GCTaskThread "GC Thread#4" [stack: 0x000000a02bf00000,0x000000a02c000000] [id=22000]
  0x00000208ef1e20b0 GCTaskThread "GC Thread#5" [stack: 0x000000a02c000000,0x000000a02c100000] [id=22872]
  0x00000208f020f040 GCTaskThread "GC Thread#6" [stack: 0x000000a02ba00000,0x000000a02bb00000] [id=2184]
  0x00000208f358a3f0 GCTaskThread "GC Thread#7" [stack: 0x000000a02d100000,0x000000a02d200000] [id=20756]
  0x00000208baff7730 ConcurrentGCThread "G1 Main Marker" [stack: 0x000000a02a900000,0x000000a02aa00000] [id=2752]
  0x00000208b8f5c0f0 ConcurrentGCThread "G1 Conc#0" [stack: 0x000000a02aa00000,0x000000a02ab00000] [id=8844]
  0x00000208f3064e20 ConcurrentGCThread "G1 Conc#1" [stack: 0x000000a02d200000,0x000000a02d300000] [id=10960]
  0x00000208bb08e410 ConcurrentGCThread "G1 Refine#0" [stack: 0x000000a02ab00000,0x000000a02ac00000] [id=20456]
  0x00000208f0a7c5e0 ConcurrentGCThread "G1 Refine#1" [stack: 0x000000a030200000,0x000000a030300000] [id=9900]
  0x00000208bb08ebf0 ConcurrentGCThread "G1 Service" [stack: 0x000000a02ac00000,0x000000a02ad00000] [id=17264]

Threads with active compile tasks:
C2 CompilerThread0    25366 6742       4       org.codehaus.groovy.runtime.metaclass.MetaMethodIndex::addMethodToList (128 bytes)
C2 CompilerThread1    25366 6780       4       org.codehaus.groovy.runtime.metaclass.MetaMethodIndex::isMatchingMethod (61 bytes)
C2 CompilerThread2    25366 6720       4       groovy.lang.MetaClassImpl$1MOPIter::methodNameAction (325 bytes)

VM state: not at safepoint (normal execution)

VM Mutex/Monitor currently owned by a thread: None

Heap address: 0x00000000e0000000, size: 512 MB, Compressed Oops mode: 32-bit

CDS archive(s) mapped at: [0x00000208d6000000-0x00000208d6bd0000-0x00000208d6bd0000), size 12386304, SharedBaseAddress: 0x00000208d6000000, ArchiveRelocationMode: 1.
Compressed class space mapped at: 0x00000208d7000000-0x00000208eb000000, reserved size: 335544320
Narrow klass base: 0x00000208d6000000, Narrow klass shift: 0, Narrow klass range: 0x100000000

GC Precious Log:
 CPUs: 8 total, 8 available
 Memory: 24355M
 Large Page Support: Disabled
 NUMA Support: Disabled
 Compressed Oops: Enabled (32-bit)
 Heap Region Size: 1M
 Heap Min Capacity: 256M
 Heap Initial Capacity: 256M
 Heap Max Capacity: 512M
 Pre-touch: Disabled
 Parallel Workers: 8
 Concurrent Workers: 2
 Concurrent Refinement Workers: 8
 Periodic GC: Disabled

Heap:
 garbage-first heap   total 262144K, used 107189K [0x00000000e0000000, 0x0000000100000000)
  region size 1024K, 68 young (69632K), 1 survivors (1024K)
 Metaspace       used 53268K, committed 53888K, reserved 393216K
  class space    used 7555K, committed 7808K, reserved 327680K

Heap Regions: E=young(eden), S=young(survivor), O=old, HS=humongous(starts), HC=humongous(continues), CS=collection set, F=free, OA=open archive, CA=closed archive, TAMS=top-at-mark-start (previous, next)
|   0|0x00000000e0000000, 0x00000000e0100000, 0x00000000e0100000|100%|HS|  |TAMS 0x00000000e0100000, 0x00000000e0000000| Complete 
|   1|0x00000000e0100000, 0x00000000e0200000, 0x00000000e0200000|100%|HC|  |TAMS 0x00000000e0200000, 0x00000000e0100000| Complete 
|   2|0x00000000e0200000, 0x00000000e0300000, 0x00000000e0300000|100%|HC|  |TAMS 0x00000000e0300000, 0x00000000e0200000| Complete 
|   3|0x00000000e0300000, 0x00000000e0400000, 0x00000000e0400000|100%| O|  |TAMS 0x00000000e0400000, 0x00000000e0300000| Untracked 
|   4|0x00000000e0400000, 0x00000000e0500000, 0x00000000e0500000|100%| O|  |TAMS 0x00000000e0500000, 0x00000000e0400000| Untracked 
|   5|0x00000000e0500000, 0x00000000e0600000, 0x00000000e0600000|100%| O|  |TAMS 0x00000000e0600000, 0x00000000e0500000| Untracked 
|   6|0x00000000e0600000, 0x00000000e0700000, 0x00000000e0700000|100%|HS|  |TAMS 0x00000000e0700000, 0x00000000e0600000| Complete 
|   7|0x00000000e0700000, 0x00000000e0800000, 0x00000000e0800000|100%| O|  |TAMS 0x00000000e0800000, 0x00000000e0700000| Untracked 
|   8|0x00000000e0800000, 0x00000000e0900000, 0x00000000e0900000|100%| O|  |TAMS 0x00000000e0900000, 0x00000000e0800000| Untracked 
|   9|0x00000000e0900000, 0x00000000e0a00000, 0x00000000e0a00000|100%| O|  |TAMS 0x00000000e0a00000, 0x00000000e0900000| Untracked 
|  10|0x00000000e0a00000, 0x00000000e0b00000, 0x00000000e0b00000|100%| O|  |TAMS 0x00000000e0a00000, 0x00000000e0a00000| Untracked 
|  11|0x00000000e0b00000, 0x00000000e0c00000, 0x00000000e0c00000|100%| O|  |TAMS 0x00000000e0c00000, 0x00000000e0b00000| Untracked 
|  12|0x00000000e0c00000, 0x00000000e0c00000, 0x00000000e0d00000|  0%| F|  |TAMS 0x00000000e0c00000, 0x00000000e0c00000| Untracked 
|  13|0x00000000e0d00000, 0x00000000e0e00000, 0x00000000e0e00000|100%| O|  |TAMS 0x00000000e0e00000, 0x00000000e0d00000| Untracked 
|  14|0x00000000e0e00000, 0x00000000e0f00000, 0x00000000e0f00000|100%| O|  |TAMS 0x00000000e0f00000, 0x00000000e0e00000| Untracked 
|  15|0x00000000e0f00000, 0x00000000e1000000, 0x00000000e1000000|100%| O|  |TAMS 0x00000000e1000000, 0x00000000e0f00000| Untracked 
|  16|0x00000000e1000000, 0x00000000e1100000, 0x00000000e1100000|100%| O|  |TAMS 0x00000000e1100000, 0x00000000e1000000| Untracked 
|  17|0x00000000e1100000, 0x00000000e1200000, 0x00000000e1200000|100%| O|  |TAMS 0x00000000e1200000, 0x00000000e1100000| Untracked 
|  18|0x00000000e1200000, 0x00000000e1300000, 0x00000000e1300000|100%| O|  |TAMS 0x00000000e1300000, 0x00000000e1200000| Untracked 
|  19|0x00000000e1300000, 0x00000000e1400000, 0x00000000e1400000|100%| O|  |TAMS 0x00000000e1400000, 0x00000000e1300000| Untracked 
|  20|0x00000000e1400000, 0x00000000e1500000, 0x00000000e1500000|100%| O|  |TAMS 0x00000000e1500000, 0x00000000e1400000| Untracked 
|  21|0x00000000e1500000, 0x00000000e1600000, 0x00000000e1600000|100%| O|  |TAMS 0x00000000e1600000, 0x00000000e1500000| Untracked 
|  22|0x00000000e1600000, 0x00000000e1700000, 0x00000000e1700000|100%| O|  |TAMS 0x00000000e1700000, 0x00000000e1600000| Untracked 
|  23|0x00000000e1700000, 0x00000000e1800000, 0x00000000e1800000|100%| O|  |TAMS 0x00000000e1800000, 0x00000000e1700000| Untracked 
|  24|0x00000000e1800000, 0x00000000e1900000, 0x00000000e1900000|100%| O|  |TAMS 0x00000000e1900000, 0x00000000e1800000| Untracked 
|  25|0x00000000e1900000, 0x00000000e1a00000, 0x00000000e1a00000|100%| O|  |TAMS 0x00000000e1a00000, 0x00000000e1900000| Untracked 
|  26|0x00000000e1a00000, 0x00000000e1b00000, 0x00000000e1b00000|100%| O|  |TAMS 0x00000000e1b00000, 0x00000000e1a00000| Untracked 
|  27|0x00000000e1b00000, 0x00000000e1c00000, 0x00000000e1c00000|100%| O|  |TAMS 0x00000000e1c00000, 0x00000000e1b00000| Untracked 
|  28|0x00000000e1c00000, 0x00000000e1d00000, 0x00000000e1d00000|100%| O|  |TAMS 0x00000000e1d00000, 0x00000000e1c00000| Untracked 
|  29|0x00000000e1d00000, 0x00000000e1e00000, 0x00000000e1e00000|100%| O|  |TAMS 0x00000000e1e00000, 0x00000000e1d00000| Untracked 
|  30|0x00000000e1e00000, 0x00000000e1f00000, 0x00000000e1f00000|100%| O|  |TAMS 0x00000000e1f00000, 0x00000000e1e00000| Untracked 
|  31|0x00000000e1f00000, 0x00000000e2000000, 0x00000000e2000000|100%| O|  |TAMS 0x00000000e1f48a00, 0x00000000e1f00000| Untracked 
|  32|0x00000000e2000000, 0x00000000e2100000, 0x00000000e2100000|100%| O|  |TAMS 0x00000000e2000000, 0x00000000e2000000| Untracked 
|  33|0x00000000e2100000, 0x00000000e2200000, 0x00000000e2200000|100%| O|  |TAMS 0x00000000e2100000, 0x00000000e2100000| Untracked 
|  34|0x00000000e2200000, 0x00000000e2300000, 0x00000000e2300000|100%| O|  |TAMS 0x00000000e2200000, 0x00000000e2200000| Untracked 
|  35|0x00000000e2300000, 0x00000000e2400000, 0x00000000e2400000|100%| O|  |TAMS 0x00000000e2300000, 0x00000000e2300000| Untracked 
|  36|0x00000000e2400000, 0x00000000e2500000, 0x00000000e2500000|100%| O|  |TAMS 0x00000000e2400000, 0x00000000e2400000| Untracked 
|  37|0x00000000e2500000, 0x00000000e2600000, 0x00000000e2600000|100%| O|  |TAMS 0x00000000e2500000, 0x00000000e2500000| Untracked 
|  38|0x00000000e2600000, 0x00000000e26b0e00, 0x00000000e2700000| 69%| O|  |TAMS 0x00000000e2600000, 0x00000000e2600000| Untracked 
|  39|0x00000000e2700000, 0x00000000e2700000, 0x00000000e2800000|  0%| F|  |TAMS 0x00000000e2700000, 0x00000000e2700000| Untracked 
|  40|0x00000000e2800000, 0x00000000e2800000, 0x00000000e2900000|  0%| F|  |TAMS 0x00000000e2800000, 0x00000000e2800000| Untracked 
|  41|0x00000000e2900000, 0x00000000e2900000, 0x00000000e2a00000|  0%| F|  |TAMS 0x00000000e2900000, 0x00000000e2900000| Untracked 
|  42|0x00000000e2a00000, 0x00000000e2a00000, 0x00000000e2b00000|  0%| F|  |TAMS 0x00000000e2a00000, 0x00000000e2a00000| Untracked 
|  43|0x00000000e2b00000, 0x00000000e2b00000, 0x00000000e2c00000|  0%| F|  |TAMS 0x00000000e2b00000, 0x00000000e2b00000| Untracked 
|  44|0x00000000e2c00000, 0x00000000e2c00000, 0x00000000e2d00000|  0%| F|  |TAMS 0x00000000e2c00000, 0x00000000e2c00000| Untracked 
|  45|0x00000000e2d00000, 0x00000000e2d00000, 0x00000000e2e00000|  0%| F|  |TAMS 0x00000000e2d00000, 0x00000000e2d00000| Untracked 
|  46|0x00000000e2e00000, 0x00000000e2e00000, 0x00000000e2f00000|  0%| F|  |TAMS 0x00000000e2e00000, 0x00000000e2e00000| Untracked 
|  47|0x00000000e2f00000, 0x00000000e2f00000, 0x00000000e3000000|  0%| F|  |TAMS 0x00000000e2f00000, 0x00000000e2f00000| Untracked 
|  48|0x00000000e3000000, 0x00000000e3000000, 0x00000000e3100000|  0%| F|  |TAMS 0x00000000e3000000, 0x00000000e3000000| Untracked 
|  49|0x00000000e3100000, 0x00000000e3100000, 0x00000000e3200000|  0%| F|  |TAMS 0x00000000e3100000, 0x00000000e3100000| Untracked 
|  50|0x00000000e3200000, 0x00000000e3200000, 0x00000000e3300000|  0%| F|  |TAMS 0x00000000e3200000, 0x00000000e3200000| Untracked 
|  51|0x00000000e3300000, 0x00000000e3300000, 0x00000000e3400000|  0%| F|  |TAMS 0x00000000e3300000, 0x00000000e3300000| Untracked 
|  52|0x00000000e3400000, 0x00000000e3400000, 0x00000000e3500000|  0%| F|  |TAMS 0x00000000e3400000, 0x00000000e3400000| Untracked 
|  53|0x00000000e3500000, 0x00000000e3500000, 0x00000000e3600000|  0%| F|  |TAMS 0x00000000e3500000, 0x00000000e3500000| Untracked 
|  54|0x00000000e3600000, 0x00000000e3600000, 0x00000000e3700000|  0%| F|  |TAMS 0x00000000e3600000, 0x00000000e3600000| Untracked 
|  55|0x00000000e3700000, 0x00000000e3700000, 0x00000000e3800000|  0%| F|  |TAMS 0x00000000e3700000, 0x00000000e3700000| Untracked 
|  56|0x00000000e3800000, 0x00000000e3800000, 0x00000000e3900000|  0%| F|  |TAMS 0x00000000e3800000, 0x00000000e3800000| Untracked 
|  57|0x00000000e3900000, 0x00000000e3900000, 0x00000000e3a00000|  0%| F|  |TAMS 0x00000000e3900000, 0x00000000e3900000| Untracked 
|  58|0x00000000e3a00000, 0x00000000e3a00000, 0x00000000e3b00000|  0%| F|  |TAMS 0x00000000e3a00000, 0x00000000e3a00000| Untracked 
|  59|0x00000000e3b00000, 0x00000000e3b00000, 0x00000000e3c00000|  0%| F|  |TAMS 0x00000000e3b00000, 0x00000000e3b00000| Untracked 
|  60|0x00000000e3c00000, 0x00000000e3c00000, 0x00000000e3d00000|  0%| F|  |TAMS 0x00000000e3c00000, 0x00000000e3c00000| Untracked 
|  61|0x00000000e3d00000, 0x00000000e3d00000, 0x00000000e3e00000|  0%| F|  |TAMS 0x00000000e3d00000, 0x00000000e3d00000| Untracked 
|  62|0x00000000e3e00000, 0x00000000e3e00000, 0x00000000e3f00000|  0%| F|  |TAMS 0x00000000e3e00000, 0x00000000e3e00000| Untracked 
|  63|0x00000000e3f00000, 0x00000000e3f00000, 0x00000000e4000000|  0%| F|  |TAMS 0x00000000e3f00000, 0x00000000e3f00000| Untracked 
|  64|0x00000000e4000000, 0x00000000e4000000, 0x00000000e4100000|  0%| F|  |TAMS 0x00000000e4000000, 0x00000000e4000000| Untracked 
|  65|0x00000000e4100000, 0x00000000e4100000, 0x00000000e4200000|  0%| F|  |TAMS 0x00000000e4100000, 0x00000000e4100000| Untracked 
|  66|0x00000000e4200000, 0x00000000e4200000, 0x00000000e4300000|  0%| F|  |TAMS 0x00000000e4200000, 0x00000000e4200000| Untracked 
|  67|0x00000000e4300000, 0x00000000e4300000, 0x00000000e4400000|  0%| F|  |TAMS 0x00000000e4300000, 0x00000000e4300000| Untracked 
|  68|0x00000000e4400000, 0x00000000e4400000, 0x00000000e4500000|  0%| F|  |TAMS 0x00000000e4400000, 0x00000000e4400000| Untracked 
|  69|0x00000000e4500000, 0x00000000e4500000, 0x00000000e4600000|  0%| F|  |TAMS 0x00000000e4500000, 0x00000000e4500000| Untracked 
|  70|0x00000000e4600000, 0x00000000e4600000, 0x00000000e4700000|  0%| F|  |TAMS 0x00000000e4600000, 0x00000000e4600000| Untracked 
|  71|0x00000000e4700000, 0x00000000e4700000, 0x00000000e4800000|  0%| F|  |TAMS 0x00000000e4700000, 0x00000000e4700000| Untracked 
|  72|0x00000000e4800000, 0x00000000e4800000, 0x00000000e4900000|  0%| F|  |TAMS 0x00000000e4800000, 0x00000000e4800000| Untracked 
|  73|0x00000000e4900000, 0x00000000e4900000, 0x00000000e4a00000|  0%| F|  |TAMS 0x00000000e4900000, 0x00000000e4900000| Untracked 
|  74|0x00000000e4a00000, 0x00000000e4a00000, 0x00000000e4b00000|  0%| F|  |TAMS 0x00000000e4a00000, 0x00000000e4a00000| Untracked 
|  75|0x00000000e4b00000, 0x00000000e4b00000, 0x00000000e4c00000|  0%| F|  |TAMS 0x00000000e4b00000, 0x00000000e4b00000| Untracked 
|  76|0x00000000e4c00000, 0x00000000e4c00000, 0x00000000e4d00000|  0%| F|  |TAMS 0x00000000e4c00000, 0x00000000e4c00000| Untracked 
|  77|0x00000000e4d00000, 0x00000000e4d00000, 0x00000000e4e00000|  0%| F|  |TAMS 0x00000000e4d00000, 0x00000000e4d00000| Untracked 
|  78|0x00000000e4e00000, 0x00000000e4e00000, 0x00000000e4f00000|  0%| F|  |TAMS 0x00000000e4e00000, 0x00000000e4e00000| Untracked 
|  79|0x00000000e4f00000, 0x00000000e4f00000, 0x00000000e5000000|  0%| F|  |TAMS 0x00000000e4f00000, 0x00000000e4f00000| Untracked 
|  80|0x00000000e5000000, 0x00000000e5000000, 0x00000000e5100000|  0%| F|  |TAMS 0x00000000e5000000, 0x00000000e5000000| Untracked 
|  81|0x00000000e5100000, 0x00000000e5100000, 0x00000000e5200000|  0%| F|  |TAMS 0x00000000e5100000, 0x00000000e5100000| Untracked 
|  82|0x00000000e5200000, 0x00000000e5200000, 0x00000000e5300000|  0%| F|  |TAMS 0x00000000e5200000, 0x00000000e5200000| Untracked 
|  83|0x00000000e5300000, 0x00000000e5300000, 0x00000000e5400000|  0%| F|  |TAMS 0x00000000e5300000, 0x00000000e5300000| Untracked 
|  84|0x00000000e5400000, 0x00000000e5400000, 0x00000000e5500000|  0%| F|  |TAMS 0x00000000e5400000, 0x00000000e5400000| Untracked 
|  85|0x00000000e5500000, 0x00000000e5500000, 0x00000000e5600000|  0%| F|  |TAMS 0x00000000e5500000, 0x00000000e5500000| Untracked 
|  86|0x00000000e5600000, 0x00000000e5600000, 0x00000000e5700000|  0%| F|  |TAMS 0x00000000e5600000, 0x00000000e5600000| Untracked 
|  87|0x00000000e5700000, 0x00000000e5700000, 0x00000000e5800000|  0%| F|  |TAMS 0x00000000e5700000, 0x00000000e5700000| Untracked 
|  88|0x00000000e5800000, 0x00000000e5800000, 0x00000000e5900000|  0%| F|  |TAMS 0x00000000e5800000, 0x00000000e5800000| Untracked 
|  89|0x00000000e5900000, 0x00000000e5900000, 0x00000000e5a00000|  0%| F|  |TAMS 0x00000000e5900000, 0x00000000e5900000| Untracked 
|  90|0x00000000e5a00000, 0x00000000e5a00000, 0x00000000e5b00000|  0%| F|  |TAMS 0x00000000e5a00000, 0x00000000e5a00000| Untracked 
|  91|0x00000000e5b00000, 0x00000000e5b00000, 0x00000000e5c00000|  0%| F|  |TAMS 0x00000000e5b00000, 0x00000000e5b00000| Untracked 
|  92|0x00000000e5c00000, 0x00000000e5c00000, 0x00000000e5d00000|  0%| F|  |TAMS 0x00000000e5c00000, 0x00000000e5c00000| Untracked 
|  93|0x00000000e5d00000, 0x00000000e5d00000, 0x00000000e5e00000|  0%| F|  |TAMS 0x00000000e5d00000, 0x00000000e5d00000| Untracked 
|  94|0x00000000e5e00000, 0x00000000e5e00000, 0x00000000e5f00000|  0%| F|  |TAMS 0x00000000e5e00000, 0x00000000e5e00000| Untracked 
|  95|0x00000000e5f00000, 0x00000000e5f00000, 0x00000000e6000000|  0%| F|  |TAMS 0x00000000e5f00000, 0x00000000e5f00000| Untracked 
|  96|0x00000000e6000000, 0x00000000e6000000, 0x00000000e6100000|  0%| F|  |TAMS 0x00000000e6000000, 0x00000000e6000000| Untracked 
|  97|0x00000000e6100000, 0x00000000e6100000, 0x00000000e6200000|  0%| F|  |TAMS 0x00000000e6100000, 0x00000000e6100000| Untracked 
|  98|0x00000000e6200000, 0x00000000e6200000, 0x00000000e6300000|  0%| F|  |TAMS 0x00000000e6200000, 0x00000000e6200000| Untracked 
|  99|0x00000000e6300000, 0x00000000e6300000, 0x00000000e6400000|  0%| F|  |TAMS 0x00000000e6300000, 0x00000000e6300000| Untracked 
| 100|0x00000000e6400000, 0x00000000e6400000, 0x00000000e6500000|  0%| F|  |TAMS 0x00000000e6400000, 0x00000000e6400000| Untracked 
| 101|0x00000000e6500000, 0x00000000e6500000, 0x00000000e6600000|  0%| F|  |TAMS 0x00000000e6500000, 0x00000000e6500000| Untracked 
| 102|0x00000000e6600000, 0x00000000e6600000, 0x00000000e6700000|  0%| F|  |TAMS 0x00000000e6600000, 0x00000000e6600000| Untracked 
| 103|0x00000000e6700000, 0x00000000e6700000, 0x00000000e6800000|  0%| F|  |TAMS 0x00000000e6700000, 0x00000000e6700000| Untracked 
| 104|0x00000000e6800000, 0x00000000e6800000, 0x00000000e6900000|  0%| F|  |TAMS 0x00000000e6800000, 0x00000000e6800000| Untracked 
| 105|0x00000000e6900000, 0x00000000e6900000, 0x00000000e6a00000|  0%| F|  |TAMS 0x00000000e6900000, 0x00000000e6900000| Untracked 
| 106|0x00000000e6a00000, 0x00000000e6a00000, 0x00000000e6b00000|  0%| F|  |TAMS 0x00000000e6a00000, 0x00000000e6a00000| Untracked 
| 107|0x00000000e6b00000, 0x00000000e6b00000, 0x00000000e6c00000|  0%| F|  |TAMS 0x00000000e6b00000, 0x00000000e6b00000| Untracked 
| 108|0x00000000e6c00000, 0x00000000e6c00000, 0x00000000e6d00000|  0%| F|  |TAMS 0x00000000e6c00000, 0x00000000e6c00000| Untracked 
| 109|0x00000000e6d00000, 0x00000000e6d00000, 0x00000000e6e00000|  0%| F|  |TAMS 0x00000000e6d00000, 0x00000000e6d00000| Untracked 
| 110|0x00000000e6e00000, 0x00000000e6e00000, 0x00000000e6f00000|  0%| F|  |TAMS 0x00000000e6e00000, 0x00000000e6e00000| Untracked 
| 111|0x00000000e6f00000, 0x00000000e6f00000, 0x00000000e7000000|  0%| F|  |TAMS 0x00000000e6f00000, 0x00000000e6f00000| Untracked 
| 112|0x00000000e7000000, 0x00000000e7000000, 0x00000000e7100000|  0%| F|  |TAMS 0x00000000e7000000, 0x00000000e7000000| Untracked 
| 113|0x00000000e7100000, 0x00000000e7100000, 0x00000000e7200000|  0%| F|  |TAMS 0x00000000e7100000, 0x00000000e7100000| Untracked 
| 114|0x00000000e7200000, 0x00000000e7200000, 0x00000000e7300000|  0%| F|  |TAMS 0x00000000e7200000, 0x00000000e7200000| Untracked 
| 115|0x00000000e7300000, 0x00000000e7300000, 0x00000000e7400000|  0%| F|  |TAMS 0x00000000e7300000, 0x00000000e7300000| Untracked 
| 116|0x00000000e7400000, 0x00000000e7400000, 0x00000000e7500000|  0%| F|  |TAMS 0x00000000e7400000, 0x00000000e7400000| Untracked 
| 117|0x00000000e7500000, 0x00000000e7500000, 0x00000000e7600000|  0%| F|  |TAMS 0x00000000e7500000, 0x00000000e7500000| Untracked 
| 118|0x00000000e7600000, 0x00000000e7600000, 0x00000000e7700000|  0%| F|  |TAMS 0x00000000e7600000, 0x00000000e7600000| Untracked 
| 119|0x00000000e7700000, 0x00000000e7700000, 0x00000000e7800000|  0%| F|  |TAMS 0x00000000e7700000, 0x00000000e7700000| Untracked 
| 120|0x00000000e7800000, 0x00000000e7800000, 0x00000000e7900000|  0%| F|  |TAMS 0x00000000e7800000, 0x00000000e7800000| Untracked 
| 121|0x00000000e7900000, 0x00000000e7900000, 0x00000000e7a00000|  0%| F|  |TAMS 0x00000000e7900000, 0x00000000e7900000| Untracked 
| 122|0x00000000e7a00000, 0x00000000e7a00000, 0x00000000e7b00000|  0%| F|  |TAMS 0x00000000e7a00000, 0x00000000e7a00000| Untracked 
| 123|0x00000000e7b00000, 0x00000000e7b00000, 0x00000000e7c00000|  0%| F|  |TAMS 0x00000000e7b00000, 0x00000000e7b00000| Untracked 
| 124|0x00000000e7c00000, 0x00000000e7c00000, 0x00000000e7d00000|  0%| F|  |TAMS 0x00000000e7c00000, 0x00000000e7c00000| Untracked 
| 125|0x00000000e7d00000, 0x00000000e7d00000, 0x00000000e7e00000|  0%| F|  |TAMS 0x00000000e7d00000, 0x00000000e7d00000| Untracked 
| 126|0x00000000e7e00000, 0x00000000e7e00000, 0x00000000e7f00000|  0%| F|  |TAMS 0x00000000e7e00000, 0x00000000e7e00000| Untracked 
| 127|0x00000000e7f00000, 0x00000000e7f00000, 0x00000000e8000000|  0%| F|  |TAMS 0x00000000e7f00000, 0x00000000e7f00000| Untracked 
| 128|0x00000000e8000000, 0x00000000e8000000, 0x00000000e8100000|  0%| F|  |TAMS 0x00000000e8000000, 0x00000000e8000000| Untracked 
| 129|0x00000000e8100000, 0x00000000e8100000, 0x00000000e8200000|  0%| F|  |TAMS 0x00000000e8100000, 0x00000000e8100000| Untracked 
| 130|0x00000000e8200000, 0x00000000e8200000, 0x00000000e8300000|  0%| F|  |TAMS 0x00000000e8200000, 0x00000000e8200000| Untracked 
| 131|0x00000000e8300000, 0x00000000e8300000, 0x00000000e8400000|  0%| F|  |TAMS 0x00000000e8300000, 0x00000000e8300000| Untracked 
| 132|0x00000000e8400000, 0x00000000e8400000, 0x00000000e8500000|  0%| F|  |TAMS 0x00000000e8400000, 0x00000000e8400000| Untracked 
| 133|0x00000000e8500000, 0x00000000e8500000, 0x00000000e8600000|  0%| F|  |TAMS 0x00000000e8500000, 0x00000000e8500000| Untracked 
| 134|0x00000000e8600000, 0x00000000e8600000, 0x00000000e8700000|  0%| F|  |TAMS 0x00000000e8600000, 0x00000000e8600000| Untracked 
| 135|0x00000000e8700000, 0x00000000e8700000, 0x00000000e8800000|  0%| F|  |TAMS 0x00000000e8700000, 0x00000000e8700000| Untracked 
| 136|0x00000000e8800000, 0x00000000e8800000, 0x00000000e8900000|  0%| F|  |TAMS 0x00000000e8800000, 0x00000000e8800000| Untracked 
| 137|0x00000000e8900000, 0x00000000e8900000, 0x00000000e8a00000|  0%| F|  |TAMS 0x00000000e8900000, 0x00000000e8900000| Untracked 
| 138|0x00000000e8a00000, 0x00000000e8a00000, 0x00000000e8b00000|  0%| F|  |TAMS 0x00000000e8a00000, 0x00000000e8a00000| Untracked 
| 139|0x00000000e8b00000, 0x00000000e8b00000, 0x00000000e8c00000|  0%| F|  |TAMS 0x00000000e8b00000, 0x00000000e8b00000| Untracked 
| 140|0x00000000e8c00000, 0x00000000e8c00000, 0x00000000e8d00000|  0%| F|  |TAMS 0x00000000e8c00000, 0x00000000e8c00000| Untracked 
| 141|0x00000000e8d00000, 0x00000000e8d00000, 0x00000000e8e00000|  0%| F|  |TAMS 0x00000000e8d00000, 0x00000000e8d00000| Untracked 
| 142|0x00000000e8e00000, 0x00000000e8e00000, 0x00000000e8f00000|  0%| F|  |TAMS 0x00000000e8e00000, 0x00000000e8e00000| Untracked 
| 143|0x00000000e8f00000, 0x00000000e8f00000, 0x00000000e9000000|  0%| F|  |TAMS 0x00000000e8f00000, 0x00000000e8f00000| Untracked 
| 144|0x00000000e9000000, 0x00000000e9000000, 0x00000000e9100000|  0%| F|  |TAMS 0x00000000e9000000, 0x00000000e9000000| Untracked 
| 145|0x00000000e9100000, 0x00000000e9100000, 0x00000000e9200000|  0%| F|  |TAMS 0x00000000e9100000, 0x00000000e9100000| Untracked 
| 146|0x00000000e9200000, 0x00000000e9200000, 0x00000000e9300000|  0%| F|  |TAMS 0x00000000e9200000, 0x00000000e9200000| Untracked 
| 147|0x00000000e9300000, 0x00000000e9300000, 0x00000000e9400000|  0%| F|  |TAMS 0x00000000e9300000, 0x00000000e9300000| Untracked 
| 148|0x00000000e9400000, 0x00000000e9400000, 0x00000000e9500000|  0%| F|  |TAMS 0x00000000e9400000, 0x00000000e9400000| Untracked 
| 149|0x00000000e9500000, 0x00000000e9500000, 0x00000000e9600000|  0%| F|  |TAMS 0x00000000e9500000, 0x00000000e9500000| Untracked 
| 150|0x00000000e9600000, 0x00000000e9600000, 0x00000000e9700000|  0%| F|  |TAMS 0x00000000e9600000, 0x00000000e9600000| Untracked 
| 151|0x00000000e9700000, 0x00000000e9700000, 0x00000000e9800000|  0%| F|  |TAMS 0x00000000e9700000, 0x00000000e9700000| Untracked 
| 152|0x00000000e9800000, 0x00000000e9800000, 0x00000000e9900000|  0%| F|  |TAMS 0x00000000e9800000, 0x00000000e9800000| Untracked 
| 153|0x00000000e9900000, 0x00000000e9900000, 0x00000000e9a00000|  0%| F|  |TAMS 0x00000000e9900000, 0x00000000e9900000| Untracked 
| 154|0x00000000e9a00000, 0x00000000e9a00000, 0x00000000e9b00000|  0%| F|  |TAMS 0x00000000e9a00000, 0x00000000e9a00000| Untracked 
| 155|0x00000000e9b00000, 0x00000000e9b00000, 0x00000000e9c00000|  0%| F|  |TAMS 0x00000000e9b00000, 0x00000000e9b00000| Untracked 
| 156|0x00000000e9c00000, 0x00000000e9c00000, 0x00000000e9d00000|  0%| F|  |TAMS 0x00000000e9c00000, 0x00000000e9c00000| Untracked 
| 157|0x00000000e9d00000, 0x00000000e9d00000, 0x00000000e9e00000|  0%| F|  |TAMS 0x00000000e9d00000, 0x00000000e9d00000| Untracked 
| 158|0x00000000e9e00000, 0x00000000e9e00000, 0x00000000e9f00000|  0%| F|  |TAMS 0x00000000e9e00000, 0x00000000e9e00000| Untracked 
| 159|0x00000000e9f00000, 0x00000000e9f00000, 0x00000000ea000000|  0%| F|  |TAMS 0x00000000e9f00000, 0x00000000e9f00000| Untracked 
| 160|0x00000000ea000000, 0x00000000ea000000, 0x00000000ea100000|  0%| F|  |TAMS 0x00000000ea000000, 0x00000000ea000000| Untracked 
| 161|0x00000000ea100000, 0x00000000ea100000, 0x00000000ea200000|  0%| F|  |TAMS 0x00000000ea100000, 0x00000000ea100000| Untracked 
| 162|0x00000000ea200000, 0x00000000ea200000, 0x00000000ea300000|  0%| F|  |TAMS 0x00000000ea200000, 0x00000000ea200000| Untracked 
| 163|0x00000000ea300000, 0x00000000ea300000, 0x00000000ea400000|  0%| F|  |TAMS 0x00000000ea300000, 0x00000000ea300000| Untracked 
| 164|0x00000000ea400000, 0x00000000ea400000, 0x00000000ea500000|  0%| F|  |TAMS 0x00000000ea400000, 0x00000000ea400000| Untracked 
| 165|0x00000000ea500000, 0x00000000ea500000, 0x00000000ea600000|  0%| F|  |TAMS 0x00000000ea500000, 0x00000000ea500000| Untracked 
| 166|0x00000000ea600000, 0x00000000ea600000, 0x00000000ea700000|  0%| F|  |TAMS 0x00000000ea600000, 0x00000000ea600000| Untracked 
| 167|0x00000000ea700000, 0x00000000ea700000, 0x00000000ea800000|  0%| F|  |TAMS 0x00000000ea700000, 0x00000000ea700000| Untracked 
| 168|0x00000000ea800000, 0x00000000ea800000, 0x00000000ea900000|  0%| F|  |TAMS 0x00000000ea800000, 0x00000000ea800000| Untracked 
| 169|0x00000000ea900000, 0x00000000ea900000, 0x00000000eaa00000|  0%| F|  |TAMS 0x00000000ea900000, 0x00000000ea900000| Untracked 
| 170|0x00000000eaa00000, 0x00000000eaa00000, 0x00000000eab00000|  0%| F|  |TAMS 0x00000000eaa00000, 0x00000000eaa00000| Untracked 
| 171|0x00000000eab00000, 0x00000000eab00000, 0x00000000eac00000|  0%| F|  |TAMS 0x00000000eab00000, 0x00000000eab00000| Untracked 
| 172|0x00000000eac00000, 0x00000000eac00000, 0x00000000ead00000|  0%| F|  |TAMS 0x00000000eac00000, 0x00000000eac00000| Untracked 
| 173|0x00000000ead00000, 0x00000000ead00000, 0x00000000eae00000|  0%| F|  |TAMS 0x00000000ead00000, 0x00000000ead00000| Untracked 
| 174|0x00000000eae00000, 0x00000000eae00000, 0x00000000eaf00000|  0%| F|  |TAMS 0x00000000eae00000, 0x00000000eae00000| Untracked 
| 175|0x00000000eaf00000, 0x00000000eaf00000, 0x00000000eb000000|  0%| F|  |TAMS 0x00000000eaf00000, 0x00000000eaf00000| Untracked 
| 176|0x00000000eb000000, 0x00000000eb000000, 0x00000000eb100000|  0%| F|  |TAMS 0x00000000eb000000, 0x00000000eb000000| Untracked 
| 177|0x00000000eb100000, 0x00000000eb100000, 0x00000000eb200000|  0%| F|  |TAMS 0x00000000eb100000, 0x00000000eb100000| Untracked 
| 178|0x00000000eb200000, 0x00000000eb200000, 0x00000000eb300000|  0%| F|  |TAMS 0x00000000eb200000, 0x00000000eb200000| Untracked 
| 179|0x00000000eb300000, 0x00000000eb300000, 0x00000000eb400000|  0%| F|  |TAMS 0x00000000eb300000, 0x00000000eb300000| Untracked 
| 180|0x00000000eb400000, 0x00000000eb400000, 0x00000000eb500000|  0%| F|  |TAMS 0x00000000eb400000, 0x00000000eb400000| Untracked 
| 181|0x00000000eb500000, 0x00000000eb500000, 0x00000000eb600000|  0%| F|  |TAMS 0x00000000eb500000, 0x00000000eb500000| Untracked 
| 182|0x00000000eb600000, 0x00000000eb600000, 0x00000000eb700000|  0%| F|  |TAMS 0x00000000eb600000, 0x00000000eb600000| Untracked 
| 183|0x00000000eb700000, 0x00000000eb700000, 0x00000000eb800000|  0%| F|  |TAMS 0x00000000eb700000, 0x00000000eb700000| Untracked 
| 184|0x00000000eb800000, 0x00000000eb800000, 0x00000000eb900000|  0%| F|  |TAMS 0x00000000eb800000, 0x00000000eb800000| Untracked 
| 185|0x00000000eb900000, 0x00000000eb900000, 0x00000000eba00000|  0%| F|  |TAMS 0x00000000eb900000, 0x00000000eb900000| Untracked 
| 186|0x00000000eba00000, 0x00000000ebb00000, 0x00000000ebb00000|100%| E|  |TAMS 0x00000000eba00000, 0x00000000eba00000| Complete 
| 187|0x00000000ebb00000, 0x00000000ebc00000, 0x00000000ebc00000|100%| E|CS|TAMS 0x00000000ebb00000, 0x00000000ebb00000| Complete 
| 188|0x00000000ebc00000, 0x00000000ebd00000, 0x00000000ebd00000|100%| E|CS|TAMS 0x00000000ebc00000, 0x00000000ebc00000| Complete 
| 189|0x00000000ebd00000, 0x00000000ebe00000, 0x00000000ebe00000|100%| E|CS|TAMS 0x00000000ebd00000, 0x00000000ebd00000| Complete 
| 190|0x00000000ebe00000, 0x00000000ebf00000, 0x00000000ebf00000|100%| E|CS|TAMS 0x00000000ebe00000, 0x00000000ebe00000| Complete 
| 191|0x00000000ebf00000, 0x00000000ec000000, 0x00000000ec000000|100%| E|CS|TAMS 0x00000000ebf00000, 0x00000000ebf00000| Complete 
| 192|0x00000000ec000000, 0x00000000ec100000, 0x00000000ec100000|100%| E|CS|TAMS 0x00000000ec000000, 0x00000000ec000000| Complete 
| 193|0x00000000ec100000, 0x00000000ec200000, 0x00000000ec200000|100%| E|CS|TAMS 0x00000000ec100000, 0x00000000ec100000| Complete 
| 194|0x00000000ec200000, 0x00000000ec300000, 0x00000000ec300000|100%| E|CS|TAMS 0x00000000ec200000, 0x00000000ec200000| Complete 
| 195|0x00000000ec300000, 0x00000000ec400000, 0x00000000ec400000|100%| E|CS|TAMS 0x00000000ec300000, 0x00000000ec300000| Complete 
| 196|0x00000000ec400000, 0x00000000ec500000, 0x00000000ec500000|100%| E|CS|TAMS 0x00000000ec400000, 0x00000000ec400000| Complete 
| 197|0x00000000ec500000, 0x00000000ec600000, 0x00000000ec600000|100%| E|CS|TAMS 0x00000000ec500000, 0x00000000ec500000| Complete 
| 198|0x00000000ec600000, 0x00000000ec700000, 0x00000000ec700000|100%| E|CS|TAMS 0x00000000ec600000, 0x00000000ec600000| Complete 
| 199|0x00000000ec700000, 0x00000000ec800000, 0x00000000ec800000|100%| E|CS|TAMS 0x00000000ec700000, 0x00000000ec700000| Complete 
| 200|0x00000000ec800000, 0x00000000ec900000, 0x00000000ec900000|100%| E|CS|TAMS 0x00000000ec800000, 0x00000000ec800000| Complete 
| 201|0x00000000ec900000, 0x00000000eca00000, 0x00000000eca00000|100%| E|CS|TAMS 0x00000000ec900000, 0x00000000ec900000| Complete 
| 202|0x00000000eca00000, 0x00000000ecb00000, 0x00000000ecb00000|100%| E|CS|TAMS 0x00000000eca00000, 0x00000000eca00000| Complete 
| 203|0x00000000ecb00000, 0x00000000ecc00000, 0x00000000ecc00000|100%| E|CS|TAMS 0x00000000ecb00000, 0x00000000ecb00000| Complete 
| 204|0x00000000ecc00000, 0x00000000ecd00000, 0x00000000ecd00000|100%| E|CS|TAMS 0x00000000ecc00000, 0x00000000ecc00000| Complete 
| 205|0x00000000ecd00000, 0x00000000ece00000, 0x00000000ece00000|100%| E|CS|TAMS 0x00000000ecd00000, 0x00000000ecd00000| Complete 
| 206|0x00000000ece00000, 0x00000000ecf00000, 0x00000000ecf00000|100%| E|CS|TAMS 0x00000000ece00000, 0x00000000ece00000| Complete 
| 207|0x00000000ecf00000, 0x00000000ed000000, 0x00000000ed000000|100%| E|CS|TAMS 0x00000000ecf00000, 0x00000000ecf00000| Complete 
| 208|0x00000000ed000000, 0x00000000ed100000, 0x00000000ed100000|100%| E|CS|TAMS 0x00000000ed000000, 0x00000000ed000000| Complete 
| 209|0x00000000ed100000, 0x00000000ed200000, 0x00000000ed200000|100%| E|CS|TAMS 0x00000000ed100000, 0x00000000ed100000| Complete 
| 210|0x00000000ed200000, 0x00000000ed300000, 0x00000000ed300000|100%| E|CS|TAMS 0x00000000ed200000, 0x00000000ed200000| Complete 
| 211|0x00000000ed300000, 0x00000000ed400000, 0x00000000ed400000|100%| E|CS|TAMS 0x00000000ed300000, 0x00000000ed300000| Complete 
| 212|0x00000000ed400000, 0x00000000ed500000, 0x00000000ed500000|100%| E|CS|TAMS 0x00000000ed400000, 0x00000000ed400000| Complete 
| 213|0x00000000ed500000, 0x00000000ed600000, 0x00000000ed600000|100%| E|CS|TAMS 0x00000000ed500000, 0x00000000ed500000| Complete 
| 214|0x00000000ed600000, 0x00000000ed700000, 0x00000000ed700000|100%| E|CS|TAMS 0x00000000ed600000, 0x00000000ed600000| Complete 
| 215|0x00000000ed700000, 0x00000000ed800000, 0x00000000ed800000|100%| E|CS|TAMS 0x00000000ed700000, 0x00000000ed700000| Complete 
| 216|0x00000000ed800000, 0x00000000ed900000, 0x00000000ed900000|100%| E|CS|TAMS 0x00000000ed800000, 0x00000000ed800000| Complete 
| 217|0x00000000ed900000, 0x00000000eda00000, 0x00000000eda00000|100%| E|CS|TAMS 0x00000000ed900000, 0x00000000ed900000| Complete 
| 218|0x00000000eda00000, 0x00000000edb00000, 0x00000000edb00000|100%| E|CS|TAMS 0x00000000eda00000, 0x00000000eda00000| Complete 
| 219|0x00000000edb00000, 0x00000000edc00000, 0x00000000edc00000|100%| E|CS|TAMS 0x00000000edb00000, 0x00000000edb00000| Complete 
| 220|0x00000000edc00000, 0x00000000edd00000, 0x00000000edd00000|100%| E|CS|TAMS 0x00000000edc00000, 0x00000000edc00000| Complete 
| 221|0x00000000edd00000, 0x00000000ede00000, 0x00000000ede00000|100%| E|CS|TAMS 0x00000000edd00000, 0x00000000edd00000| Complete 
| 222|0x00000000ede00000, 0x00000000edf00000, 0x00000000edf00000|100%| E|CS|TAMS 0x00000000ede00000, 0x00000000ede00000| Complete 
| 223|0x00000000edf00000, 0x00000000ee000000, 0x00000000ee000000|100%| E|CS|TAMS 0x00000000edf00000, 0x00000000edf00000| Complete 
| 224|0x00000000ee000000, 0x00000000ee100000, 0x00000000ee100000|100%| E|CS|TAMS 0x00000000ee000000, 0x00000000ee000000| Complete 
| 225|0x00000000ee100000, 0x00000000ee200000, 0x00000000ee200000|100%| E|CS|TAMS 0x00000000ee100000, 0x00000000ee100000| Complete 
| 226|0x00000000ee200000, 0x00000000ee300000, 0x00000000ee300000|100%| E|CS|TAMS 0x00000000ee200000, 0x00000000ee200000| Complete 
| 227|0x00000000ee300000, 0x00000000ee400000, 0x00000000ee400000|100%| E|CS|TAMS 0x00000000ee300000, 0x00000000ee300000| Complete 
| 228|0x00000000ee400000, 0x00000000ee500000, 0x00000000ee500000|100%| E|CS|TAMS 0x00000000ee400000, 0x00000000ee400000| Complete 
| 229|0x00000000ee500000, 0x00000000ee600000, 0x00000000ee600000|100%| E|CS|TAMS 0x00000000ee500000, 0x00000000ee500000| Complete 
| 230|0x00000000ee600000, 0x00000000ee700000, 0x00000000ee700000|100%| E|CS|TAMS 0x00000000ee600000, 0x00000000ee600000| Complete 
| 231|0x00000000ee700000, 0x00000000ee800000, 0x00000000ee800000|100%| E|CS|TAMS 0x00000000ee700000, 0x00000000ee700000| Complete 
| 232|0x00000000ee800000, 0x00000000ee900000, 0x00000000ee900000|100%| E|CS|TAMS 0x00000000ee800000, 0x00000000ee800000| Complete 
| 233|0x00000000ee900000, 0x00000000eea00000, 0x00000000eea00000|100%| E|CS|TAMS 0x00000000ee900000, 0x00000000ee900000| Complete 
| 234|0x00000000eea00000, 0x00000000eeb00000, 0x00000000eeb00000|100%| E|CS|TAMS 0x00000000eea00000, 0x00000000eea00000| Complete 
| 235|0x00000000eeb00000, 0x00000000eec00000, 0x00000000eec00000|100%| E|CS|TAMS 0x00000000eeb00000, 0x00000000eeb00000| Complete 
| 236|0x00000000eec00000, 0x00000000eed00000, 0x00000000eed00000|100%| E|CS|TAMS 0x00000000eec00000, 0x00000000eec00000| Complete 
| 237|0x00000000eed00000, 0x00000000eee00000, 0x00000000eee00000|100%| E|CS|TAMS 0x00000000eed00000, 0x00000000eed00000| Complete 
| 238|0x00000000eee00000, 0x00000000eef00000, 0x00000000eef00000|100%| E|CS|TAMS 0x00000000eee00000, 0x00000000eee00000| Complete 
| 239|0x00000000eef00000, 0x00000000ef000000, 0x00000000ef000000|100%| E|CS|TAMS 0x00000000eef00000, 0x00000000eef00000| Complete 
| 240|0x00000000ef000000, 0x00000000ef100000, 0x00000000ef100000|100%| E|CS|TAMS 0x00000000ef000000, 0x00000000ef000000| Complete 
| 241|0x00000000ef100000, 0x00000000ef200000, 0x00000000ef200000|100%| E|CS|TAMS 0x00000000ef100000, 0x00000000ef100000| Complete 
| 242|0x00000000ef200000, 0x00000000ef300000, 0x00000000ef300000|100%| E|CS|TAMS 0x00000000ef200000, 0x00000000ef200000| Complete 
| 243|0x00000000ef300000, 0x00000000ef400000, 0x00000000ef400000|100%| E|CS|TAMS 0x00000000ef300000, 0x00000000ef300000| Complete 
| 244|0x00000000ef400000, 0x00000000ef500000, 0x00000000ef500000|100%| E|CS|TAMS 0x00000000ef400000, 0x00000000ef400000| Complete 
| 245|0x00000000ef500000, 0x00000000ef600000, 0x00000000ef600000|100%| E|CS|TAMS 0x00000000ef500000, 0x00000000ef500000| Complete 
| 246|0x00000000ef600000, 0x00000000ef700000, 0x00000000ef700000|100%| E|CS|TAMS 0x00000000ef600000, 0x00000000ef600000| Complete 
| 247|0x00000000ef700000, 0x00000000ef800000, 0x00000000ef800000|100%| E|CS|TAMS 0x00000000ef700000, 0x00000000ef700000| Complete 
| 248|0x00000000ef800000, 0x00000000ef900000, 0x00000000ef900000|100%| E|CS|TAMS 0x00000000ef800000, 0x00000000ef800000| Complete 
| 249|0x00000000ef900000, 0x00000000efa00000, 0x00000000efa00000|100%| E|CS|TAMS 0x00000000ef900000, 0x00000000ef900000| Complete 
| 250|0x00000000efa00000, 0x00000000efb00000, 0x00000000efb00000|100%| E|CS|TAMS 0x00000000efa00000, 0x00000000efa00000| Complete 
| 251|0x00000000efb00000, 0x00000000efbfc658, 0x00000000efc00000| 98%| S|CS|TAMS 0x00000000efb00000, 0x00000000efb00000| Complete 
| 252|0x00000000efc00000, 0x00000000efd00000, 0x00000000efd00000|100%| E|CS|TAMS 0x00000000efc00000, 0x00000000efc00000| Complete 
| 253|0x00000000efd00000, 0x00000000efe00000, 0x00000000efe00000|100%| E|CS|TAMS 0x00000000efd00000, 0x00000000efd00000| Complete 
| 254|0x00000000efe00000, 0x00000000eff00000, 0x00000000eff00000|100%| E|CS|TAMS 0x00000000efe00000, 0x00000000efe00000| Complete 
| 255|0x00000000eff00000, 0x00000000f0000000, 0x00000000f0000000|100%| E|CS|TAMS 0x00000000eff00000, 0x00000000eff00000| Complete 

Card table byte_map: [0x00000208d1cb0000,0x00000208d1db0000] _byte_map_base: 0x00000208d15b0000

Marking Bits (Prev, Next): (CMBitMap*) 0x00000208baff4e20, (CMBitMap*) 0x00000208baff4e60
 Prev Bits: [0x00000208d1eb0000, 0x00000208d26b0000)
 Next Bits: [0x00000208d26b0000, 0x00000208d2eb0000)

Polling page: 0x00000208ba790000

Metaspace:

Usage:
  Non-class:     44.67 MB used.
      Class:      7.38 MB used.
       Both:     52.05 MB used.

Virtual space:
  Non-class space:       64.00 MB reserved,      45.06 MB ( 70%) committed,  1 nodes.
      Class space:      320.00 MB reserved,       7.62 MB (  2%) committed,  1 nodes.
             Both:      384.00 MB reserved,      52.69 MB ( 14%) committed. 

Chunk freelists:
   Non-Class:  2.79 MB
       Class:  8.33 MB
        Both:  11.11 MB

MaxMetaspaceSize: 384.00 MB
CompressedClassSpaceSize: 320.00 MB
Initial GC threshold: 21.00 MB
Current GC threshold: 59.19 MB
CDS: on
MetaspaceReclaimPolicy: balanced
 - commit_granule_bytes: 65536.
 - commit_granule_words: 8192.
 - virtual_space_node_default_size: 8388608.
 - enlarge_chunks_in_place: 1.
 - new_chunks_are_fully_committed: 0.
 - uncommit_free_chunks: 1.
 - use_allocation_guard: 0.
 - handle_deallocations: 1.


Internal statistics:

num_allocs_failed_limit: 9.
num_arena_births: 646.
num_arena_deaths: 0.
num_vsnodes_births: 2.
num_vsnodes_deaths: 0.
num_space_committed: 843.
num_space_uncommitted: 0.
num_chunks_returned_to_freelist: 9.
num_chunks_taken_from_freelist: 2875.
num_chunk_merges: 9.
num_chunk_splits: 1850.
num_chunks_enlarged: 1219.
num_inconsistent_stats: 0.

CodeHeap 'non-profiled nmethods': size=120000Kb used=3551Kb max_used=3551Kb free=116448Kb
 bounds [0x00000208ca350000, 0x00000208ca6d0000, 0x00000208d1880000]
CodeHeap 'profiled nmethods': size=120000Kb used=12085Kb max_used=12085Kb free=107914Kb
 bounds [0x00000208c2880000, 0x00000208c3450000, 0x00000208c9db0000]
CodeHeap 'non-nmethods': size=5760Kb used=2342Kb max_used=2450Kb free=3417Kb
 bounds [0x00000208c9db0000, 0x00000208ca040000, 0x00000208ca350000]
 total_blobs=6897 nmethods=6038 adapters=771
 compilation: enabled
              stopped_count=0, restarted_count=0
 full_count=0

Compilation events (20 events):
Event: 24.122 Thread 0x00000208d58f42e0 nmethod 6779 0x00000208c3439790 code [0x00000208c3439a80, 0x00000208c343a9c8]
Event: 24.156 Thread 0x00000208d58f42e0 6781       3       groovy.lang.MetaClassImpl$MethodIndexAction::iterate (119 bytes)
Event: 24.157 Thread 0x00000208d58f42e0 nmethod 6781 0x00000208c343af10 code [0x00000208c343b120, 0x00000208c343bc18]
Event: 24.162 Thread 0x00000208d58f42e0 6782       3       java.lang.Thread::getContextClassLoader (32 bytes)
Event: 24.164 Thread 0x00000208d58f42e0 nmethod 6782 0x00000208c343bf90 code [0x00000208c343c1c0, 0x00000208c343cb98]
Event: 24.181 Thread 0x00000208d58f29c0 nmethod 6714 0x00000208ca6b4a10 code [0x00000208ca6b4da0, 0x00000208ca6b88b0]
Event: 24.181 Thread 0x00000208d58f29c0 6742       4       org.codehaus.groovy.runtime.metaclass.MetaMethodIndex::addMethodToList (128 bytes)
Event: 24.191 Thread 0x00000208d58f42e0 6783 %     3       java.lang.PublicMethods::toArray @ 45 (76 bytes)
Event: 24.192 Thread 0x00000208d58f42e0 nmethod 6783% 0x00000208c343ce90 code [0x00000208c343d0a0, 0x00000208c343da18]
Event: 24.194 Thread 0x00000208d58f42e0 6784       3       groovy.lang.MetaMethod::isPublic (15 bytes)
Event: 24.194 Thread 0x00000208d58f42e0 nmethod 6784 0x00000208c343dc90 code [0x00000208c343de40, 0x00000208c343e068]
Event: 24.216 Thread 0x00000208d58f42e0 6785       3       java.lang.ClassLoader::findClass (9 bytes)
Event: 24.217 Thread 0x00000208d58f42e0 nmethod 6785 0x00000208c343e110 code [0x00000208c343e2a0, 0x00000208c343e428]
Event: 24.245 Thread 0x00000208d58f42e0 6786       3       java.util.LinkedList$ListItr::set (28 bytes)
Event: 24.245 Thread 0x00000208d58f42e0 nmethod 6786 0x00000208c343e510 code [0x00000208c343e6e0, 0x00000208c343ead8]
Event: 24.254 Thread 0x00000208d58f42e0 6787       3       groovyjarjarasm.asm.Frame::push (109 bytes)
Event: 24.255 Thread 0x00000208d58f42e0 nmethod 6787 0x00000208c343ec90 code [0x00000208c343ee60, 0x00000208c343f3e8]
Event: 24.255 Thread 0x00000208d58f42e0 6788       3       groovyjarjarasm.asm.MethodWriter::visitAbstractType (8 bytes)
Event: 24.255 Thread 0x00000208d58f42e0 nmethod 6788 0x00000208c343f590 code [0x00000208c343f720, 0x00000208c343f858]
Event: 24.290 Thread 0x00000208d58f42e0 6791   !   2       sun.reflect.misc.ReflectUtil::isPackageAccessible (12 bytes)

GC Heap History (18 events):
Event: 1.326 GC heap before
{Heap before GC invocations=0 (full 0):
 garbage-first heap   total 262144K, used 22528K [0x00000000e0000000, 0x0000000100000000)
  region size 1024K, 23 young (23552K), 0 survivors (0K)
 Metaspace       used 910K, committed 1088K, reserved 393216K
  class space    used 69K, committed 128K, reserved 327680K
}
Event: 1.329 GC heap after
{Heap after GC invocations=1 (full 0):
 garbage-first heap   total 262144K, used 1780K [0x00000000e0000000, 0x0000000100000000)
  region size 1024K, 2 young (2048K), 2 survivors (2048K)
 Metaspace       used 910K, committed 1088K, reserved 393216K
  class space    used 69K, committed 128K, reserved 327680K
}
Event: 3.428 GC heap before
{Heap before GC invocations=1 (full 0):
 garbage-first heap   total 262144K, used 37620K [0x00000000e0000000, 0x0000000100000000)
  region size 1024K, 35 young (35840K), 2 survivors (2048K)
 Metaspace       used 4415K, committed 4608K, reserved 393216K
  class space    used 550K, committed 640K, reserved 327680K
}
Event: 3.434 GC heap after
{Heap after GC invocations=2 (full 0):
 garbage-first heap   total 262144K, used 10745K [0x00000000e0000000, 0x0000000100000000)
  region size 1024K, 5 young (5120K), 5 survivors (5120K)
 Metaspace       used 4415K, committed 4608K, reserved 393216K
  class space    used 550K, committed 640K, reserved 327680K
}
Event: 7.523 GC heap before
{Heap before GC invocations=2 (full 0):
 garbage-first heap   total 262144K, used 70137K [0x00000000e0000000, 0x0000000100000000)
  region size 1024K, 61 young (62464K), 5 survivors (5120K)
 Metaspace       used 5630K, committed 5824K, reserved 393216K
  class space    used 744K, committed 832K, reserved 327680K
}
Event: 7.530 GC heap after
{Heap after GC invocations=3 (full 0):
 garbage-first heap   total 262144K, used 17636K [0x00000000e0000000, 0x0000000100000000)
  region size 1024K, 6 young (6144K), 6 survivors (6144K)
 Metaspace       used 5630K, committed 5824K, reserved 393216K
  class space    used 744K, committed 832K, reserved 327680K
}
Event: 12.776 GC heap before
{Heap before GC invocations=3 (full 0):
 garbage-first heap   total 262144K, used 120036K [0x00000000e0000000, 0x0000000100000000)
  region size 1024K, 107 young (109568K), 6 survivors (6144K)
 Metaspace       used 21148K, committed 21504K, reserved 393216K
  class space    used 3083K, committed 3264K, reserved 327680K
}
Event: 12.791 GC heap after
{Heap after GC invocations=4 (full 0):
 garbage-first heap   total 262144K, used 24191K [0x00000000e0000000, 0x0000000100000000)
  region size 1024K, 12 young (12288K), 12 survivors (12288K)
 Metaspace       used 21148K, committed 21504K, reserved 393216K
  class space    used 3083K, committed 3264K, reserved 327680K
}
Event: 16.198 GC heap before
{Heap before GC invocations=5 (full 0):
 garbage-first heap   total 262144K, used 145023K [0x00000000e0000000, 0x0000000100000000)
  region size 1024K, 127 young (130048K), 12 survivors (12288K)
 Metaspace       used 35575K, committed 35968K, reserved 393216K
  class space    used 4939K, committed 5120K, reserved 327680K
}
Event: 16.216 GC heap after
{Heap after GC invocations=6 (full 0):
 garbage-first heap   total 262144K, used 32263K [0x00000000e0000000, 0x0000000100000000)
  region size 1024K, 15 young (15360K), 15 survivors (15360K)
 Metaspace       used 35575K, committed 35968K, reserved 393216K
  class space    used 4939K, committed 5120K, reserved 327680K
}
Event: 16.246 GC heap before
{Heap before GC invocations=6 (full 0):
 garbage-first heap   total 262144K, used 33287K [0x00000000e0000000, 0x0000000100000000)
  region size 1024K, 16 young (16384K), 15 survivors (15360K)
 Metaspace       used 35665K, committed 36096K, reserved 393216K
  class space    used 4955K, committed 5184K, reserved 327680K
}
Event: 16.263 GC heap after
{Heap after GC invocations=7 (full 0):
 garbage-first heap   total 262144K, used 33058K [0x00000000e0000000, 0x0000000100000000)
  region size 1024K, 2 young (2048K), 2 survivors (2048K)
 Metaspace       used 35665K, committed 36096K, reserved 393216K
  class space    used 4955K, committed 5184K, reserved 327680K
}
Event: 16.335 GC heap before
{Heap before GC invocations=7 (full 0):
 garbage-first heap   total 262144K, used 34082K [0x00000000e0000000, 0x0000000100000000)
  region size 1024K, 4 young (4096K), 2 survivors (2048K)
 Metaspace       used 35907K, committed 36288K, reserved 393216K
  class space    used 4991K, committed 5184K, reserved 327680K
}
Event: 16.337 GC heap after
{Heap after GC invocations=8 (full 0):
 garbage-first heap   total 262144K, used 31624K [0x00000000e0000000, 0x0000000100000000)
  region size 1024K, 1 young (1024K), 1 survivors (1024K)
 Metaspace       used 35907K, committed 36288K, reserved 393216K
  class space    used 4991K, committed 5184K, reserved 327680K
}
Event: 21.890 GC heap before
{Heap before GC invocations=9 (full 0):
 garbage-first heap   total 262144K, used 189320K [0x00000000e0000000, 0x0000000100000000)
  region size 1024K, 153 young (156672K), 1 survivors (1024K)
 Metaspace       used 49480K, committed 50112K, reserved 393216K
  class space    used 6937K, committed 7232K, reserved 327680K
}
Event: 21.900 GC heap after
{Heap after GC invocations=10 (full 0):
 garbage-first heap   total 262144K, used 38778K [0x00000000e0000000, 0x0000000100000000)
  region size 1024K, 8 young (8192K), 8 survivors (8192K)
 Metaspace       used 49480K, committed 50112K, reserved 393216K
  class space    used 6937K, committed 7232K, reserved 327680K
}
Event: 21.999 GC heap before
{Heap before GC invocations=10 (full 0):
 garbage-first heap   total 262144K, used 42874K [0x00000000e0000000, 0x0000000100000000)
  region size 1024K, 12 young (12288K), 8 survivors (8192K)
 Metaspace       used 49902K, committed 50496K, reserved 393216K
  class space    used 7027K, committed 7296K, reserved 327680K
}
Event: 22.011 GC heap after
{Heap after GC invocations=11 (full 0):
 garbage-first heap   total 262144K, used 39605K [0x00000000e0000000, 0x0000000100000000)
  region size 1024K, 1 young (1024K), 1 survivors (1024K)
 Metaspace       used 49902K, committed 50496K, reserved 393216K
  class space    used 7027K, committed 7296K, reserved 327680K
}

Deoptimization events (20 events):
Event: 23.924 Thread 0x00000208f0df5d20 Uncommon trap: trap_request=0xffffffde fr.pc=0x00000208ca4a575c relative=0x00000000000058dc
Event: 23.924 Thread 0x00000208f0df5d20 Uncommon trap: reason=class_check action=maybe_recompile pc=0x00000208ca4a575c method=groovy.lang.MetaMethod.getMopName()Ljava/lang/String; @ 8 c2
Event: 23.924 Thread 0x00000208f0df5d20 DEOPT PACKING pc=0x00000208ca4a575c sp=0x000000a02c6f6c80
Event: 23.924 Thread 0x00000208f0df5d20 DEOPT UNPACKING pc=0x00000208c9e023a3 sp=0x000000a02c6f6b60 mode 2
Event: 23.924 Thread 0x00000208f0df5d20 Uncommon trap: trap_request=0xffffffde fr.pc=0x00000208ca4a575c relative=0x00000000000058dc
Event: 23.924 Thread 0x00000208f0df5d20 Uncommon trap: reason=class_check action=maybe_recompile pc=0x00000208ca4a575c method=groovy.lang.MetaMethod.getMopName()Ljava/lang/String; @ 8 c2
Event: 23.924 Thread 0x00000208f0df5d20 DEOPT PACKING pc=0x00000208ca4a575c sp=0x000000a02c6f6c80
Event: 23.924 Thread 0x00000208f0df5d20 DEOPT UNPACKING pc=0x00000208c9e023a3 sp=0x000000a02c6f6b60 mode 2
Event: 23.924 Thread 0x00000208f0df5d20 Uncommon trap: trap_request=0xffffffde fr.pc=0x00000208ca4a6040 relative=0x00000000000061c0
Event: 23.924 Thread 0x00000208f0df5d20 Uncommon trap: reason=class_check action=maybe_recompile pc=0x00000208ca4a6040 method=groovy.lang.MetaMethod.getMopName()Ljava/lang/String; @ 8 c2
Event: 23.924 Thread 0x00000208f0df5d20 DEOPT PACKING pc=0x00000208ca4a6040 sp=0x000000a02c6f6c80
Event: 23.924 Thread 0x00000208f0df5d20 DEOPT UNPACKING pc=0x00000208c9e023a3 sp=0x000000a02c6f6c08 mode 2
Event: 23.966 Thread 0x00000208f0df5d20 Uncommon trap: trap_request=0xffffff45 fr.pc=0x00000208ca5042c4 relative=0x0000000000001644
Event: 23.966 Thread 0x00000208f0df5d20 Uncommon trap: reason=unstable_if action=reinterpret pc=0x00000208ca5042c4 method=java.util.WeakHashMap.matchesKey(Ljava/util/WeakHashMap$Entry;Ljava/lang/Object;)Z @ 5 c2
Event: 23.966 Thread 0x00000208f0df5d20 DEOPT PACKING pc=0x00000208ca5042c4 sp=0x000000a02c6f5fd0
Event: 23.966 Thread 0x00000208f0df5d20 DEOPT UNPACKING pc=0x00000208c9e023a3 sp=0x000000a02c6f5f58 mode 2
Event: 23.998 Thread 0x00000208f0df5d20 Uncommon trap: trap_request=0xffffffc6 fr.pc=0x00000208ca4ced78 relative=0x0000000000003758
Event: 23.998 Thread 0x00000208f0df5d20 Uncommon trap: reason=bimorphic_or_optimized_type_check action=maybe_recompile pc=0x00000208ca4ced78 method=org.codehaus.groovy.runtime.metaclass.MetaMethodIndex.isOverridden(Lgroovy/lang/MetaMethod;Lgroovy/lang/MetaMethod;)Z @ 10 c2
Event: 23.998 Thread 0x00000208f0df5d20 DEOPT PACKING pc=0x00000208ca4ced78 sp=0x000000a02c6f5900
Event: 23.998 Thread 0x00000208f0df5d20 DEOPT UNPACKING pc=0x00000208c9e023a3 sp=0x000000a02c6f58b8 mode 2

Classes unloaded (0 events):
No events

Classes redefined (0 events):
No events

Internal exceptions (20 events):
Event: 24.079 Thread 0x00000208f0df5d20 Exception <a 'java/lang/ClassNotFoundException'{0x00000000ecac5c18}: org/gradle/api/internal/artifacts/dsl/DefaultRepositoryHandlerCustomizer> (0x00000000ecac5c18) 
thrown [s\open\src\hotspot\share\classfile\systemDictionary.cpp, line 256]
Event: 24.084 Thread 0x00000208f0df5d20 Exception <a 'java/lang/ClassNotFoundException'{0x00000000ecafe2d8}: org/gradle/api/internal/artifacts/dsl/DefaultRepositoryHandler_DecoratedCustomizer> (0x00000000ecafe2d8) 
thrown [s\open\src\hotspot\share\classfile\systemDictionary.cpp, line 256]
Event: 24.114 Thread 0x00000208f0df5d20 Exception <a 'java/lang/ClassNotFoundException'{0x00000000ec819ba0}: groovy/lang/GString$1BeanInfo> (0x00000000ec819ba0) 
thrown [s\open\src\hotspot\share\classfile\systemDictionary.cpp, line 256]
Event: 24.116 Thread 0x00000208f0df5d20 Exception <a 'java/lang/ClassNotFoundException'{0x00000000ec83c288}: groovy/lang/GStringBeanInfo> (0x00000000ec83c288) 
thrown [s\open\src\hotspot\share\classfile\systemDictionary.cpp, line 256]
Event: 24.118 Thread 0x00000208f0df5d20 Exception <a 'java/lang/ClassNotFoundException'{0x00000000ec85e688}: groovy/lang/GStringCustomizer> (0x00000000ec85e688) 
thrown [s\open\src\hotspot\share\classfile\systemDictionary.cpp, line 256]
Event: 24.122 Thread 0x00000208f0df5d20 Exception <a 'java/lang/ClassNotFoundException'{0x00000000ec88a8f8}: groovy/lang/GString$1Customizer> (0x00000000ec88a8f8) 
thrown [s\open\src\hotspot\share\classfile\systemDictionary.cpp, line 256]
Event: 24.133 Thread 0x00000208f0df5d20 Exception <a 'java/lang/ClassNotFoundException'{0x00000000ec8da8c0}: groovy/lang/GroovyObjectBeanInfo> (0x00000000ec8da8c0) 
thrown [s\open\src\hotspot\share\classfile\systemDictionary.cpp, line 256]
Event: 24.135 Thread 0x00000208f0df5d20 Exception <a 'java/lang/ClassNotFoundException'{0x00000000ec8fd9e0}: groovy/lang/GroovyObjectCustomizer> (0x00000000ec8fd9e0) 
thrown [s\open\src\hotspot\share\classfile\systemDictionary.cpp, line 256]
Event: 24.139 Thread 0x00000208f0df5d20 Exception <a 'java/lang/ClassNotFoundException'{0x00000000ec715600}: io/spring/gradle/dependencymanagement/dsl/ImportsHandlerBeanInfo> (0x00000000ec715600) 
thrown [s\open\src\hotspot\share\classfile\systemDictionary.cpp, line 256]
Event: 24.145 Thread 0x00000208f0df5d20 Exception <a 'java/lang/ClassNotFoundException'{0x00000000ec720840}: io/spring/gradle/dependencymanagement/dsl/ImportsHandlerCustomizer> (0x00000000ec720840) 
thrown [s\open\src\hotspot\share\classfile\systemDictionary.cpp, line 256]
Event: 24.169 Thread 0x00000208f0df5d20 Exception <a 'java/lang/ClassNotFoundException'{0x00000000ec401cb0}: org/codehaus/groovy/runtime/GStringImplBeanInfo> (0x00000000ec401cb0) 
thrown [s\open\src\hotspot\share\classfile\systemDictionary.cpp, line 256]
Event: 24.175 Thread 0x00000208f0df5d20 Exception <a 'java/lang/ClassNotFoundException'{0x00000000ec3e89b0}: org/codehaus/groovy/runtime/GStringImplCustomizer> (0x00000000ec3e89b0) 
thrown [s\open\src\hotspot\share\classfile\systemDictionary.cpp, line 256]
Event: 24.216 Thread 0x00000208f0df5d20 Exception <a 'java/lang/ClassNotFoundException'{0x00000000ebf7b408}: org/gradle/api/internal/tasks/DefaultTaskContainer_DecoratedBeanInfo> (0x00000000ebf7b408) 
thrown [s\open\src\hotspot\share\classfile\systemDictionary.cpp, line 256]
Event: 24.226 Thread 0x00000208f0df5d20 Exception <a 'java/lang/ClassNotFoundException'{0x00000000ebf8d938}: org/gradle/api/internal/tasks/DefaultTaskContainerBeanInfo> (0x00000000ebf8d938) 
thrown [s\open\src\hotspot\share\classfile\systemDictionary.cpp, line 256]
Event: 24.229 Thread 0x00000208f0df5d20 Exception <a 'java/lang/ClassNotFoundException'{0x00000000ebf9fe30}: org/gradle/api/internal/tasks/DefaultTaskCollectionBeanInfo> (0x00000000ebf9fe30) 
thrown [s\open\src\hotspot\share\classfile\systemDictionary.cpp, line 256]
Event: 24.231 Thread 0x00000208f0df5d20 Exception <a 'java/lang/ClassNotFoundException'{0x00000000ebfb25a8}: org/gradle/api/internal/tasks/DefaultTaskCollectionCustomizer> (0x00000000ebfb25a8) 
thrown [s\open\src\hotspot\share\classfile\systemDictionary.cpp, line 256]
Event: 24.236 Thread 0x00000208f0df5d20 Exception <a 'java/lang/ClassNotFoundException'{0x00000000ebff8708}: org/gradle/api/internal/tasks/DefaultTaskContainerCustomizer> (0x00000000ebff8708) 
thrown [s\open\src\hotspot\share\classfile\systemDictionary.cpp, line 256]
Event: 24.242 Thread 0x00000208f0df5d20 Exception <a 'java/lang/ClassNotFoundException'{0x00000000ebe5db88}: org/gradle/api/internal/tasks/DefaultTaskContainer_DecoratedCustomizer> (0x00000000ebe5db88) 
thrown [s\open\src\hotspot\share\classfile\systemDictionary.cpp, line 256]
Event: 24.290 Thread 0x00000208f0df5d20 Exception <a 'java/lang/ClassNotFoundException'{0x00000000ebd1f6e0}: java/io/FileBeanInfo> (0x00000000ebd1f6e0) 
thrown [s\open\src\hotspot\share\classfile\systemDictionary.cpp, line 256]
Event: 24.290 Thread 0x00000208f0df5d20 Exception <a 'java/lang/ClassNotFoundException'{0x00000000ebd26000}: java/io/FileCustomizer> (0x00000000ebd26000) 
thrown [s\open\src\hotspot\share\classfile\systemDictionary.cpp, line 256]

VM Operations (20 events):
Event: 20.229 Executing VM operation: Cleanup done
Event: 21.001 Executing VM operation: HandshakeAllThreads
Event: 21.001 Executing VM operation: HandshakeAllThreads done
Event: 21.335 Executing VM operation: ICBufferFull
Event: 21.335 Executing VM operation: ICBufferFull done
Event: 21.335 Executing VM operation: ICBufferFull
Event: 21.336 Executing VM operation: ICBufferFull done
Event: 21.690 Executing VM operation: ICBufferFull
Event: 21.691 Executing VM operation: ICBufferFull done
Event: 21.691 Executing VM operation: ICBufferFull
Event: 21.692 Executing VM operation: ICBufferFull done
Event: 21.890 Executing VM operation: G1CollectForAllocation
Event: 21.900 Executing VM operation: G1CollectForAllocation done
Event: 21.999 Executing VM operation: G1CollectForAllocation
Event: 22.011 Executing VM operation: G1CollectForAllocation done
Event: 22.881 Executing VM operation: ICBufferFull
Event: 22.882 Executing VM operation: ICBufferFull done
Event: 23.688 Executing VM operation: ICBufferFull
Event: 23.689 Executing VM operation: ICBufferFull done
Event: 24.699 Executing VM operation: Cleanup

Events (20 events):
Event: 23.939 loading class java/util/AbstractCollectionBeanInfo done
Event: 23.939 loading class java/util/AbstractCollectionBeanInfo
Event: 23.939 loading class java/util/AbstractCollectionBeanInfo done
Event: 23.940 loading class java/util/AbstractCollectionCustomizer
Event: 23.940 loading class java/util/AbstractCollectionCustomizer done
Event: 23.940 loading class java/util/AbstractCollectionCustomizer
Event: 23.940 loading class java/util/AbstractCollectionCustomizer done
Event: 23.941 loading class sun/reflect/generics/reflectiveObjects/GenericArrayTypeImpl
Event: 23.941 loading class sun/reflect/generics/reflectiveObjects/GenericArrayTypeImpl done
Event: 24.018 Thread 0x00000208f5e3d6f0 Thread added: 0x00000208f5e3d6f0
Event: 24.238 loading class sun/reflect/generics/tree/LongSignature
Event: 24.238 loading class sun/reflect/generics/tree/LongSignature done
Event: 24.289 loading class java/io/FileBeanInfo
Event: 24.289 loading class java/io/FileBeanInfo done
Event: 24.290 loading class java/io/FileBeanInfo
Event: 24.290 loading class java/io/FileBeanInfo done
Event: 24.290 loading class java/io/FileCustomizer
Event: 24.290 loading class java/io/FileCustomizer done
Event: 24.290 loading class java/io/FileCustomizer
Event: 24.290 loading class java/io/FileCustomizer done


Dynamic libraries:
0x00007ff6b1450000 - 0x00007ff6b1460000 	C:\Program Files\Java\jdk-17\bin\java.exe
0x00007ffbc2140000 - 0x00007ffbc23a8000 	C:\WINDOWS\SYSTEM32\ntdll.dll
0x00007ffbc1010000 - 0x00007ffbc10d9000 	C:\WINDOWS\System32\KERNEL32.DLL
0x00007ffbbf630000 - 0x00007ffbbfa28000 	C:\WINDOWS\System32\KERNELBASE.dll
0x00007ffbbf370000 - 0x00007ffbbf4bb000 	C:\WINDOWS\System32\ucrtbase.dll
0x00007ffbb2af0000 - 0x00007ffbb2b0b000 	C:\Program Files\Java\jdk-17\bin\VCRUNTIME140.dll
0x00007ffbb2b10000 - 0x00007ffbb2b29000 	C:\Program Files\Java\jdk-17\bin\jli.dll
0x00007ffbc16a0000 - 0x00007ffbc1754000 	C:\WINDOWS\System32\ADVAPI32.dll
0x00007ffbc1f90000 - 0x00007ffbc2039000 	C:\WINDOWS\System32\msvcrt.dll
0x00007ffbc1e00000 - 0x00007ffbc1ea6000 	C:\WINDOWS\System32\sechost.dll
0x00007ffbc10e0000 - 0x00007ffbc11f8000 	C:\WINDOWS\System32\RPCRT4.dll
0x00007ffbc0df0000 - 0x00007ffbc0fb7000 	C:\WINDOWS\System32\USER32.dll
0x00007ffbbf290000 - 0x00007ffbbf2b7000 	C:\WINDOWS\System32\win32u.dll
0x00007ffbc08f0000 - 0x00007ffbc091b000 	C:\WINDOWS\System32\GDI32.dll
0x00007ffbbfba0000 - 0x00007ffbbfccc000 	C:\WINDOWS\System32\gdi32full.dll
0x00007ffbbf2c0000 - 0x00007ffbbf363000 	C:\WINDOWS\System32\msvcp_win.dll
0x00007ffbaad90000 - 0x00007ffbab024000 	C:\WINDOWS\WinSxS\amd64_microsoft.windows.common-controls_6595b64144ccf1df_6.0.26100.7019_none_3e06ffa0e335b8a8\COMCTL32.dll
0x00007ffbb2210000 - 0x00007ffbb221b000 	C:\WINDOWS\SYSTEM32\VERSION.dll
0x00007ffbc0150000 - 0x00007ffbc0181000 	C:\WINDOWS\System32\IMM32.DLL
0x00007ffbbb360000 - 0x00007ffbbb36c000 	C:\Program Files\Java\jdk-17\bin\vcruntime140_1.dll
0x00007ffbb1cd0000 - 0x00007ffbb1d5e000 	C:\Program Files\Java\jdk-17\bin\msvcp140.dll
0x00007ffb80880000 - 0x00007ffb81460000 	C:\Program Files\Java\jdk-17\bin\server\jvm.dll
0x00007ffbc1f00000 - 0x00007ffbc1f08000 	C:\WINDOWS\System32\PSAPI.DLL
0x00007ffbae780000 - 0x00007ffbae7b5000 	C:\WINDOWS\SYSTEM32\WINMM.dll
0x00007ffbbb340000 - 0x00007ffbbb34a000 	C:\WINDOWS\SYSTEM32\WSOCK32.dll
0x00007ffbc0a10000 - 0x00007ffbc0a84000 	C:\WINDOWS\System32\WS2_32.dll
0x00007ffbbe010000 - 0x00007ffbbe02b000 	C:\WINDOWS\SYSTEM32\kernel.appcore.dll
0x00007ffbbb2a0000 - 0x00007ffbbb2aa000 	C:\Program Files\Java\jdk-17\bin\jimage.dll
0x00007ffbbc980000 - 0x00007ffbbcbc2000 	C:\WINDOWS\SYSTEM32\DBGHELP.DLL
0x00007ffbc1860000 - 0x00007ffbc1beb000 	C:\WINDOWS\System32\combase.dll
0x00007ffbbffe0000 - 0x00007ffbc00b7000 	C:\WINDOWS\System32\OLEAUT32.dll
0x00007ffbbb9e0000 - 0x00007ffbbba1c000 	C:\WINDOWS\SYSTEM32\dbgcore.DLL
0x00007ffbbfaf0000 - 0x00007ffbbfb95000 	C:\WINDOWS\System32\bcryptPrimitives.dll
0x00007ffbb2cc0000 - 0x00007ffbb2cce000 	C:\Program Files\Java\jdk-17\bin\instrument.dll
0x00007ffbb1f30000 - 0x00007ffbb1f55000 	C:\Program Files\Java\jdk-17\bin\java.dll
0x00007ffbadfd0000 - 0x00007ffbae0a7000 	C:\Program Files\Java\jdk-17\bin\jsvml.dll
0x00007ffbc0190000 - 0x00007ffbc08df000 	C:\WINDOWS\System32\SHELL32.dll
0x00007ffbbf4c0000 - 0x00007ffbbf62b000 	C:\WINDOWS\System32\wintypes.dll
0x00007ffbbce90000 - 0x00007ffbbd6ed000 	C:\WINDOWS\SYSTEM32\windows.storage.dll
0x00007ffbc1760000 - 0x00007ffbc1852000 	C:\WINDOWS\System32\SHCORE.dll
0x00007ffbc1d90000 - 0x00007ffbc1df7000 	C:\WINDOWS\System32\shlwapi.dll
0x00007ffbbf1b0000 - 0x00007ffbbf1d9000 	C:\WINDOWS\SYSTEM32\profapi.dll
0x00007ffbb2970000 - 0x00007ffbb2988000 	C:\Program Files\Java\jdk-17\bin\zip.dll
0x00007ffbb1f10000 - 0x00007ffbb1f29000 	C:\Program Files\Java\jdk-17\bin\net.dll
0x00007ffbbb480000 - 0x00007ffbbb5a8000 	C:\WINDOWS\SYSTEM32\WINHTTP.dll
0x00007ffbbe560000 - 0x00007ffbbe5cb000 	C:\WINDOWS\system32\mswsock.dll
0x00007ffbb1ef0000 - 0x00007ffbb1f06000 	C:\Program Files\Java\jdk-17\bin\nio.dll
0x00007ffbb1ee0000 - 0x00007ffbb1ef0000 	C:\Program Files\Java\jdk-17\bin\verify.dll
0x00007ffb9acc0000 - 0x00007ffb9ace7000 	C:\Users\happy\.gradle\native\1def1411415f61bf3af743bc5b6707747c0891f09f0c88961ee8f79bc544acac\windows-amd64\native-platform.dll
0x00007ffbadf50000 - 0x00007ffbadfc8000 	C:\Users\happy\.gradle\native\0.2.7\x86_64-windows-gnu\gradle-fileevents.dll
0x00007ffbb1cc0000 - 0x00007ffbb1cca000 	C:\Program Files\Java\jdk-17\bin\management.dll
0x00007ffbae860000 - 0x00007ffbae86b000 	C:\Program Files\Java\jdk-17\bin\management_ext.dll
0x00007ffbbda50000 - 0x00007ffbbda84000 	C:\WINDOWS\SYSTEM32\IPHLPAPI.DLL
0x00007ffbc0de0000 - 0x00007ffbc0dea000 	C:\WINDOWS\System32\NSI.dll
0x00007ffbb24c0000 - 0x00007ffbb24de000 	C:\WINDOWS\SYSTEM32\dhcpcsvc6.DLL
0x00007ffbb2370000 - 0x00007ffbb2393000 	C:\WINDOWS\SYSTEM32\dhcpcsvc.DLL
0x00007ffbbdaf0000 - 0x00007ffbbdc1c000 	C:\WINDOWS\SYSTEM32\DNSAPI.dll
0x00007ffbbe950000 - 0x00007ffbbe96b000 	C:\WINDOWS\SYSTEM32\CRYPTSP.dll
0x00007ffbbdf70000 - 0x00007ffbbdfaa000 	C:\WINDOWS\system32\rsaenh.dll
0x00007ffbbe610000 - 0x00007ffbbe63b000 	C:\WINDOWS\SYSTEM32\USERENV.dll
0x00007ffbbf180000 - 0x00007ffbbf1aa000 	C:\WINDOWS\SYSTEM32\bcrypt.dll
0x00007ffbbe7b0000 - 0x00007ffbbe7bc000 	C:\WINDOWS\SYSTEM32\CRYPTBASE.dll
0x00007ffbadf40000 - 0x00007ffbadf4e000 	C:\Program Files\Java\jdk-17\bin\sunmscapi.dll
0x00007ffbbfcd0000 - 0x00007ffbbfe47000 	C:\WINDOWS\System32\CRYPT32.dll
0x00007ffbbeaa0000 - 0x00007ffbbead0000 	C:\WINDOWS\SYSTEM32\ncrypt.dll
0x00007ffbbea50000 - 0x00007ffbbea8f000 	C:\WINDOWS\SYSTEM32\NTASN1.dll
0x00007ffb82580000 - 0x00007ffb82588000 	C:\WINDOWS\system32\wshunix.dll

dbghelp: loaded successfully - version: 4.0.5 - missing functions: none
symbol engine: initialized successfully - sym options: 0x614 - pdb path: .;C:\Program Files\Java\jdk-17\bin;C:\WINDOWS\SYSTEM32;C:\WINDOWS\WinSxS\amd64_microsoft.windows.common-controls_6595b64144ccf1df_6.0.26100.7019_none_3e06ffa0e335b8a8;C:\Program Files\Java\jdk-17\bin\server;C:\Users\happy\.gradle\native\1def1411415f61bf3af743bc5b6707747c0891f09f0c88961ee8f79bc544acac\windows-amd64;C:\Users\happy\.gradle\native\0.2.7\x86_64-windows-gnu

VM Arguments:
jvm_args: --add-opens=java.base/java.lang=ALL-UNNAMED --add-opens=java.base/java.lang.invoke=ALL-UNNAMED --add-opens=java.base/java.util=ALL-UNNAMED --add-opens=java.prefs/java.util.prefs=ALL-UNNAMED --add-exports=jdk.compiler/com.sun.tools.javac.api=ALL-UNNAMED --add-exports=jdk.compiler/com.sun.tools.javac.util=ALL-UNNAMED --add-opens=java.base/java.util=ALL-UNNAMED --add-opens=java.prefs/java.util.prefs=ALL-UNNAMED --add-opens=java.base/java.nio.charset=ALL-UNNAMED --add-opens=java.base/java.net=ALL-UNNAMED --add-opens=java.base/java.util.concurrent.atomic=ALL-UNNAMED --add-opens=java.xml/javax.xml.namespace=ALL-UNNAMED -XX:MaxMetaspaceSize=384m -XX:+HeapDumpOnOutOfMemoryError -Xms256m -Xmx512m -Dfile.encoding=UTF-8 -Duser.country=KR -Duser.language=ko -Duser.variant -javaagent:C:\Users\happy\.gradle\wrapper\dists\gradle-8.14.3-bin\cv11ve7ro1n3o1j4so8xd9n66\gradle-8.14.3\lib\agents\gradle-instrumentation-agent-8.14.3.jar 
java_command: org.gradle.launcher.daemon.bootstrap.GradleDaemon 8.14.3
java_class_path (initial): C:\Users\happy\.gradle\wrapper\dists\gradle-8.14.3-bin\cv11ve7ro1n3o1j4so8xd9n66\gradle-8.14.3\lib\gradle-daemon-main-8.14.3.jar
Launcher Type: SUN_STANDARD

[Global flags]
     intx CICompilerCount                          = 4                                         {product} {ergonomic}
   size_t CompressedClassSpaceSize                 = 335544320                                 {product} {ergonomic}
     uint ConcGCThreads                            = 2                                         {product} {ergonomic}
     uint G1ConcRefinementThreads                  = 8                                         {product} {ergonomic}
   size_t G1HeapRegionSize                         = 1048576                                   {product} {ergonomic}
    uintx GCDrainStackTargetSize                   = 64                                        {product} {ergonomic}
     bool HeapDumpOnOutOfMemoryError               = true                                   {manageable} {command line}
   size_t InitialHeapSize                          = 268435456                                 {product} {command line}
   size_t MarkStackSize                            = 4194304                                   {product} {ergonomic}
   size_t MaxHeapSize                              = 536870912                                 {product} {command line}
   size_t MaxMetaspaceSize                         = 402653184                                 {product} {command line}
   size_t MaxNewSize                               = 321912832                                 {product} {ergonomic}
   size_t MinHeapDeltaBytes                        = 1048576                                   {product} {ergonomic}
   size_t MinHeapSize                              = 268435456                                 {product} {command line}
    uintx NonNMethodCodeHeapSize                   = 5839372                                {pd product} {ergonomic}
    uintx NonProfiledCodeHeapSize                  = 122909434                              {pd product} {ergonomic}
    uintx ProfiledCodeHeapSize                     = 122909434                              {pd product} {ergonomic}
    uintx ReservedCodeCacheSize                    = 251658240                              {pd product} {ergonomic}
     bool SegmentedCodeCache                       = true                                      {product} {ergonomic}
   size_t SoftMaxHeapSize                          = 536870912                              {manageable} {ergonomic}
     bool UseCompressedClassPointers               = true                           {product lp64_product} {ergonomic}
     bool UseCompressedOops                        = true                           {product lp64_product} {ergonomic}
     bool UseG1GC                                  = true                                      {product} {ergonomic}
     bool UseLargePagesIndividualAllocation        = false                                  {pd product} {ergonomic}

Logging:
Log output configuration:
 #0: stdout all=warning uptime,level,tags
 #1: stderr all=off uptime,level,tags

Environment Variables:
JAVA_HOME=C:\Program Files\Java\jdk-21
PATH=C:\Program Files\Volta\;C:\Program Files\Common Files\Oracle\Java\javapath;C:\Program Files (x86)\VMware\VMware Player\bin\;C:\WINDOWS\system32;C:\WINDOWS;C:\WINDOWS\System32\Wbem;C:\WINDOWS\System32\WindowsPowerShell\v1.0\;C:\WINDOWS\System32\OpenSSH\;C:\Program Files\Java\jdk-21;C:\Program Files\Git\cmd;C:\Program Files\GitHub CLI\;C:\Users\happy\AppData\Local\nvm;C:\nvm4w\nodejs;C:\Program Files\Docker\Docker\resources\bin;C:\Program Files\dotnet\;C:\Program Files\Microsoft SQL Server\150\Tools\Binn\;C:\Program Files (x86)\Windows Kits\10\Windows Performance Toolkit\;C:\Program Files\Bandizip\;c:\Users\happy\AppData\Local\Programs\cursor\resources\app\bin;C:\Program Files\cursor\resources\app\bin;%PATH:C:\Program Files\Volta;=%
USERNAME=happy
OS=Windows_NT
PROCESSOR_IDENTIFIER=Intel64 Family 6 Model 142 Stepping 12, GenuineIntel



---------------  S Y S T E M  ---------------

OS:
 Windows 11 , 64 bit Build 26100 (10.0.26100.7019)
OS uptime: 0 days 6:29 hours
Hyper-V role detected

CPU: total 8 (initial active 8) (4 cores per cpu, 2 threads per core) family 6 model 142 stepping 12 microcode 0xde, cx8, cmov, fxsr, ht, mmx, 3dnowpref, sse, sse2, sse3, ssse3, sse4.1, sse4.2, popcnt, lzcnt, tsc, tscinvbit, avx, avx2, aes, erms, clmul, bmi1, bmi2, adx, fma, vzeroupper, clflush, clflushopt, hv

Memory: 4k page, system-wide physical 24355M (6621M free)
TotalPageFile size 24355M (AvailPageFile size 114M)
current process WorkingSet (physical memory assigned to process): 398M, peak: 413M
current process commit charge ("private bytes"): 497M, peak: 511M

vm_info: Java HotSpot(TM) 64-Bit Server VM (17.0.12+8-LTS-286) for windows-amd64 JRE (17.0.12+8-LTS-286), built on Jun  5 2024 06:46:59 by "mach5one" with MS VC++ 17.6 (VS2022)

END.
