#
# There is insufficient memory for the Java Runtime Environment to continue.
# Native memory allocation (malloc) failed to allocate 1489152 bytes for Chunk::new
# Possible reasons:
#   The system is out of physical RAM or swap space
#   The process is running with CompressedOops enabled, and the Java Heap may be blocking the growth of the native heap
# Possible solutions:
#   Reduce memory load on the system
#   Increase physical memory or swap space
#   Check if swap backing store is full
#   Decrease Java heap size (-Xmx/-Xms)
#   Decrease number of Java threads
#   Decrease Java thread stack sizes (-Xss)
#   Set larger code cache with -XX:ReservedCodeCacheSize=
#   JVM is running with Unscaled Compressed Oops mode in which the Java heap is
#     placed in the first 4GB address space. The Java Heap base address is the
#     maximum limit for the native heap growth. Please use -XX:HeapBaseMinAddress
#     to set the Java Heap base and to place the Java Heap above 4GB virtual address.
# This output file may be truncated or incomplete.
#
#  Out of Memory Error (arena.cpp:189), pid=28652, tid=27180
#
# JRE version: Java(TM) SE Runtime Environment (17.0.12+8) (build 17.0.12+8-LTS-286)
# Java VM: Java HotSpot(TM) 64-Bit Server VM (17.0.12+8-LTS-286, mixed mode, sharing, tiered, compressed oops, compressed class ptrs, g1 gc, windows-amd64)
# No core dump will be written. Minidumps are not enabled by default on client versions of Windows
#

---------------  S U M M A R Y ------------

Command Line: --add-opens=java.base/java.lang=ALL-UNNAMED --add-opens=java.base/java.lang.invoke=ALL-UNNAMED --add-opens=java.base/java.util=ALL-UNNAMED --add-opens=java.prefs/java.util.prefs=ALL-UNNAMED --add-exports=jdk.compiler/com.sun.tools.javac.api=ALL-UNNAMED --add-exports=jdk.compiler/com.sun.tools.javac.util=ALL-UNNAMED --add-opens=java.base/java.util=ALL-UNNAMED --add-opens=java.prefs/java.util.prefs=ALL-UNNAMED --add-opens=java.base/java.nio.charset=ALL-UNNAMED --add-opens=java.base/java.net=ALL-UNNAMED --add-opens=java.base/java.util.concurrent.atomic=ALL-UNNAMED --add-opens=java.xml/javax.xml.namespace=ALL-UNNAMED -XX:MaxMetaspaceSize=384m -XX:+HeapDumpOnOutOfMemoryError -Xms256m -Xmx512m -Dfile.encoding=UTF-8 -Duser.country=KR -Duser.language=ko -Duser.variant -javaagent:C:\Users\happy\.gradle\wrapper\dists\gradle-8.14.3-bin\cv11ve7ro1n3o1j4so8xd9n66\gradle-8.14.3\lib\agents\gradle-instrumentation-agent-8.14.3.jar org.gradle.launcher.daemon.bootstrap.GradleDaemon 8.14.3

Host: Intel(R) Core(TM) i5-10210U CPU @ 1.60GHz, 8 cores, 23G,  Windows 11 , 64 bit Build 26100 (10.0.26100.7019)
Time: Wed Nov 19 14:07:41 2025  Windows 11 , 64 bit Build 26100 (10.0.26100.7019) elapsed time: 26.109799 seconds (0d 0h 0m 26s)

---------------  T H R E A D  ---------------

Current thread (0x000001eb129321d0):  JavaThread "C2 CompilerThread0" daemon [_thread_in_native, id=27180, stack(0x000000d964d00000,0x000000d964e00000)]


Current CompileTask:
C2:  26111 6842       4       org.gradle.internal.instantiation.generator.AbstractClassGenerator::inspectType (602 bytes)

Stack: [0x000000d964d00000,0x000000d964e00000]
Native frames: (J=compiled Java code, j=interpreted, Vv=VM code, C=native code)
V  [jvm.dll+0x67a04a]
V  [jvm.dll+0x7da4ed]
V  [jvm.dll+0x7dbe33]
V  [jvm.dll+0x7dc4a3]
V  [jvm.dll+0x24508f]
V  [jvm.dll+0xab773]
V  [jvm.dll+0xabd3c]
V  [jvm.dll+0x361bee]
V  [jvm.dll+0x32c431]
V  [jvm.dll+0x32b8ca]
V  [jvm.dll+0x21683f]
V  [jvm.dll+0x215c6f]
V  [jvm.dll+0x1a2960]
V  [jvm.dll+0x22610b]
V  [jvm.dll+0x2242ab]
V  [jvm.dll+0x79075c]
V  [jvm.dll+0x78abea]
V  [jvm.dll+0x678f35]
C  [ucrtbase.dll+0x37b0]
C  [KERNEL32.DLL+0x2e8d7]
C  [ntdll.dll+0x8c53c]


---------------  P R O C E S S  ---------------

Threads class SMR info:
_java_thread_list=0x000001eb30155360, length=85, elements={
0x000001eb760525b0, 0x000001eb12912ef0, 0x000001eb12914620, 0x000001eb12926e70,
0x000001eb12927a30, 0x000001eb1292f390, 0x000001eb129308c0, 0x000001eb129321d0,
0x000001eb1293b870, 0x000001eb1293d280, 0x000001eb12acdc30, 0x000001eb12ba38d0,
0x000001eb2dc9ab30, 0x000001eb2dc9b820, 0x000001eb2c36adb0, 0x000001eb2c243210,
0x000001eb2c22aed0, 0x000001eb2c30dda0, 0x000001eb2c30f1e0, 0x000001eb2c30d890,
0x000001eb2c30fc00, 0x000001eb2c310110, 0x000001eb2c310620, 0x000001eb2c30ecd0,
0x000001eb2c30e2b0, 0x000001eb2f119ca0, 0x000001eb2f117420, 0x000001eb2f11a1b0,
0x000001eb2f116a00, 0x000001eb2f117930, 0x000001eb2f11abd0, 0x000001eb2f118d70,
0x000001eb2f11b5f0, 0x000001eb2f118860, 0x000001eb2f11c010, 0x000001eb2f11c520,
0x000001eb2f11ca30, 0x000001eb2f119280, 0x000001eb2f11d450, 0x000001eb2f11cf40,
0x000001eb2f11d960, 0x000001eb2f11de70, 0x000001eb2f11e380, 0x000001eb31318ec0,
0x000001eb31317f90, 0x000001eb313198e0, 0x000001eb3131a300, 0x000001eb31317060,
0x000001eb31319df0, 0x000001eb31317570, 0x000001eb313189b0, 0x000001eb313184a0,
0x000001eb313193d0, 0x000001eb3131a810, 0x000001eb3131ad20, 0x000001eb3131b230,
0x000001eb31317a80, 0x000001eb3131b740, 0x000001eb3131bc50, 0x000001eb3131c670,
0x000001eb3131c160, 0x000001eb3131cb80, 0x000001eb3131d090, 0x000001eb3131d5a0,
0x000001eb3131dab0, 0x000001eb3131dfc0, 0x000001eb3131e4d0, 0x000001eb303557d0,
0x000001eb303561f0, 0x000001eb30357120, 0x000001eb30358050, 0x000001eb30358560,
0x000001eb30355ce0, 0x000001eb30356700, 0x000001eb30357b40, 0x000001eb30358a70,
0x000001eb303552c0, 0x000001eb3035ade0, 0x000001eb303599a0, 0x000001eb3035a8d0,
0x000001eb3035a3c0, 0x000001eb3035b800, 0x000001eb30359490, 0x000001eb3035bd10,
0x000001eb3035c220
}

Java Threads: ( => current thread )
  0x000001eb760525b0 JavaThread "main" [_thread_blocked, id=6496, stack(0x000000d964000000,0x000000d964100000)]
  0x000001eb12912ef0 JavaThread "Reference Handler" daemon [_thread_blocked, id=26064, stack(0x000000d964700000,0x000000d964800000)]
  0x000001eb12914620 JavaThread "Finalizer" daemon [_thread_blocked, id=15604, stack(0x000000d964800000,0x000000d964900000)]
  0x000001eb12926e70 JavaThread "Signal Dispatcher" daemon [_thread_blocked, id=3364, stack(0x000000d964900000,0x000000d964a00000)]
  0x000001eb12927a30 JavaThread "Attach Listener" daemon [_thread_blocked, id=23524, stack(0x000000d964a00000,0x000000d964b00000)]
  0x000001eb1292f390 JavaThread "Service Thread" daemon [_thread_blocked, id=24332, stack(0x000000d964b00000,0x000000d964c00000)]
  0x000001eb129308c0 JavaThread "Monitor Deflation Thread" daemon [_thread_blocked, id=23700, stack(0x000000d964c00000,0x000000d964d00000)]
=>0x000001eb129321d0 JavaThread "C2 CompilerThread0" daemon [_thread_in_native, id=27180, stack(0x000000d964d00000,0x000000d964e00000)]
  0x000001eb1293b870 JavaThread "C1 CompilerThread0" daemon [_thread_blocked, id=1608, stack(0x000000d964e00000,0x000000d964f00000)]
  0x000001eb1293d280 JavaThread "Sweeper thread" daemon [_thread_blocked, id=4696, stack(0x000000d964f00000,0x000000d965000000)]
  0x000001eb12acdc30 JavaThread "Common-Cleaner" daemon [_thread_blocked, id=18968, stack(0x000000d965000000,0x000000d965100000)]
  0x000001eb12ba38d0 JavaThread "Notification Thread" daemon [_thread_blocked, id=27372, stack(0x000000d965100000,0x000000d965200000)]
  0x000001eb2dc9ab30 JavaThread "Daemon health stats" [_thread_blocked, id=15596, stack(0x000000d965a00000,0x000000d965b00000)]
  0x000001eb2dc9b820 JavaThread "Incoming local TCP Connector on port 49738" [_thread_in_native, id=12876, stack(0x000000d965300000,0x000000d965400000)]
  0x000001eb2c36adb0 JavaThread "Daemon periodic checks" [_thread_blocked, id=23968, stack(0x000000d965400000,0x000000d965500000)]
  0x000001eb2c243210 JavaThread "Daemon" [_thread_blocked, id=27100, stack(0x000000d965b00000,0x000000d965c00000)]
  0x000001eb2c22aed0 JavaThread "Handler for socket connection from /127.0.0.1:49738 to /127.0.0.1:49739" [_thread_in_native, id=6848, stack(0x000000d965c00000,0x000000d965d00000)]
  0x000001eb2c30dda0 JavaThread "Cancel handler" [_thread_blocked, id=14516, stack(0x000000d965d00000,0x000000d965e00000)]
  0x000001eb2c30f1e0 JavaThread "Daemon worker" [_thread_blocked, id=26956, stack(0x000000d965e00000,0x000000d965f00000)]
  0x000001eb2c30d890 JavaThread "Asynchronous log dispatcher for DefaultDaemonConnection: socket connection from /127.0.0.1:49738 to /127.0.0.1:49739" [_thread_blocked, id=28620, stack(0x000000d965f00000,0x000000d966000000)]
  0x000001eb2c30fc00 JavaThread "Stdin handler" [_thread_blocked, id=18256, stack(0x000000d966000000,0x000000d966100000)]
  0x000001eb2c310110 JavaThread "Daemon client event forwarder" [_thread_blocked, id=26180, stack(0x000000d966100000,0x000000d966200000)]
  0x000001eb2c310620 JavaThread "Cache worker for journal cache (C:\Users\happy\.gradle\caches\journal-1)" [_thread_blocked, id=13220, stack(0x000000d966200000,0x000000d966300000)]
  0x000001eb2c30ecd0 JavaThread "File lock request listener" [_thread_in_native, id=22148, stack(0x000000d966300000,0x000000d966400000)]
  0x000001eb2c30e2b0 JavaThread "Cache worker for file hash cache (C:\Users\happy\.gradle\caches\8.14.3\fileHashes)" [_thread_blocked, id=5040, stack(0x000000d966400000,0x000000d966500000)]
  0x000001eb2f119ca0 JavaThread "Cache worker for file hash cache (D:\daelim_front_back\portfolio-spring-1.0\.gradle\8.14.3\fileHashes)" [_thread_blocked, id=28076, stack(0x000000d966700000,0x000000d966800000)]
  0x000001eb2f117420 JavaThread "Cache worker for Build Output Cleanup Cache (D:\daelim_front_back\portfolio-spring-1.0\.gradle\buildOutputCleanup)" [_thread_blocked, id=10328, stack(0x000000d966800000,0x000000d966900000)]
  0x000001eb2f11a1b0 JavaThread "File watcher server" daemon [_thread_in_native, id=7768, stack(0x000000d966c00000,0x000000d966d00000)]
  0x000001eb2f116a00 JavaThread "File watcher consumer" daemon [_thread_blocked, id=7600, stack(0x000000d966d00000,0x000000d966e00000)]
  0x000001eb2f117930 JavaThread "jar transforms" [_thread_blocked, id=148, stack(0x000000d966e00000,0x000000d966f00000)]
  0x000001eb2f11abd0 JavaThread "jar transforms Thread 2" [_thread_blocked, id=10204, stack(0x000000d966f00000,0x000000d967000000)]
  0x000001eb2f118d70 JavaThread "Cache worker for checksums cache (D:\daelim_front_back\portfolio-spring-1.0\.gradle\8.14.3\checksums)" [_thread_blocked, id=26712, stack(0x000000d967000000,0x000000d967100000)]
  0x000001eb2f11b5f0 JavaThread "Cache worker for file content cache (C:\Users\happy\.gradle\caches\8.14.3\fileContent)" [_thread_blocked, id=1436, stack(0x000000d967100000,0x000000d967200000)]
  0x000001eb2f118860 JavaThread "jar transforms Thread 3" [_thread_blocked, id=24840, stack(0x000000d967200000,0x000000d967300000)]
  0x000001eb2f11c010 JavaThread "Cache worker for cache directory md-supplier (C:\Users\happy\.gradle\caches\8.14.3\md-supplier)" [_thread_blocked, id=18624, stack(0x000000d967300000,0x000000d967400000)]
  0x000001eb2f11c520 JavaThread "Cache worker for cache directory md-rule (C:\Users\happy\.gradle\caches\8.14.3\md-rule)" [_thread_blocked, id=7668, stack(0x000000d967400000,0x000000d967500000)]
  0x000001eb2f11ca30 JavaThread "Unconstrained build operations" [_thread_blocked, id=10292, stack(0x000000d967500000,0x000000d967600000)]
  0x000001eb2f119280 JavaThread "Unconstrained build operations Thread 2" [_thread_blocked, id=8856, stack(0x000000d967600000,0x000000d967700000)]
  0x000001eb2f11d450 JavaThread "Unconstrained build operations Thread 3" [_thread_blocked, id=28464, stack(0x000000d967700000,0x000000d967800000)]
  0x000001eb2f11cf40 JavaThread "Unconstrained build operations Thread 4" [_thread_blocked, id=21904, stack(0x000000d967800000,0x000000d967900000)]
  0x000001eb2f11d960 JavaThread "Unconstrained build operations Thread 5" [_thread_blocked, id=1652, stack(0x000000d967900000,0x000000d967a00000)]
  0x000001eb2f11de70 JavaThread "Unconstrained build operations Thread 6" [_thread_blocked, id=13380, stack(0x000000d967a00000,0x000000d967b00000)]
  0x000001eb2f11e380 JavaThread "Unconstrained build operations Thread 7" [_thread_blocked, id=7024, stack(0x000000d967b00000,0x000000d967c00000)]
  0x000001eb31318ec0 JavaThread "Unconstrained build operations Thread 8" [_thread_blocked, id=1840, stack(0x000000d967c00000,0x000000d967d00000)]
  0x000001eb31317f90 JavaThread "jar transforms Thread 4" [_thread_blocked, id=24488, stack(0x000000d967d00000,0x000000d967e00000)]
  0x000001eb313198e0 JavaThread "jar transforms Thread 5" [_thread_blocked, id=24336, stack(0x000000d967e00000,0x000000d967f00000)]
  0x000001eb3131a300 JavaThread "Unconstrained build operations Thread 9" [_thread_blocked, id=11892, stack(0x000000d967f00000,0x000000d968000000)]
  0x000001eb31317060 JavaThread "Unconstrained build operations Thread 10" [_thread_blocked, id=3836, stack(0x000000d968000000,0x000000d968100000)]
  0x000001eb31319df0 JavaThread "Unconstrained build operations Thread 11" [_thread_blocked, id=22488, stack(0x000000d968100000,0x000000d968200000)]
  0x000001eb31317570 JavaThread "Unconstrained build operations Thread 12" [_thread_blocked, id=28360, stack(0x000000d968200000,0x000000d968300000)]
  0x000001eb313189b0 JavaThread "jar transforms Thread 6" [_thread_blocked, id=12488, stack(0x000000d968300000,0x000000d968400000)]
  0x000001eb313184a0 JavaThread "jar transforms Thread 7" [_thread_blocked, id=27868, stack(0x000000d968400000,0x000000d968500000)]
  0x000001eb313193d0 JavaThread "jar transforms Thread 8" [_thread_blocked, id=3620, stack(0x000000d968500000,0x000000d968600000)]
  0x000001eb3131a810 JavaThread "Unconstrained build operations Thread 13" [_thread_blocked, id=27768, stack(0x000000d966600000,0x000000d966700000)]
  0x000001eb3131ad20 JavaThread "Unconstrained build operations Thread 14" [_thread_blocked, id=11592, stack(0x000000d968600000,0x000000d968700000)]
  0x000001eb3131b230 JavaThread "Unconstrained build operations Thread 15" [_thread_blocked, id=13932, stack(0x000000d968700000,0x000000d968800000)]
  0x000001eb31317a80 JavaThread "Unconstrained build operations Thread 16" [_thread_blocked, id=25552, stack(0x000000d968800000,0x000000d968900000)]
  0x000001eb3131b740 JavaThread "Unconstrained build operations Thread 17" [_thread_blocked, id=19256, stack(0x000000d968900000,0x000000d968a00000)]
  0x000001eb3131bc50 JavaThread "Unconstrained build operations Thread 18" [_thread_blocked, id=10640, stack(0x000000d968a00000,0x000000d968b00000)]
  0x000001eb3131c670 JavaThread "Unconstrained build operations Thread 19" [_thread_blocked, id=28220, stack(0x000000d968b00000,0x000000d968c00000)]
  0x000001eb3131c160 JavaThread "Unconstrained build operations Thread 20" [_thread_blocked, id=11228, stack(0x000000d968c00000,0x000000d968d00000)]
  0x000001eb3131cb80 JavaThread "Unconstrained build operations Thread 21" [_thread_blocked, id=25664, stack(0x000000d968d00000,0x000000d968e00000)]
  0x000001eb3131d090 JavaThread "Unconstrained build operations Thread 22" [_thread_blocked, id=7852, stack(0x000000d968e00000,0x000000d968f00000)]
  0x000001eb3131d5a0 JavaThread "Unconstrained build operations Thread 23" [_thread_blocked, id=24828, stack(0x000000d968f00000,0x000000d969000000)]
  0x000001eb3131dab0 JavaThread "Unconstrained build operations Thread 24" [_thread_blocked, id=14588, stack(0x000000d969000000,0x000000d969100000)]
  0x000001eb3131dfc0 JavaThread "Unconstrained build operations Thread 25" [_thread_blocked, id=26828, stack(0x000000d969100000,0x000000d969200000)]
  0x000001eb3131e4d0 JavaThread "Unconstrained build operations Thread 26" [_thread_blocked, id=10916, stack(0x000000d969200000,0x000000d969300000)]
  0x000001eb303557d0 JavaThread "Unconstrained build operations Thread 27" [_thread_blocked, id=10728, stack(0x000000d969300000,0x000000d969400000)]
  0x000001eb303561f0 JavaThread "Unconstrained build operations Thread 28" [_thread_blocked, id=20764, stack(0x000000d969400000,0x000000d969500000)]
  0x000001eb30357120 JavaThread "Unconstrained build operations Thread 29" [_thread_blocked, id=1968, stack(0x000000d969500000,0x000000d969600000)]
  0x000001eb30358050 JavaThread "Unconstrained build operations Thread 30" [_thread_blocked, id=368, stack(0x000000d969600000,0x000000d969700000)]
  0x000001eb30358560 JavaThread "Unconstrained build operations Thread 31" [_thread_blocked, id=8456, stack(0x000000d969700000,0x000000d969800000)]
  0x000001eb30355ce0 JavaThread "Unconstrained build operations Thread 32" [_thread_blocked, id=27692, stack(0x000000d969800000,0x000000d969900000)]
  0x000001eb30356700 JavaThread "Unconstrained build operations Thread 33" [_thread_blocked, id=4524, stack(0x000000d969900000,0x000000d969a00000)]
  0x000001eb30357b40 JavaThread "Memory manager" [_thread_blocked, id=25460, stack(0x000000d969b00000,0x000000d969c00000)]
  0x000001eb30358a70 JavaThread "ForkJoinPool.commonPool-worker-1" daemon [_thread_blocked, id=7988, stack(0x000000d969d00000,0x000000d969e00000)]
  0x000001eb303552c0 JavaThread "ForkJoinPool.commonPool-worker-2" daemon [_thread_in_vm, id=15196, stack(0x000000d969e00000,0x000000d969f00000)]
  0x000001eb3035ade0 JavaThread "ForkJoinPool.commonPool-worker-3" daemon [_thread_blocked, id=25320, stack(0x000000d969f00000,0x000000d96a000000)]
  0x000001eb303599a0 JavaThread "ForkJoinPool.commonPool-worker-4" daemon [_thread_blocked, id=26688, stack(0x000000d96a000000,0x000000d96a100000)]
  0x000001eb3035a8d0 JavaThread "ForkJoinPool.commonPool-worker-5" daemon [_thread_blocked, id=15200, stack(0x000000d96a100000,0x000000d96a200000)]
  0x000001eb3035a3c0 JavaThread "ForkJoinPool.commonPool-worker-6" daemon [_thread_blocked, id=28092, stack(0x000000d96a200000,0x000000d96a300000)]
  0x000001eb3035b800 JavaThread "ForkJoinPool.commonPool-worker-7" daemon [_thread_blocked, id=26864, stack(0x000000d96a300000,0x000000d96a400000)]
  0x000001eb30359490 JavaThread "Exec process" daemon [_thread_blocked, id=2576, stack(0x000000d96a400000,0x000000d96a500000)]
  0x000001eb3035bd10 JavaThread "Exec process Thread 2" daemon [_thread_blocked, id=15528, stack(0x000000d96a500000,0x000000d96a600000)]
  0x000001eb3035c220 JavaThread "Exec process Thread 3" daemon [_thread_blocked, id=20332, stack(0x000000d96a600000,0x000000d96a700000)]

Other Threads:
  0x000001eb1290dd20 VMThread "VM Thread" [stack: 0x000000d964600000,0x000000d964700000] [id=1248]
  0x000001eb76053340 WatcherThread [stack: 0x000000d965200000,0x000000d965300000] [id=2956]
  0x000001eb7607eb10 GCTaskThread "GC Thread#0" [stack: 0x000000d964100000,0x000000d964200000] [id=5196]
  0x000001eb12d93730 GCTaskThread "GC Thread#1" [stack: 0x000000d965500000,0x000000d965600000] [id=13080]
  0x000001eb12c6ed10 GCTaskThread "GC Thread#2" [stack: 0x000000d965600000,0x000000d965700000] [id=20708]
  0x000001eb12c6efd0 GCTaskThread "GC Thread#3" [stack: 0x000000d965700000,0x000000d965800000] [id=6800]
  0x000001eb2c36e040 GCTaskThread "GC Thread#4" [stack: 0x000000d965800000,0x000000d965900000] [id=25316]
  0x000001eb2c36e300 GCTaskThread "GC Thread#5" [stack: 0x000000d965900000,0x000000d965a00000] [id=24324]
  0x000001eb2f3d5880 GCTaskThread "GC Thread#6" [stack: 0x000000d966900000,0x000000d966a00000] [id=22672]
  0x000001eb30cd5480 GCTaskThread "GC Thread#7" [stack: 0x000000d966a00000,0x000000d966b00000] [id=20840]
  0x000001eb76083a60 ConcurrentGCThread "G1 Main Marker" [stack: 0x000000d964200000,0x000000d964300000] [id=832]
  0x000001eb76084470 ConcurrentGCThread "G1 Conc#0" [stack: 0x000000d964300000,0x000000d964400000] [id=9756]
  0x000001eb30379b60 ConcurrentGCThread "G1 Conc#1" [stack: 0x000000d966b00000,0x000000d966c00000] [id=14128]
  0x000001eb127c60f0 ConcurrentGCThread "G1 Refine#0" [stack: 0x000000d964400000,0x000000d964500000] [id=12040]
  0x000001eb3045eca0 ConcurrentGCThread "G1 Refine#1" [stack: 0x000000d969a00000,0x000000d969b00000] [id=19960]
  0x000001eb127c6b20 ConcurrentGCThread "G1 Service" [stack: 0x000000d964500000,0x000000d964600000] [id=12348]

Threads with active compile tasks:
C2 CompilerThread0    26201 6842       4       org.gradle.internal.instantiation.generator.AbstractClassGenerator::inspectType (602 bytes)

VM state: not at safepoint (normal execution)

VM Mutex/Monitor currently owned by a thread: None

Heap address: 0x00000000e0000000, size: 512 MB, Compressed Oops mode: 32-bit

CDS archive(s) mapped at: [0x000001eb13000000-0x000001eb13bd0000-0x000001eb13bd0000), size 12386304, SharedBaseAddress: 0x000001eb13000000, ArchiveRelocationMode: 1.
Compressed class space mapped at: 0x000001eb14000000-0x000001eb28000000, reserved size: 335544320
Narrow klass base: 0x000001eb13000000, Narrow klass shift: 0, Narrow klass range: 0x100000000

GC Precious Log:
 CPUs: 8 total, 8 available
 Memory: 24355M
 Large Page Support: Disabled
 NUMA Support: Disabled
 Compressed Oops: Enabled (32-bit)
 Heap Region Size: 1M
 Heap Min Capacity: 256M
 Heap Initial Capacity: 256M
 Heap Max Capacity: 512M
 Pre-touch: Disabled
 Parallel Workers: 8
 Concurrent Workers: 2
 Concurrent Refinement Workers: 8
 Periodic GC: Disabled

Heap:
 garbage-first heap   total 262144K, used 136529K [0x00000000e0000000, 0x0000000100000000)
  region size 1024K, 112 young (114688K), 16 survivors (16384K)
 Metaspace       used 54721K, committed 55360K, reserved 393216K
  class space    used 7793K, committed 8064K, reserved 327680K

Heap Regions: E=young(eden), S=young(survivor), O=old, HS=humongous(starts), HC=humongous(continues), CS=collection set, F=free, OA=open archive, CA=closed archive, TAMS=top-at-mark-start (previous, next)
|   0|0x00000000e0000000, 0x00000000e0100000, 0x00000000e0100000|100%|HS|  |TAMS 0x00000000e0100000, 0x00000000e0000000| Complete 
|   1|0x00000000e0100000, 0x00000000e0200000, 0x00000000e0200000|100%|HC|  |TAMS 0x00000000e0200000, 0x00000000e0100000| Complete 
|   2|0x00000000e0200000, 0x00000000e0300000, 0x00000000e0300000|100%|HC|  |TAMS 0x00000000e0300000, 0x00000000e0200000| Complete 
|   3|0x00000000e0300000, 0x00000000e0400000, 0x00000000e0400000|100%| O|  |TAMS 0x00000000e0400000, 0x00000000e0300000| Untracked 
|   4|0x00000000e0400000, 0x00000000e0500000, 0x00000000e0500000|100%| O|  |TAMS 0x00000000e0500000, 0x00000000e0400000| Untracked 
|   5|0x00000000e0500000, 0x00000000e0600000, 0x00000000e0600000|100%| O|  |TAMS 0x00000000e0600000, 0x00000000e0500000| Untracked 
|   6|0x00000000e0600000, 0x00000000e0700000, 0x00000000e0700000|100%|HS|  |TAMS 0x00000000e0700000, 0x00000000e0600000| Complete 
|   7|0x00000000e0700000, 0x00000000e0700000, 0x00000000e0800000|  0%| F|  |TAMS 0x00000000e0700000, 0x00000000e0700000| Untracked 
|   8|0x00000000e0800000, 0x00000000e0900000, 0x00000000e0900000|100%| O|  |TAMS 0x00000000e0900000, 0x00000000e0800000| Untracked 
|   9|0x00000000e0900000, 0x00000000e0a00000, 0x00000000e0a00000|100%| O|  |TAMS 0x00000000e093d400, 0x00000000e0900000| Untracked 
|  10|0x00000000e0a00000, 0x00000000e0a00000, 0x00000000e0b00000|  0%| F|  |TAMS 0x00000000e0a00000, 0x00000000e0a00000| Untracked 
|  11|0x00000000e0b00000, 0x00000000e0c00000, 0x00000000e0c00000|100%| O|  |TAMS 0x00000000e0b00000, 0x00000000e0b00000| Untracked 
|  12|0x00000000e0c00000, 0x00000000e0d00000, 0x00000000e0d00000|100%| O|  |TAMS 0x00000000e0c00000, 0x00000000e0c00000| Untracked 
|  13|0x00000000e0d00000, 0x00000000e0e00000, 0x00000000e0e00000|100%| O|  |TAMS 0x00000000e0d00000, 0x00000000e0d00000| Untracked 
|  14|0x00000000e0e00000, 0x00000000e0f00000, 0x00000000e0f00000|100%| O|  |TAMS 0x00000000e0e00000, 0x00000000e0e00000| Untracked 
|  15|0x00000000e0f00000, 0x00000000e1000000, 0x00000000e1000000|100%| O|  |TAMS 0x00000000e0f00000, 0x00000000e0f00000| Untracked 
|  16|0x00000000e1000000, 0x00000000e1100000, 0x00000000e1100000|100%| O|  |TAMS 0x00000000e1000000, 0x00000000e1000000| Untracked 
|  17|0x00000000e1100000, 0x00000000e1200000, 0x00000000e1200000|100%| O|  |TAMS 0x00000000e1100000, 0x00000000e1100000| Untracked 
|  18|0x00000000e1200000, 0x00000000e1300000, 0x00000000e1300000|100%| O|  |TAMS 0x00000000e1200000, 0x00000000e1200000| Untracked 
|  19|0x00000000e1300000, 0x00000000e1400000, 0x00000000e1400000|100%| O|  |TAMS 0x00000000e1300000, 0x00000000e1300000| Untracked 
|  20|0x00000000e1400000, 0x00000000e1500000, 0x00000000e1500000|100%| O|  |TAMS 0x00000000e1400000, 0x00000000e1400000| Untracked 
|  21|0x00000000e1500000, 0x00000000e1600000, 0x00000000e1600000|100%| O|  |TAMS 0x00000000e1500000, 0x00000000e1500000| Untracked 
|  22|0x00000000e1600000, 0x00000000e1700000, 0x00000000e1700000|100%| O|  |TAMS 0x00000000e1600000, 0x00000000e1600000| Untracked 
|  23|0x00000000e1700000, 0x00000000e1800000, 0x00000000e1800000|100%| O|  |TAMS 0x00000000e1700000, 0x00000000e1700000| Untracked 
|  24|0x00000000e1800000, 0x00000000e18ade00, 0x00000000e1900000| 67%| O|  |TAMS 0x00000000e1800000, 0x00000000e1800000| Untracked 
|  25|0x00000000e1900000, 0x00000000e1900000, 0x00000000e1a00000|  0%| F|  |TAMS 0x00000000e1900000, 0x00000000e1900000| Untracked 
|  26|0x00000000e1a00000, 0x00000000e1a00000, 0x00000000e1b00000|  0%| F|  |TAMS 0x00000000e1a00000, 0x00000000e1a00000| Untracked 
|  27|0x00000000e1b00000, 0x00000000e1b00000, 0x00000000e1c00000|  0%| F|  |TAMS 0x00000000e1b00000, 0x00000000e1b00000| Untracked 
|  28|0x00000000e1c00000, 0x00000000e1c00000, 0x00000000e1d00000|  0%| F|  |TAMS 0x00000000e1c00000, 0x00000000e1c00000| Untracked 
|  29|0x00000000e1d00000, 0x00000000e1d00000, 0x00000000e1e00000|  0%| F|  |TAMS 0x00000000e1d00000, 0x00000000e1d00000| Untracked 
|  30|0x00000000e1e00000, 0x00000000e1e00000, 0x00000000e1f00000|  0%| F|  |TAMS 0x00000000e1e00000, 0x00000000e1e00000| Untracked 
|  31|0x00000000e1f00000, 0x00000000e1f00000, 0x00000000e2000000|  0%| F|  |TAMS 0x00000000e1f00000, 0x00000000e1f00000| Untracked 
|  32|0x00000000e2000000, 0x00000000e2000000, 0x00000000e2100000|  0%| F|  |TAMS 0x00000000e2000000, 0x00000000e2000000| Untracked 
|  33|0x00000000e2100000, 0x00000000e2100000, 0x00000000e2200000|  0%| F|  |TAMS 0x00000000e2100000, 0x00000000e2100000| Untracked 
|  34|0x00000000e2200000, 0x00000000e2200000, 0x00000000e2300000|  0%| F|  |TAMS 0x00000000e2200000, 0x00000000e2200000| Untracked 
|  35|0x00000000e2300000, 0x00000000e2300000, 0x00000000e2400000|  0%| F|  |TAMS 0x00000000e2300000, 0x00000000e2300000| Untracked 
|  36|0x00000000e2400000, 0x00000000e2400000, 0x00000000e2500000|  0%| F|  |TAMS 0x00000000e2400000, 0x00000000e2400000| Untracked 
|  37|0x00000000e2500000, 0x00000000e2500000, 0x00000000e2600000|  0%| F|  |TAMS 0x00000000e2500000, 0x00000000e2500000| Untracked 
|  38|0x00000000e2600000, 0x00000000e2600000, 0x00000000e2700000|  0%| F|  |TAMS 0x00000000e2600000, 0x00000000e2600000| Untracked 
|  39|0x00000000e2700000, 0x00000000e2700000, 0x00000000e2800000|  0%| F|  |TAMS 0x00000000e2700000, 0x00000000e2700000| Untracked 
|  40|0x00000000e2800000, 0x00000000e2800000, 0x00000000e2900000|  0%| F|  |TAMS 0x00000000e2800000, 0x00000000e2800000| Untracked 
|  41|0x00000000e2900000, 0x00000000e2900000, 0x00000000e2a00000|  0%| F|  |TAMS 0x00000000e2900000, 0x00000000e2900000| Untracked 
|  42|0x00000000e2a00000, 0x00000000e2a00000, 0x00000000e2b00000|  0%| F|  |TAMS 0x00000000e2a00000, 0x00000000e2a00000| Untracked 
|  43|0x00000000e2b00000, 0x00000000e2b00000, 0x00000000e2c00000|  0%| F|  |TAMS 0x00000000e2b00000, 0x00000000e2b00000| Untracked 
|  44|0x00000000e2c00000, 0x00000000e2c00000, 0x00000000e2d00000|  0%| F|  |TAMS 0x00000000e2c00000, 0x00000000e2c00000| Untracked 
|  45|0x00000000e2d00000, 0x00000000e2d00000, 0x00000000e2e00000|  0%| F|  |TAMS 0x00000000e2d00000, 0x00000000e2d00000| Untracked 
|  46|0x00000000e2e00000, 0x00000000e2e00000, 0x00000000e2f00000|  0%| F|  |TAMS 0x00000000e2e00000, 0x00000000e2e00000| Untracked 
|  47|0x00000000e2f00000, 0x00000000e2f00000, 0x00000000e3000000|  0%| F|  |TAMS 0x00000000e2f00000, 0x00000000e2f00000| Untracked 
|  48|0x00000000e3000000, 0x00000000e3000000, 0x00000000e3100000|  0%| F|  |TAMS 0x00000000e3000000, 0x00000000e3000000| Untracked 
|  49|0x00000000e3100000, 0x00000000e3100000, 0x00000000e3200000|  0%| F|  |TAMS 0x00000000e3100000, 0x00000000e3100000| Untracked 
|  50|0x00000000e3200000, 0x00000000e3200000, 0x00000000e3300000|  0%| F|  |TAMS 0x00000000e3200000, 0x00000000e3200000| Untracked 
|  51|0x00000000e3300000, 0x00000000e3300000, 0x00000000e3400000|  0%| F|  |TAMS 0x00000000e3300000, 0x00000000e3300000| Untracked 
|  52|0x00000000e3400000, 0x00000000e3400000, 0x00000000e3500000|  0%| F|  |TAMS 0x00000000e3400000, 0x00000000e3400000| Untracked 
|  53|0x00000000e3500000, 0x00000000e3500000, 0x00000000e3600000|  0%| F|  |TAMS 0x00000000e3500000, 0x00000000e3500000| Untracked 
|  54|0x00000000e3600000, 0x00000000e3600000, 0x00000000e3700000|  0%| F|  |TAMS 0x00000000e3600000, 0x00000000e3600000| Untracked 
|  55|0x00000000e3700000, 0x00000000e3700000, 0x00000000e3800000|  0%| F|  |TAMS 0x00000000e3700000, 0x00000000e3700000| Untracked 
|  56|0x00000000e3800000, 0x00000000e3800000, 0x00000000e3900000|  0%| F|  |TAMS 0x00000000e3800000, 0x00000000e3800000| Untracked 
|  57|0x00000000e3900000, 0x00000000e3900000, 0x00000000e3a00000|  0%| F|  |TAMS 0x00000000e3900000, 0x00000000e3900000| Untracked 
|  58|0x00000000e3a00000, 0x00000000e3a00000, 0x00000000e3b00000|  0%| F|  |TAMS 0x00000000e3a00000, 0x00000000e3a00000| Untracked 
|  59|0x00000000e3b00000, 0x00000000e3b00000, 0x00000000e3c00000|  0%| F|  |TAMS 0x00000000e3b00000, 0x00000000e3b00000| Untracked 
|  60|0x00000000e3c00000, 0x00000000e3c00000, 0x00000000e3d00000|  0%| F|  |TAMS 0x00000000e3c00000, 0x00000000e3c00000| Untracked 
|  61|0x00000000e3d00000, 0x00000000e3d00000, 0x00000000e3e00000|  0%| F|  |TAMS 0x00000000e3d00000, 0x00000000e3d00000| Untracked 
|  62|0x00000000e3e00000, 0x00000000e3e00000, 0x00000000e3f00000|  0%| F|  |TAMS 0x00000000e3e00000, 0x00000000e3e00000| Untracked 
|  63|0x00000000e3f00000, 0x00000000e3f00000, 0x00000000e4000000|  0%| F|  |TAMS 0x00000000e3f00000, 0x00000000e3f00000| Untracked 
|  64|0x00000000e4000000, 0x00000000e4000000, 0x00000000e4100000|  0%| F|  |TAMS 0x00000000e4000000, 0x00000000e4000000| Untracked 
|  65|0x00000000e4100000, 0x00000000e4100000, 0x00000000e4200000|  0%| F|  |TAMS 0x00000000e4100000, 0x00000000e4100000| Untracked 
|  66|0x00000000e4200000, 0x00000000e4200000, 0x00000000e4300000|  0%| F|  |TAMS 0x00000000e4200000, 0x00000000e4200000| Untracked 
|  67|0x00000000e4300000, 0x00000000e4300000, 0x00000000e4400000|  0%| F|  |TAMS 0x00000000e4300000, 0x00000000e4300000| Untracked 
|  68|0x00000000e4400000, 0x00000000e4400000, 0x00000000e4500000|  0%| F|  |TAMS 0x00000000e4400000, 0x00000000e4400000| Untracked 
|  69|0x00000000e4500000, 0x00000000e4500000, 0x00000000e4600000|  0%| F|  |TAMS 0x00000000e4500000, 0x00000000e4500000| Untracked 
|  70|0x00000000e4600000, 0x00000000e4600000, 0x00000000e4700000|  0%| F|  |TAMS 0x00000000e4600000, 0x00000000e4600000| Untracked 
|  71|0x00000000e4700000, 0x00000000e4700000, 0x00000000e4800000|  0%| F|  |TAMS 0x00000000e4700000, 0x00000000e4700000| Untracked 
|  72|0x00000000e4800000, 0x00000000e4800000, 0x00000000e4900000|  0%| F|  |TAMS 0x00000000e4800000, 0x00000000e4800000| Untracked 
|  73|0x00000000e4900000, 0x00000000e4900000, 0x00000000e4a00000|  0%| F|  |TAMS 0x00000000e4900000, 0x00000000e4900000| Untracked 
|  74|0x00000000e4a00000, 0x00000000e4a00000, 0x00000000e4b00000|  0%| F|  |TAMS 0x00000000e4a00000, 0x00000000e4a00000| Untracked 
|  75|0x00000000e4b00000, 0x00000000e4b00000, 0x00000000e4c00000|  0%| F|  |TAMS 0x00000000e4b00000, 0x00000000e4b00000| Untracked 
|  76|0x00000000e4c00000, 0x00000000e4c00000, 0x00000000e4d00000|  0%| F|  |TAMS 0x00000000e4c00000, 0x00000000e4c00000| Untracked 
|  77|0x00000000e4d00000, 0x00000000e4d00000, 0x00000000e4e00000|  0%| F|  |TAMS 0x00000000e4d00000, 0x00000000e4d00000| Untracked 
|  78|0x00000000e4e00000, 0x00000000e4e00000, 0x00000000e4f00000|  0%| F|  |TAMS 0x00000000e4e00000, 0x00000000e4e00000| Untracked 
|  79|0x00000000e4f00000, 0x00000000e4f00000, 0x00000000e5000000|  0%| F|  |TAMS 0x00000000e4f00000, 0x00000000e4f00000| Untracked 
|  80|0x00000000e5000000, 0x00000000e5000000, 0x00000000e5100000|  0%| F|  |TAMS 0x00000000e5000000, 0x00000000e5000000| Untracked 
|  81|0x00000000e5100000, 0x00000000e5100000, 0x00000000e5200000|  0%| F|  |TAMS 0x00000000e5100000, 0x00000000e5100000| Untracked 
|  82|0x00000000e5200000, 0x00000000e5200000, 0x00000000e5300000|  0%| F|  |TAMS 0x00000000e5200000, 0x00000000e5200000| Untracked 
|  83|0x00000000e5300000, 0x00000000e5300000, 0x00000000e5400000|  0%| F|  |TAMS 0x00000000e5300000, 0x00000000e5300000| Untracked 
|  84|0x00000000e5400000, 0x00000000e5400000, 0x00000000e5500000|  0%| F|  |TAMS 0x00000000e5400000, 0x00000000e5400000| Untracked 
|  85|0x00000000e5500000, 0x00000000e5500000, 0x00000000e5600000|  0%| F|  |TAMS 0x00000000e5500000, 0x00000000e5500000| Untracked 
|  86|0x00000000e5600000, 0x00000000e5600000, 0x00000000e5700000|  0%| F|  |TAMS 0x00000000e5600000, 0x00000000e5600000| Untracked 
|  87|0x00000000e5700000, 0x00000000e57a6720, 0x00000000e5800000| 65%| S|CS|TAMS 0x00000000e5700000, 0x00000000e5700000| Complete 
|  88|0x00000000e5800000, 0x00000000e5900000, 0x00000000e5900000|100%| S|CS|TAMS 0x00000000e5800000, 0x00000000e5800000| Complete 
|  89|0x00000000e5900000, 0x00000000e5a00000, 0x00000000e5a00000|100%| S|CS|TAMS 0x00000000e5900000, 0x00000000e5900000| Complete 
|  90|0x00000000e5a00000, 0x00000000e5b00000, 0x00000000e5b00000|100%| S|CS|TAMS 0x00000000e5a00000, 0x00000000e5a00000| Complete 
|  91|0x00000000e5b00000, 0x00000000e5c00000, 0x00000000e5c00000|100%| S|CS|TAMS 0x00000000e5b00000, 0x00000000e5b00000| Complete 
|  92|0x00000000e5c00000, 0x00000000e5d00000, 0x00000000e5d00000|100%| S|CS|TAMS 0x00000000e5c00000, 0x00000000e5c00000| Complete 
|  93|0x00000000e5d00000, 0x00000000e5e00000, 0x00000000e5e00000|100%| S|CS|TAMS 0x00000000e5d00000, 0x00000000e5d00000| Complete 
|  94|0x00000000e5e00000, 0x00000000e5f00000, 0x00000000e5f00000|100%| S|CS|TAMS 0x00000000e5e00000, 0x00000000e5e00000| Complete 
|  95|0x00000000e5f00000, 0x00000000e6000000, 0x00000000e6000000|100%| S|CS|TAMS 0x00000000e5f00000, 0x00000000e5f00000| Complete 
|  96|0x00000000e6000000, 0x00000000e6100000, 0x00000000e6100000|100%| S|CS|TAMS 0x00000000e6000000, 0x00000000e6000000| Complete 
|  97|0x00000000e6100000, 0x00000000e6200000, 0x00000000e6200000|100%| S|CS|TAMS 0x00000000e6100000, 0x00000000e6100000| Complete 
|  98|0x00000000e6200000, 0x00000000e6300000, 0x00000000e6300000|100%| S|CS|TAMS 0x00000000e6200000, 0x00000000e6200000| Complete 
|  99|0x00000000e6300000, 0x00000000e6400000, 0x00000000e6400000|100%| S|CS|TAMS 0x00000000e6300000, 0x00000000e6300000| Complete 
| 100|0x00000000e6400000, 0x00000000e6500000, 0x00000000e6500000|100%| S|CS|TAMS 0x00000000e6400000, 0x00000000e6400000| Complete 
| 101|0x00000000e6500000, 0x00000000e6600000, 0x00000000e6600000|100%| S|CS|TAMS 0x00000000e6500000, 0x00000000e6500000| Complete 
| 102|0x00000000e6600000, 0x00000000e6700000, 0x00000000e6700000|100%| S|CS|TAMS 0x00000000e6600000, 0x00000000e6600000| Complete 
| 103|0x00000000e6700000, 0x00000000e6700000, 0x00000000e6800000|  0%| F|  |TAMS 0x00000000e6700000, 0x00000000e6700000| Untracked 
| 104|0x00000000e6800000, 0x00000000e6800000, 0x00000000e6900000|  0%| F|  |TAMS 0x00000000e6800000, 0x00000000e6800000| Untracked 
| 105|0x00000000e6900000, 0x00000000e6900000, 0x00000000e6a00000|  0%| F|  |TAMS 0x00000000e6900000, 0x00000000e6900000| Untracked 
| 106|0x00000000e6a00000, 0x00000000e6a00000, 0x00000000e6b00000|  0%| F|  |TAMS 0x00000000e6a00000, 0x00000000e6a00000| Untracked 
| 107|0x00000000e6b00000, 0x00000000e6b00000, 0x00000000e6c00000|  0%| F|  |TAMS 0x00000000e6b00000, 0x00000000e6b00000| Untracked 
| 108|0x00000000e6c00000, 0x00000000e6c00000, 0x00000000e6d00000|  0%| F|  |TAMS 0x00000000e6c00000, 0x00000000e6c00000| Untracked 
| 109|0x00000000e6d00000, 0x00000000e6d00000, 0x00000000e6e00000|  0%| F|  |TAMS 0x00000000e6d00000, 0x00000000e6d00000| Untracked 
| 110|0x00000000e6e00000, 0x00000000e6e00000, 0x00000000e6f00000|  0%| F|  |TAMS 0x00000000e6e00000, 0x00000000e6e00000| Untracked 
| 111|0x00000000e6f00000, 0x00000000e6f00000, 0x00000000e7000000|  0%| F|  |TAMS 0x00000000e6f00000, 0x00000000e6f00000| Untracked 
| 112|0x00000000e7000000, 0x00000000e7000000, 0x00000000e7100000|  0%| F|  |TAMS 0x00000000e7000000, 0x00000000e7000000| Untracked 
| 113|0x00000000e7100000, 0x00000000e7100000, 0x00000000e7200000|  0%| F|  |TAMS 0x00000000e7100000, 0x00000000e7100000| Untracked 
| 114|0x00000000e7200000, 0x00000000e7200000, 0x00000000e7300000|  0%| F|  |TAMS 0x00000000e7200000, 0x00000000e7200000| Untracked 
| 115|0x00000000e7300000, 0x00000000e7300000, 0x00000000e7400000|  0%| F|  |TAMS 0x00000000e7300000, 0x00000000e7300000| Untracked 
| 116|0x00000000e7400000, 0x00000000e7400000, 0x00000000e7500000|  0%| F|  |TAMS 0x00000000e7400000, 0x00000000e7400000| Untracked 
| 117|0x00000000e7500000, 0x00000000e7500000, 0x00000000e7600000|  0%| F|  |TAMS 0x00000000e7500000, 0x00000000e7500000| Untracked 
| 118|0x00000000e7600000, 0x00000000e7600000, 0x00000000e7700000|  0%| F|  |TAMS 0x00000000e7600000, 0x00000000e7600000| Untracked 
| 119|0x00000000e7700000, 0x00000000e7700000, 0x00000000e7800000|  0%| F|  |TAMS 0x00000000e7700000, 0x00000000e7700000| Untracked 
| 120|0x00000000e7800000, 0x00000000e7800000, 0x00000000e7900000|  0%| F|  |TAMS 0x00000000e7800000, 0x00000000e7800000| Untracked 
| 121|0x00000000e7900000, 0x00000000e7900000, 0x00000000e7a00000|  0%| F|  |TAMS 0x00000000e7900000, 0x00000000e7900000| Untracked 
| 122|0x00000000e7a00000, 0x00000000e7a00000, 0x00000000e7b00000|  0%| F|  |TAMS 0x00000000e7a00000, 0x00000000e7a00000| Untracked 
| 123|0x00000000e7b00000, 0x00000000e7b00000, 0x00000000e7c00000|  0%| F|  |TAMS 0x00000000e7b00000, 0x00000000e7b00000| Untracked 
| 124|0x00000000e7c00000, 0x00000000e7c00000, 0x00000000e7d00000|  0%| F|  |TAMS 0x00000000e7c00000, 0x00000000e7c00000| Untracked 
| 125|0x00000000e7d00000, 0x00000000e7d00000, 0x00000000e7e00000|  0%| F|  |TAMS 0x00000000e7d00000, 0x00000000e7d00000| Untracked 
| 126|0x00000000e7e00000, 0x00000000e7e00000, 0x00000000e7f00000|  0%| F|  |TAMS 0x00000000e7e00000, 0x00000000e7e00000| Untracked 
| 127|0x00000000e7f00000, 0x00000000e7f00000, 0x00000000e8000000|  0%| F|  |TAMS 0x00000000e7f00000, 0x00000000e7f00000| Untracked 
| 128|0x00000000e8000000, 0x00000000e8000000, 0x00000000e8100000|  0%| F|  |TAMS 0x00000000e8000000, 0x00000000e8000000| Untracked 
| 129|0x00000000e8100000, 0x00000000e8100000, 0x00000000e8200000|  0%| F|  |TAMS 0x00000000e8100000, 0x00000000e8100000| Untracked 
| 130|0x00000000e8200000, 0x00000000e8200000, 0x00000000e8300000|  0%| F|  |TAMS 0x00000000e8200000, 0x00000000e8200000| Untracked 
| 131|0x00000000e8300000, 0x00000000e8300000, 0x00000000e8400000|  0%| F|  |TAMS 0x00000000e8300000, 0x00000000e8300000| Untracked 
| 132|0x00000000e8400000, 0x00000000e8400000, 0x00000000e8500000|  0%| F|  |TAMS 0x00000000e8400000, 0x00000000e8400000| Untracked 
| 133|0x00000000e8500000, 0x00000000e8500000, 0x00000000e8600000|  0%| F|  |TAMS 0x00000000e8500000, 0x00000000e8500000| Untracked 
| 134|0x00000000e8600000, 0x00000000e8600000, 0x00000000e8700000|  0%| F|  |TAMS 0x00000000e8600000, 0x00000000e8600000| Untracked 
| 135|0x00000000e8700000, 0x00000000e8700000, 0x00000000e8800000|  0%| F|  |TAMS 0x00000000e8700000, 0x00000000e8700000| Untracked 
| 136|0x00000000e8800000, 0x00000000e8800000, 0x00000000e8900000|  0%| F|  |TAMS 0x00000000e8800000, 0x00000000e8800000| Untracked 
| 137|0x00000000e8900000, 0x00000000e8900000, 0x00000000e8a00000|  0%| F|  |TAMS 0x00000000e8900000, 0x00000000e8900000| Untracked 
| 138|0x00000000e8a00000, 0x00000000e8a00000, 0x00000000e8b00000|  0%| F|  |TAMS 0x00000000e8a00000, 0x00000000e8a00000| Untracked 
| 139|0x00000000e8b00000, 0x00000000e8b00000, 0x00000000e8c00000|  0%| F|  |TAMS 0x00000000e8b00000, 0x00000000e8b00000| Untracked 
| 140|0x00000000e8c00000, 0x00000000e8c00000, 0x00000000e8d00000|  0%| F|  |TAMS 0x00000000e8c00000, 0x00000000e8c00000| Untracked 
| 141|0x00000000e8d00000, 0x00000000e8d00000, 0x00000000e8e00000|  0%| F|  |TAMS 0x00000000e8d00000, 0x00000000e8d00000| Untracked 
| 142|0x00000000e8e00000, 0x00000000e8e00000, 0x00000000e8f00000|  0%| F|  |TAMS 0x00000000e8e00000, 0x00000000e8e00000| Untracked 
| 143|0x00000000e8f00000, 0x00000000e8f00000, 0x00000000e9000000|  0%| F|  |TAMS 0x00000000e8f00000, 0x00000000e8f00000| Untracked 
| 144|0x00000000e9000000, 0x00000000e9000000, 0x00000000e9100000|  0%| F|  |TAMS 0x00000000e9000000, 0x00000000e9000000| Untracked 
| 145|0x00000000e9100000, 0x00000000e9100000, 0x00000000e9200000|  0%| F|  |TAMS 0x00000000e9100000, 0x00000000e9100000| Untracked 
| 146|0x00000000e9200000, 0x00000000e9200000, 0x00000000e9300000|  0%| F|  |TAMS 0x00000000e9200000, 0x00000000e9200000| Untracked 
| 147|0x00000000e9300000, 0x00000000e9300000, 0x00000000e9400000|  0%| F|  |TAMS 0x00000000e9300000, 0x00000000e9300000| Untracked 
| 148|0x00000000e9400000, 0x00000000e9400000, 0x00000000e9500000|  0%| F|  |TAMS 0x00000000e9400000, 0x00000000e9400000| Untracked 
| 149|0x00000000e9500000, 0x00000000e9500000, 0x00000000e9600000|  0%| F|  |TAMS 0x00000000e9500000, 0x00000000e9500000| Untracked 
| 150|0x00000000e9600000, 0x00000000e9600000, 0x00000000e9700000|  0%| F|  |TAMS 0x00000000e9600000, 0x00000000e9600000| Untracked 
| 151|0x00000000e9700000, 0x00000000e9700000, 0x00000000e9800000|  0%| F|  |TAMS 0x00000000e9700000, 0x00000000e9700000| Untracked 
| 152|0x00000000e9800000, 0x00000000e9800000, 0x00000000e9900000|  0%| F|  |TAMS 0x00000000e9800000, 0x00000000e9800000| Untracked 
| 153|0x00000000e9900000, 0x00000000e9900000, 0x00000000e9a00000|  0%| F|  |TAMS 0x00000000e9900000, 0x00000000e9900000| Untracked 
| 154|0x00000000e9a00000, 0x00000000e9a00000, 0x00000000e9b00000|  0%| F|  |TAMS 0x00000000e9a00000, 0x00000000e9a00000| Untracked 
| 155|0x00000000e9b00000, 0x00000000e9b00000, 0x00000000e9c00000|  0%| F|  |TAMS 0x00000000e9b00000, 0x00000000e9b00000| Untracked 
| 156|0x00000000e9c00000, 0x00000000e9c00000, 0x00000000e9d00000|  0%| F|  |TAMS 0x00000000e9c00000, 0x00000000e9c00000| Untracked 
| 157|0x00000000e9d00000, 0x00000000e9d00000, 0x00000000e9e00000|  0%| F|  |TAMS 0x00000000e9d00000, 0x00000000e9d00000| Untracked 
| 158|0x00000000e9e00000, 0x00000000e9e00000, 0x00000000e9f00000|  0%| F|  |TAMS 0x00000000e9e00000, 0x00000000e9e00000| Untracked 
| 159|0x00000000e9f00000, 0x00000000e9f00000, 0x00000000ea000000|  0%| F|  |TAMS 0x00000000e9f00000, 0x00000000e9f00000| Untracked 
| 160|0x00000000ea000000, 0x00000000ea0a0fa0, 0x00000000ea100000| 62%| E|  |TAMS 0x00000000ea000000, 0x00000000ea000000| Complete 
| 161|0x00000000ea100000, 0x00000000ea200000, 0x00000000ea200000|100%| E|CS|TAMS 0x00000000ea100000, 0x00000000ea100000| Complete 
| 162|0x00000000ea200000, 0x00000000ea300000, 0x00000000ea300000|100%| E|CS|TAMS 0x00000000ea200000, 0x00000000ea200000| Complete 
| 163|0x00000000ea300000, 0x00000000ea400000, 0x00000000ea400000|100%| E|CS|TAMS 0x00000000ea300000, 0x00000000ea300000| Complete 
| 164|0x00000000ea400000, 0x00000000ea500000, 0x00000000ea500000|100%| E|CS|TAMS 0x00000000ea400000, 0x00000000ea400000| Complete 
| 165|0x00000000ea500000, 0x00000000ea600000, 0x00000000ea600000|100%| E|CS|TAMS 0x00000000ea500000, 0x00000000ea500000| Complete 
| 166|0x00000000ea600000, 0x00000000ea700000, 0x00000000ea700000|100%| E|CS|TAMS 0x00000000ea600000, 0x00000000ea600000| Complete 
| 167|0x00000000ea700000, 0x00000000ea800000, 0x00000000ea800000|100%| E|CS|TAMS 0x00000000ea700000, 0x00000000ea700000| Complete 
| 168|0x00000000ea800000, 0x00000000ea900000, 0x00000000ea900000|100%| E|CS|TAMS 0x00000000ea800000, 0x00000000ea800000| Complete 
| 169|0x00000000ea900000, 0x00000000eaa00000, 0x00000000eaa00000|100%| E|CS|TAMS 0x00000000ea900000, 0x00000000ea900000| Complete 
| 170|0x00000000eaa00000, 0x00000000eab00000, 0x00000000eab00000|100%| E|CS|TAMS 0x00000000eaa00000, 0x00000000eaa00000| Complete 
| 171|0x00000000eab00000, 0x00000000eac00000, 0x00000000eac00000|100%| E|CS|TAMS 0x00000000eab00000, 0x00000000eab00000| Complete 
| 172|0x00000000eac00000, 0x00000000ead00000, 0x00000000ead00000|100%| E|CS|TAMS 0x00000000eac00000, 0x00000000eac00000| Complete 
| 173|0x00000000ead00000, 0x00000000eae00000, 0x00000000eae00000|100%| E|CS|TAMS 0x00000000ead00000, 0x00000000ead00000| Complete 
| 174|0x00000000eae00000, 0x00000000eaf00000, 0x00000000eaf00000|100%| E|CS|TAMS 0x00000000eae00000, 0x00000000eae00000| Complete 
| 175|0x00000000eaf00000, 0x00000000eb000000, 0x00000000eb000000|100%| E|CS|TAMS 0x00000000eaf00000, 0x00000000eaf00000| Complete 
| 176|0x00000000eb000000, 0x00000000eb100000, 0x00000000eb100000|100%| E|CS|TAMS 0x00000000eb000000, 0x00000000eb000000| Complete 
| 177|0x00000000eb100000, 0x00000000eb200000, 0x00000000eb200000|100%| E|CS|TAMS 0x00000000eb100000, 0x00000000eb100000| Complete 
| 178|0x00000000eb200000, 0x00000000eb300000, 0x00000000eb300000|100%| E|CS|TAMS 0x00000000eb200000, 0x00000000eb200000| Complete 
| 179|0x00000000eb300000, 0x00000000eb400000, 0x00000000eb400000|100%| E|CS|TAMS 0x00000000eb300000, 0x00000000eb300000| Complete 
| 180|0x00000000eb400000, 0x00000000eb500000, 0x00000000eb500000|100%| E|CS|TAMS 0x00000000eb400000, 0x00000000eb400000| Complete 
| 181|0x00000000eb500000, 0x00000000eb600000, 0x00000000eb600000|100%| E|CS|TAMS 0x00000000eb500000, 0x00000000eb500000| Complete 
| 182|0x00000000eb600000, 0x00000000eb700000, 0x00000000eb700000|100%| E|CS|TAMS 0x00000000eb600000, 0x00000000eb600000| Complete 
| 183|0x00000000eb700000, 0x00000000eb800000, 0x00000000eb800000|100%| E|CS|TAMS 0x00000000eb700000, 0x00000000eb700000| Complete 
| 184|0x00000000eb800000, 0x00000000eb900000, 0x00000000eb900000|100%| E|CS|TAMS 0x00000000eb800000, 0x00000000eb800000| Complete 
| 185|0x00000000eb900000, 0x00000000eba00000, 0x00000000eba00000|100%| E|CS|TAMS 0x00000000eb900000, 0x00000000eb900000| Complete 
| 186|0x00000000eba00000, 0x00000000ebb00000, 0x00000000ebb00000|100%| E|CS|TAMS 0x00000000eba00000, 0x00000000eba00000| Complete 
| 187|0x00000000ebb00000, 0x00000000ebc00000, 0x00000000ebc00000|100%| E|CS|TAMS 0x00000000ebb00000, 0x00000000ebb00000| Complete 
| 188|0x00000000ebc00000, 0x00000000ebd00000, 0x00000000ebd00000|100%| E|CS|TAMS 0x00000000ebc00000, 0x00000000ebc00000| Complete 
| 189|0x00000000ebd00000, 0x00000000ebe00000, 0x00000000ebe00000|100%| E|CS|TAMS 0x00000000ebd00000, 0x00000000ebd00000| Complete 
| 190|0x00000000ebe00000, 0x00000000ebf00000, 0x00000000ebf00000|100%| E|CS|TAMS 0x00000000ebe00000, 0x00000000ebe00000| Complete 
| 191|0x00000000ebf00000, 0x00000000ec000000, 0x00000000ec000000|100%| E|CS|TAMS 0x00000000ebf00000, 0x00000000ebf00000| Complete 
| 192|0x00000000ec000000, 0x00000000ec100000, 0x00000000ec100000|100%| E|CS|TAMS 0x00000000ec000000, 0x00000000ec000000| Complete 
| 193|0x00000000ec100000, 0x00000000ec200000, 0x00000000ec200000|100%| E|CS|TAMS 0x00000000ec100000, 0x00000000ec100000| Complete 
| 194|0x00000000ec200000, 0x00000000ec300000, 0x00000000ec300000|100%| E|CS|TAMS 0x00000000ec200000, 0x00000000ec200000| Complete 
| 195|0x00000000ec300000, 0x00000000ec400000, 0x00000000ec400000|100%| E|CS|TAMS 0x00000000ec300000, 0x00000000ec300000| Complete 
| 196|0x00000000ec400000, 0x00000000ec500000, 0x00000000ec500000|100%| E|CS|TAMS 0x00000000ec400000, 0x00000000ec400000| Complete 
| 197|0x00000000ec500000, 0x00000000ec600000, 0x00000000ec600000|100%| E|CS|TAMS 0x00000000ec500000, 0x00000000ec500000| Complete 
| 198|0x00000000ec600000, 0x00000000ec700000, 0x00000000ec700000|100%| E|CS|TAMS 0x00000000ec600000, 0x00000000ec600000| Complete 
| 199|0x00000000ec700000, 0x00000000ec800000, 0x00000000ec800000|100%| E|CS|TAMS 0x00000000ec700000, 0x00000000ec700000| Complete 
| 200|0x00000000ec800000, 0x00000000ec900000, 0x00000000ec900000|100%| E|CS|TAMS 0x00000000ec800000, 0x00000000ec800000| Complete 
| 201|0x00000000ec900000, 0x00000000eca00000, 0x00000000eca00000|100%| E|CS|TAMS 0x00000000ec900000, 0x00000000ec900000| Complete 
| 202|0x00000000eca00000, 0x00000000ecb00000, 0x00000000ecb00000|100%| E|CS|TAMS 0x00000000eca00000, 0x00000000eca00000| Complete 
| 203|0x00000000ecb00000, 0x00000000ecc00000, 0x00000000ecc00000|100%| E|CS|TAMS 0x00000000ecb00000, 0x00000000ecb00000| Complete 
| 204|0x00000000ecc00000, 0x00000000ecd00000, 0x00000000ecd00000|100%| E|CS|TAMS 0x00000000ecc00000, 0x00000000ecc00000| Complete 
| 205|0x00000000ecd00000, 0x00000000ece00000, 0x00000000ece00000|100%| E|CS|TAMS 0x00000000ecd00000, 0x00000000ecd00000| Complete 
| 206|0x00000000ece00000, 0x00000000ecf00000, 0x00000000ecf00000|100%| E|CS|TAMS 0x00000000ece00000, 0x00000000ece00000| Complete 
| 207|0x00000000ecf00000, 0x00000000ed000000, 0x00000000ed000000|100%| E|CS|TAMS 0x00000000ecf00000, 0x00000000ecf00000| Complete 
| 208|0x00000000ed000000, 0x00000000ed100000, 0x00000000ed100000|100%| E|CS|TAMS 0x00000000ed000000, 0x00000000ed000000| Complete 
| 209|0x00000000ed100000, 0x00000000ed200000, 0x00000000ed200000|100%| E|CS|TAMS 0x00000000ed100000, 0x00000000ed100000| Complete 
| 210|0x00000000ed200000, 0x00000000ed300000, 0x00000000ed300000|100%| E|CS|TAMS 0x00000000ed200000, 0x00000000ed200000| Complete 
| 211|0x00000000ed300000, 0x00000000ed400000, 0x00000000ed400000|100%| E|CS|TAMS 0x00000000ed300000, 0x00000000ed300000| Complete 
| 212|0x00000000ed400000, 0x00000000ed500000, 0x00000000ed500000|100%| E|CS|TAMS 0x00000000ed400000, 0x00000000ed400000| Complete 
| 213|0x00000000ed500000, 0x00000000ed600000, 0x00000000ed600000|100%| E|CS|TAMS 0x00000000ed500000, 0x00000000ed500000| Complete 
| 214|0x00000000ed600000, 0x00000000ed700000, 0x00000000ed700000|100%| E|CS|TAMS 0x00000000ed600000, 0x00000000ed600000| Complete 
| 215|0x00000000ed700000, 0x00000000ed800000, 0x00000000ed800000|100%| E|CS|TAMS 0x00000000ed700000, 0x00000000ed700000| Complete 
| 216|0x00000000ed800000, 0x00000000ed900000, 0x00000000ed900000|100%| E|CS|TAMS 0x00000000ed800000, 0x00000000ed800000| Complete 
| 217|0x00000000ed900000, 0x00000000eda00000, 0x00000000eda00000|100%| E|CS|TAMS 0x00000000ed900000, 0x00000000ed900000| Complete 
| 218|0x00000000eda00000, 0x00000000edb00000, 0x00000000edb00000|100%| E|CS|TAMS 0x00000000eda00000, 0x00000000eda00000| Complete 
| 219|0x00000000edb00000, 0x00000000edc00000, 0x00000000edc00000|100%| E|CS|TAMS 0x00000000edb00000, 0x00000000edb00000| Complete 
| 220|0x00000000edc00000, 0x00000000edd00000, 0x00000000edd00000|100%| E|CS|TAMS 0x00000000edc00000, 0x00000000edc00000| Complete 
| 221|0x00000000edd00000, 0x00000000ede00000, 0x00000000ede00000|100%| E|CS|TAMS 0x00000000edd00000, 0x00000000edd00000| Complete 
| 222|0x00000000ede00000, 0x00000000edf00000, 0x00000000edf00000|100%| E|CS|TAMS 0x00000000ede00000, 0x00000000ede00000| Complete 
| 223|0x00000000edf00000, 0x00000000ee000000, 0x00000000ee000000|100%| E|CS|TAMS 0x00000000edf00000, 0x00000000edf00000| Complete 
| 224|0x00000000ee000000, 0x00000000ee100000, 0x00000000ee100000|100%| E|CS|TAMS 0x00000000ee000000, 0x00000000ee000000| Complete 
| 225|0x00000000ee100000, 0x00000000ee200000, 0x00000000ee200000|100%| E|CS|TAMS 0x00000000ee100000, 0x00000000ee100000| Complete 
| 226|0x00000000ee200000, 0x00000000ee300000, 0x00000000ee300000|100%| E|CS|TAMS 0x00000000ee200000, 0x00000000ee200000| Complete 
| 227|0x00000000ee300000, 0x00000000ee400000, 0x00000000ee400000|100%| E|CS|TAMS 0x00000000ee300000, 0x00000000ee300000| Complete 
| 228|0x00000000ee400000, 0x00000000ee500000, 0x00000000ee500000|100%| E|CS|TAMS 0x00000000ee400000, 0x00000000ee400000| Complete 
| 229|0x00000000ee500000, 0x00000000ee600000, 0x00000000ee600000|100%| E|CS|TAMS 0x00000000ee500000, 0x00000000ee500000| Complete 
| 230|0x00000000ee600000, 0x00000000ee700000, 0x00000000ee700000|100%| E|CS|TAMS 0x00000000ee600000, 0x00000000ee600000| Complete 
| 231|0x00000000ee700000, 0x00000000ee800000, 0x00000000ee800000|100%| E|CS|TAMS 0x00000000ee700000, 0x00000000ee700000| Complete 
| 232|0x00000000ee800000, 0x00000000ee900000, 0x00000000ee900000|100%| E|CS|TAMS 0x00000000ee800000, 0x00000000ee800000| Complete 
| 233|0x00000000ee900000, 0x00000000eea00000, 0x00000000eea00000|100%| E|CS|TAMS 0x00000000ee900000, 0x00000000ee900000| Complete 
| 234|0x00000000eea00000, 0x00000000eeb00000, 0x00000000eeb00000|100%| E|CS|TAMS 0x00000000eea00000, 0x00000000eea00000| Complete 
| 235|0x00000000eeb00000, 0x00000000eec00000, 0x00000000eec00000|100%| E|CS|TAMS 0x00000000eeb00000, 0x00000000eeb00000| Complete 
| 236|0x00000000eec00000, 0x00000000eed00000, 0x00000000eed00000|100%| E|CS|TAMS 0x00000000eec00000, 0x00000000eec00000| Complete 
| 237|0x00000000eed00000, 0x00000000eee00000, 0x00000000eee00000|100%| E|CS|TAMS 0x00000000eed00000, 0x00000000eed00000| Complete 
| 238|0x00000000eee00000, 0x00000000eef00000, 0x00000000eef00000|100%| E|CS|TAMS 0x00000000eee00000, 0x00000000eee00000| Complete 
| 239|0x00000000eef00000, 0x00000000ef000000, 0x00000000ef000000|100%| E|CS|TAMS 0x00000000eef00000, 0x00000000eef00000| Complete 
| 240|0x00000000ef000000, 0x00000000ef100000, 0x00000000ef100000|100%| E|CS|TAMS 0x00000000ef000000, 0x00000000ef000000| Complete 
| 241|0x00000000ef100000, 0x00000000ef200000, 0x00000000ef200000|100%| E|CS|TAMS 0x00000000ef100000, 0x00000000ef100000| Complete 
| 242|0x00000000ef200000, 0x00000000ef300000, 0x00000000ef300000|100%| E|CS|TAMS 0x00000000ef200000, 0x00000000ef200000| Complete 
| 243|0x00000000ef300000, 0x00000000ef400000, 0x00000000ef400000|100%| E|CS|TAMS 0x00000000ef300000, 0x00000000ef300000| Complete 
| 244|0x00000000ef400000, 0x00000000ef500000, 0x00000000ef500000|100%| E|CS|TAMS 0x00000000ef400000, 0x00000000ef400000| Complete 
| 245|0x00000000ef500000, 0x00000000ef600000, 0x00000000ef600000|100%| E|CS|TAMS 0x00000000ef500000, 0x00000000ef500000| Complete 
| 246|0x00000000ef600000, 0x00000000ef700000, 0x00000000ef700000|100%| E|CS|TAMS 0x00000000ef600000, 0x00000000ef600000| Complete 
| 247|0x00000000ef700000, 0x00000000ef800000, 0x00000000ef800000|100%| E|CS|TAMS 0x00000000ef700000, 0x00000000ef700000| Complete 
| 248|0x00000000ef800000, 0x00000000ef900000, 0x00000000ef900000|100%| E|CS|TAMS 0x00000000ef800000, 0x00000000ef800000| Complete 
| 249|0x00000000ef900000, 0x00000000efa00000, 0x00000000efa00000|100%| E|CS|TAMS 0x00000000ef900000, 0x00000000ef900000| Complete 
| 250|0x00000000efa00000, 0x00000000efb00000, 0x00000000efb00000|100%| E|CS|TAMS 0x00000000efa00000, 0x00000000efa00000| Complete 
| 251|0x00000000efb00000, 0x00000000efc00000, 0x00000000efc00000|100%| E|CS|TAMS 0x00000000efb00000, 0x00000000efb00000| Complete 
| 252|0x00000000efc00000, 0x00000000efd00000, 0x00000000efd00000|100%| E|CS|TAMS 0x00000000efc00000, 0x00000000efc00000| Complete 
| 253|0x00000000efd00000, 0x00000000efe00000, 0x00000000efe00000|100%| E|CS|TAMS 0x00000000efd00000, 0x00000000efd00000| Complete 
| 254|0x00000000efe00000, 0x00000000eff00000, 0x00000000eff00000|100%| E|CS|TAMS 0x00000000efe00000, 0x00000000efe00000| Complete 
| 255|0x00000000eff00000, 0x00000000f0000000, 0x00000000f0000000|100%| E|CS|TAMS 0x00000000eff00000, 0x00000000eff00000| Complete 

Card table byte_map: [0x000001eb7fc60000,0x000001eb7fd60000] _byte_map_base: 0x000001eb7f560000

Marking Bits (Prev, Next): (CMBitMap*) 0x000001eb7607f130, (CMBitMap*) 0x000001eb7607f170
 Prev Bits: [0x000001eb0f000000, 0x000001eb0f800000)
 Next Bits: [0x000001eb0f800000, 0x000001eb10000000)

Polling page: 0x000001eb76120000

Metaspace:

Usage:
  Non-class:     45.87 MB used.
      Class:      7.62 MB used.
       Both:     53.49 MB used.

Virtual space:
  Non-class space:       64.00 MB reserved,      46.19 MB ( 72%) committed,  1 nodes.
      Class space:      320.00 MB reserved,       7.88 MB (  2%) committed,  1 nodes.
             Both:      384.00 MB reserved,      54.06 MB ( 14%) committed. 

Chunk freelists:
   Non-Class:  1.70 MB
       Class:  8.08 MB
        Both:  9.78 MB

MaxMetaspaceSize: 384.00 MB
CompressedClassSpaceSize: 320.00 MB
Initial GC threshold: 21.00 MB
Current GC threshold: 58.88 MB
CDS: on
MetaspaceReclaimPolicy: balanced
 - commit_granule_bytes: 65536.
 - commit_granule_words: 8192.
 - virtual_space_node_default_size: 8388608.
 - enlarge_chunks_in_place: 1.
 - new_chunks_are_fully_committed: 0.
 - uncommit_free_chunks: 1.
 - use_allocation_guard: 0.
 - handle_deallocations: 1.


Internal statistics:

num_allocs_failed_limit: 6.
num_arena_births: 672.
num_arena_deaths: 0.
num_vsnodes_births: 2.
num_vsnodes_deaths: 0.
num_space_committed: 866.
num_space_uncommitted: 0.
num_chunks_returned_to_freelist: 6.
num_chunks_taken_from_freelist: 2990.
num_chunk_merges: 6.
num_chunk_splits: 1909.
num_chunks_enlarged: 1250.
num_inconsistent_stats: 0.

CodeHeap 'non-profiled nmethods': size=120000Kb used=3881Kb max_used=3881Kb free=116118Kb
 bounds [0x000001eb07ad0000, 0x000001eb07ea0000, 0x000001eb0f000000]
CodeHeap 'profiled nmethods': size=120000Kb used=12519Kb max_used=12519Kb free=107480Kb
 bounds [0x000001eb00000000, 0x000001eb00c40000, 0x000001eb07530000]
CodeHeap 'non-nmethods': size=5760Kb used=2340Kb max_used=2459Kb free=3419Kb
 bounds [0x000001eb07530000, 0x000001eb077b0000, 0x000001eb07ad0000]
 total_blobs=7075 nmethods=6214 adapters=773
 compilation: enabled
              stopped_count=0, restarted_count=0
 full_count=0

Compilation events (20 events):
Event: 24.868 Thread 0x000001eb1293b870 6953       3       java.lang.ProcessEnvironment$CheckedEntry::getValue (5 bytes)
Event: 24.868 Thread 0x000001eb1293b870 nmethod 6953 0x000001eb00c34a90 code [0x000001eb00c34c40, 0x000001eb00c34f88]
Event: 24.880 Thread 0x000001eb1293b870 6956       3       jdk.internal.org.objectweb.asm.AnnotationWriter::putAnnotations (110 bytes)
Event: 24.880 Thread 0x000001eb1293b870 nmethod 6956 0x000001eb00c35090 code [0x000001eb00c35280, 0x000001eb00c35688]
Event: 24.884 Thread 0x000001eb2eb17030 nmethod 6942 0x000001eb07e89990 code [0x000001eb07e89b60, 0x000001eb07e8abd8]
Event: 24.884 Thread 0x000001eb2eb17030 6938       4       jdk.internal.org.objectweb.asm.MethodWriter::visitMethodInsn (191 bytes)
Event: 24.952 Thread 0x000001eb2eb17030 nmethod 6938 0x000001eb07e8af90 code [0x000001eb07e8b240, 0x000001eb07e8d628]
Event: 24.952 Thread 0x000001eb2eb17030 6939       4       jdk.internal.org.objectweb.asm.SymbolTable::addConstantMethodref (24 bytes)
Event: 24.953 Thread 0x000001eb2eb17030 nmethod 6939 0x000001eb07e8e910 code [0x000001eb07e8eaa0, 0x000001eb07e8eb68]
Event: 24.953 Thread 0x000001eb2eb17030 6847       4       org.objectweb.asm.AnnotationWriter::computeAnnotationsSize (66 bytes)
Event: 24.956 Thread 0x000001eb2eb17030 nmethod 6847 0x000001eb07e8ec10 code [0x000001eb07e8eda0, 0x000001eb07e8ef38]
Event: 24.956 Thread 0x000001eb2eb17030 6843       4       java.util.ArrayList$ArrayListSpliterator::tryAdvance (79 bytes)
Event: 24.964 Thread 0x000001eb2eb17030 nmethod 6843 0x000001eb07e8f110 code [0x000001eb07e8f2e0, 0x000001eb07e8f7d8]
Event: 24.980 Thread 0x000001eb2d8fb8f0 nmethod 6817% 0x000001eb07e8fc10 code [0x000001eb07e90240, 0x000001eb07e96af0]
Event: 25.614 Thread 0x000001eb1293b870 6958       3       java.util.ComparableTimSort::countRunAndMakeAscending (123 bytes)
Event: 25.615 Thread 0x000001eb1293b870 nmethod 6958 0x000001eb00c35910 code [0x000001eb00c35b40, 0x000001eb00c365b8]
Event: 25.615 Thread 0x000001eb1293b870 6960       3       java.util.ComparableTimSort::reverseRange (32 bytes)
Event: 25.615 Thread 0x000001eb1293b870 nmethod 6960 0x000001eb00c36890 code [0x000001eb00c36a60, 0x000001eb00c36f58]
Event: 25.615 Thread 0x000001eb1293b870 6959       1       javax.management.ObjectName::getCanonicalName (5 bytes)
Event: 25.615 Thread 0x000001eb1293b870 nmethod 6959 0x000001eb07e9a290 code [0x000001eb07e9a420, 0x000001eb07e9a4f8]

GC Heap History (12 events):
Event: 2.021 GC heap before
{Heap before GC invocations=0 (full 0):
 garbage-first heap   total 262144K, used 22528K [0x00000000e0000000, 0x0000000100000000)
  region size 1024K, 23 young (23552K), 0 survivors (0K)
 Metaspace       used 919K, committed 1088K, reserved 393216K
  class space    used 69K, committed 128K, reserved 327680K
}
Event: 2.025 GC heap after
{Heap after GC invocations=1 (full 0):
 garbage-first heap   total 262144K, used 1737K [0x00000000e0000000, 0x0000000100000000)
  region size 1024K, 2 young (2048K), 2 survivors (2048K)
 Metaspace       used 919K, committed 1088K, reserved 393216K
  class space    used 69K, committed 128K, reserved 327680K
}
Event: 8.676 GC heap before
{Heap before GC invocations=1 (full 0):
 garbage-first heap   total 262144K, used 37577K [0x00000000e0000000, 0x0000000100000000)
  region size 1024K, 35 young (35840K), 2 survivors (2048K)
 Metaspace       used 4411K, committed 4608K, reserved 393216K
  class space    used 552K, committed 640K, reserved 327680K
}
Event: 8.682 GC heap after
{Heap after GC invocations=2 (full 0):
 garbage-first heap   total 262144K, used 11196K [0x00000000e0000000, 0x0000000100000000)
  region size 1024K, 5 young (5120K), 5 survivors (5120K)
 Metaspace       used 4411K, committed 4608K, reserved 393216K
  class space    used 552K, committed 640K, reserved 327680K
}
Event: 10.386 GC heap before
{Heap before GC invocations=2 (full 0):
 garbage-first heap   total 262144K, used 66492K [0x00000000e0000000, 0x0000000100000000)
  region size 1024K, 57 young (58368K), 5 survivors (5120K)
 Metaspace       used 5060K, committed 5248K, reserved 393216K
  class space    used 661K, committed 768K, reserved 327680K
}
Event: 10.393 GC heap after
{Heap after GC invocations=3 (full 0):
 garbage-first heap   total 262144K, used 16629K [0x00000000e0000000, 0x0000000100000000)
  region size 1024K, 8 young (8192K), 8 survivors (8192K)
 Metaspace       used 5060K, committed 5248K, reserved 393216K
  class space    used 661K, committed 768K, reserved 327680K
}
Event: 14.343 GC heap before
{Heap before GC invocations=3 (full 0):
 garbage-first heap   total 262144K, used 124149K [0x00000000e0000000, 0x0000000100000000)
  region size 1024K, 114 young (116736K), 8 survivors (8192K)
 Metaspace       used 21135K, committed 21504K, reserved 393216K
  class space    used 3080K, committed 3264K, reserved 327680K
}
Event: 14.356 GC heap after
{Heap after GC invocations=4 (full 0):
 garbage-first heap   total 262144K, used 23873K [0x00000000e0000000, 0x0000000100000000)
  region size 1024K, 16 young (16384K), 16 survivors (16384K)
 Metaspace       used 21135K, committed 21504K, reserved 393216K
  class space    used 3080K, committed 3264K, reserved 327680K
}
Event: 17.664 GC heap before
{Heap before GC invocations=5 (full 0):
 garbage-first heap   total 262144K, used 145729K [0x00000000e0000000, 0x0000000100000000)
  region size 1024K, 132 young (135168K), 16 survivors (16384K)
 Metaspace       used 35619K, committed 35968K, reserved 393216K
  class space    used 4948K, committed 5120K, reserved 327680K
}
Event: 17.685 GC heap after
{Heap after GC invocations=6 (full 0):
 garbage-first heap   total 262144K, used 31990K [0x00000000e0000000, 0x0000000100000000)
  region size 1024K, 16 young (16384K), 16 survivors (16384K)
 Metaspace       used 35619K, committed 35968K, reserved 393216K
  class space    used 4948K, committed 5120K, reserved 327680K
}
Event: 22.133 GC heap before
{Heap before GC invocations=7 (full 0):
 garbage-first heap   total 262144K, used 173302K [0x00000000e0000000, 0x0000000100000000)
  region size 1024K, 153 young (156672K), 16 survivors (16384K)
 Metaspace       used 49129K, committed 49664K, reserved 393216K
  class space    used 6915K, committed 7168K, reserved 327680K
}
Event: 22.157 GC heap after
{Heap after GC invocations=8 (full 0):
 garbage-first heap   total 262144K, used 39249K [0x00000000e0000000, 0x0000000100000000)
  region size 1024K, 16 young (16384K), 16 survivors (16384K)
 Metaspace       used 49129K, committed 49664K, reserved 393216K
  class space    used 6915K, committed 7168K, reserved 327680K
}

Deoptimization events (20 events):
Event: 24.815 Thread 0x000001eb2c30f1e0 DEOPT UNPACKING pc=0x000001eb075823a3 sp=0x000000d965ef85d0 mode 2
Event: 24.817 Thread 0x000001eb30358a70 Uncommon trap: trap_request=0xffffff45 fr.pc=0x000001eb07d1c814 relative=0x00000000000000f4
Event: 24.817 Thread 0x000001eb30358a70 Uncommon trap: reason=unstable_if action=reinterpret pc=0x000001eb07d1c814 method=java.lang.ThreadLocal.get()Ljava/lang/Object; @ 11 c2
Event: 24.817 Thread 0x000001eb30358a70 DEOPT PACKING pc=0x000001eb07d1c814 sp=0x000000d969dfe970
Event: 24.817 Thread 0x000001eb30358a70 DEOPT UNPACKING pc=0x000001eb075823a3 sp=0x000000d969dfe8f8 mode 2
Event: 24.826 Thread 0x000001eb303552c0 Uncommon trap: trap_request=0xffffff45 fr.pc=0x000001eb07af071c relative=0x000000000000007c
Event: 24.826 Thread 0x000001eb303552c0 Uncommon trap: reason=unstable_if action=reinterpret pc=0x000001eb07af071c method=java.util.Spliterator.getExactSizeIfKnown()J @ 9 c2
Event: 24.826 Thread 0x000001eb303552c0 DEOPT PACKING pc=0x000001eb07af071c sp=0x000000d969efece0
Event: 24.826 Thread 0x000001eb303552c0 DEOPT UNPACKING pc=0x000001eb075823a3 sp=0x000000d969efec78 mode 2
Event: 24.836 Thread 0x000001eb2c30f1e0 Uncommon trap: trap_request=0xffffff45 fr.pc=0x000001eb07d113e0 relative=0x0000000000000060
Event: 24.836 Thread 0x000001eb2c30f1e0 Uncommon trap: reason=unstable_if action=reinterpret pc=0x000001eb07d113e0 method=java.util.HashMap$KeySpliterator.characteristics()I @ 4 c2
Event: 24.836 Thread 0x000001eb2c30f1e0 DEOPT PACKING pc=0x000001eb07d113e0 sp=0x000000d965ef8a60
Event: 24.836 Thread 0x000001eb2c30f1e0 DEOPT UNPACKING pc=0x000001eb075823a3 sp=0x000000d965ef8a00 mode 2
Event: 24.885 Thread 0x000001eb3035c220 Uncommon trap: trap_request=0xffffffde fr.pc=0x000001eb07d45a64 relative=0x00000000000008e4
Event: 24.885 Thread 0x000001eb3035c220 Uncommon trap: reason=class_check action=maybe_recompile pc=0x000001eb07d45a64 method=java.io.BufferedInputStream.read1([BII)I @ 39 c2
Event: 24.885 Thread 0x000001eb3035c220 DEOPT PACKING pc=0x000001eb07d45a64 sp=0x000000d96a6fef20
Event: 24.885 Thread 0x000001eb3035c220 DEOPT UNPACKING pc=0x000001eb075823a3 sp=0x000000d96a6fee38 mode 2
Event: 25.117 Thread 0x000001eb3035c220 Uncommon trap: trap_request=0xffffffde fr.pc=0x000001eb07d45a64 relative=0x00000000000008e4
Event: 25.117 Thread 0x000001eb3035c220 Uncommon trap: reason=class_check action=maybe_recompile pc=0x000001eb07d45a64 method=java.io.BufferedInputStream.read1([BII)I @ 39 c2
Event: 25.117 Thread 0x000001eb3035c220 DEOPT PACKING pc=0x000001eb07d45a64 sp=0x000000d96a6fef20

Classes unloaded (0 events):
No events

Classes redefined (0 events):
No events

Internal exceptions (20 events):
Event: 24.464 Thread 0x000001eb2c30f1e0 Exception <a 'java/lang/ClassNotFoundException'{0x00000000eb2e9210}: java/io/FileBeanInfo> (0x00000000eb2e9210) 
thrown [s\open\src\hotspot\share\classfile\systemDictionary.cpp, line 256]
Event: 24.464 Thread 0x000001eb2c30f1e0 Exception <a 'java/lang/ClassNotFoundException'{0x00000000eb2efb30}: java/io/FileCustomizer> (0x00000000eb2efb30) 
thrown [s\open\src\hotspot\share\classfile\systemDictionary.cpp, line 256]
Event: 24.471 Thread 0x000001eb2c30f1e0 Exception <a 'java/lang/ClassNotFoundException'{0x00000000eb13db80}: groovy/lang/ReferenceBeanInfo> (0x00000000eb13db80) 
thrown [s\open\src\hotspot\share\classfile\systemDictionary.cpp, line 256]
Event: 24.473 Thread 0x000001eb2c30f1e0 Exception <a 'java/lang/ClassNotFoundException'{0x00000000eb1575d8}: groovy/lang/ReferenceCustomizer> (0x00000000eb1575d8) 
thrown [s\open\src\hotspot\share\classfile\systemDictionary.cpp, line 256]
Event: 24.478 Thread 0x000001eb2c30f1e0 Exception <a 'java/lang/ClassNotFoundException'{0x00000000eb1800d8}: com/intellij/gradle/toolingExtension/impl/initScript/util/GradleJvmForkedDebuggerHelperBeanInfo> (0x00000000eb1800d8) 
thrown [s\open\src\hotspot\share\classfile\systemDictionary.cpp, line 256]
Event: 24.479 Thread 0x000001eb2c30f1e0 Exception <a 'java/lang/ClassNotFoundException'{0x00000000eb18d5c0}: com/intellij/gradle/toolingExtension/impl/initScript/util/GradleJvmForkedDebuggerHelperCustomizer> (0x00000000eb18d5c0) 
thrown [s\open\src\hotspot\share\classfile\systemDictionary.cpp, line 256]
Event: 24.502 Thread 0x000001eb2c30f1e0 Exception <a 'java/lang/ClassNotFoundException'{0x00000000eb1fdbb0}: com/intellij/gradle/toolingExtension/impl/util/collectionUtil/GradleCollectionUtilBeanInfo> (0x00000000eb1fdbb0) 
thrown [s\open\src\hotspot\share\classfile\systemDictionary.cpp, line 256]
Event: 24.502 Thread 0x000001eb2c30f1e0 Exception <a 'java/lang/ClassNotFoundException'{0x00000000eb00b238}: com/intellij/gradle/toolingExtension/impl/util/collectionUtil/GradleCollectionUtilCustomizer> (0x00000000eb00b238) 
thrown [s\open\src\hotspot\share\classfile\systemDictionary.cpp, line 256]
Event: 24.518 Thread 0x000001eb2c30f1e0 Exception <a 'java/lang/ClassNotFoundException'{0x00000000eae58058}: org/gradle/api/internal/tasks/DefaultTaskCollection_DecoratedBeanInfo> (0x00000000eae58058) 
thrown [s\open\src\hotspot\share\classfile\systemDictionary.cpp, line 256]
Event: 24.519 Thread 0x000001eb2c30f1e0 Exception <a 'java/lang/ClassNotFoundException'{0x00000000eae64b70}: org/gradle/api/internal/tasks/DefaultTaskCollection_DecoratedCustomizer> (0x00000000eae64b70) 
thrown [s\open\src\hotspot\share\classfile\systemDictionary.cpp, line 256]
Event: 24.581 Thread 0x000001eb2c30f1e0 Implicit null exception at 0x000001eb07d110cb to 0x000001eb07d110f0
Event: 24.713 Thread 0x000001eb2c30f1e0 Exception <a 'java/lang/NoSuchMethodError'{0x00000000ea8f1580}: 'int java.lang.invoke.DirectMethodHandle$Holder.invokeSpecialIFC(java.lang.Object, java.lang.Object, java.lang.Object, java.lang.Object, java.lang.Object)'> (0x00000000ea8f1580) 
thrown [s\open\src\hotspot\share\interpreter\linkResolver.cpp, line 759]
Event: 24.801 Thread 0x000001eb2c30f1e0 Exception <a 'java/lang/NoSuchMethodError'{0x00000000ea323128}: 'java.lang.Object java.lang.invoke.DirectMethodHandle$Holder.newInvokeSpecial(java.lang.Object, java.lang.Object, java.lang.Object, java.lang.Object, java.lang.Object, java.lang.Object, int)'> (0x00000000ea323128) 
thrown [s\open\src\hotspot\share\interpreter\linkResolver.cpp, line 759]
Event: 24.802 Thread 0x000001eb2c30f1e0 Exception <a 'java/lang/NoSuchMethodError'{0x00000000ea328b30}: 'java.lang.Object java.lang.invoke.DirectMethodHandle$Holder.invokeSpecial(java.lang.Object, java.lang.Object, java.lang.Object, java.lang.Object, java.lang.Object, java.lang.Object, java.lang.Object, int)'> (0x00000000ea328b30) 
thrown [s\open\src\hotspot\share\interpreter\linkResolver.cpp, line 759]
Event: 24.803 Thread 0x000001eb2c30f1e0 Exception <a 'java/lang/NoSuchMethodError'{0x00000000ea32df08}: 'java.lang.Object java.lang.invoke.Invokers$Holder.linkToTargetMethod(java.lang.Object, java.lang.Object, java.lang.Object, java.lang.Object, java.lang.Object, int, java.lang.Object)'> (0x00000000ea32df08) 
thrown [s\open\src\hotspot\share\interpreter\linkResolver.cpp, line 759]
Event: 24.817 Thread 0x000001eb30358a70 Implicit null exception at 0x000001eb07d1c760 to 0x000001eb07d1c800
Event: 24.877 Thread 0x000001eb30359490 Exception <a 'java/lang/NoSuchMethodError'{0x00000000ea1a7b70}: 'void java.lang.invoke.DirectMethodHandle$Holder.invokeStatic(java.lang.Object, long)'> (0x00000000ea1a7b70) 
thrown [s\open\src\hotspot\share\interpreter\linkResolver.cpp, line 759]
Event: 24.879 Thread 0x000001eb30359490 Exception <a 'java/lang/NoSuchMethodError'{0x00000000ea1b2950}: 'java.lang.Object java.lang.invoke.DirectMethodHandle$Holder.invokeStatic(java.lang.Object, java.lang.Object, long, java.lang.Object)'> (0x00000000ea1b2950) 
thrown [s\open\src\hotspot\share\interpreter\linkResolver.cpp, line 759]
Event: 24.880 Thread 0x000001eb30359490 Exception <a 'java/lang/NoSuchMethodError'{0x00000000ea1b6128}: 'java.lang.Object java.lang.invoke.DirectMethodHandle$Holder.invokeStaticInit(java.lang.Object, java.lang.Object, long, java.lang.Object)'> (0x00000000ea1b6128) 
thrown [s\open\src\hotspot\share\interpreter\linkResolver.cpp, line 759]
Event: 25.183 Thread 0x000001eb30359490 Exception <a 'java/lang/NoSuchMethodError'{0x00000000ea1c9e68}: 'void java.lang.invoke.DirectMethodHandle$Holder.invokeSpecial(java.lang.Object, java.lang.Object, int)'> (0x00000000ea1c9e68) 
thrown [s\open\src\hotspot\share\interpreter\linkResolver.cpp, line 759]

VM Operations (20 events):
Event: 20.398 Executing VM operation: HandshakeAllThreads done
Event: 21.223 Executing VM operation: ICBufferFull
Event: 21.223 Executing VM operation: ICBufferFull done
Event: 21.569 Executing VM operation: HandshakeAllThreads
Event: 21.569 Executing VM operation: HandshakeAllThreads done
Event: 21.877 Executing VM operation: ICBufferFull
Event: 21.878 Executing VM operation: ICBufferFull done
Event: 21.966 Executing VM operation: HandshakeAllThreads
Event: 21.966 Executing VM operation: HandshakeAllThreads done
Event: 22.132 Executing VM operation: G1CollectForAllocation
Event: 22.158 Executing VM operation: G1CollectForAllocation done
Event: 22.533 Executing VM operation: ICBufferFull
Event: 22.533 Executing VM operation: ICBufferFull done
Event: 23.211 Executing VM operation: ICBufferFull
Event: 23.211 Executing VM operation: ICBufferFull done
Event: 23.878 Executing VM operation: ICBufferFull
Event: 23.878 Executing VM operation: ICBufferFull done
Event: 24.841 Executing VM operation: ICBufferFull
Event: 24.841 Executing VM operation: ICBufferFull done
Event: 25.848 Executing VM operation: Cleanup

Events (20 events):
Event: 24.817 Thread 0x000001eb3035ade0 Thread added: 0x000001eb3035ade0
Event: 24.817 Thread 0x000001eb303599a0 Thread added: 0x000001eb303599a0
Event: 24.818 Thread 0x000001eb3035a8d0 Thread added: 0x000001eb3035a8d0
Event: 24.818 Thread 0x000001eb3035a3c0 Thread added: 0x000001eb3035a3c0
Event: 24.818 Thread 0x000001eb3035b800 Thread added: 0x000001eb3035b800
Event: 24.864 Thread 0x000001eb30359490 Thread added: 0x000001eb30359490
Event: 24.867 loading class java/lang/ProcessImpl
Event: 24.867 loading class java/lang/ProcessImpl done
Event: 24.878 loading class java/lang/ProcessHandleImpl
Event: 24.878 loading class java/lang/ProcessHandleImpl done
Event: 24.880 loading class java/lang/ProcessImpl$2
Event: 24.881 loading class java/lang/ProcessImpl$2 done
Event: 24.881 loading class java/lang/Process$PipeInputStream
Event: 24.881 loading class java/lang/Process$PipeInputStream done
Event: 24.881 loading class jdk/internal/event/ProcessStartEvent
Event: 24.881 loading class jdk/internal/event/ProcessStartEvent done
Event: 24.882 Thread 0x000001eb3035bd10 Thread added: 0x000001eb3035bd10
Event: 24.883 Thread 0x000001eb3035c220 Thread added: 0x000001eb3035c220
Event: 25.614 Thread 0x000001eb2eb17030 Thread exited: 0x000001eb2eb17030
Event: 25.614 Thread 0x000001eb2d8fb8f0 Thread exited: 0x000001eb2d8fb8f0


Dynamic libraries:
0x00007ff6b1450000 - 0x00007ff6b1460000 	C:\Program Files\Java\jdk-17\bin\java.exe
0x00007ffbc2140000 - 0x00007ffbc23a8000 	C:\WINDOWS\SYSTEM32\ntdll.dll
0x00007ffbc1010000 - 0x00007ffbc10d9000 	C:\WINDOWS\System32\KERNEL32.DLL
0x00007ffbbf630000 - 0x00007ffbbfa28000 	C:\WINDOWS\System32\KERNELBASE.dll
0x00007ffbbf370000 - 0x00007ffbbf4bb000 	C:\WINDOWS\System32\ucrtbase.dll
0x00007ffb9b420000 - 0x00007ffb9b43b000 	C:\Program Files\Java\jdk-17\bin\VCRUNTIME140.dll
0x00007ffb9ac70000 - 0x00007ffb9ac89000 	C:\Program Files\Java\jdk-17\bin\jli.dll
0x00007ffbc16a0000 - 0x00007ffbc1754000 	C:\WINDOWS\System32\ADVAPI32.dll
0x00007ffbc1f90000 - 0x00007ffbc2039000 	C:\WINDOWS\System32\msvcrt.dll
0x00007ffbc1e00000 - 0x00007ffbc1ea6000 	C:\WINDOWS\System32\sechost.dll
0x00007ffbc10e0000 - 0x00007ffbc11f8000 	C:\WINDOWS\System32\RPCRT4.dll
0x00007ffbc0df0000 - 0x00007ffbc0fb7000 	C:\WINDOWS\System32\USER32.dll
0x00007ffbbf290000 - 0x00007ffbbf2b7000 	C:\WINDOWS\System32\win32u.dll
0x00007ffbc08f0000 - 0x00007ffbc091b000 	C:\WINDOWS\System32\GDI32.dll
0x00007ffbbfba0000 - 0x00007ffbbfccc000 	C:\WINDOWS\System32\gdi32full.dll
0x00007ffbbf2c0000 - 0x00007ffbbf363000 	C:\WINDOWS\System32\msvcp_win.dll
0x00007ffbaad90000 - 0x00007ffbab024000 	C:\WINDOWS\WinSxS\amd64_microsoft.windows.common-controls_6595b64144ccf1df_6.0.26100.7019_none_3e06ffa0e335b8a8\COMCTL32.dll
0x00007ffbb2210000 - 0x00007ffbb221b000 	C:\WINDOWS\SYSTEM32\VERSION.dll
0x00007ffbc0150000 - 0x00007ffbc0181000 	C:\WINDOWS\System32\IMM32.DLL
0x00007ffbad200000 - 0x00007ffbad20c000 	C:\Program Files\Java\jdk-17\bin\vcruntime140_1.dll
0x00007ffb87b10000 - 0x00007ffb87b9e000 	C:\Program Files\Java\jdk-17\bin\msvcp140.dll
0x00007ffb13f10000 - 0x00007ffb14af0000 	C:\Program Files\Java\jdk-17\bin\server\jvm.dll
0x00007ffbc1f00000 - 0x00007ffbc1f08000 	C:\WINDOWS\System32\PSAPI.DLL
0x00007ffb9acb0000 - 0x00007ffb9acba000 	C:\WINDOWS\SYSTEM32\WSOCK32.dll
0x00007ffbc0a10000 - 0x00007ffbc0a84000 	C:\WINDOWS\System32\WS2_32.dll
0x00007ffbae780000 - 0x00007ffbae7b5000 	C:\WINDOWS\SYSTEM32\WINMM.dll
0x00007ffbbe010000 - 0x00007ffbbe02b000 	C:\WINDOWS\SYSTEM32\kernel.appcore.dll
0x00007ffb9ac60000 - 0x00007ffb9ac6a000 	C:\Program Files\Java\jdk-17\bin\jimage.dll
0x00007ffbbc980000 - 0x00007ffbbcbc2000 	C:\WINDOWS\SYSTEM32\DBGHELP.DLL
0x00007ffbc1860000 - 0x00007ffbc1beb000 	C:\WINDOWS\System32\combase.dll
0x00007ffbbffe0000 - 0x00007ffbc00b7000 	C:\WINDOWS\System32\OLEAUT32.dll
0x00007ffbbb9e0000 - 0x00007ffbbba1c000 	C:\WINDOWS\SYSTEM32\dbgcore.DLL
0x00007ffbbfaf0000 - 0x00007ffbbfb95000 	C:\WINDOWS\System32\bcryptPrimitives.dll
0x00007ffb9ac50000 - 0x00007ffb9ac5e000 	C:\Program Files\Java\jdk-17\bin\instrument.dll
0x00007ffb89d00000 - 0x00007ffb89d25000 	C:\Program Files\Java\jdk-17\bin\java.dll
0x00007ffb49810000 - 0x00007ffb498e7000 	C:\Program Files\Java\jdk-17\bin\jsvml.dll
0x00007ffbc0190000 - 0x00007ffbc08df000 	C:\WINDOWS\System32\SHELL32.dll
0x00007ffbbf4c0000 - 0x00007ffbbf62b000 	C:\WINDOWS\System32\wintypes.dll
0x00007ffbbce90000 - 0x00007ffbbd6ed000 	C:\WINDOWS\SYSTEM32\windows.storage.dll
0x00007ffbc1760000 - 0x00007ffbc1852000 	C:\WINDOWS\System32\SHCORE.dll
0x00007ffbc1d90000 - 0x00007ffbc1df7000 	C:\WINDOWS\System32\shlwapi.dll
0x00007ffbbf1b0000 - 0x00007ffbbf1d9000 	C:\WINDOWS\SYSTEM32\profapi.dll
0x00007ffb96820000 - 0x00007ffb96838000 	C:\Program Files\Java\jdk-17\bin\zip.dll
0x00007ffb89ce0000 - 0x00007ffb89cf9000 	C:\Program Files\Java\jdk-17\bin\net.dll
0x00007ffbbb480000 - 0x00007ffbbb5a8000 	C:\WINDOWS\SYSTEM32\WINHTTP.dll
0x00007ffbbe560000 - 0x00007ffbbe5cb000 	C:\WINDOWS\system32\mswsock.dll
0x00007ffb895b0000 - 0x00007ffb895c6000 	C:\Program Files\Java\jdk-17\bin\nio.dll
0x00007ffb9ac40000 - 0x00007ffb9ac50000 	C:\Program Files\Java\jdk-17\bin\verify.dll
0x00007ffb9acc0000 - 0x00007ffb9ace7000 	C:\Users\happy\.gradle\native\1def1411415f61bf3af743bc5b6707747c0891f09f0c88961ee8f79bc544acac\windows-amd64\native-platform.dll
0x00007ffb74d50000 - 0x00007ffb74dc8000 	C:\Users\happy\.gradle\native\0.2.7\x86_64-windows-gnu\gradle-fileevents.dll
0x00007ffb89cd0000 - 0x00007ffb89cda000 	C:\Program Files\Java\jdk-17\bin\management.dll
0x00007ffb89390000 - 0x00007ffb8939b000 	C:\Program Files\Java\jdk-17\bin\management_ext.dll
0x00007ffbbda50000 - 0x00007ffbbda84000 	C:\WINDOWS\SYSTEM32\IPHLPAPI.DLL
0x00007ffbc0de0000 - 0x00007ffbc0dea000 	C:\WINDOWS\System32\NSI.dll
0x00007ffbb24c0000 - 0x00007ffbb24de000 	C:\WINDOWS\SYSTEM32\dhcpcsvc6.DLL
0x00007ffbb2370000 - 0x00007ffbb2393000 	C:\WINDOWS\SYSTEM32\dhcpcsvc.DLL
0x00007ffbbdaf0000 - 0x00007ffbbdc1c000 	C:\WINDOWS\SYSTEM32\DNSAPI.dll
0x00007ffbbe950000 - 0x00007ffbbe96b000 	C:\WINDOWS\SYSTEM32\CRYPTSP.dll
0x00007ffbbdf70000 - 0x00007ffbbdfaa000 	C:\WINDOWS\system32\rsaenh.dll
0x00007ffbbe610000 - 0x00007ffbbe63b000 	C:\WINDOWS\SYSTEM32\USERENV.dll
0x00007ffbbf180000 - 0x00007ffbbf1aa000 	C:\WINDOWS\SYSTEM32\bcrypt.dll
0x00007ffbbe7b0000 - 0x00007ffbbe7bc000 	C:\WINDOWS\SYSTEM32\CRYPTBASE.dll
0x00007ffb88e10000 - 0x00007ffb88e1e000 	C:\Program Files\Java\jdk-17\bin\sunmscapi.dll
0x00007ffbbfcd0000 - 0x00007ffbbfe47000 	C:\WINDOWS\System32\CRYPT32.dll
0x00007ffbbeaa0000 - 0x00007ffbbead0000 	C:\WINDOWS\SYSTEM32\ncrypt.dll
0x00007ffbbea50000 - 0x00007ffbbea8f000 	C:\WINDOWS\SYSTEM32\NTASN1.dll
0x00007ffb82580000 - 0x00007ffb82588000 	C:\WINDOWS\system32\wshunix.dll

dbghelp: loaded successfully - version: 4.0.5 - missing functions: none
symbol engine: initialized successfully - sym options: 0x614 - pdb path: .;C:\Program Files\Java\jdk-17\bin;C:\WINDOWS\SYSTEM32;C:\WINDOWS\WinSxS\amd64_microsoft.windows.common-controls_6595b64144ccf1df_6.0.26100.7019_none_3e06ffa0e335b8a8;C:\Program Files\Java\jdk-17\bin\server;C:\Users\happy\.gradle\native\1def1411415f61bf3af743bc5b6707747c0891f09f0c88961ee8f79bc544acac\windows-amd64;C:\Users\happy\.gradle\native\0.2.7\x86_64-windows-gnu

VM Arguments:
jvm_args: --add-opens=java.base/java.lang=ALL-UNNAMED --add-opens=java.base/java.lang.invoke=ALL-UNNAMED --add-opens=java.base/java.util=ALL-UNNAMED --add-opens=java.prefs/java.util.prefs=ALL-UNNAMED --add-exports=jdk.compiler/com.sun.tools.javac.api=ALL-UNNAMED --add-exports=jdk.compiler/com.sun.tools.javac.util=ALL-UNNAMED --add-opens=java.base/java.util=ALL-UNNAMED --add-opens=java.prefs/java.util.prefs=ALL-UNNAMED --add-opens=java.base/java.nio.charset=ALL-UNNAMED --add-opens=java.base/java.net=ALL-UNNAMED --add-opens=java.base/java.util.concurrent.atomic=ALL-UNNAMED --add-opens=java.xml/javax.xml.namespace=ALL-UNNAMED -XX:MaxMetaspaceSize=384m -XX:+HeapDumpOnOutOfMemoryError -Xms256m -Xmx512m -Dfile.encoding=UTF-8 -Duser.country=KR -Duser.language=ko -Duser.variant -javaagent:C:\Users\happy\.gradle\wrapper\dists\gradle-8.14.3-bin\cv11ve7ro1n3o1j4so8xd9n66\gradle-8.14.3\lib\agents\gradle-instrumentation-agent-8.14.3.jar 
java_command: org.gradle.launcher.daemon.bootstrap.GradleDaemon 8.14.3
java_class_path (initial): C:\Users\happy\.gradle\wrapper\dists\gradle-8.14.3-bin\cv11ve7ro1n3o1j4so8xd9n66\gradle-8.14.3\lib\gradle-daemon-main-8.14.3.jar
Launcher Type: SUN_STANDARD

[Global flags]
     intx CICompilerCount                          = 4                                         {product} {ergonomic}
   size_t CompressedClassSpaceSize                 = 335544320                                 {product} {ergonomic}
     uint ConcGCThreads                            = 2                                         {product} {ergonomic}
     uint G1ConcRefinementThreads                  = 8                                         {product} {ergonomic}
   size_t G1HeapRegionSize                         = 1048576                                   {product} {ergonomic}
    uintx GCDrainStackTargetSize                   = 64                                        {product} {ergonomic}
     bool HeapDumpOnOutOfMemoryError               = true                                   {manageable} {command line}
   size_t InitialHeapSize                          = 268435456                                 {product} {command line}
   size_t MarkStackSize                            = 4194304                                   {product} {ergonomic}
   size_t MaxHeapSize                              = 536870912                                 {product} {command line}
   size_t MaxMetaspaceSize                         = 402653184                                 {product} {command line}
   size_t MaxNewSize                               = 321912832                                 {product} {ergonomic}
   size_t MinHeapDeltaBytes                        = 1048576                                   {product} {ergonomic}
   size_t MinHeapSize                              = 268435456                                 {product} {command line}
    uintx NonNMethodCodeHeapSize                   = 5839372                                {pd product} {ergonomic}
    uintx NonProfiledCodeHeapSize                  = 122909434                              {pd product} {ergonomic}
    uintx ProfiledCodeHeapSize                     = 122909434                              {pd product} {ergonomic}
    uintx ReservedCodeCacheSize                    = 251658240                              {pd product} {ergonomic}
     bool SegmentedCodeCache                       = true                                      {product} {ergonomic}
   size_t SoftMaxHeapSize                          = 536870912                              {manageable} {ergonomic}
     bool UseCompressedClassPointers               = true                           {product lp64_product} {ergonomic}
     bool UseCompressedOops                        = true                           {product lp64_product} {ergonomic}
     bool UseG1GC                                  = true                                      {product} {ergonomic}
     bool UseLargePagesIndividualAllocation        = false                                  {pd product} {ergonomic}

Logging:
Log output configuration:
 #0: stdout all=warning uptime,level,tags
 #1: stderr all=off uptime,level,tags

Environment Variables:
JAVA_HOME=C:\Program Files\Java\jdk-21
PATH=C:\Program Files\Volta\;C:\Program Files\Common Files\Oracle\Java\javapath;C:\Program Files (x86)\VMware\VMware Player\bin\;C:\WINDOWS\system32;C:\WINDOWS;C:\WINDOWS\System32\Wbem;C:\WINDOWS\System32\WindowsPowerShell\v1.0\;C:\WINDOWS\System32\OpenSSH\;C:\Program Files\Java\jdk-21;C:\Program Files\Git\cmd;C:\Program Files\GitHub CLI\;C:\Users\happy\AppData\Local\nvm;C:\nvm4w\nodejs;C:\Program Files\Docker\Docker\resources\bin;C:\Program Files\dotnet\;C:\Program Files\Microsoft SQL Server\150\Tools\Binn\;C:\Program Files (x86)\Windows Kits\10\Windows Performance Toolkit\;C:\Program Files\Bandizip\;c:\Users\happy\AppData\Local\Programs\cursor\resources\app\bin;C:\Program Files\cursor\resources\app\bin;%PATH:C:\Program Files\Volta;=%
USERNAME=happy
OS=Windows_NT
PROCESSOR_IDENTIFIER=Intel64 Family 6 Model 142 Stepping 12, GenuineIntel



---------------  S Y S T E M  ---------------

OS:
 Windows 11 , 64 bit Build 26100 (10.0.26100.7019)
OS uptime: 0 days 4:43 hours
Hyper-V role detected

CPU: total 8 (initial active 8) (4 cores per cpu, 2 threads per core) family 6 model 142 stepping 12 microcode 0xde, cx8, cmov, fxsr, ht, mmx, 3dnowpref, sse, sse2, sse3, ssse3, sse4.1, sse4.2, popcnt, lzcnt, tsc, tscinvbit, avx, avx2, aes, erms, clmul, bmi1, bmi2, adx, fma, vzeroupper, clflush, clflushopt, hv

Memory: 4k page, system-wide physical 24355M (6513M free)
TotalPageFile size 24355M (AvailPageFile size 75M)
current process WorkingSet (physical memory assigned to process): 406M, peak: 411M
current process commit charge ("private bytes"): 511M, peak: 515M

vm_info: Java HotSpot(TM) 64-Bit Server VM (17.0.12+8-LTS-286) for windows-amd64 JRE (17.0.12+8-LTS-286), built on Jun  5 2024 06:46:59 by "mach5one" with MS VC++ 17.6 (VS2022)

END.
